[0.018s] Invoking command in '/home/tahnt/mech_devel/f1t_mech_ws/build/mech_msg': CMAKE_PREFIX_PATH=${CMAKE_PREFIX_PATH}:/opt/ros/galactic /usr/bin/cmake --build /home/tahnt/mech_devel/f1t_mech_ws/build/mech_msg -- -j4 -l4
[0.091s] [  2%] Built target mech_msg__cpp
[0.092s] [ 12%] Built target mech_msg__rosidl_generator_c
[0.125s] [ 23%] Built target mech_msg__rosidl_typesupport_cpp
[0.128s] [ 33%] Built target mech_msg__rosidl_typesupport_fastrtps_cpp
[0.142s] [ 43%] Built target mech_msg__rosidl_typesupport_introspection_cpp
[0.147s] [ 53%] Built target mech_msg__rosidl_typesupport_c
[0.164s] [ 64%] Built target mech_msg__rosidl_typesupport_introspection_c
[0.166s] [ 74%] Built target mech_msg__rosidl_typesupport_fastrtps_c
[0.193s] [ 74%] Built target mech_msg
[0.220s] [ 76%] Built target mech_msg__py
[0.253s] [ 84%] Built target mech_msg__python
[0.284s] [ 89%] Built target mech_msg__rosidl_typesupport_c__pyext
[0.284s] [ 94%] Built target mech_msg__rosidl_typesupport_introspection_c__pyext
[0.284s] [100%] Built target mech_msg__rosidl_typesupport_fastrtps_c__pyext
[0.301s] Invoked command in '/home/tahnt/mech_devel/f1t_mech_ws/build/mech_msg' returned '0': CMAKE_PREFIX_PATH=${CMAKE_PREFIX_PATH}:/opt/ros/galactic /usr/bin/cmake --build /home/tahnt/mech_devel/f1t_mech_ws/build/mech_msg -- -j4 -l4
[0.463s] Invoking command in '/home/tahnt/mech_devel/f1t_mech_ws/build/mech_msg': CMAKE_PREFIX_PATH=${CMAKE_PREFIX_PATH}:/opt/ros/galactic /usr/bin/cmake --install /home/tahnt/mech_devel/f1t_mech_ws/build/mech_msg
[0.475s] -- Install configuration: ""
[0.476s] -- Up-to-date: /home/tahnt/mech_devel/f1t_mech_ws/install/mech_msg/share/ament_index/resource_index/rosidl_interfaces/mech_msg
[0.476s] -- Up-to-date: /home/tahnt/mech_devel/f1t_mech_ws/install/mech_msg/include/mech_msg
[0.477s] -- Up-to-date: /home/tahnt/mech_devel/f1t_mech_ws/install/mech_msg/include/mech_msg/msg
[0.477s] -- Up-to-date: /home/tahnt/mech_devel/f1t_mech_ws/install/mech_msg/include/mech_msg/msg/laterr.h
[0.478s] -- Up-to-date: /home/tahnt/mech_devel/f1t_mech_ws/install/mech_msg/include/mech_msg/msg/yaw_err.h
[0.478s] -- Up-to-date: /home/tahnt/mech_devel/f1t_mech_ws/install/mech_msg/include/mech_msg/msg/detail
[0.479s] -- Up-to-date: /home/tahnt/mech_devel/f1t_mech_ws/install/mech_msg/include/mech_msg/msg/detail/lat_err__type_support.h
[0.479s] -- Up-to-date: /home/tahnt/mech_devel/f1t_mech_ws/install/mech_msg/include/mech_msg/msg/detail/yawerr__functions.c
[0.479s] -- Up-to-date: /home/tahnt/mech_devel/f1t_mech_ws/install/mech_msg/include/mech_msg/msg/detail/lat_err__functions.h
[0.480s] -- Up-to-date: /home/tahnt/mech_devel/f1t_mech_ws/install/mech_msg/include/mech_msg/msg/detail/laterr__functions.c
[0.480s] -- Up-to-date: /home/tahnt/mech_devel/f1t_mech_ws/install/mech_msg/include/mech_msg/msg/detail/yawerr__functions.h
[0.480s] -- Up-to-date: /home/tahnt/mech_devel/f1t_mech_ws/install/mech_msg/include/mech_msg/msg/detail/yaw_err__functions.c
[0.481s] -- Up-to-date: /home/tahnt/mech_devel/f1t_mech_ws/install/mech_msg/include/mech_msg/msg/detail/test__struct.h
[0.481s] -- Up-to-date: /home/tahnt/mech_devel/f1t_mech_ws/install/mech_msg/include/mech_msg/msg/detail/yawerr__type_support.h
[0.481s] -- Up-to-date: /home/tahnt/mech_devel/f1t_mech_ws/install/mech_msg/include/mech_msg/msg/detail/test__type_support.h
[0.483s] -- Up-to-date: /home/tahnt/mech_devel/f1t_mech_ws/install/mech_msg/include/mech_msg/msg/detail/yaw_err__struct.h
[0.483s] -- Up-to-date: /home/tahnt/mech_devel/f1t_mech_ws/install/mech_msg/include/mech_msg/msg/detail/laterr__type_support.h
[0.483s] -- Up-to-date: /home/tahnt/mech_devel/f1t_mech_ws/install/mech_msg/include/mech_msg/msg/detail/laterr__functions.h
[0.483s] -- Up-to-date: /home/tahnt/mech_devel/f1t_mech_ws/install/mech_msg/include/mech_msg/msg/detail/test__functions.h
[0.483s] -- Up-to-date: /home/tahnt/mech_devel/f1t_mech_ws/install/mech_msg/include/mech_msg/msg/detail/lat_err__struct.h
[0.484s] -- Up-to-date: /home/tahnt/mech_devel/f1t_mech_ws/install/mech_msg/include/mech_msg/msg/detail/yaw_err__type_support.h
[0.484s] -- Up-to-date: /home/tahnt/mech_devel/f1t_mech_ws/install/mech_msg/include/mech_msg/msg/detail/yaw_err__functions.h
[0.484s] -- Up-to-date: /home/tahnt/mech_devel/f1t_mech_ws/install/mech_msg/include/mech_msg/msg/detail/test__functions.c
[0.485s] -- Up-to-date: /home/tahnt/mech_devel/f1t_mech_ws/install/mech_msg/include/mech_msg/msg/detail/laterr__struct.h
[0.485s] -- Up-to-date: /home/tahnt/mech_devel/f1t_mech_ws/install/mech_msg/include/mech_msg/msg/detail/lat_err__functions.c
[0.485s] -- Up-to-date: /home/tahnt/mech_devel/f1t_mech_ws/install/mech_msg/include/mech_msg/msg/detail/yawerr__struct.h
[0.485s] -- Up-to-date: /home/tahnt/mech_devel/f1t_mech_ws/install/mech_msg/include/mech_msg/msg/yawerr.h
[0.485s] -- Up-to-date: /home/tahnt/mech_devel/f1t_mech_ws/install/mech_msg/include/mech_msg/msg/lat_err.h
[0.485s] -- Up-to-date: /home/tahnt/mech_devel/f1t_mech_ws/install/mech_msg/include/mech_msg/msg/test.h
[0.485s] -- Up-to-date: /home/tahnt/mech_devel/f1t_mech_ws/install/mech_msg/include/mech_msg/msg/rosidl_generator_c__visibility_control.h
[0.485s] -- Up-to-date: /home/tahnt/mech_devel/f1t_mech_ws/install/mech_msg/share/mech_msg/environment/library_path.sh
[0.485s] -- Up-to-date: /home/tahnt/mech_devel/f1t_mech_ws/install/mech_msg/share/mech_msg/environment/library_path.dsv
[0.485s] -- Up-to-date: /home/tahnt/mech_devel/f1t_mech_ws/install/mech_msg/lib/libmech_msg__rosidl_generator_c.so
[0.485s] -- Up-to-date: /home/tahnt/mech_devel/f1t_mech_ws/install/mech_msg/include/mech_msg
[0.485s] -- Up-to-date: /home/tahnt/mech_devel/f1t_mech_ws/install/mech_msg/include/mech_msg/msg
[0.485s] -- Up-to-date: /home/tahnt/mech_devel/f1t_mech_ws/install/mech_msg/include/mech_msg/msg/detail
[0.485s] -- Up-to-date: /home/tahnt/mech_devel/f1t_mech_ws/install/mech_msg/include/mech_msg/msg/detail/yawerr__rosidl_typesupport_fastrtps_c.h
[0.485s] -- Up-to-date: /home/tahnt/mech_devel/f1t_mech_ws/install/mech_msg/include/mech_msg/msg/detail/yaw_err__rosidl_typesupport_fastrtps_c.h
[0.485s] -- Up-to-date: /home/tahnt/mech_devel/f1t_mech_ws/install/mech_msg/include/mech_msg/msg/detail/test__rosidl_typesupport_fastrtps_c.h
[0.485s] -- Up-to-date: /home/tahnt/mech_devel/f1t_mech_ws/install/mech_msg/include/mech_msg/msg/detail/laterr__rosidl_typesupport_fastrtps_c.h
[0.485s] -- Up-to-date: /home/tahnt/mech_devel/f1t_mech_ws/install/mech_msg/include/mech_msg/msg/detail/lat_err__rosidl_typesupport_fastrtps_c.h
[0.485s] -- Up-to-date: /home/tahnt/mech_devel/f1t_mech_ws/install/mech_msg/include/mech_msg/msg/rosidl_typesupport_fastrtps_c__visibility_control.h
[0.485s] -- Up-to-date: /home/tahnt/mech_devel/f1t_mech_ws/install/mech_msg/lib/libmech_msg__rosidl_typesupport_fastrtps_c.so
[0.485s] -- Up-to-date: /home/tahnt/mech_devel/f1t_mech_ws/install/mech_msg/include/mech_msg
[0.486s] -- Up-to-date: /home/tahnt/mech_devel/f1t_mech_ws/install/mech_msg/include/mech_msg/msg
[0.486s] -- Up-to-date: /home/tahnt/mech_devel/f1t_mech_ws/install/mech_msg/include/mech_msg/msg/detail
[0.486s] -- Up-to-date: /home/tahnt/mech_devel/f1t_mech_ws/install/mech_msg/include/mech_msg/msg/detail/yawerr__rosidl_typesupport_fastrtps_cpp.hpp
[0.486s] -- Up-to-date: /home/tahnt/mech_devel/f1t_mech_ws/install/mech_msg/include/mech_msg/msg/detail/dds_fastrtps
[0.486s] -- Up-to-date: /home/tahnt/mech_devel/f1t_mech_ws/install/mech_msg/include/mech_msg/msg/detail/yaw_err__rosidl_typesupport_fastrtps_cpp.hpp
[0.486s] -- Up-to-date: /home/tahnt/mech_devel/f1t_mech_ws/install/mech_msg/include/mech_msg/msg/detail/lat_err__rosidl_typesupport_fastrtps_cpp.hpp
[0.486s] -- Up-to-date: /home/tahnt/mech_devel/f1t_mech_ws/install/mech_msg/include/mech_msg/msg/detail/laterr__rosidl_typesupport_fastrtps_cpp.hpp
[0.486s] -- Up-to-date: /home/tahnt/mech_devel/f1t_mech_ws/install/mech_msg/include/mech_msg/msg/detail/test__rosidl_typesupport_fastrtps_cpp.hpp
[0.486s] -- Up-to-date: /home/tahnt/mech_devel/f1t_mech_ws/install/mech_msg/include/mech_msg/msg/rosidl_typesupport_fastrtps_cpp__visibility_control.h
[0.486s] -- Up-to-date: /home/tahnt/mech_devel/f1t_mech_ws/install/mech_msg/lib/libmech_msg__rosidl_typesupport_fastrtps_cpp.so
[0.486s] -- Up-to-date: /home/tahnt/mech_devel/f1t_mech_ws/install/mech_msg/include/mech_msg
[0.486s] -- Up-to-date: /home/tahnt/mech_devel/f1t_mech_ws/install/mech_msg/include/mech_msg/msg
[0.486s] -- Up-to-date: /home/tahnt/mech_devel/f1t_mech_ws/install/mech_msg/include/mech_msg/msg/detail
[0.486s] -- Up-to-date: /home/tahnt/mech_devel/f1t_mech_ws/install/mech_msg/include/mech_msg/msg/detail/lat_err__type_support.c
[0.486s] -- Up-to-date: /home/tahnt/mech_devel/f1t_mech_ws/install/mech_msg/include/mech_msg/msg/detail/laterr__type_support.c
[0.486s] -- Up-to-date: /home/tahnt/mech_devel/f1t_mech_ws/install/mech_msg/include/mech_msg/msg/detail/yawerr__type_support.c
[0.486s] -- Up-to-date: /home/tahnt/mech_devel/f1t_mech_ws/install/mech_msg/include/mech_msg/msg/detail/test__type_support.c
[0.486s] -- Up-to-date: /home/tahnt/mech_devel/f1t_mech_ws/install/mech_msg/include/mech_msg/msg/detail/yaw_err__rosidl_typesupport_introspection_c.h
[0.486s] -- Up-to-date: /home/tahnt/mech_devel/f1t_mech_ws/install/mech_msg/include/mech_msg/msg/detail/yawerr__rosidl_typesupport_introspection_c.h
[0.486s] -- Up-to-date: /home/tahnt/mech_devel/f1t_mech_ws/install/mech_msg/include/mech_msg/msg/detail/yaw_err__type_support.c
[0.486s] -- Up-to-date: /home/tahnt/mech_devel/f1t_mech_ws/install/mech_msg/include/mech_msg/msg/detail/laterr__rosidl_typesupport_introspection_c.h
[0.486s] -- Up-to-date: /home/tahnt/mech_devel/f1t_mech_ws/install/mech_msg/include/mech_msg/msg/detail/lat_err__rosidl_typesupport_introspection_c.h
[0.486s] -- Up-to-date: /home/tahnt/mech_devel/f1t_mech_ws/install/mech_msg/include/mech_msg/msg/detail/test__rosidl_typesupport_introspection_c.h
[0.486s] -- Up-to-date: /home/tahnt/mech_devel/f1t_mech_ws/install/mech_msg/include/mech_msg/msg/rosidl_typesupport_introspection_c__visibility_control.h
[0.487s] -- Up-to-date: /home/tahnt/mech_devel/f1t_mech_ws/install/mech_msg/lib/libmech_msg__rosidl_typesupport_introspection_c.so
[0.487s] -- Up-to-date: /home/tahnt/mech_devel/f1t_mech_ws/install/mech_msg/lib/libmech_msg__rosidl_typesupport_c.so
[0.487s] -- Up-to-date: /home/tahnt/mech_devel/f1t_mech_ws/install/mech_msg/include/mech_msg
[0.487s] -- Up-to-date: /home/tahnt/mech_devel/f1t_mech_ws/install/mech_msg/include/mech_msg/msg
[0.487s] -- Up-to-date: /home/tahnt/mech_devel/f1t_mech_ws/install/mech_msg/include/mech_msg/msg/detail
[0.487s] -- Up-to-date: /home/tahnt/mech_devel/f1t_mech_ws/install/mech_msg/include/mech_msg/msg/detail/test__builder.hpp
[0.487s] -- Up-to-date: /home/tahnt/mech_devel/f1t_mech_ws/install/mech_msg/include/mech_msg/msg/detail/lat_err__struct.hpp
[0.487s] -- Up-to-date: /home/tahnt/mech_devel/f1t_mech_ws/install/mech_msg/include/mech_msg/msg/detail/yawerr__builder.hpp
[0.487s] -- Up-to-date: /home/tahnt/mech_devel/f1t_mech_ws/install/mech_msg/include/mech_msg/msg/detail/lat_err__builder.hpp
[0.487s] -- Up-to-date: /home/tahnt/mech_devel/f1t_mech_ws/install/mech_msg/include/mech_msg/msg/detail/test__struct.hpp
[0.487s] -- Up-to-date: /home/tahnt/mech_devel/f1t_mech_ws/install/mech_msg/include/mech_msg/msg/detail/yaw_err__builder.hpp
[0.487s] -- Up-to-date: /home/tahnt/mech_devel/f1t_mech_ws/install/mech_msg/include/mech_msg/msg/detail/test__traits.hpp
[0.487s] -- Up-to-date: /home/tahnt/mech_devel/f1t_mech_ws/install/mech_msg/include/mech_msg/msg/detail/lat_err__traits.hpp
[0.487s] -- Up-to-date: /home/tahnt/mech_devel/f1t_mech_ws/install/mech_msg/include/mech_msg/msg/detail/yawerr__struct.hpp
[0.487s] -- Up-to-date: /home/tahnt/mech_devel/f1t_mech_ws/install/mech_msg/include/mech_msg/msg/detail/laterr__struct.hpp
[0.487s] -- Up-to-date: /home/tahnt/mech_devel/f1t_mech_ws/install/mech_msg/include/mech_msg/msg/detail/laterr__traits.hpp
[0.487s] -- Up-to-date: /home/tahnt/mech_devel/f1t_mech_ws/install/mech_msg/include/mech_msg/msg/detail/yawerr__traits.hpp
[0.487s] -- Up-to-date: /home/tahnt/mech_devel/f1t_mech_ws/install/mech_msg/include/mech_msg/msg/detail/yaw_err__struct.hpp
[0.487s] -- Up-to-date: /home/tahnt/mech_devel/f1t_mech_ws/install/mech_msg/include/mech_msg/msg/detail/yaw_err__traits.hpp
[0.487s] -- Up-to-date: /home/tahnt/mech_devel/f1t_mech_ws/install/mech_msg/include/mech_msg/msg/detail/laterr__builder.hpp
[0.487s] -- Up-to-date: /home/tahnt/mech_devel/f1t_mech_ws/install/mech_msg/include/mech_msg/msg/yaw_err.hpp
[0.487s] -- Up-to-date: /home/tahnt/mech_devel/f1t_mech_ws/install/mech_msg/include/mech_msg/msg/laterr.hpp
[0.488s] -- Up-to-date: /home/tahnt/mech_devel/f1t_mech_ws/install/mech_msg/include/mech_msg/msg/lat_err.hpp
[0.488s] -- Up-to-date: /home/tahnt/mech_devel/f1t_mech_ws/install/mech_msg/include/mech_msg/msg/test.hpp
[0.488s] -- Up-to-date: /home/tahnt/mech_devel/f1t_mech_ws/install/mech_msg/include/mech_msg/msg/yawerr.hpp
[0.488s] -- Up-to-date: /home/tahnt/mech_devel/f1t_mech_ws/install/mech_msg/include/mech_msg
[0.488s] -- Up-to-date: /home/tahnt/mech_devel/f1t_mech_ws/install/mech_msg/include/mech_msg/msg
[0.488s] -- Up-to-date: /home/tahnt/mech_devel/f1t_mech_ws/install/mech_msg/include/mech_msg/msg/detail
[0.488s] -- Up-to-date: /home/tahnt/mech_devel/f1t_mech_ws/install/mech_msg/include/mech_msg/msg/detail/test__type_support.cpp
[0.488s] -- Up-to-date: /home/tahnt/mech_devel/f1t_mech_ws/install/mech_msg/include/mech_msg/msg/detail/yawerr__type_support.cpp
[0.488s] -- Up-to-date: /home/tahnt/mech_devel/f1t_mech_ws/install/mech_msg/include/mech_msg/msg/detail/yawerr__rosidl_typesupport_introspection_cpp.hpp
[0.488s] -- Up-to-date: /home/tahnt/mech_devel/f1t_mech_ws/install/mech_msg/include/mech_msg/msg/detail/lat_err__rosidl_typesupport_introspection_cpp.hpp
[0.488s] -- Up-to-date: /home/tahnt/mech_devel/f1t_mech_ws/install/mech_msg/include/mech_msg/msg/detail/yaw_err__rosidl_typesupport_introspection_cpp.hpp
[0.488s] -- Up-to-date: /home/tahnt/mech_devel/f1t_mech_ws/install/mech_msg/include/mech_msg/msg/detail/laterr__type_support.cpp
[0.488s] -- Up-to-date: /home/tahnt/mech_devel/f1t_mech_ws/install/mech_msg/include/mech_msg/msg/detail/test__rosidl_typesupport_introspection_cpp.hpp
[0.488s] -- Up-to-date: /home/tahnt/mech_devel/f1t_mech_ws/install/mech_msg/include/mech_msg/msg/detail/yaw_err__type_support.cpp
[0.488s] -- Up-to-date: /home/tahnt/mech_devel/f1t_mech_ws/install/mech_msg/include/mech_msg/msg/detail/laterr__rosidl_typesupport_introspection_cpp.hpp
[0.488s] -- Up-to-date: /home/tahnt/mech_devel/f1t_mech_ws/install/mech_msg/include/mech_msg/msg/detail/lat_err__type_support.cpp
[0.488s] -- Up-to-date: /home/tahnt/mech_devel/f1t_mech_ws/install/mech_msg/lib/libmech_msg__rosidl_typesupport_introspection_cpp.so
[0.488s] -- Up-to-date: /home/tahnt/mech_devel/f1t_mech_ws/install/mech_msg/lib/libmech_msg__rosidl_typesupport_cpp.so
[0.488s] -- Up-to-date: /home/tahnt/mech_devel/f1t_mech_ws/install/mech_msg/share/mech_msg/environment/pythonpath.sh
[0.488s] -- Up-to-date: /home/tahnt/mech_devel/f1t_mech_ws/install/mech_msg/share/mech_msg/environment/pythonpath.dsv
[0.488s] -- Up-to-date: /home/tahnt/mech_devel/f1t_mech_ws/install/mech_msg/lib/python3.8/site-packages/mech_msg/__init__.py
[0.517s] -- Up-to-date: /home/tahnt/mech_devel/f1t_mech_ws/install/mech_msg/lib/python3.8/site-packages/mech_msg/msg
[0.518s] -- Up-to-date: /home/tahnt/mech_devel/f1t_mech_ws/install/mech_msg/lib/python3.8/site-packages/mech_msg/msg/_test_s.c
[0.518s] -- Up-to-date: /home/tahnt/mech_devel/f1t_mech_ws/install/mech_msg/lib/python3.8/site-packages/mech_msg/msg/_yaw_err_s.c
[0.518s] -- Up-to-date: /home/tahnt/mech_devel/f1t_mech_ws/install/mech_msg/lib/python3.8/site-packages/mech_msg/msg/_lat_err.py
[0.518s] -- Up-to-date: /home/tahnt/mech_devel/f1t_mech_ws/install/mech_msg/lib/python3.8/site-packages/mech_msg/msg/_test.py
[0.518s] -- Up-to-date: /home/tahnt/mech_devel/f1t_mech_ws/install/mech_msg/lib/python3.8/site-packages/mech_msg/msg/_laterr.py
[0.518s] -- Up-to-date: /home/tahnt/mech_devel/f1t_mech_ws/install/mech_msg/lib/python3.8/site-packages/mech_msg/msg/_lat_err_s.c
[0.518s] -- Up-to-date: /home/tahnt/mech_devel/f1t_mech_ws/install/mech_msg/lib/python3.8/site-packages/mech_msg/msg/_yawerr.py
[0.518s] -- Up-to-date: /home/tahnt/mech_devel/f1t_mech_ws/install/mech_msg/lib/python3.8/site-packages/mech_msg/msg/__init__.py
[0.518s] -- Up-to-date: /home/tahnt/mech_devel/f1t_mech_ws/install/mech_msg/lib/python3.8/site-packages/mech_msg/msg/_laterr_s.c
[0.518s] -- Up-to-date: /home/tahnt/mech_devel/f1t_mech_ws/install/mech_msg/lib/python3.8/site-packages/mech_msg/msg/_yawerr_s.c
[0.518s] -- Up-to-date: /home/tahnt/mech_devel/f1t_mech_ws/install/mech_msg/lib/python3.8/site-packages/mech_msg/msg/_yaw_err.py
[0.518s] -- Up-to-date: /home/tahnt/mech_devel/f1t_mech_ws/install/mech_msg/lib/python3.8/site-packages/mech_msg/mech_msg_s__rosidl_typesupport_fastrtps_c.cpython-38-x86_64-linux-gnu.so
[0.519s] -- Up-to-date: /home/tahnt/mech_devel/f1t_mech_ws/install/mech_msg/lib/python3.8/site-packages/mech_msg/mech_msg_s__rosidl_typesupport_introspection_c.cpython-38-x86_64-linux-gnu.so
[0.519s] -- Up-to-date: /home/tahnt/mech_devel/f1t_mech_ws/install/mech_msg/lib/python3.8/site-packages/mech_msg/mech_msg_s__rosidl_typesupport_c.cpython-38-x86_64-linux-gnu.so
[0.519s] -- Up-to-date: /home/tahnt/mech_devel/f1t_mech_ws/install/mech_msg/lib/libmech_msg__python.so
[0.520s] -- Up-to-date: /home/tahnt/mech_devel/f1t_mech_ws/install/mech_msg/share/mech_msg/msg/Laterr.idl
[0.520s] -- Up-to-date: /home/tahnt/mech_devel/f1t_mech_ws/install/mech_msg/share/mech_msg/msg/Yawerr.idl
[0.520s] -- Up-to-date: /home/tahnt/mech_devel/f1t_mech_ws/install/mech_msg/share/mech_msg/msg/Laterr.msg
[0.520s] -- Up-to-date: /home/tahnt/mech_devel/f1t_mech_ws/install/mech_msg/share/mech_msg/msg/Yawerr.msg
[0.520s] -- Up-to-date: /home/tahnt/mech_devel/f1t_mech_ws/install/mech_msg/share/ament_index/resource_index/package_run_dependencies/mech_msg
[0.520s] -- Up-to-date: /home/tahnt/mech_devel/f1t_mech_ws/install/mech_msg/share/ament_index/resource_index/parent_prefix_path/mech_msg
[0.520s] -- Up-to-date: /home/tahnt/mech_devel/f1t_mech_ws/install/mech_msg/share/mech_msg/environment/ament_prefix_path.sh
[0.520s] -- Up-to-date: /home/tahnt/mech_devel/f1t_mech_ws/install/mech_msg/share/mech_msg/environment/ament_prefix_path.dsv
[0.520s] -- Up-to-date: /home/tahnt/mech_devel/f1t_mech_ws/install/mech_msg/share/mech_msg/environment/path.sh
[0.520s] -- Up-to-date: /home/tahnt/mech_devel/f1t_mech_ws/install/mech_msg/share/mech_msg/environment/path.dsv
[0.521s] -- Up-to-date: /home/tahnt/mech_devel/f1t_mech_ws/install/mech_msg/share/mech_msg/local_setup.bash
[0.521s] -- Up-to-date: /home/tahnt/mech_devel/f1t_mech_ws/install/mech_msg/share/mech_msg/local_setup.sh
[0.521s] -- Up-to-date: /home/tahnt/mech_devel/f1t_mech_ws/install/mech_msg/share/mech_msg/local_setup.zsh
[0.523s] -- Up-to-date: /home/tahnt/mech_devel/f1t_mech_ws/install/mech_msg/share/mech_msg/local_setup.dsv
[0.523s] -- Installing: /home/tahnt/mech_devel/f1t_mech_ws/install/mech_msg/share/mech_msg/package.dsv
[0.523s] -- Up-to-date: /home/tahnt/mech_devel/f1t_mech_ws/install/mech_msg/share/ament_index/resource_index/packages/mech_msg
[0.523s] -- Up-to-date: /home/tahnt/mech_devel/f1t_mech_ws/install/mech_msg/share/mech_msg/cmake/mech_msg__rosidl_generator_cExport.cmake
[0.523s] -- Up-to-date: /home/tahnt/mech_devel/f1t_mech_ws/install/mech_msg/share/mech_msg/cmake/mech_msg__rosidl_generator_cExport-noconfig.cmake
[0.523s] -- Up-to-date: /home/tahnt/mech_devel/f1t_mech_ws/install/mech_msg/share/mech_msg/cmake/mech_msg__rosidl_typesupport_introspection_cExport.cmake
[0.523s] -- Up-to-date: /home/tahnt/mech_devel/f1t_mech_ws/install/mech_msg/share/mech_msg/cmake/mech_msg__rosidl_typesupport_introspection_cExport-noconfig.cmake
[0.523s] -- Up-to-date: /home/tahnt/mech_devel/f1t_mech_ws/install/mech_msg/share/mech_msg/cmake/mech_msg__rosidl_typesupport_cExport.cmake
[0.523s] -- Up-to-date: /home/tahnt/mech_devel/f1t_mech_ws/install/mech_msg/share/mech_msg/cmake/mech_msg__rosidl_typesupport_cExport-noconfig.cmake
[0.523s] -- Up-to-date: /home/tahnt/mech_devel/f1t_mech_ws/install/mech_msg/share/mech_msg/cmake/mech_msg__rosidl_generator_cppExport.cmake
[0.523s] -- Up-to-date: /home/tahnt/mech_devel/f1t_mech_ws/install/mech_msg/share/mech_msg/cmake/mech_msg__rosidl_typesupport_introspection_cppExport.cmake
[0.523s] -- Up-to-date: /home/tahnt/mech_devel/f1t_mech_ws/install/mech_msg/share/mech_msg/cmake/mech_msg__rosidl_typesupport_introspection_cppExport-noconfig.cmake
[0.523s] -- Up-to-date: /home/tahnt/mech_devel/f1t_mech_ws/install/mech_msg/share/mech_msg/cmake/mech_msg__rosidl_typesupport_cppExport.cmake
[0.523s] -- Up-to-date: /home/tahnt/mech_devel/f1t_mech_ws/install/mech_msg/share/mech_msg/cmake/mech_msg__rosidl_typesupport_cppExport-noconfig.cmake
[0.523s] -- Up-to-date: /home/tahnt/mech_devel/f1t_mech_ws/install/mech_msg/share/mech_msg/cmake/rosidl_cmake-extras.cmake
[0.523s] -- Up-to-date: /home/tahnt/mech_devel/f1t_mech_ws/install/mech_msg/share/mech_msg/cmake/ament_cmake_export_dependencies-extras.cmake
[0.523s] -- Up-to-date: /home/tahnt/mech_devel/f1t_mech_ws/install/mech_msg/share/mech_msg/cmake/ament_cmake_export_libraries-extras.cmake
[0.523s] -- Up-to-date: /home/tahnt/mech_devel/f1t_mech_ws/install/mech_msg/share/mech_msg/cmake/ament_cmake_export_targets-extras.cmake
[0.523s] -- Up-to-date: /home/tahnt/mech_devel/f1t_mech_ws/install/mech_msg/share/mech_msg/cmake/ament_cmake_export_include_directories-extras.cmake
[0.523s] -- Up-to-date: /home/tahnt/mech_devel/f1t_mech_ws/install/mech_msg/share/mech_msg/cmake/rosidl_cmake_export_typesupport_libraries-extras.cmake
[0.523s] -- Up-to-date: /home/tahnt/mech_devel/f1t_mech_ws/install/mech_msg/share/mech_msg/cmake/rosidl_cmake_export_typesupport_targets-extras.cmake
[0.523s] -- Up-to-date: /home/tahnt/mech_devel/f1t_mech_ws/install/mech_msg/share/mech_msg/cmake/mech_msgConfig.cmake
[0.524s] -- Up-to-date: /home/tahnt/mech_devel/f1t_mech_ws/install/mech_msg/share/mech_msg/cmake/mech_msgConfig-version.cmake
[0.524s] -- Up-to-date: /home/tahnt/mech_devel/f1t_mech_ws/install/mech_msg/share/mech_msg/package.xml
[0.526s] Invoked command in '/home/tahnt/mech_devel/f1t_mech_ws/build/mech_msg' returned '0': CMAKE_PREFIX_PATH=${CMAKE_PREFIX_PATH}:/opt/ros/galactic /usr/bin/cmake --install /home/tahnt/mech_devel/f1t_mech_ws/build/mech_msg
