[0.107s] Invoking command in '/home/f1t/mech_devel/f1t_mech_ws/build/img_proc': CMAKE_PREFIX_PATH=${CMAKE_PREFIX_PATH}:/opt/ros/galactic /usr/bin/cmake --build /home/f1t/mech_devel/f1t_mech_ws/build/img_proc -- -j6 -l6
[0.281s] -- Found ament_cmake: 1.1.6 (/opt/ros/galactic/share/ament_cmake/cmake)
[0.416s] -- Using PYTHON_EXECUTABLE: /usr/bin/python3
[0.808s] -- Found rclcpp: 9.2.2 (/opt/ros/galactic/share/rclcpp/cmake)
[1.029s] -- Using single rosidl_typesupport_c: rosidl_typesupport_introspection_c
[1.049s] -- Found rosidl_adapter: 2.2.3 (/opt/ros/galactic/share/rosidl_adapter/cmake)
[1.143s] -- Using single rosidl_typesupport_cpp: rosidl_typesupport_introspection_cpp
[1.439s] -- Found rmw_implementation_cmake: 3.3.1 (/opt/ros/galactic/share/rmw_implementation_cmake/cmake)
[1.446s] -- Found rmw_cyclonedds_cpp: 0.22.6 (/opt/ros/galactic/share/rmw_cyclonedds_cpp/cmake)
[1.542s] -- Using RMW implementation 'rmw_cyclonedds_cpp' as default
[2.240s] -- Found sensor_msgs: 2.2.4 (/opt/ros/galactic/share/sensor_msgs/cmake)
[2.749s] -- Found cv_bridge: 3.1.3 (/opt/ros/galactic/share/cv_bridge/cmake)
[2.849s] -- Found NumCpp: /usr/local/include (found version 2.12.1)
[3.487s] -- Configuring done
[3.882s] -- Generating done
[3.894s] -- Build files have been written to: /home/f1t/mech_devel/f1t_mech_ws/build/img_proc
[4.050s] [35m[1mScanning dependencies of target img_proc_node[0m
[4.384s] [ 50%] [32mBuilding CXX object CMakeFiles/img_proc_node.dir/src/img_proc_node.cpp.o[0m
[88.535s] [100%] [32m[1mLinking CXX executable img_proc_node[0m
[91.337s] /usr/bin/ld: warning: libopencv_imgproc.so.4.2, needed by /opt/ros/galactic/lib/libcv_bridge.so, may conflict with libopencv_imgproc.so.4.5
[91.338s] /usr/bin/ld: warning: libopencv_core.so.4.2, needed by /opt/ros/galactic/lib/libcv_bridge.so, may conflict with libopencv_core.so.4.5
[91.528s] [100%] Built target img_proc_node
[91.688s] Invoked command in '/home/f1t/mech_devel/f1t_mech_ws/build/img_proc' returned '0': CMAKE_PREFIX_PATH=${CMAKE_PREFIX_PATH}:/opt/ros/galactic /usr/bin/cmake --build /home/f1t/mech_devel/f1t_mech_ws/build/img_proc -- -j6 -l6
[91.891s] Invoking command in '/home/f1t/mech_devel/f1t_mech_ws/build/img_proc': CMAKE_PREFIX_PATH=${CMAKE_PREFIX_PATH}:/opt/ros/galactic /usr/bin/cmake --install /home/f1t/mech_devel/f1t_mech_ws/build/img_proc
[91.936s] -- Install configuration: ""
[91.938s] -- Installing: /home/f1t/mech_devel/f1t_mech_ws/install/img_proc/lib/img_proc/img_proc_node
[91.979s] -- Set runtime path of "/home/f1t/mech_devel/f1t_mech_ws/install/img_proc/lib/img_proc/img_proc_node" to ""
[91.980s] -- Up-to-date: /home/f1t/mech_devel/f1t_mech_ws/install/img_proc/share/img_proc/launch
[91.981s] -- Up-to-date: /home/f1t/mech_devel/f1t_mech_ws/install/img_proc/share/img_proc/launch/img_proc_launch.py
[91.981s] -- Installing: /home/f1t/mech_devel/f1t_mech_ws/install/img_proc/share/ament_index/resource_index/package_run_dependencies/img_proc
[91.982s] -- Installing: /home/f1t/mech_devel/f1t_mech_ws/install/img_proc/share/ament_index/resource_index/parent_prefix_path/img_proc
[91.983s] -- Up-to-date: /home/f1t/mech_devel/f1t_mech_ws/install/img_proc/share/img_proc/environment/ament_prefix_path.sh
[91.984s] -- Installing: /home/f1t/mech_devel/f1t_mech_ws/install/img_proc/share/img_proc/environment/ament_prefix_path.dsv
[91.986s] -- Up-to-date: /home/f1t/mech_devel/f1t_mech_ws/install/img_proc/share/img_proc/environment/path.sh
[91.986s] -- Installing: /home/f1t/mech_devel/f1t_mech_ws/install/img_proc/share/img_proc/environment/path.dsv
[91.987s] -- Up-to-date: /home/f1t/mech_devel/f1t_mech_ws/install/img_proc/share/img_proc/local_setup.bash
[91.988s] -- Up-to-date: /home/f1t/mech_devel/f1t_mech_ws/install/img_proc/share/img_proc/local_setup.sh
[91.989s] -- Up-to-date: /home/f1t/mech_devel/f1t_mech_ws/install/img_proc/share/img_proc/local_setup.zsh
[91.990s] -- Installing: /home/f1t/mech_devel/f1t_mech_ws/install/img_proc/share/img_proc/local_setup.dsv
[91.990s] -- Installing: /home/f1t/mech_devel/f1t_mech_ws/install/img_proc/share/img_proc/package.dsv
[91.992s] -- Up-to-date: /home/f1t/mech_devel/f1t_mech_ws/install/img_proc/share/ament_index/resource_index/packages/img_proc
[91.993s] -- Up-to-date: /home/f1t/mech_devel/f1t_mech_ws/install/img_proc/share/img_proc/cmake/img_procConfig.cmake
[91.993s] -- Up-to-date: /home/f1t/mech_devel/f1t_mech_ws/install/img_proc/share/img_proc/cmake/img_procConfig-version.cmake
[91.994s] -- Installing: /home/f1t/mech_devel/f1t_mech_ws/install/img_proc/share/img_proc/package.xml
[92.010s] Invoked command in '/home/f1t/mech_devel/f1t_mech_ws/build/img_proc' returned '0': CMAKE_PREFIX_PATH=${CMAKE_PREFIX_PATH}:/opt/ros/galactic /usr/bin/cmake --install /home/f1t/mech_devel/f1t_mech_ws/build/img_proc
