[0.019s] Invoking command in '/home/tahnt/mech_devel/f1t_mech_ws/build/controller': CMAKE_PREFIX_PATH=/opt/ros/galactic /usr/bin/cmake --build /home/tahnt/mech_devel/f1t_mech_ws/build/controller -- -j4 -l4
[0.085s] [35m[1mScanning dependencies of target controller[0m
[0.141s] [ 50%] [32mBuilding CXX object CMakeFiles/controller.dir/src/controller.cpp.o[0m
[1.952s] [01m[K/home/tahnt/mech_devel/f1t_mech_ws/src/controller/src/controller.cpp:[m[K In member function ‘[01m[Kvoid Controller::laterr_callback(const Laterr&)[m[K’:
[1.952s] [01m[K/home/tahnt/mech_devel/f1t_mech_ws/src/controller/src/controller.cpp:11:64:[m[K [01;35m[Kwarning: [m[Kunused parameter ‘[01m[Kmsg[m[K’ [[01;35m[K-Wunused-parameter[m[K]
[1.952s]    11 | void Controller::laterr_callback([01;35m[Kconst mech_msg::msg::Laterr & msg[m[K)
[1.952s]       |                                  [01;35m[K~~~~~~~~~~~~~~~~~~~~~~~~~~~~~~^~~[m[K
[9.285s] [100%] [32m[1mLinking CXX executable controller[0m
[9.647s] [100%] Built target controller
[9.662s] Invoked command in '/home/tahnt/mech_devel/f1t_mech_ws/build/controller' returned '0': CMAKE_PREFIX_PATH=/opt/ros/galactic /usr/bin/cmake --build /home/tahnt/mech_devel/f1t_mech_ws/build/controller -- -j4 -l4
[9.697s] Invoking command in '/home/tahnt/mech_devel/f1t_mech_ws/build/controller': CMAKE_PREFIX_PATH=/opt/ros/galactic /usr/bin/cmake --install /home/tahnt/mech_devel/f1t_mech_ws/build/controller
[9.705s] -- Install configuration: ""
[9.709s] -- Installing: /home/tahnt/mech_devel/f1t_mech_ws/install/controller/lib/controller/controller
[9.711s] -- Set runtime path of "/home/tahnt/mech_devel/f1t_mech_ws/install/controller/lib/controller/controller" to ""
[9.711s] -- Up-to-date: /home/tahnt/mech_devel/f1t_mech_ws/install/controller/share/controller//launch
[9.711s] -- Up-to-date: /home/tahnt/mech_devel/f1t_mech_ws/install/controller/share/controller//launch/controller_launch.py
[9.711s] -- Up-to-date: /home/tahnt/mech_devel/f1t_mech_ws/install/controller/share/controller//config
[9.711s] -- Up-to-date: /home/tahnt/mech_devel/f1t_mech_ws/install/controller/share/controller//config/controller_config.yaml
[9.711s] -- Up-to-date: /home/tahnt/mech_devel/f1t_mech_ws/install/controller/share/ament_index/resource_index/package_run_dependencies/controller
[9.711s] -- Up-to-date: /home/tahnt/mech_devel/f1t_mech_ws/install/controller/share/ament_index/resource_index/parent_prefix_path/controller
[9.711s] -- Up-to-date: /home/tahnt/mech_devel/f1t_mech_ws/install/controller/share/controller/environment/ament_prefix_path.sh
[9.711s] -- Up-to-date: /home/tahnt/mech_devel/f1t_mech_ws/install/controller/share/controller/environment/ament_prefix_path.dsv
[9.711s] -- Up-to-date: /home/tahnt/mech_devel/f1t_mech_ws/install/controller/share/controller/environment/path.sh
[9.711s] -- Up-to-date: /home/tahnt/mech_devel/f1t_mech_ws/install/controller/share/controller/environment/path.dsv
[9.711s] -- Up-to-date: /home/tahnt/mech_devel/f1t_mech_ws/install/controller/share/controller/local_setup.bash
[9.711s] -- Up-to-date: /home/tahnt/mech_devel/f1t_mech_ws/install/controller/share/controller/local_setup.sh
[9.711s] -- Up-to-date: /home/tahnt/mech_devel/f1t_mech_ws/install/controller/share/controller/local_setup.zsh
[9.711s] -- Up-to-date: /home/tahnt/mech_devel/f1t_mech_ws/install/controller/share/controller/local_setup.dsv
[9.711s] -- Installing: /home/tahnt/mech_devel/f1t_mech_ws/install/controller/share/controller/package.dsv
[9.711s] -- Up-to-date: /home/tahnt/mech_devel/f1t_mech_ws/install/controller/share/ament_index/resource_index/packages/controller
[9.711s] -- Up-to-date: /home/tahnt/mech_devel/f1t_mech_ws/install/controller/share/controller/cmake/controllerConfig.cmake
[9.711s] -- Up-to-date: /home/tahnt/mech_devel/f1t_mech_ws/install/controller/share/controller/cmake/controllerConfig-version.cmake
[9.711s] -- Up-to-date: /home/tahnt/mech_devel/f1t_mech_ws/install/controller/share/controller/package.xml
[9.716s] Invoked command in '/home/tahnt/mech_devel/f1t_mech_ws/build/controller' returned '0': CMAKE_PREFIX_PATH=/opt/ros/galactic /usr/bin/cmake --install /home/tahnt/mech_devel/f1t_mech_ws/build/controller
