[0.093s] Invoking command in '/home/f1t/mech_devel/f1t_mech_ws/build/img_proc': CMAKE_PREFIX_PATH=${CMAKE_PREFIX_PATH}:/opt/ros/galactic /usr/bin/cmake --build /home/f1t/mech_devel/f1t_mech_ws/build/img_proc -- -j6 -l6
[0.369s] [35m[1mScanning dependencies of target img_proc_node[0m
[0.686s] [ 50%] [32mBuilding CXX object CMakeFiles/img_proc_node.dir/src/img_proc_node.cpp.o[0m
[17.240s] In file included from [01m[K/opt/ros/galactic/include/rclcpp/node.hpp:1329[m[K,
[17.241s]                  from [01m[K/opt/ros/galactic/include/rclcpp/executors/single_threaded_executor.hpp:28[m[K,
[17.245s]                  from [01m[K/opt/ros/galactic/include/rclcpp/executors.hpp:22[m[K,
[17.245s]                  from [01m[K/opt/ros/galactic/include/rclcpp/rclcpp.hpp:156[m[K,
[17.246s]                  from [01m[K/home/f1t/mech_devel/f1t_mech_ws/src/img_proc/src/img_proc_node.h:1[m[K,
[17.246s]                  from [01m[K/home/f1t/mech_devel/f1t_mech_ws/src/img_proc/src/img_proc_node.cpp:1[m[K:
[17.247s] /opt/ros/galactic/include/rclcpp/node_impl.hpp: In instantiation of ‘[01m[Kauto rclcpp::Node::declare_parameter(const string&, const ParameterDescriptor&, bool) [with ParameterT = std::vector<float>; std::string = std::__cxx11::basic_string<char>; rcl_interfaces::msg::ParameterDescriptor = rcl_interfaces::msg::ParameterDescriptor_<std::allocator<void> >][m[K’:
[17.248s] [01m[K/home/f1t/mech_devel/f1t_mech_ws/src/img_proc/src/img_proc_node.cpp:26:55:[m[K   required from here
[17.248s] [01m[K/opt/ros/galactic/include/rclcpp/node_impl.hpp:229:21:[m[K [01;31m[Kerror: [m[Kno matching function for call to ‘[01m[Krclcpp::ParameterValue::get<std::vector<float, std::allocator<float> > >() const[m[K’
[17.249s]   229 |   ).get<ParameterT>([01;31m[K)[m[K;
[17.249s]       |                     [01;31m[K^[m[K
[17.250s] In file included from [01m[K/opt/ros/galactic/include/rclcpp/parameter.hpp:26[m[K,
[17.250s]                  from [01m[K/opt/ros/galactic/include/rclcpp/node_interfaces/node_parameters_interface.hpp:28[m[K,
[17.251s]                  from [01m[K/opt/ros/galactic/include/rclcpp/node.hpp:54[m[K,
[17.251s]                  from [01m[K/opt/ros/galactic/include/rclcpp/executors/single_threaded_executor.hpp:28[m[K,
[17.252s]                  from [01m[K/opt/ros/galactic/include/rclcpp/executors.hpp:22[m[K,
[17.252s]                  from [01m[K/opt/ros/galactic/include/rclcpp/rclcpp.hpp:156[m[K,
[17.253s]                  from [01m[K/home/f1t/mech_devel/f1t_mech_ws/src/img_proc/src/img_proc_node.h:1[m[K,
[17.253s]                  from [01m[K/home/f1t/mech_devel/f1t_mech_ws/src/img_proc/src/img_proc_node.cpp:1[m[K:
[17.254s] [01m[K/opt/ros/galactic/include/rclcpp/parameter_value.hpp:148:3:[m[K [01;36m[Knote: [m[Kcandidate: ‘[01m[Ktemplate<rclcpp::ParameterType type> constexpr typename std::enable_if<(type == rclcpp::PARAMETER_BOOL), const bool&>::type rclcpp::ParameterValue::get() const[m[K’
[17.254s]   148 |   [01;36m[Kget[m[K() const
[17.255s]       |   [01;36m[K^~~[m[K
[17.257s] [01m[K/opt/ros/galactic/include/rclcpp/parameter_value.hpp:148:3:[m[K [01;36m[Knote: [m[K  template argument deduction/substitution failed:
[17.257s] [01m[K/opt/ros/galactic/include/rclcpp/parameter_value.hpp:159:3:[m[K [01;36m[Knote: [m[Kcandidate: ‘[01m[Ktemplate<rclcpp::ParameterType type> constexpr typename std::enable_if<(type == rclcpp::PARAMETER_INTEGER), const long int&>::type rclcpp::ParameterValue::get() const[m[K’
[17.258s]   159 |   [01;36m[Kget[m[K() const
[17.258s]       |   [01;36m[K^~~[m[K
[17.259s] [01m[K/opt/ros/galactic/include/rclcpp/parameter_value.hpp:159:3:[m[K [01;36m[Knote: [m[K  template argument deduction/substitution failed:
[17.259s] [01m[K/opt/ros/galactic/include/rclcpp/parameter_value.hpp:170:3:[m[K [01;36m[Knote: [m[Kcandidate: ‘[01m[Ktemplate<rclcpp::ParameterType type> constexpr typename std::enable_if<(type == rclcpp::PARAMETER_DOUBLE), const double&>::type rclcpp::ParameterValue::get() const[m[K’
[17.260s]   170 |   [01;36m[Kget[m[K() const
[17.260s]       |   [01;36m[K^~~[m[K
[17.261s] [01m[K/opt/ros/galactic/include/rclcpp/parameter_value.hpp:170:3:[m[K [01;36m[Knote: [m[K  template argument deduction/substitution failed:
[17.261s] [01m[K/opt/ros/galactic/include/rclcpp/parameter_value.hpp:181:3:[m[K [01;36m[Knote: [m[Kcandidate: ‘[01m[Ktemplate<rclcpp::ParameterType type> constexpr typename std::enable_if<(type == rclcpp::PARAMETER_STRING), const std::__cxx11::basic_string<char>&>::type rclcpp::ParameterValue::get() const[m[K’
[17.262s]   181 |   [01;36m[Kget[m[K() const
[17.262s]       |   [01;36m[K^~~[m[K
[17.263s] [01m[K/opt/ros/galactic/include/rclcpp/parameter_value.hpp:181:3:[m[K [01;36m[Knote: [m[K  template argument deduction/substitution failed:
[17.263s] [01m[K/opt/ros/galactic/include/rclcpp/parameter_value.hpp:193:3:[m[K [01;36m[Knote: [m[Kcandidate: ‘[01m[Ktemplate<rclcpp::ParameterType type> constexpr typename std::enable_if<(type == rclcpp::PARAMETER_BYTE_ARRAY), const std::vector<unsigned char, std::allocator<unsigned char> >&>::type rclcpp::ParameterValue::get() const[m[K’
[17.264s]   193 |   [01;36m[Kget[m[K() const
[17.264s]       |   [01;36m[K^~~[m[K
[17.265s] [01m[K/opt/ros/galactic/include/rclcpp/parameter_value.hpp:193:3:[m[K [01;36m[Knote: [m[K  template argument deduction/substitution failed:
[17.265s] [01m[K/opt/ros/galactic/include/rclcpp/parameter_value.hpp:205:3:[m[K [01;36m[Knote: [m[Kcandidate: ‘[01m[Ktemplate<rclcpp::ParameterType type> constexpr typename std::enable_if<(type == rclcpp::PARAMETER_BOOL_ARRAY), const std::vector<bool, std::allocator<bool> >&>::type rclcpp::ParameterValue::get() const[m[K’
[17.266s]   205 |   [01;36m[Kget[m[K() const
[17.266s]       |   [01;36m[K^~~[m[K
[17.266s] [01m[K/opt/ros/galactic/include/rclcpp/parameter_value.hpp:205:3:[m[K [01;36m[Knote: [m[K  template argument deduction/substitution failed:
[17.267s] [01m[K/opt/ros/galactic/include/rclcpp/parameter_value.hpp:217:3:[m[K [01;36m[Knote: [m[Kcandidate: ‘[01m[Ktemplate<rclcpp::ParameterType type> constexpr typename std::enable_if<(type == rclcpp::PARAMETER_INTEGER_ARRAY), const std::vector<long int, std::allocator<long int> >&>::type rclcpp::ParameterValue::get() const[m[K’
[17.267s]   217 |   [01;36m[Kget[m[K() const
[17.268s]       |   [01;36m[K^~~[m[K
[17.268s] [01m[K/opt/ros/galactic/include/rclcpp/parameter_value.hpp:217:3:[m[K [01;36m[Knote: [m[K  template argument deduction/substitution failed:
[17.269s] [01m[K/opt/ros/galactic/include/rclcpp/parameter_value.hpp:229:3:[m[K [01;36m[Knote: [m[Kcandidate: ‘[01m[Ktemplate<rclcpp::ParameterType type> constexpr typename std::enable_if<(type == rclcpp::PARAMETER_DOUBLE_ARRAY), const std::vector<double, std::allocator<double> >&>::type rclcpp::ParameterValue::get() const[m[K’
[17.269s]   229 |   [01;36m[Kget[m[K() const
[17.269s]       |   [01;36m[K^~~[m[K
[17.270s] [01m[K/opt/ros/galactic/include/rclcpp/parameter_value.hpp:229:3:[m[K [01;36m[Knote: [m[K  template argument deduction/substitution failed:
[17.270s] [01m[K/opt/ros/galactic/include/rclcpp/parameter_value.hpp:241:3:[m[K [01;36m[Knote: [m[Kcandidate: ‘[01m[Ktemplate<rclcpp::ParameterType type> constexpr typename std::enable_if<(type == rclcpp::PARAMETER_STRING_ARRAY), const std::vector<std::__cxx11::basic_string<char> >&>::type rclcpp::ParameterValue::get() const[m[K’
[17.271s]   241 |   [01;36m[Kget[m[K() const
[17.271s]       |   [01;36m[K^~~[m[K
[17.272s] [01m[K/opt/ros/galactic/include/rclcpp/parameter_value.hpp:241:3:[m[K [01;36m[Knote: [m[K  template argument deduction/substitution failed:
[17.272s] [01m[K/opt/ros/galactic/include/rclcpp/parameter_value.hpp:254:3:[m[K [01;36m[Knote: [m[Kcandidate: ‘[01m[Ktemplate<class type> constexpr typename std::enable_if<std::is_same<T, bool>::value, const bool&>::type rclcpp::ParameterValue::get() const[m[K’
[17.273s]   254 |   [01;36m[Kget[m[K() const
[17.273s]       |   [01;36m[K^~~[m[K
[17.274s] [01m[K/opt/ros/galactic/include/rclcpp/parameter_value.hpp:254:3:[m[K [01;36m[Knote: [m[K  template argument deduction/substitution failed:
[17.274s] /opt/ros/galactic/include/rclcpp/parameter_value.hpp: In substitution of ‘[01m[Ktemplate<class type> constexpr typename std::enable_if<std::is_same<T, bool>::value, const bool&>::type rclcpp::ParameterValue::get() const [with type = std::vector<float>][m[K’:
[17.274s] [01m[K/opt/ros/galactic/include/rclcpp/node_impl.hpp:229:21:[m[K   required from ‘[01m[Kauto rclcpp::Node::declare_parameter(const string&, const ParameterDescriptor&, bool) [with ParameterT = std::vector<float>; std::string = std::__cxx11::basic_string<char>; rcl_interfaces::msg::ParameterDescriptor = rcl_interfaces::msg::ParameterDescriptor_<std::allocator<void> >][m[K’
[17.275s] [01m[K/home/f1t/mech_devel/f1t_mech_ws/src/img_proc/src/img_proc_node.cpp:26:55:[m[K   required from here
[17.276s] [01m[K/opt/ros/galactic/include/rclcpp/parameter_value.hpp:254:3:[m[K [01;31m[Kerror: [m[Kno type named ‘[01m[Ktype[m[K’ in ‘[01m[Kstruct std::enable_if<false, const bool&>[m[K’
[17.276s] /opt/ros/galactic/include/rclcpp/node_impl.hpp: In instantiation of ‘[01m[Kauto rclcpp::Node::declare_parameter(const string&, const ParameterDescriptor&, bool) [with ParameterT = std::vector<float>; std::string = std::__cxx11::basic_string<char>; rcl_interfaces::msg::ParameterDescriptor = rcl_interfaces::msg::ParameterDescriptor_<std::allocator<void> >][m[K’:
[17.276s] [01m[K/home/f1t/mech_devel/f1t_mech_ws/src/img_proc/src/img_proc_node.cpp:26:55:[m[K   required from here
[17.277s] [01m[K/opt/ros/galactic/include/rclcpp/parameter_value.hpp:263:3:[m[K [01;36m[Knote: [m[Kcandidate: ‘[01m[Ktemplate<class type> constexpr typename std::enable_if<(std::is_integral<_Tp>::value && (! std::is_same<T, bool>::value)), const long int&>::type rclcpp::ParameterValue::get() const[m[K’
[17.277s]   263 |   [01;36m[Kget[m[K() const
[17.278s]       |   [01;36m[K^~~[m[K
[17.278s] [01m[K/opt/ros/galactic/include/rclcpp/parameter_value.hpp:263:3:[m[K [01;36m[Knote: [m[K  template argument deduction/substitution failed:
[17.279s] /opt/ros/galactic/include/rclcpp/parameter_value.hpp: In substitution of ‘[01m[Ktemplate<class type> constexpr typename std::enable_if<(std::is_integral<_Tp>::value && (! std::is_same<T, bool>::value)), const long int&>::type rclcpp::ParameterValue::get() const [with type = std::vector<float>][m[K’:
[17.279s] [01m[K/opt/ros/galactic/include/rclcpp/node_impl.hpp:229:21:[m[K   required from ‘[01m[Kauto rclcpp::Node::declare_parameter(const string&, const ParameterDescriptor&, bool) [with ParameterT = std::vector<float>; std::string = std::__cxx11::basic_string<char>; rcl_interfaces::msg::ParameterDescriptor = rcl_interfaces::msg::ParameterDescriptor_<std::allocator<void> >][m[K’
[17.280s] [01m[K/home/f1t/mech_devel/f1t_mech_ws/src/img_proc/src/img_proc_node.cpp:26:55:[m[K   required from here
[17.280s] [01m[K/opt/ros/galactic/include/rclcpp/parameter_value.hpp:263:3:[m[K [01;31m[Kerror: [m[Kno type named ‘[01m[Ktype[m[K’ in ‘[01m[Kstruct std::enable_if<false, const long int&>[m[K’
[17.281s] /opt/ros/galactic/include/rclcpp/node_impl.hpp: In instantiation of ‘[01m[Kauto rclcpp::Node::declare_parameter(const string&, const ParameterDescriptor&, bool) [with ParameterT = std::vector<float>; std::string = std::__cxx11::basic_string<char>; rcl_interfaces::msg::ParameterDescriptor = rcl_interfaces::msg::ParameterDescriptor_<std::allocator<void> >][m[K’:
[17.281s] [01m[K/home/f1t/mech_devel/f1t_mech_ws/src/img_proc/src/img_proc_node.cpp:26:55:[m[K   required from here
[17.281s] [01m[K/opt/ros/galactic/include/rclcpp/parameter_value.hpp:271:3:[m[K [01;36m[Knote: [m[Kcandidate: ‘[01m[Ktemplate<class type> constexpr typename std::enable_if<std::is_floating_point<_Tp>::value, const double&>::type rclcpp::ParameterValue::get() const[m[K’
[17.282s]   271 |   [01;36m[Kget[m[K() const
[17.282s]       |   [01;36m[K^~~[m[K
[17.283s] [01m[K/opt/ros/galactic/include/rclcpp/parameter_value.hpp:271:3:[m[K [01;36m[Knote: [m[K  template argument deduction/substitution failed:
[17.283s] /opt/ros/galactic/include/rclcpp/parameter_value.hpp: In substitution of ‘[01m[Ktemplate<class type> constexpr typename std::enable_if<std::is_floating_point<_Tp>::value, const double&>::type rclcpp::ParameterValue::get() const [with type = std::vector<float>][m[K’:
[17.284s] [01m[K/opt/ros/galactic/include/rclcpp/node_impl.hpp:229:21:[m[K   required from ‘[01m[Kauto rclcpp::Node::declare_parameter(const string&, const ParameterDescriptor&, bool) [with ParameterT = std::vector<float>; std::string = std::__cxx11::basic_string<char>; rcl_interfaces::msg::ParameterDescriptor = rcl_interfaces::msg::ParameterDescriptor_<std::allocator<void> >][m[K’
[17.284s] [01m[K/home/f1t/mech_devel/f1t_mech_ws/src/img_proc/src/img_proc_node.cpp:26:55:[m[K   required from here
[17.286s] [01m[K/opt/ros/galactic/include/rclcpp/parameter_value.hpp:271:3:[m[K [01;31m[Kerror: [m[Kno type named ‘[01m[Ktype[m[K’ in ‘[01m[Kstruct std::enable_if<false, const double&>[m[K’
[17.287s] /opt/ros/galactic/include/rclcpp/node_impl.hpp: In instantiation of ‘[01m[Kauto rclcpp::Node::declare_parameter(const string&, const ParameterDescriptor&, bool) [with ParameterT = std::vector<float>; std::string = std::__cxx11::basic_string<char>; rcl_interfaces::msg::ParameterDescriptor = rcl_interfaces::msg::ParameterDescriptor_<std::allocator<void> >][m[K’:
[17.287s] [01m[K/home/f1t/mech_devel/f1t_mech_ws/src/img_proc/src/img_proc_node.cpp:26:55:[m[K   required from here
[17.288s] [01m[K/opt/ros/galactic/include/rclcpp/parameter_value.hpp:279:3:[m[K [01;36m[Knote: [m[Kcandidate: ‘[01m[Ktemplate<class type> constexpr typename std::enable_if<std::is_convertible<type, std::__cxx11::basic_string<char> >::value, const std::__cxx11::basic_string<char>&>::type rclcpp::ParameterValue::get() const[m[K’
[17.288s]   279 |   [01;36m[Kget[m[K() const
[17.289s]       |   [01;36m[K^~~[m[K
[17.289s] [01m[K/opt/ros/galactic/include/rclcpp/parameter_value.hpp:279:3:[m[K [01;36m[Knote: [m[K  template argument deduction/substitution failed:
[17.289s] /opt/ros/galactic/include/rclcpp/parameter_value.hpp: In substitution of ‘[01m[Ktemplate<class type> constexpr typename std::enable_if<std::is_convertible<type, std::__cxx11::basic_string<char> >::value, const std::__cxx11::basic_string<char>&>::type rclcpp::ParameterValue::get() const [with type = std::vector<float>][m[K’:
[17.290s] [01m[K/opt/ros/galactic/include/rclcpp/node_impl.hpp:229:21:[m[K   required from ‘[01m[Kauto rclcpp::Node::declare_parameter(const string&, const ParameterDescriptor&, bool) [with ParameterT = std::vector<float>; std::string = std::__cxx11::basic_string<char>; rcl_interfaces::msg::ParameterDescriptor = rcl_interfaces::msg::ParameterDescriptor_<std::allocator<void> >][m[K’
[17.290s] [01m[K/home/f1t/mech_devel/f1t_mech_ws/src/img_proc/src/img_proc_node.cpp:26:55:[m[K   required from here
[17.291s] [01m[K/opt/ros/galactic/include/rclcpp/parameter_value.hpp:279:3:[m[K [01;31m[Kerror: [m[Kno type named ‘[01m[Ktype[m[K’ in ‘[01m[Kstruct std::enable_if<false, const std::__cxx11::basic_string<char>&>[m[K’
[17.291s] /opt/ros/galactic/include/rclcpp/node_impl.hpp: In instantiation of ‘[01m[Kauto rclcpp::Node::declare_parameter(const string&, const ParameterDescriptor&, bool) [with ParameterT = std::vector<float>; std::string = std::__cxx11::basic_string<char>; rcl_interfaces::msg::ParameterDescriptor = rcl_interfaces::msg::ParameterDescriptor_<std::allocator<void> >][m[K’:
[17.292s] [01m[K/home/f1t/mech_devel/f1t_mech_ws/src/img_proc/src/img_proc_node.cpp:26:55:[m[K   required from here
[17.292s] [01m[K/opt/ros/galactic/include/rclcpp/parameter_value.hpp:289:3:[m[K [01;36m[Knote: [m[Kcandidate: ‘[01m[Ktemplate<class type> constexpr typename std::enable_if<std::is_convertible<type, const std::vector<unsigned char, std::allocator<unsigned char> >&>::value, const std::vector<unsigned char, std::allocator<unsigned char> >&>::type rclcpp::ParameterValue::get() const[m[K’
[17.293s]   289 |   [01;36m[Kget[m[K() const
[17.293s]       |   [01;36m[K^~~[m[K
[17.294s] [01m[K/opt/ros/galactic/include/rclcpp/parameter_value.hpp:289:3:[m[K [01;36m[Knote: [m[K  template argument deduction/substitution failed:
[17.294s] /opt/ros/galactic/include/rclcpp/parameter_value.hpp: In substitution of ‘[01m[Ktemplate<class type> constexpr typename std::enable_if<std::is_convertible<type, const std::vector<unsigned char, std::allocator<unsigned char> >&>::value, const std::vector<unsigned char, std::allocator<unsigned char> >&>::type rclcpp::ParameterValue::get() const [with type = std::vector<float>][m[K’:
[17.295s] [01m[K/opt/ros/galactic/include/rclcpp/node_impl.hpp:229:21:[m[K   required from ‘[01m[Kauto rclcpp::Node::declare_parameter(const string&, const ParameterDescriptor&, bool) [with ParameterT = std::vector<float>; std::string = std::__cxx11::basic_string<char>; rcl_interfaces::msg::ParameterDescriptor = rcl_interfaces::msg::ParameterDescriptor_<std::allocator<void> >][m[K’
[17.295s] [01m[K/home/f1t/mech_devel/f1t_mech_ws/src/img_proc/src/img_proc_node.cpp:26:55:[m[K   required from here
[17.295s] [01m[K/opt/ros/galactic/include/rclcpp/parameter_value.hpp:289:3:[m[K [01;31m[Kerror: [m[Kno type named ‘[01m[Ktype[m[K’ in ‘[01m[Kstruct std::enable_if<false, const std::vector<unsigned char, std::allocator<unsigned char> >&>[m[K’
[17.296s] /opt/ros/galactic/include/rclcpp/node_impl.hpp: In instantiation of ‘[01m[Kauto rclcpp::Node::declare_parameter(const string&, const ParameterDescriptor&, bool) [with ParameterT = std::vector<float>; std::string = std::__cxx11::basic_string<char>; rcl_interfaces::msg::ParameterDescriptor = rcl_interfaces::msg::ParameterDescriptor_<std::allocator<void> >][m[K’:
[17.296s] [01m[K/home/f1t/mech_devel/f1t_mech_ws/src/img_proc/src/img_proc_node.cpp:26:55:[m[K   required from here
[17.297s] [01m[K/opt/ros/galactic/include/rclcpp/parameter_value.hpp:299:3:[m[K [01;36m[Knote: [m[Kcandidate: ‘[01m[Ktemplate<class type> constexpr typename std::enable_if<std::is_convertible<type, const std::vector<bool, std::allocator<bool> >&>::value, const std::vector<bool, std::allocator<bool> >&>::type rclcpp::ParameterValue::get() const[m[K’
[17.297s]   299 |   [01;36m[Kget[m[K() const
[17.298s]       |   [01;36m[K^~~[m[K
[17.298s] [01m[K/opt/ros/galactic/include/rclcpp/parameter_value.hpp:299:3:[m[K [01;36m[Knote: [m[K  template argument deduction/substitution failed:
[17.299s] /opt/ros/galactic/include/rclcpp/parameter_value.hpp: In substitution of ‘[01m[Ktemplate<class type> constexpr typename std::enable_if<std::is_convertible<type, const std::vector<bool, std::allocator<bool> >&>::value, const std::vector<bool, std::allocator<bool> >&>::type rclcpp::ParameterValue::get() const [with type = std::vector<float>][m[K’:
[17.299s] [01m[K/opt/ros/galactic/include/rclcpp/node_impl.hpp:229:21:[m[K   required from ‘[01m[Kauto rclcpp::Node::declare_parameter(const string&, const ParameterDescriptor&, bool) [with ParameterT = std::vector<float>; std::string = std::__cxx11::basic_string<char>; rcl_interfaces::msg::ParameterDescriptor = rcl_interfaces::msg::ParameterDescriptor_<std::allocator<void> >][m[K’
[17.300s] [01m[K/home/f1t/mech_devel/f1t_mech_ws/src/img_proc/src/img_proc_node.cpp:26:55:[m[K   required from here
[17.300s] [01m[K/opt/ros/galactic/include/rclcpp/parameter_value.hpp:299:3:[m[K [01;31m[Kerror: [m[Kno type named ‘[01m[Ktype[m[K’ in ‘[01m[Kstruct std::enable_if<false, const std::vector<bool, std::allocator<bool> >&>[m[K’
[17.301s] /opt/ros/galactic/include/rclcpp/node_impl.hpp: In instantiation of ‘[01m[Kauto rclcpp::Node::declare_parameter(const string&, const ParameterDescriptor&, bool) [with ParameterT = std::vector<float>; std::string = std::__cxx11::basic_string<char>; rcl_interfaces::msg::ParameterDescriptor = rcl_interfaces::msg::ParameterDescriptor_<std::allocator<void> >][m[K’:
[17.301s] [01m[K/home/f1t/mech_devel/f1t_mech_ws/src/img_proc/src/img_proc_node.cpp:26:55:[m[K   required from here
[17.302s] [01m[K/opt/ros/galactic/include/rclcpp/parameter_value.hpp:309:3:[m[K [01;36m[Knote: [m[Kcandidate: ‘[01m[Ktemplate<class type> constexpr typename std::enable_if<std::is_convertible<type, const std::vector<long int, std::allocator<long int> >&>::value, const std::vector<long int, std::allocator<long int> >&>::type rclcpp::ParameterValue::get() const[m[K’
[17.302s]   309 |   [01;36m[Kget[m[K() const
[17.302s]       |   [01;36m[K^~~[m[K
[17.303s] [01m[K/opt/ros/galactic/include/rclcpp/parameter_value.hpp:309:3:[m[K [01;36m[Knote: [m[K  template argument deduction/substitution failed:
[17.304s] /opt/ros/galactic/include/rclcpp/parameter_value.hpp: In substitution of ‘[01m[Ktemplate<class type> constexpr typename std::enable_if<std::is_convertible<type, const std::vector<long int, std::allocator<long int> >&>::value, const std::vector<long int, std::allocator<long int> >&>::type rclcpp::ParameterValue::get() const [with type = std::vector<float>][m[K’:
[17.304s] [01m[K/opt/ros/galactic/include/rclcpp/node_impl.hpp:229:21:[m[K   required from ‘[01m[Kauto rclcpp::Node::declare_parameter(const string&, const ParameterDescriptor&, bool) [with ParameterT = std::vector<float>; std::string = std::__cxx11::basic_string<char>; rcl_interfaces::msg::ParameterDescriptor = rcl_interfaces::msg::ParameterDescriptor_<std::allocator<void> >][m[K’
[17.304s] [01m[K/home/f1t/mech_devel/f1t_mech_ws/src/img_proc/src/img_proc_node.cpp:26:55:[m[K   required from here
[17.305s] [01m[K/opt/ros/galactic/include/rclcpp/parameter_value.hpp:309:3:[m[K [01;31m[Kerror: [m[Kno type named ‘[01m[Ktype[m[K’ in ‘[01m[Kstruct std::enable_if<false, const std::vector<long int, std::allocator<long int> >&>[m[K’
[17.305s] /opt/ros/galactic/include/rclcpp/node_impl.hpp: In instantiation of ‘[01m[Kauto rclcpp::Node::declare_parameter(const string&, const ParameterDescriptor&, bool) [with ParameterT = std::vector<float>; std::string = std::__cxx11::basic_string<char>; rcl_interfaces::msg::ParameterDescriptor = rcl_interfaces::msg::ParameterDescriptor_<std::allocator<void> >][m[K’:
[17.306s] [01m[K/home/f1t/mech_devel/f1t_mech_ws/src/img_proc/src/img_proc_node.cpp:26:55:[m[K   required from here
[17.306s] [01m[K/opt/ros/galactic/include/rclcpp/parameter_value.hpp:319:3:[m[K [01;36m[Knote: [m[Kcandidate: ‘[01m[Ktemplate<class type> constexpr typename std::enable_if<std::is_convertible<type, const std::vector<double, std::allocator<double> >&>::value, const std::vector<double, std::allocator<double> >&>::type rclcpp::ParameterValue::get() const[m[K’
[17.307s]   319 |   [01;36m[Kget[m[K() const
[17.307s]       |   [01;36m[K^~~[m[K
[17.308s] [01m[K/opt/ros/galactic/include/rclcpp/parameter_value.hpp:319:3:[m[K [01;36m[Knote: [m[K  template argument deduction/substitution failed:
[17.308s] /opt/ros/galactic/include/rclcpp/parameter_value.hpp: In substitution of ‘[01m[Ktemplate<class type> constexpr typename std::enable_if<std::is_convertible<type, const std::vector<double, std::allocator<double> >&>::value, const std::vector<double, std::allocator<double> >&>::type rclcpp::ParameterValue::get() const [with type = std::vector<float>][m[K’:
[17.308s] [01m[K/opt/ros/galactic/include/rclcpp/node_impl.hpp:229:21:[m[K   required from ‘[01m[Kauto rclcpp::Node::declare_parameter(const string&, const ParameterDescriptor&, bool) [with ParameterT = std::vector<float>; std::string = std::__cxx11::basic_string<char>; rcl_interfaces::msg::ParameterDescriptor = rcl_interfaces::msg::ParameterDescriptor_<std::allocator<void> >][m[K’
[17.309s] [01m[K/home/f1t/mech_devel/f1t_mech_ws/src/img_proc/src/img_proc_node.cpp:26:55:[m[K   required from here
[17.309s] [01m[K/opt/ros/galactic/include/rclcpp/parameter_value.hpp:319:3:[m[K [01;31m[Kerror: [m[Kno type named ‘[01m[Ktype[m[K’ in ‘[01m[Kstruct std::enable_if<false, const std::vector<double, std::allocator<double> >&>[m[K’
[17.310s] /opt/ros/galactic/include/rclcpp/node_impl.hpp: In instantiation of ‘[01m[Kauto rclcpp::Node::declare_parameter(const string&, const ParameterDescriptor&, bool) [with ParameterT = std::vector<float>; std::string = std::__cxx11::basic_string<char>; rcl_interfaces::msg::ParameterDescriptor = rcl_interfaces::msg::ParameterDescriptor_<std::allocator<void> >][m[K’:
[17.310s] [01m[K/home/f1t/mech_devel/f1t_mech_ws/src/img_proc/src/img_proc_node.cpp:26:55:[m[K   required from here
[17.311s] [01m[K/opt/ros/galactic/include/rclcpp/parameter_value.hpp:329:3:[m[K [01;36m[Knote: [m[Kcandidate: ‘[01m[Ktemplate<class type> constexpr typename std::enable_if<std::is_convertible<type, const std::vector<std::__cxx11::basic_string<char> >&>::value, const std::vector<std::__cxx11::basic_string<char> >&>::type rclcpp::ParameterValue::get() const[m[K’
[17.311s]   329 |   [01;36m[Kget[m[K() const
[17.312s]       |   [01;36m[K^~~[m[K
[17.312s] [01m[K/opt/ros/galactic/include/rclcpp/parameter_value.hpp:329:3:[m[K [01;36m[Knote: [m[K  template argument deduction/substitution failed:
[17.313s] /opt/ros/galactic/include/rclcpp/parameter_value.hpp: In substitution of ‘[01m[Ktemplate<class type> constexpr typename std::enable_if<std::is_convertible<type, const std::vector<std::__cxx11::basic_string<char> >&>::value, const std::vector<std::__cxx11::basic_string<char> >&>::type rclcpp::ParameterValue::get() const [with type = std::vector<float>][m[K’:
[17.313s] [01m[K/opt/ros/galactic/include/rclcpp/node_impl.hpp:229:21:[m[K   required from ‘[01m[Kauto rclcpp::Node::declare_parameter(const string&, const ParameterDescriptor&, bool) [with ParameterT = std::vector<float>; std::string = std::__cxx11::basic_string<char>; rcl_interfaces::msg::ParameterDescriptor = rcl_interfaces::msg::ParameterDescriptor_<std::allocator<void> >][m[K’
[17.314s] [01m[K/home/f1t/mech_devel/f1t_mech_ws/src/img_proc/src/img_proc_node.cpp:26:55:[m[K   required from here
[17.314s] [01m[K/opt/ros/galactic/include/rclcpp/parameter_value.hpp:329:3:[m[K [01;31m[Kerror: [m[Kno type named ‘[01m[Ktype[m[K’ in ‘[01m[Kstruct std::enable_if<false, const std::vector<std::__cxx11::basic_string<char> >&>[m[K’
[18.298s] In file included from [01m[K/opt/ros/galactic/include/rclcpp/node_interfaces/node_parameters_interface.hpp:28[m[K,
[18.299s]                  from [01m[K/opt/ros/galactic/include/rclcpp/node.hpp:54[m[K,
[18.300s]                  from [01m[K/opt/ros/galactic/include/rclcpp/executors/single_threaded_executor.hpp:28[m[K,
[18.301s]                  from [01m[K/opt/ros/galactic/include/rclcpp/executors.hpp:22[m[K,
[18.301s]                  from [01m[K/opt/ros/galactic/include/rclcpp/rclcpp.hpp:156[m[K,
[18.302s]                  from [01m[K/home/f1t/mech_devel/f1t_mech_ws/src/img_proc/src/img_proc_node.h:1[m[K,
[18.303s]                  from [01m[K/home/f1t/mech_devel/f1t_mech_ws/src/img_proc/src/img_proc_node.cpp:1[m[K:
[18.304s] /opt/ros/galactic/include/rclcpp/parameter.hpp: In instantiation of ‘[01m[Kauto rclcpp::detail::get_value_helper(const rclcpp::Parameter*) [with T = std::vector<float>][m[K’:
[18.305s] [01m[K/opt/ros/galactic/include/rclcpp/parameter.hpp:273:39:[m[K   required from ‘[01m[Kdecltype(auto) rclcpp::Parameter::get_value() const [with T = std::vector<float>][m[K’
[18.305s] [01m[K/opt/ros/galactic/include/rclcpp/node_impl.hpp:291:17:[m[K   required from ‘[01m[Kbool rclcpp::Node::get_parameter(const string&, ParameterT&) const [with ParameterT = std::vector<float>; std::string = std::__cxx11::basic_string<char>][m[K’
[18.306s] [01m[K/home/f1t/mech_devel/f1t_mech_ws/src/img_proc/src/img_proc_node.cpp:27:37:[m[K   required from here
[18.310s] [01m[K/opt/ros/galactic/include/rclcpp/parameter.hpp:239:50:[m[K [01;31m[Kerror: [m[Kno matching function for call to ‘[01m[Krclcpp::ParameterValue::get<std::vector<float, std::allocator<float> > >() const[m[K’
[18.311s]   239 |   return parameter->get_parameter_value().get<T>([01;31m[K)[m[K;
[18.312s]       |                                                  [01;31m[K^[m[K
[18.312s] In file included from [01m[K/opt/ros/galactic/include/rclcpp/parameter.hpp:26[m[K,
[18.313s]                  from [01m[K/opt/ros/galactic/include/rclcpp/node_interfaces/node_parameters_interface.hpp:28[m[K,
[18.313s]                  from [01m[K/opt/ros/galactic/include/rclcpp/node.hpp:54[m[K,
[18.314s]                  from [01m[K/opt/ros/galactic/include/rclcpp/executors/single_threaded_executor.hpp:28[m[K,
[18.314s]                  from [01m[K/opt/ros/galactic/include/rclcpp/executors.hpp:22[m[K,
[18.315s]                  from [01m[K/opt/ros/galactic/include/rclcpp/rclcpp.hpp:156[m[K,
[18.315s]                  from [01m[K/home/f1t/mech_devel/f1t_mech_ws/src/img_proc/src/img_proc_node.h:1[m[K,
[18.316s]                  from [01m[K/home/f1t/mech_devel/f1t_mech_ws/src/img_proc/src/img_proc_node.cpp:1[m[K:
[18.316s] [01m[K/opt/ros/galactic/include/rclcpp/parameter_value.hpp:148:3:[m[K [01;36m[Knote: [m[Kcandidate: ‘[01m[Ktemplate<rclcpp::ParameterType type> constexpr typename std::enable_if<(type == rclcpp::PARAMETER_BOOL), const bool&>::type rclcpp::ParameterValue::get() const[m[K’
[18.317s]   148 |   [01;36m[Kget[m[K() const
[18.318s]       |   [01;36m[K^~~[m[K
[18.318s] [01m[K/opt/ros/galactic/include/rclcpp/parameter_value.hpp:148:3:[m[K [01;36m[Knote: [m[K  template argument deduction/substitution failed:
[18.319s] [01m[K/opt/ros/galactic/include/rclcpp/parameter_value.hpp:159:3:[m[K [01;36m[Knote: [m[Kcandidate: ‘[01m[Ktemplate<rclcpp::ParameterType type> constexpr typename std::enable_if<(type == rclcpp::PARAMETER_INTEGER), const long int&>::type rclcpp::ParameterValue::get() const[m[K’
[18.319s]   159 |   [01;36m[Kget[m[K() const
[18.320s]       |   [01;36m[K^~~[m[K
[18.320s] [01m[K/opt/ros/galactic/include/rclcpp/parameter_value.hpp:159:3:[m[K [01;36m[Knote: [m[K  template argument deduction/substitution failed:
[18.321s] [01m[K/opt/ros/galactic/include/rclcpp/parameter_value.hpp:170:3:[m[K [01;36m[Knote: [m[Kcandidate: ‘[01m[Ktemplate<rclcpp::ParameterType type> constexpr typename std::enable_if<(type == rclcpp::PARAMETER_DOUBLE), const double&>::type rclcpp::ParameterValue::get() const[m[K’
[18.321s]   170 |   [01;36m[Kget[m[K() const
[18.322s]       |   [01;36m[K^~~[m[K
[18.322s] [01m[K/opt/ros/galactic/include/rclcpp/parameter_value.hpp:170:3:[m[K [01;36m[Knote: [m[K  template argument deduction/substitution failed:
[18.323s] [01m[K/opt/ros/galactic/include/rclcpp/parameter_value.hpp:181:3:[m[K [01;36m[Knote: [m[Kcandidate: ‘[01m[Ktemplate<rclcpp::ParameterType type> constexpr typename std::enable_if<(type == rclcpp::PARAMETER_STRING), const std::__cxx11::basic_string<char>&>::type rclcpp::ParameterValue::get() const[m[K’
[18.323s]   181 |   [01;36m[Kget[m[K() const
[18.324s]       |   [01;36m[K^~~[m[K
[18.324s] [01m[K/opt/ros/galactic/include/rclcpp/parameter_value.hpp:181:3:[m[K [01;36m[Knote: [m[K  template argument deduction/substitution failed:
[18.324s] [01m[K/opt/ros/galactic/include/rclcpp/parameter_value.hpp:193:3:[m[K [01;36m[Knote: [m[Kcandidate: ‘[01m[Ktemplate<rclcpp::ParameterType type> constexpr typename std::enable_if<(type == rclcpp::PARAMETER_BYTE_ARRAY), const std::vector<unsigned char, std::allocator<unsigned char> >&>::type rclcpp::ParameterValue::get() const[m[K’
[18.325s]   193 |   [01;36m[Kget[m[K() const
[18.325s]       |   [01;36m[K^~~[m[K
[18.326s] [01m[K/opt/ros/galactic/include/rclcpp/parameter_value.hpp:193:3:[m[K [01;36m[Knote: [m[K  template argument deduction/substitution failed:
[18.326s] [01m[K/opt/ros/galactic/include/rclcpp/parameter_value.hpp:205:3:[m[K [01;36m[Knote: [m[Kcandidate: ‘[01m[Ktemplate<rclcpp::ParameterType type> constexpr typename std::enable_if<(type == rclcpp::PARAMETER_BOOL_ARRAY), const std::vector<bool, std::allocator<bool> >&>::type rclcpp::ParameterValue::get() const[m[K’
[18.327s]   205 |   [01;36m[Kget[m[K() const
[18.327s]       |   [01;36m[K^~~[m[K
[18.328s] [01m[K/opt/ros/galactic/include/rclcpp/parameter_value.hpp:205:3:[m[K [01;36m[Knote: [m[K  template argument deduction/substitution failed:
[18.328s] [01m[K/opt/ros/galactic/include/rclcpp/parameter_value.hpp:217:3:[m[K [01;36m[Knote: [m[Kcandidate: ‘[01m[Ktemplate<rclcpp::ParameterType type> constexpr typename std::enable_if<(type == rclcpp::PARAMETER_INTEGER_ARRAY), const std::vector<long int, std::allocator<long int> >&>::type rclcpp::ParameterValue::get() const[m[K’
[18.329s]   217 |   [01;36m[Kget[m[K() const
[18.329s]       |   [01;36m[K^~~[m[K
[18.330s] [01m[K/opt/ros/galactic/include/rclcpp/parameter_value.hpp:217:3:[m[K [01;36m[Knote: [m[K  template argument deduction/substitution failed:
[18.330s] [01m[K/opt/ros/galactic/include/rclcpp/parameter_value.hpp:229:3:[m[K [01;36m[Knote: [m[Kcandidate: ‘[01m[Ktemplate<rclcpp::ParameterType type> constexpr typename std::enable_if<(type == rclcpp::PARAMETER_DOUBLE_ARRAY), const std::vector<double, std::allocator<double> >&>::type rclcpp::ParameterValue::get() const[m[K’
[18.331s]   229 |   [01;36m[Kget[m[K() const
[18.331s]       |   [01;36m[K^~~[m[K
[18.332s] [01m[K/opt/ros/galactic/include/rclcpp/parameter_value.hpp:229:3:[m[K [01;36m[Knote: [m[K  template argument deduction/substitution failed:
[18.332s] [01m[K/opt/ros/galactic/include/rclcpp/parameter_value.hpp:241:3:[m[K [01;36m[Knote: [m[Kcandidate: ‘[01m[Ktemplate<rclcpp::ParameterType type> constexpr typename std::enable_if<(type == rclcpp::PARAMETER_STRING_ARRAY), const std::vector<std::__cxx11::basic_string<char> >&>::type rclcpp::ParameterValue::get() const[m[K’
[18.333s]   241 |   [01;36m[Kget[m[K() const
[18.333s]       |   [01;36m[K^~~[m[K
[18.334s] [01m[K/opt/ros/galactic/include/rclcpp/parameter_value.hpp:241:3:[m[K [01;36m[Knote: [m[K  template argument deduction/substitution failed:
[18.334s] [01m[K/opt/ros/galactic/include/rclcpp/parameter_value.hpp:254:3:[m[K [01;36m[Knote: [m[Kcandidate: ‘[01m[Ktemplate<class type> constexpr typename std::enable_if<std::is_same<T, bool>::value, const bool&>::type rclcpp::ParameterValue::get() const[m[K’
[18.334s]   254 |   [01;36m[Kget[m[K() const
[18.335s]       |   [01;36m[K^~~[m[K
[18.335s] [01m[K/opt/ros/galactic/include/rclcpp/parameter_value.hpp:254:3:[m[K [01;36m[Knote: [m[K  template argument deduction/substitution failed:
[18.336s] /opt/ros/galactic/include/rclcpp/parameter_value.hpp: In substitution of ‘[01m[Ktemplate<class type> constexpr typename std::enable_if<std::is_same<T, bool>::value, const bool&>::type rclcpp::ParameterValue::get() const [with type = std::vector<float>][m[K’:
[18.336s] [01m[K/opt/ros/galactic/include/rclcpp/parameter.hpp:239:50:[m[K   required from ‘[01m[Kauto rclcpp::detail::get_value_helper(const rclcpp::Parameter*) [with T = std::vector<float>][m[K’
[18.337s] [01m[K/opt/ros/galactic/include/rclcpp/parameter.hpp:273:39:[m[K   required from ‘[01m[Kdecltype(auto) rclcpp::Parameter::get_value() const [with T = std::vector<float>][m[K’
[18.337s] [01m[K/opt/ros/galactic/include/rclcpp/node_impl.hpp:291:17:[m[K   required from ‘[01m[Kbool rclcpp::Node::get_parameter(const string&, ParameterT&) const [with ParameterT = std::vector<float>; std::string = std::__cxx11::basic_string<char>][m[K’
[18.338s] [01m[K/home/f1t/mech_devel/f1t_mech_ws/src/img_proc/src/img_proc_node.cpp:27:37:[m[K   required from here
[18.338s] [01m[K/opt/ros/galactic/include/rclcpp/parameter_value.hpp:254:3:[m[K [01;31m[Kerror: [m[Kno type named ‘[01m[Ktype[m[K’ in ‘[01m[Kstruct std::enable_if<false, const bool&>[m[K’
[18.339s] /opt/ros/galactic/include/rclcpp/parameter.hpp: In instantiation of ‘[01m[Kauto rclcpp::detail::get_value_helper(const rclcpp::Parameter*) [with T = std::vector<float>][m[K’:
[18.339s] [01m[K/opt/ros/galactic/include/rclcpp/parameter.hpp:273:39:[m[K   required from ‘[01m[Kdecltype(auto) rclcpp::Parameter::get_value() const [with T = std::vector<float>][m[K’
[18.340s] [01m[K/opt/ros/galactic/include/rclcpp/node_impl.hpp:291:17:[m[K   required from ‘[01m[Kbool rclcpp::Node::get_parameter(const string&, ParameterT&) const [with ParameterT = std::vector<float>; std::string = std::__cxx11::basic_string<char>][m[K’
[18.340s] [01m[K/home/f1t/mech_devel/f1t_mech_ws/src/img_proc/src/img_proc_node.cpp:27:37:[m[K   required from here
[18.341s] [01m[K/opt/ros/galactic/include/rclcpp/parameter_value.hpp:263:3:[m[K [01;36m[Knote: [m[Kcandidate: ‘[01m[Ktemplate<class type> constexpr typename std::enable_if<(std::is_integral<_Tp>::value && (! std::is_same<T, bool>::value)), const long int&>::type rclcpp::ParameterValue::get() const[m[K’
[18.341s]   263 |   [01;36m[Kget[m[K() const
[18.342s]       |   [01;36m[K^~~[m[K
[18.342s] [01m[K/opt/ros/galactic/include/rclcpp/parameter_value.hpp:263:3:[m[K [01;36m[Knote: [m[K  template argument deduction/substitution failed:
[18.342s] /opt/ros/galactic/include/rclcpp/parameter_value.hpp: In substitution of ‘[01m[Ktemplate<class type> constexpr typename std::enable_if<(std::is_integral<_Tp>::value && (! std::is_same<T, bool>::value)), const long int&>::type rclcpp::ParameterValue::get() const [with type = std::vector<float>][m[K’:
[18.343s] [01m[K/opt/ros/galactic/include/rclcpp/parameter.hpp:239:50:[m[K   required from ‘[01m[Kauto rclcpp::detail::get_value_helper(const rclcpp::Parameter*) [with T = std::vector<float>][m[K’
[18.344s] [01m[K/opt/ros/galactic/include/rclcpp/parameter.hpp:273:39:[m[K   required from ‘[01m[Kdecltype(auto) rclcpp::Parameter::get_value() const [with T = std::vector<float>][m[K’
[18.344s] [01m[K/opt/ros/galactic/include/rclcpp/node_impl.hpp:291:17:[m[K   required from ‘[01m[Kbool rclcpp::Node::get_parameter(const string&, ParameterT&) const [with ParameterT = std::vector<float>; std::string = std::__cxx11::basic_string<char>][m[K’
[18.344s] [01m[K/home/f1t/mech_devel/f1t_mech_ws/src/img_proc/src/img_proc_node.cpp:27:37:[m[K   required from here
[18.345s] [01m[K/opt/ros/galactic/include/rclcpp/parameter_value.hpp:263:3:[m[K [01;31m[Kerror: [m[Kno type named ‘[01m[Ktype[m[K’ in ‘[01m[Kstruct std::enable_if<false, const long int&>[m[K’
[18.345s] /opt/ros/galactic/include/rclcpp/parameter.hpp: In instantiation of ‘[01m[Kauto rclcpp::detail::get_value_helper(const rclcpp::Parameter*) [with T = std::vector<float>][m[K’:
[18.346s] [01m[K/opt/ros/galactic/include/rclcpp/parameter.hpp:273:39:[m[K   required from ‘[01m[Kdecltype(auto) rclcpp::Parameter::get_value() const [with T = std::vector<float>][m[K’
[18.346s] [01m[K/opt/ros/galactic/include/rclcpp/node_impl.hpp:291:17:[m[K   required from ‘[01m[Kbool rclcpp::Node::get_parameter(const string&, ParameterT&) const [with ParameterT = std::vector<float>; std::string = std::__cxx11::basic_string<char>][m[K’
[18.347s] [01m[K/home/f1t/mech_devel/f1t_mech_ws/src/img_proc/src/img_proc_node.cpp:27:37:[m[K   required from here
[18.347s] [01m[K/opt/ros/galactic/include/rclcpp/parameter_value.hpp:271:3:[m[K [01;36m[Knote: [m[Kcandidate: ‘[01m[Ktemplate<class type> constexpr typename std::enable_if<std::is_floating_point<_Tp>::value, const double&>::type rclcpp::ParameterValue::get() const[m[K’
[18.348s]   271 |   [01;36m[Kget[m[K() const
[18.348s]       |   [01;36m[K^~~[m[K
[18.349s] [01m[K/opt/ros/galactic/include/rclcpp/parameter_value.hpp:271:3:[m[K [01;36m[Knote: [m[K  template argument deduction/substitution failed:
[18.349s] /opt/ros/galactic/include/rclcpp/parameter_value.hpp: In substitution of ‘[01m[Ktemplate<class type> constexpr typename std::enable_if<std::is_floating_point<_Tp>::value, const double&>::type rclcpp::ParameterValue::get() const [with type = std::vector<float>][m[K’:
[18.350s] [01m[K/opt/ros/galactic/include/rclcpp/parameter.hpp:239:50:[m[K   required from ‘[01m[Kauto rclcpp::detail::get_value_helper(const rclcpp::Parameter*) [with T = std::vector<float>][m[K’
[18.350s] [01m[K/opt/ros/galactic/include/rclcpp/parameter.hpp:273:39:[m[K   required from ‘[01m[Kdecltype(auto) rclcpp::Parameter::get_value() const [with T = std::vector<float>][m[K’
[18.350s] [01m[K/opt/ros/galactic/include/rclcpp/node_impl.hpp:291:17:[m[K   required from ‘[01m[Kbool rclcpp::Node::get_parameter(const string&, ParameterT&) const [with ParameterT = std::vector<float>; std::string = std::__cxx11::basic_string<char>][m[K’
[18.351s] [01m[K/home/f1t/mech_devel/f1t_mech_ws/src/img_proc/src/img_proc_node.cpp:27:37:[m[K   required from here
[18.351s] [01m[K/opt/ros/galactic/include/rclcpp/parameter_value.hpp:271:3:[m[K [01;31m[Kerror: [m[Kno type named ‘[01m[Ktype[m[K’ in ‘[01m[Kstruct std::enable_if<false, const double&>[m[K’
[18.352s] /opt/ros/galactic/include/rclcpp/parameter.hpp: In instantiation of ‘[01m[Kauto rclcpp::detail::get_value_helper(const rclcpp::Parameter*) [with T = std::vector<float>][m[K’:
[18.352s] [01m[K/opt/ros/galactic/include/rclcpp/parameter.hpp:273:39:[m[K   required from ‘[01m[Kdecltype(auto) rclcpp::Parameter::get_value() const [with T = std::vector<float>][m[K’
[18.353s] [01m[K/opt/ros/galactic/include/rclcpp/node_impl.hpp:291:17:[m[K   required from ‘[01m[Kbool rclcpp::Node::get_parameter(const string&, ParameterT&) const [with ParameterT = std::vector<float>; std::string = std::__cxx11::basic_string<char>][m[K’
[18.353s] [01m[K/home/f1t/mech_devel/f1t_mech_ws/src/img_proc/src/img_proc_node.cpp:27:37:[m[K   required from here
[18.354s] [01m[K/opt/ros/galactic/include/rclcpp/parameter_value.hpp:279:3:[m[K [01;36m[Knote: [m[Kcandidate: ‘[01m[Ktemplate<class type> constexpr typename std::enable_if<std::is_convertible<type, std::__cxx11::basic_string<char> >::value, const std::__cxx11::basic_string<char>&>::type rclcpp::ParameterValue::get() const[m[K’
[18.354s]   279 |   [01;36m[Kget[m[K() const
[18.354s]       |   [01;36m[K^~~[m[K
[18.355s] [01m[K/opt/ros/galactic/include/rclcpp/parameter_value.hpp:279:3:[m[K [01;36m[Knote: [m[K  template argument deduction/substitution failed:
[18.356s] /opt/ros/galactic/include/rclcpp/parameter_value.hpp: In substitution of ‘[01m[Ktemplate<class type> constexpr typename std::enable_if<std::is_convertible<type, std::__cxx11::basic_string<char> >::value, const std::__cxx11::basic_string<char>&>::type rclcpp::ParameterValue::get() const [with type = std::vector<float>][m[K’:
[18.356s] [01m[K/opt/ros/galactic/include/rclcpp/parameter.hpp:239:50:[m[K   required from ‘[01m[Kauto rclcpp::detail::get_value_helper(const rclcpp::Parameter*) [with T = std::vector<float>][m[K’
[18.356s] [01m[K/opt/ros/galactic/include/rclcpp/parameter.hpp:273:39:[m[K   required from ‘[01m[Kdecltype(auto) rclcpp::Parameter::get_value() const [with T = std::vector<float>][m[K’
[18.357s] [01m[K/opt/ros/galactic/include/rclcpp/node_impl.hpp:291:17:[m[K   required from ‘[01m[Kbool rclcpp::Node::get_parameter(const string&, ParameterT&) const [with ParameterT = std::vector<float>; std::string = std::__cxx11::basic_string<char>][m[K’
[18.357s] [01m[K/home/f1t/mech_devel/f1t_mech_ws/src/img_proc/src/img_proc_node.cpp:27:37:[m[K   required from here
[18.358s] [01m[K/opt/ros/galactic/include/rclcpp/parameter_value.hpp:279:3:[m[K [01;31m[Kerror: [m[Kno type named ‘[01m[Ktype[m[K’ in ‘[01m[Kstruct std::enable_if<false, const std::__cxx11::basic_string<char>&>[m[K’
[18.358s] /opt/ros/galactic/include/rclcpp/parameter.hpp: In instantiation of ‘[01m[Kauto rclcpp::detail::get_value_helper(const rclcpp::Parameter*) [with T = std::vector<float>][m[K’:
[18.359s] [01m[K/opt/ros/galactic/include/rclcpp/parameter.hpp:273:39:[m[K   required from ‘[01m[Kdecltype(auto) rclcpp::Parameter::get_value() const [with T = std::vector<float>][m[K’
[18.359s] [01m[K/opt/ros/galactic/include/rclcpp/node_impl.hpp:291:17:[m[K   required from ‘[01m[Kbool rclcpp::Node::get_parameter(const string&, ParameterT&) const [with ParameterT = std::vector<float>; std::string = std::__cxx11::basic_string<char>][m[K’
[18.360s] [01m[K/home/f1t/mech_devel/f1t_mech_ws/src/img_proc/src/img_proc_node.cpp:27:37:[m[K   required from here
[18.360s] [01m[K/opt/ros/galactic/include/rclcpp/parameter_value.hpp:289:3:[m[K [01;36m[Knote: [m[Kcandidate: ‘[01m[Ktemplate<class type> constexpr typename std::enable_if<std::is_convertible<type, const std::vector<unsigned char, std::allocator<unsigned char> >&>::value, const std::vector<unsigned char, std::allocator<unsigned char> >&>::type rclcpp::ParameterValue::get() const[m[K’
[18.361s]   289 |   [01;36m[Kget[m[K() const
[18.361s]       |   [01;36m[K^~~[m[K
[18.362s] [01m[K/opt/ros/galactic/include/rclcpp/parameter_value.hpp:289:3:[m[K [01;36m[Knote: [m[K  template argument deduction/substitution failed:
[18.362s] /opt/ros/galactic/include/rclcpp/parameter_value.hpp: In substitution of ‘[01m[Ktemplate<class type> constexpr typename std::enable_if<std::is_convertible<type, const std::vector<unsigned char, std::allocator<unsigned char> >&>::value, const std::vector<unsigned char, std::allocator<unsigned char> >&>::type rclcpp::ParameterValue::get() const [with type = std::vector<float>][m[K’:
[18.362s] [01m[K/opt/ros/galactic/include/rclcpp/parameter.hpp:239:50:[m[K   required from ‘[01m[Kauto rclcpp::detail::get_value_helper(const rclcpp::Parameter*) [with T = std::vector<float>][m[K’
[18.363s] [01m[K/opt/ros/galactic/include/rclcpp/parameter.hpp:273:39:[m[K   required from ‘[01m[Kdecltype(auto) rclcpp::Parameter::get_value() const [with T = std::vector<float>][m[K’
[18.363s] [01m[K/opt/ros/galactic/include/rclcpp/node_impl.hpp:291:17:[m[K   required from ‘[01m[Kbool rclcpp::Node::get_parameter(const string&, ParameterT&) const [with ParameterT = std::vector<float>; std::string = std::__cxx11::basic_string<char>][m[K’
[18.364s] [01m[K/home/f1t/mech_devel/f1t_mech_ws/src/img_proc/src/img_proc_node.cpp:27:37:[m[K   required from here
[18.364s] [01m[K/opt/ros/galactic/include/rclcpp/parameter_value.hpp:289:3:[m[K [01;31m[Kerror: [m[Kno type named ‘[01m[Ktype[m[K’ in ‘[01m[Kstruct std::enable_if<false, const std::vector<unsigned char, std::allocator<unsigned char> >&>[m[K’
[18.365s] /opt/ros/galactic/include/rclcpp/parameter.hpp: In instantiation of ‘[01m[Kauto rclcpp::detail::get_value_helper(const rclcpp::Parameter*) [with T = std::vector<float>][m[K’:
[18.365s] [01m[K/opt/ros/galactic/include/rclcpp/parameter.hpp:273:39:[m[K   required from ‘[01m[Kdecltype(auto) rclcpp::Parameter::get_value() const [with T = std::vector<float>][m[K’
[18.366s] [01m[K/opt/ros/galactic/include/rclcpp/node_impl.hpp:291:17:[m[K   required from ‘[01m[Kbool rclcpp::Node::get_parameter(const string&, ParameterT&) const [with ParameterT = std::vector<float>; std::string = std::__cxx11::basic_string<char>][m[K’
[18.366s] [01m[K/home/f1t/mech_devel/f1t_mech_ws/src/img_proc/src/img_proc_node.cpp:27:37:[m[K   required from here
[18.367s] [01m[K/opt/ros/galactic/include/rclcpp/parameter_value.hpp:299:3:[m[K [01;36m[Knote: [m[Kcandidate: ‘[01m[Ktemplate<class type> constexpr typename std::enable_if<std::is_convertible<type, const std::vector<bool, std::allocator<bool> >&>::value, const std::vector<bool, std::allocator<bool> >&>::type rclcpp::ParameterValue::get() const[m[K’
[18.367s]   299 |   [01;36m[Kget[m[K() const
[18.368s]       |   [01;36m[K^~~[m[K
[18.368s] [01m[K/opt/ros/galactic/include/rclcpp/parameter_value.hpp:299:3:[m[K [01;36m[Knote: [m[K  template argument deduction/substitution failed:
[18.369s] /opt/ros/galactic/include/rclcpp/parameter_value.hpp: In substitution of ‘[01m[Ktemplate<class type> constexpr typename std::enable_if<std::is_convertible<type, const std::vector<bool, std::allocator<bool> >&>::value, const std::vector<bool, std::allocator<bool> >&>::type rclcpp::ParameterValue::get() const [with type = std::vector<float>][m[K’:
[18.369s] [01m[K/opt/ros/galactic/include/rclcpp/parameter.hpp:239:50:[m[K   required from ‘[01m[Kauto rclcpp::detail::get_value_helper(const rclcpp::Parameter*) [with T = std::vector<float>][m[K’
[18.370s] [01m[K/opt/ros/galactic/include/rclcpp/parameter.hpp:273:39:[m[K   required from ‘[01m[Kdecltype(auto) rclcpp::Parameter::get_value() const [with T = std::vector<float>][m[K’
[18.370s] [01m[K/opt/ros/galactic/include/rclcpp/node_impl.hpp:291:17:[m[K   required from ‘[01m[Kbool rclcpp::Node::get_parameter(const string&, ParameterT&) const [with ParameterT = std::vector<float>; std::string = std::__cxx11::basic_string<char>][m[K’
[18.370s] [01m[K/home/f1t/mech_devel/f1t_mech_ws/src/img_proc/src/img_proc_node.cpp:27:37:[m[K   required from here
[18.371s] [01m[K/opt/ros/galactic/include/rclcpp/parameter_value.hpp:299:3:[m[K [01;31m[Kerror: [m[Kno type named ‘[01m[Ktype[m[K’ in ‘[01m[Kstruct std::enable_if<false, const std::vector<bool, std::allocator<bool> >&>[m[K’
[18.371s] /opt/ros/galactic/include/rclcpp/parameter.hpp: In instantiation of ‘[01m[Kauto rclcpp::detail::get_value_helper(const rclcpp::Parameter*) [with T = std::vector<float>][m[K’:
[18.372s] [01m[K/opt/ros/galactic/include/rclcpp/parameter.hpp:273:39:[m[K   required from ‘[01m[Kdecltype(auto) rclcpp::Parameter::get_value() const [with T = std::vector<float>][m[K’
[18.372s] [01m[K/opt/ros/galactic/include/rclcpp/node_impl.hpp:291:17:[m[K   required from ‘[01m[Kbool rclcpp::Node::get_parameter(const string&, ParameterT&) const [with ParameterT = std::vector<float>; std::string = std::__cxx11::basic_string<char>][m[K’
[18.373s] [01m[K/home/f1t/mech_devel/f1t_mech_ws/src/img_proc/src/img_proc_node.cpp:27:37:[m[K   required from here
[18.373s] [01m[K/opt/ros/galactic/include/rclcpp/parameter_value.hpp:309:3:[m[K [01;36m[Knote: [m[Kcandidate: ‘[01m[Ktemplate<class type> constexpr typename std::enable_if<std::is_convertible<type, const std::vector<long int, std::allocator<long int> >&>::value, const std::vector<long int, std::allocator<long int> >&>::type rclcpp::ParameterValue::get() const[m[K’
[18.374s]   309 |   [01;36m[Kget[m[K() const
[18.374s]       |   [01;36m[K^~~[m[K
[18.374s] [01m[K/opt/ros/galactic/include/rclcpp/parameter_value.hpp:309:3:[m[K [01;36m[Knote: [m[K  template argument deduction/substitution failed:
[18.375s] /opt/ros/galactic/include/rclcpp/parameter_value.hpp: In substitution of ‘[01m[Ktemplate<class type> constexpr typename std::enable_if<std::is_convertible<type, const std::vector<long int, std::allocator<long int> >&>::value, const std::vector<long int, std::allocator<long int> >&>::type rclcpp::ParameterValue::get() const [with type = std::vector<float>][m[K’:
[18.376s] [01m[K/opt/ros/galactic/include/rclcpp/parameter.hpp:239:50:[m[K   required from ‘[01m[Kauto rclcpp::detail::get_value_helper(const rclcpp::Parameter*) [with T = std::vector<float>][m[K’
[18.376s] [01m[K/opt/ros/galactic/include/rclcpp/parameter.hpp:273:39:[m[K   required from ‘[01m[Kdecltype(auto) rclcpp::Parameter::get_value() const [with T = std::vector<float>][m[K’
[18.376s] [01m[K/opt/ros/galactic/include/rclcpp/node_impl.hpp:291:17:[m[K   required from ‘[01m[Kbool rclcpp::Node::get_parameter(const string&, ParameterT&) const [with ParameterT = std::vector<float>; std::string = std::__cxx11::basic_string<char>][m[K’
[18.377s] [01m[K/home/f1t/mech_devel/f1t_mech_ws/src/img_proc/src/img_proc_node.cpp:27:37:[m[K   required from here
[18.377s] [01m[K/opt/ros/galactic/include/rclcpp/parameter_value.hpp:309:3:[m[K [01;31m[Kerror: [m[Kno type named ‘[01m[Ktype[m[K’ in ‘[01m[Kstruct std::enable_if<false, const std::vector<long int, std::allocator<long int> >&>[m[K’
[18.378s] /opt/ros/galactic/include/rclcpp/parameter.hpp: In instantiation of ‘[01m[Kauto rclcpp::detail::get_value_helper(const rclcpp::Parameter*) [with T = std::vector<float>][m[K’:
[18.378s] [01m[K/opt/ros/galactic/include/rclcpp/parameter.hpp:273:39:[m[K   required from ‘[01m[Kdecltype(auto) rclcpp::Parameter::get_value() const [with T = std::vector<float>][m[K’
[18.379s] [01m[K/opt/ros/galactic/include/rclcpp/node_impl.hpp:291:17:[m[K   required from ‘[01m[Kbool rclcpp::Node::get_parameter(const string&, ParameterT&) const [with ParameterT = std::vector<float>; std::string = std::__cxx11::basic_string<char>][m[K’
[18.379s] [01m[K/home/f1t/mech_devel/f1t_mech_ws/src/img_proc/src/img_proc_node.cpp:27:37:[m[K   required from here
[18.380s] [01m[K/opt/ros/galactic/include/rclcpp/parameter_value.hpp:319:3:[m[K [01;36m[Knote: [m[Kcandidate: ‘[01m[Ktemplate<class type> constexpr typename std::enable_if<std::is_convertible<type, const std::vector<double, std::allocator<double> >&>::value, const std::vector<double, std::allocator<double> >&>::type rclcpp::ParameterValue::get() const[m[K’
[18.380s]   319 |   [01;36m[Kget[m[K() const
[18.380s]       |   [01;36m[K^~~[m[K
[18.381s] [01m[K/opt/ros/galactic/include/rclcpp/parameter_value.hpp:319:3:[m[K [01;36m[Knote: [m[K  template argument deduction/substitution failed:
[18.381s] /opt/ros/galactic/include/rclcpp/parameter_value.hpp: In substitution of ‘[01m[Ktemplate<class type> constexpr typename std::enable_if<std::is_convertible<type, const std::vector<double, std::allocator<double> >&>::value, const std::vector<double, std::allocator<double> >&>::type rclcpp::ParameterValue::get() const [with type = std::vector<float>][m[K’:
[18.382s] [01m[K/opt/ros/galactic/include/rclcpp/parameter.hpp:239:50:[m[K   required from ‘[01m[Kauto rclcpp::detail::get_value_helper(const rclcpp::Parameter*) [with T = std::vector<float>][m[K’
[18.382s] [01m[K/opt/ros/galactic/include/rclcpp/parameter.hpp:273:39:[m[K   required from ‘[01m[Kdecltype(auto) rclcpp::Parameter::get_value() const [with T = std::vector<float>][m[K’
[18.383s] [01m[K/opt/ros/galactic/include/rclcpp/node_impl.hpp:291:17:[m[K   required from ‘[01m[Kbool rclcpp::Node::get_parameter(const string&, ParameterT&) const [with ParameterT = std::vector<float>; std::string = std::__cxx11::basic_string<char>][m[K’
[18.383s] [01m[K/home/f1t/mech_devel/f1t_mech_ws/src/img_proc/src/img_proc_node.cpp:27:37:[m[K   required from here
[18.384s] [01m[K/opt/ros/galactic/include/rclcpp/parameter_value.hpp:319:3:[m[K [01;31m[Kerror: [m[Kno type named ‘[01m[Ktype[m[K’ in ‘[01m[Kstruct std::enable_if<false, const std::vector<double, std::allocator<double> >&>[m[K’
[18.384s] /opt/ros/galactic/include/rclcpp/parameter.hpp: In instantiation of ‘[01m[Kauto rclcpp::detail::get_value_helper(const rclcpp::Parameter*) [with T = std::vector<float>][m[K’:
[18.384s] [01m[K/opt/ros/galactic/include/rclcpp/parameter.hpp:273:39:[m[K   required from ‘[01m[Kdecltype(auto) rclcpp::Parameter::get_value() const [with T = std::vector<float>][m[K’
[18.385s] [01m[K/opt/ros/galactic/include/rclcpp/node_impl.hpp:291:17:[m[K   required from ‘[01m[Kbool rclcpp::Node::get_parameter(const string&, ParameterT&) const [with ParameterT = std::vector<float>; std::string = std::__cxx11::basic_string<char>][m[K’
[18.385s] [01m[K/home/f1t/mech_devel/f1t_mech_ws/src/img_proc/src/img_proc_node.cpp:27:37:[m[K   required from here
[18.386s] [01m[K/opt/ros/galactic/include/rclcpp/parameter_value.hpp:329:3:[m[K [01;36m[Knote: [m[Kcandidate: ‘[01m[Ktemplate<class type> constexpr typename std::enable_if<std::is_convertible<type, const std::vector<std::__cxx11::basic_string<char> >&>::value, const std::vector<std::__cxx11::basic_string<char> >&>::type rclcpp::ParameterValue::get() const[m[K’
[18.386s]   329 |   [01;36m[Kget[m[K() const
[18.387s]       |   [01;36m[K^~~[m[K
[18.387s] [01m[K/opt/ros/galactic/include/rclcpp/parameter_value.hpp:329:3:[m[K [01;36m[Knote: [m[K  template argument deduction/substitution failed:
[18.388s] /opt/ros/galactic/include/rclcpp/parameter_value.hpp: In substitution of ‘[01m[Ktemplate<class type> constexpr typename std::enable_if<std::is_convertible<type, const std::vector<std::__cxx11::basic_string<char> >&>::value, const std::vector<std::__cxx11::basic_string<char> >&>::type rclcpp::ParameterValue::get() const [with type = std::vector<float>][m[K’:
[18.388s] [01m[K/opt/ros/galactic/include/rclcpp/parameter.hpp:239:50:[m[K   required from ‘[01m[Kauto rclcpp::detail::get_value_helper(const rclcpp::Parameter*) [with T = std::vector<float>][m[K’
[18.388s] [01m[K/opt/ros/galactic/include/rclcpp/parameter.hpp:273:39:[m[K   required from ‘[01m[Kdecltype(auto) rclcpp::Parameter::get_value() const [with T = std::vector<float>][m[K’
[18.389s] [01m[K/opt/ros/galactic/include/rclcpp/node_impl.hpp:291:17:[m[K   required from ‘[01m[Kbool rclcpp::Node::get_parameter(const string&, ParameterT&) const [with ParameterT = std::vector<float>; std::string = std::__cxx11::basic_string<char>][m[K’
[18.389s] [01m[K/home/f1t/mech_devel/f1t_mech_ws/src/img_proc/src/img_proc_node.cpp:27:37:[m[K   required from here
[18.390s] [01m[K/opt/ros/galactic/include/rclcpp/parameter_value.hpp:329:3:[m[K [01;31m[Kerror: [m[Kno type named ‘[01m[Ktype[m[K’ in ‘[01m[Kstruct std::enable_if<false, const std::vector<std::__cxx11::basic_string<char> >&>[m[K’
[18.390s] In file included from [01m[K/opt/ros/galactic/include/rclcpp/node.hpp:1329[m[K,
[18.391s]                  from [01m[K/opt/ros/galactic/include/rclcpp/executors/single_threaded_executor.hpp:28[m[K,
[18.391s]                  from [01m[K/opt/ros/galactic/include/rclcpp/executors.hpp:22[m[K,
[18.391s]                  from [01m[K/opt/ros/galactic/include/rclcpp/rclcpp.hpp:156[m[K,
[18.392s]                  from [01m[K/home/f1t/mech_devel/f1t_mech_ws/src/img_proc/src/img_proc_node.h:1[m[K,
[18.392s]                  from [01m[K/home/f1t/mech_devel/f1t_mech_ws/src/img_proc/src/img_proc_node.cpp:1[m[K:
[18.393s] /opt/ros/galactic/include/rclcpp/node_impl.hpp: In instantiation of ‘[01m[Kbool rclcpp::Node::get_parameter(const string&, ParameterT&) const [with ParameterT = std::vector<float>; std::string = std::__cxx11::basic_string<char>][m[K’:
[18.393s] [01m[K/home/f1t/mech_devel/f1t_mech_ws/src/img_proc/src/img_proc_node.cpp:27:37:[m[K   required from here
[18.393s] [01m[K/opt/ros/galactic/include/rclcpp/node_impl.hpp:291:17:[m[K [01;31m[Kerror: [m[Kinvalid use of void expression
[18.394s]   291 |     parameter = [01;31m[Kstatic_cast<ParameterT>(parameter_variant.get_value<ParameterT>())[m[K;
[18.394s]       |                 [01;31m[K^~~~~~~~~~~~~~~~~~~~~~~~~~~~~~~~~~~~~~~~~~~~~~~~~~~~~~~~~~~~~~~~~~[m[K
[30.088s] make[2]: *** [CMakeFiles/img_proc_node.dir/build.make:63: CMakeFiles/img_proc_node.dir/src/img_proc_node.cpp.o] Error 1
[30.089s] make[1]: *** [CMakeFiles/Makefile2:78: CMakeFiles/img_proc_node.dir/all] Error 2
[30.090s] make: *** [Makefile:141: all] Error 2
[30.106s] Invoked command in '/home/f1t/mech_devel/f1t_mech_ws/build/img_proc' returned '2': CMAKE_PREFIX_PATH=${CMAKE_PREFIX_PATH}:/opt/ros/galactic /usr/bin/cmake --build /home/f1t/mech_devel/f1t_mech_ws/build/img_proc -- -j6 -l6
