[0.012s] Invoking command in '/home/tahnt/mech_devel/f1t_mech_ws/build/img_proc': CMAKE_PREFIX_PATH=/opt/ros/galactic /usr/bin/cmake --build /home/tahnt/mech_devel/f1t_mech_ws/build/img_proc -- -j4 -l4
[0.068s] [35m[1mScanning dependencies of target img_proc_node[0m
[0.107s] [ 50%] [32mBuilding CXX object CMakeFiles/img_proc_node.dir/src/img_proc_node.cpp.o[0m
[2.456s] [01m[K/home/tahnt/mech_devel/f1t_mech_ws/src/img_proc/src/img_proc_node.cpp:[m[K In member function ‘[01m[Kint ImageProcessor::latErrorGen(cv::Point)[m[K’:
[2.456s] [01m[K/home/tahnt/mech_devel/f1t_mech_ws/src/img_proc/src/img_proc_node.cpp:184:24:[m[K [01;31m[Kerror: [m[Kno match for ‘[01m[Koperator[][m[K’ (operand types are ‘[01m[Kconst Point[m[K’ {aka ‘[01m[Kconst cv::Point_<int>[m[K’} and ‘[01m[Kint[m[K’)
[2.456s]   184 |     int wp_x = waypoint[01;31m[K[[m[K0];
[2.456s]       |                        [01;31m[K^[m[K
[2.456s] [01m[K/home/tahnt/mech_devel/f1t_mech_ws/src/img_proc/src/img_proc_node.cpp:185:24:[m[K [01;31m[Kerror: [m[Kno match for ‘[01m[Koperator[][m[K’ (operand types are ‘[01m[Kconst Point[m[K’ {aka ‘[01m[Kconst cv::Point_<int>[m[K’} and ‘[01m[Kint[m[K’)
[2.456s]   185 |     int wp_y = waypoint[01;31m[K[[m[K1];
[2.456s]       |                        [01;31m[K^[m[K
[2.456s] [01m[K/home/tahnt/mech_devel/f1t_mech_ws/src/img_proc/src/img_proc_node.cpp:184:9:[m[K [01;35m[Kwarning: [m[Kunused variable ‘[01m[Kwp_x[m[K’ [[01;35m[K-Wunused-variable[m[K]
[2.456s]   184 |     int [01;35m[Kwp_x[m[K = waypoint[0];
[2.456s]       |         [01;35m[K^~~~[m[K
[2.456s] [01m[K/home/tahnt/mech_devel/f1t_mech_ws/src/img_proc/src/img_proc_node.cpp:185:9:[m[K [01;35m[Kwarning: [m[Kunused variable ‘[01m[Kwp_y[m[K’ [[01;35m[K-Wunused-variable[m[K]
[2.456s]   185 |     int [01;35m[Kwp_y[m[K = waypoint[1];
[2.456s]       |         [01;35m[K^~~~[m[K
[2.456s] [01m[K/home/tahnt/mech_devel/f1t_mech_ws/src/img_proc/src/img_proc_node.cpp:186:1:[m[K [01;35m[Kwarning: [m[Kno return statement in function returning non-void [[01;35m[K-Wreturn-type[m[K]
[2.456s]   186 | [01;35m[K}[m[K
[2.456s]       | [01;35m[K^[m[K
[4.459s] make[2]: *** [CMakeFiles/img_proc_node.dir/build.make:63: CMakeFiles/img_proc_node.dir/src/img_proc_node.cpp.o] Error 1
[4.461s] make[1]: *** [CMakeFiles/Makefile2:78: CMakeFiles/img_proc_node.dir/all] Error 2
[4.461s] make: *** [Makefile:141: all] Error 2
[4.461s] Invoked command in '/home/tahnt/mech_devel/f1t_mech_ws/build/img_proc' returned '2': CMAKE_PREFIX_PATH=/opt/ros/galactic /usr/bin/cmake --build /home/tahnt/mech_devel/f1t_mech_ws/build/img_proc -- -j4 -l4
