[1.927s] DEBUG:colcon:Command line arguments: ['/usr/bin/colcon', 'build']
[1.927s] DEBUG:colcon:Parsed command line arguments: Namespace(allow_overriding=[], ament_cmake_args=None, base_paths=['.'], build_base='build', catkin_cmake_args=None, catkin_skip_building_tests=False, cmake_args=None, cmake_clean_cache=False, cmake_clean_first=False, cmake_force_configure=False, cmake_target=None, cmake_target_skip_unavailable=False, continue_on_error=False, event_handlers=None, executor='parallel', ignore_user_meta=False, install_base='install', log_base=None, log_level=None, main=<bound method BuildVerb.main of <colcon_core.verb.build.BuildVerb object at 0xffffbcc54a90>>, merge_install=False, metas=['./colcon.meta'], packages_above=None, packages_above_and_dependencies=None, packages_above_depth=None, packages_end=None, packages_ignore=None, packages_ignore_regex=None, packages_select=None, packages_select_build_failed=False, packages_select_by_dep=None, packages_select_regex=None, packages_select_test_failures=False, packages_skip=None, packages_skip_build_finished=False, packages_skip_by_dep=None, packages_skip_regex=None, packages_skip_test_passed=False, packages_skip_up_to=None, packages_start=None, packages_up_to=None, packages_up_to_regex=None, parallel_workers=6, paths=None, symlink_install=False, test_result_base=None, verb_extension=<colcon_core.verb.build.BuildVerb object at 0xffffbcc54a90>, verb_name='build', verb_parser=<colcon_defaults.argument_parser.defaults.DefaultArgumentsDecorator object at 0xffffbcc5e040>)
[2.066s] Level 1:colcon.colcon_core.package_discovery:discover_packages(colcon_meta) check parameters
[2.066s] Level 1:colcon.colcon_core.package_discovery:discover_packages(recursive) check parameters
[2.067s] Level 1:colcon.colcon_core.package_discovery:discover_packages(ignore) check parameters
[2.067s] Level 1:colcon.colcon_core.package_discovery:discover_packages(path) check parameters
[2.067s] Level 1:colcon.colcon_core.package_discovery:discover_packages(colcon_meta) discover
[2.068s] Level 1:colcon.colcon_core.package_discovery:discover_packages(recursive) discover
[2.068s] INFO:colcon.colcon_core.package_discovery:Crawling recursively for packages in '/home/f1t/mech_devel/f1t_mech_ws'
[2.069s] Level 1:colcon.colcon_core.package_identification:_identify(.) by extensions ['ignore', 'ignore_ament_install']
[2.069s] Level 1:colcon.colcon_core.package_identification:_identify(.) by extension 'ignore'
[2.070s] Level 1:colcon.colcon_core.package_identification:_identify(.) by extension 'ignore_ament_install'
[2.070s] Level 1:colcon.colcon_core.package_identification:_identify(.) by extensions ['colcon_pkg']
[2.070s] Level 1:colcon.colcon_core.package_identification:_identify(.) by extension 'colcon_pkg'
[2.070s] Level 1:colcon.colcon_core.package_identification:_identify(.) by extensions ['colcon_meta']
[2.071s] Level 1:colcon.colcon_core.package_identification:_identify(.) by extension 'colcon_meta'
[2.071s] Level 1:colcon.colcon_core.package_identification:_identify(.) by extensions ['ros']
[2.071s] Level 1:colcon.colcon_core.package_identification:_identify(.) by extension 'ros'
[2.169s] Level 1:colcon.colcon_core.package_identification:_identify(.) by extensions ['cmake', 'python']
[2.169s] Level 1:colcon.colcon_core.package_identification:_identify(.) by extension 'cmake'
[2.170s] Level 1:colcon.colcon_core.package_identification:_identify(.) by extension 'python'
[2.170s] Level 1:colcon.colcon_core.package_identification:_identify(.) by extensions ['python_setup_py']
[2.170s] Level 1:colcon.colcon_core.package_identification:_identify(.) by extension 'python_setup_py'
[2.171s] Level 1:colcon.colcon_core.package_identification:_identify(build) by extensions ['ignore', 'ignore_ament_install']
[2.171s] Level 1:colcon.colcon_core.package_identification:_identify(build) by extension 'ignore'
[2.172s] Level 1:colcon.colcon_core.package_identification:_identify(build) ignored
[2.172s] Level 1:colcon.colcon_core.package_identification:_identify(install) by extensions ['ignore', 'ignore_ament_install']
[2.173s] Level 1:colcon.colcon_core.package_identification:_identify(install) by extension 'ignore'
[2.173s] Level 1:colcon.colcon_core.package_identification:_identify(install) ignored
[2.174s] Level 1:colcon.colcon_core.package_identification:_identify(log) by extensions ['ignore', 'ignore_ament_install']
[2.174s] Level 1:colcon.colcon_core.package_identification:_identify(log) by extension 'ignore'
[2.175s] Level 1:colcon.colcon_core.package_identification:_identify(log) ignored
[2.175s] Level 1:colcon.colcon_core.package_identification:_identify(src) by extensions ['ignore', 'ignore_ament_install']
[2.176s] Level 1:colcon.colcon_core.package_identification:_identify(src) by extension 'ignore'
[2.176s] Level 1:colcon.colcon_core.package_identification:_identify(src) by extension 'ignore_ament_install'
[2.176s] Level 1:colcon.colcon_core.package_identification:_identify(src) by extensions ['colcon_pkg']
[2.176s] Level 1:colcon.colcon_core.package_identification:_identify(src) by extension 'colcon_pkg'
[2.177s] Level 1:colcon.colcon_core.package_identification:_identify(src) by extensions ['colcon_meta']
[2.177s] Level 1:colcon.colcon_core.package_identification:_identify(src) by extension 'colcon_meta'
[2.177s] Level 1:colcon.colcon_core.package_identification:_identify(src) by extensions ['ros']
[2.177s] Level 1:colcon.colcon_core.package_identification:_identify(src) by extension 'ros'
[2.178s] Level 1:colcon.colcon_core.package_identification:_identify(src) by extensions ['cmake', 'python']
[2.178s] Level 1:colcon.colcon_core.package_identification:_identify(src) by extension 'cmake'
[2.178s] Level 1:colcon.colcon_core.package_identification:_identify(src) by extension 'python'
[2.179s] Level 1:colcon.colcon_core.package_identification:_identify(src) by extensions ['python_setup_py']
[2.179s] Level 1:colcon.colcon_core.package_identification:_identify(src) by extension 'python_setup_py'
[2.179s] Level 1:colcon.colcon_core.package_identification:_identify(src/img_proc) by extensions ['ignore', 'ignore_ament_install']
[2.180s] Level 1:colcon.colcon_core.package_identification:_identify(src/img_proc) by extension 'ignore'
[2.180s] Level 1:colcon.colcon_core.package_identification:_identify(src/img_proc) by extension 'ignore_ament_install'
[2.181s] Level 1:colcon.colcon_core.package_identification:_identify(src/img_proc) by extensions ['colcon_pkg']
[2.181s] Level 1:colcon.colcon_core.package_identification:_identify(src/img_proc) by extension 'colcon_pkg'
[2.181s] Level 1:colcon.colcon_core.package_identification:_identify(src/img_proc) by extensions ['colcon_meta']
[2.181s] Level 1:colcon.colcon_core.package_identification:_identify(src/img_proc) by extension 'colcon_meta'
[2.182s] Level 1:colcon.colcon_core.package_identification:_identify(src/img_proc) by extensions ['ros']
[2.182s] Level 1:colcon.colcon_core.package_identification:_identify(src/img_proc) by extension 'ros'
[2.194s] DEBUG:colcon.colcon_core.package_identification:Package 'src/img_proc' with type 'ros.ament_cmake' and name 'img_proc'
[2.195s] Level 1:colcon.colcon_core.package_discovery:discover_packages(recursive) using defaults
[2.195s] Level 1:colcon.colcon_core.package_discovery:discover_packages(ignore) discover
[2.195s] Level 1:colcon.colcon_core.package_discovery:discover_packages(ignore) using defaults
[2.195s] Level 1:colcon.colcon_core.package_discovery:discover_packages(path) discover
[2.195s] Level 1:colcon.colcon_core.package_discovery:discover_packages(path) using defaults
[2.305s] Level 1:colcon.colcon_core.package_discovery:discover_packages(prefix_path) check parameters
[2.305s] Level 1:colcon.colcon_core.package_discovery:discover_packages(prefix_path) discover
[2.320s] DEBUG:colcon.colcon_installed_package_information.package_discovery:Found 1 installed packages in /home/f1t/mech_devel/f1t_mech_ws/install
[2.331s] DEBUG:colcon.colcon_installed_package_information.package_discovery:Found 228 installed packages in /opt/ros/galactic
[2.339s] Level 1:colcon.colcon_core.package_discovery:discover_packages(prefix_path) using defaults
[2.640s] Level 5:colcon.colcon_core.verb:set package 'img_proc' build argument 'cmake_args' from command line to 'None'
[2.640s] Level 5:colcon.colcon_core.verb:set package 'img_proc' build argument 'cmake_target' from command line to 'None'
[2.641s] Level 5:colcon.colcon_core.verb:set package 'img_proc' build argument 'cmake_target_skip_unavailable' from command line to 'False'
[2.641s] Level 5:colcon.colcon_core.verb:set package 'img_proc' build argument 'cmake_clean_cache' from command line to 'False'
[2.641s] Level 5:colcon.colcon_core.verb:set package 'img_proc' build argument 'cmake_clean_first' from command line to 'False'
[2.641s] Level 5:colcon.colcon_core.verb:set package 'img_proc' build argument 'cmake_force_configure' from command line to 'False'
[2.642s] Level 5:colcon.colcon_core.verb:set package 'img_proc' build argument 'ament_cmake_args' from command line to 'None'
[2.642s] Level 5:colcon.colcon_core.verb:set package 'img_proc' build argument 'catkin_cmake_args' from command line to 'None'
[2.642s] Level 5:colcon.colcon_core.verb:set package 'img_proc' build argument 'catkin_skip_building_tests' from command line to 'False'
[2.642s] DEBUG:colcon.colcon_core.verb:Building package 'img_proc' with the following arguments: {'ament_cmake_args': None, 'build_base': '/home/f1t/mech_devel/f1t_mech_ws/build/img_proc', 'catkin_cmake_args': None, 'catkin_skip_building_tests': False, 'cmake_args': None, 'cmake_clean_cache': False, 'cmake_clean_first': False, 'cmake_force_configure': False, 'cmake_target': None, 'cmake_target_skip_unavailable': False, 'install_base': '/home/f1t/mech_devel/f1t_mech_ws/install/img_proc', 'merge_install': False, 'path': '/home/f1t/mech_devel/f1t_mech_ws/src/img_proc', 'symlink_install': False, 'test_result_base': None}
[2.646s] INFO:colcon.colcon_core.executor:Executing jobs using 'parallel' executor
[2.666s] DEBUG:colcon.colcon_parallel_executor.executor.parallel:run_until_complete
[2.667s] INFO:colcon.colcon_ros.task.ament_cmake.build:Building ROS package in '/home/f1t/mech_devel/f1t_mech_ws/src/img_proc' with build type 'ament_cmake'
[2.668s] INFO:colcon.colcon_cmake.task.cmake.build:Building CMake package in '/home/f1t/mech_devel/f1t_mech_ws/src/img_proc'
[2.691s] INFO:colcon.colcon_core.plugin_system:Skipping extension 'colcon_core.shell.bat': Not used on non-Windows systems
[2.692s] INFO:colcon.colcon_core.shell:Skip shell extension 'powershell' for command environment: Not usable outside of PowerShell
[2.692s] DEBUG:colcon.colcon_core.shell:Skip shell extension 'dsv' for command environment
[2.775s] DEBUG:colcon.colcon_core.event_handler.log_command:Invoking command in '/home/f1t/mech_devel/f1t_mech_ws/build/img_proc': CMAKE_PREFIX_PATH=${CMAKE_PREFIX_PATH}:/opt/ros/galactic /usr/bin/cmake --build /home/f1t/mech_devel/f1t_mech_ws/build/img_proc -- -j6 -l6
[32.777s] DEBUG:colcon.colcon_core.event_handler.log_command:Invoked command in '/home/f1t/mech_devel/f1t_mech_ws/build/img_proc' returned '2': CMAKE_PREFIX_PATH=${CMAKE_PREFIX_PATH}:/opt/ros/galactic /usr/bin/cmake --build /home/f1t/mech_devel/f1t_mech_ws/build/img_proc -- -j6 -l6
[33.349s] Level 1:colcon.colcon_core.environment:create_environment_scripts_only(img_proc)
[33.385s] Level 1:colcon.colcon_core.environment:checking '/home/f1t/mech_devel/f1t_mech_ws/install/img_proc' for CMake module files
[33.389s] Level 1:colcon.colcon_core.environment:checking '/home/f1t/mech_devel/f1t_mech_ws/install/img_proc' for CMake config files
[33.392s] Level 1:colcon.colcon_core.shell:create_environment_hook('img_proc', 'cmake_prefix_path')
[33.400s] INFO:colcon.colcon_core.shell:Creating environment hook '/home/f1t/mech_devel/f1t_mech_ws/install/img_proc/share/img_proc/hook/cmake_prefix_path.ps1'
[33.405s] INFO:colcon.colcon_core.shell:Creating environment descriptor '/home/f1t/mech_devel/f1t_mech_ws/install/img_proc/share/img_proc/hook/cmake_prefix_path.dsv'
[33.413s] INFO:colcon.colcon_core.shell:Creating environment hook '/home/f1t/mech_devel/f1t_mech_ws/install/img_proc/share/img_proc/hook/cmake_prefix_path.sh'
[33.420s] Level 1:colcon.colcon_core.environment:checking '/home/f1t/mech_devel/f1t_mech_ws/install/img_proc/lib'
[33.422s] Level 1:colcon.colcon_core.environment:checking '/home/f1t/mech_devel/f1t_mech_ws/install/img_proc/bin'
[33.423s] Level 1:colcon.colcon_core.environment:checking '/home/f1t/mech_devel/f1t_mech_ws/install/img_proc/lib/pkgconfig/img_proc.pc'
[33.425s] Level 1:colcon.colcon_core.environment:checking '/home/f1t/mech_devel/f1t_mech_ws/install/img_proc/lib/python3.8/site-packages'
[33.426s] Level 1:colcon.colcon_core.environment:checking '/home/f1t/mech_devel/f1t_mech_ws/install/img_proc/bin'
[33.436s] INFO:colcon.colcon_core.shell:Creating package script '/home/f1t/mech_devel/f1t_mech_ws/install/img_proc/share/img_proc/package.ps1'
[33.441s] INFO:colcon.colcon_core.shell:Creating package descriptor '/home/f1t/mech_devel/f1t_mech_ws/install/img_proc/share/img_proc/package.dsv'
[33.446s] INFO:colcon.colcon_core.shell:Creating package script '/home/f1t/mech_devel/f1t_mech_ws/install/img_proc/share/img_proc/package.sh'
[33.451s] INFO:colcon.colcon_core.shell:Creating package script '/home/f1t/mech_devel/f1t_mech_ws/install/img_proc/share/img_proc/package.bash'
[33.456s] INFO:colcon.colcon_core.shell:Creating package script '/home/f1t/mech_devel/f1t_mech_ws/install/img_proc/share/img_proc/package.zsh'
[33.461s] Level 1:colcon.colcon_core.environment:create_file_with_runtime_dependencies(/home/f1t/mech_devel/f1t_mech_ws/install/img_proc/share/colcon-core/packages/img_proc)
[33.474s] DEBUG:colcon.colcon_parallel_executor.executor.parallel:closing loop
[33.475s] DEBUG:colcon.colcon_parallel_executor.executor.parallel:loop closed
[33.476s] DEBUG:colcon.colcon_parallel_executor.executor.parallel:run_until_complete finished with '2'
[33.477s] DEBUG:colcon.colcon_core.event_reactor:joining thread
[33.566s] INFO:colcon.colcon_core.plugin_system:Skipping extension 'colcon_notification.desktop_notification.terminal_notifier': Not used on non-Darwin systems
[33.567s] INFO:colcon.colcon_core.plugin_system:Skipping extension 'colcon_notification.desktop_notification.win32': Not used on non-Windows systems
[33.567s] INFO:colcon.colcon_notification.desktop_notification:Sending desktop notification using 'notify2'
[33.677s] DEBUG:colcon.colcon_core.event_reactor:joined thread
[33.686s] INFO:colcon.colcon_core.shell:Creating prefix script '/home/f1t/mech_devel/f1t_mech_ws/install/local_setup.ps1'
[33.692s] INFO:colcon.colcon_core.shell:Creating prefix util module '/home/f1t/mech_devel/f1t_mech_ws/install/_local_setup_util_ps1.py'
[33.700s] INFO:colcon.colcon_core.shell:Creating prefix chain script '/home/f1t/mech_devel/f1t_mech_ws/install/setup.ps1'
[33.709s] INFO:colcon.colcon_core.shell:Creating prefix script '/home/f1t/mech_devel/f1t_mech_ws/install/local_setup.sh'
[33.713s] INFO:colcon.colcon_core.shell:Creating prefix util module '/home/f1t/mech_devel/f1t_mech_ws/install/_local_setup_util_sh.py'
[33.717s] INFO:colcon.colcon_core.shell:Creating prefix chain script '/home/f1t/mech_devel/f1t_mech_ws/install/setup.sh'
[33.724s] INFO:colcon.colcon_core.shell:Creating prefix script '/home/f1t/mech_devel/f1t_mech_ws/install/local_setup.bash'
[33.727s] INFO:colcon.colcon_core.shell:Creating prefix chain script '/home/f1t/mech_devel/f1t_mech_ws/install/setup.bash'
[33.736s] INFO:colcon.colcon_core.shell:Creating prefix script '/home/f1t/mech_devel/f1t_mech_ws/install/local_setup.zsh'
[33.740s] INFO:colcon.colcon_core.shell:Creating prefix chain script '/home/f1t/mech_devel/f1t_mech_ws/install/setup.zsh'
