[0.014s] Invoking command in '/home/tahnt/mech_devel/f1t_mech_ws/build/img_proc': CMAKE_PREFIX_PATH=/opt/ros/galactic /usr/bin/cmake --build /home/tahnt/mech_devel/f1t_mech_ws/build/img_proc -- -j4 -l4
[0.060s] [35m[1mScanning dependencies of target img_proc_node[0m
[0.097s] [ 50%] [32mBuilding CXX object CMakeFiles/img_proc_node.dir/src/img_proc_node.cpp.o[0m
[2.270s] [01m[K/home/tahnt/mech_devel/f1t_mech_ws/src/img_proc/src/img_proc_node.cpp:[m[K In member function ‘[01m[Kcv::Mat ImageProcessor::waypointGen(cv::Mat&)[m[K’:
[2.270s] [01m[K/home/tahnt/mech_devel/f1t_mech_ws/src/img_proc/src/img_proc_node.cpp:209:25:[m[K [01;35m[Kwarning: [m[Kcomparison of integer expressions of different signedness: ‘[01m[Klong int[m[K’ and ‘[01m[Kstd::vector<std::vector<cv::Point_<int> > >::size_type[m[K’ {aka ‘[01m[Klong unsigned int[m[K’} [[01;35m[K-Wsign-compare[m[K]
[2.270s]   209 |         for (long i=0; [01;35m[Ki<contours.size()[m[K; i++)
[2.271s]       |                        [01;35m[K~^~~~~~~~~~~~~~~~[m[K
[6.324s] [100%] [32m[1mLinking CXX executable img_proc_node[0m
[6.890s] [100%] Built target img_proc_node
[6.903s] Invoked command in '/home/tahnt/mech_devel/f1t_mech_ws/build/img_proc' returned '0': CMAKE_PREFIX_PATH=/opt/ros/galactic /usr/bin/cmake --build /home/tahnt/mech_devel/f1t_mech_ws/build/img_proc -- -j4 -l4
[6.953s] Invoking command in '/home/tahnt/mech_devel/f1t_mech_ws/build/img_proc': CMAKE_PREFIX_PATH=/opt/ros/galactic /usr/bin/cmake --install /home/tahnt/mech_devel/f1t_mech_ws/build/img_proc
[6.962s] -- Install configuration: ""
[6.963s] -- Installing: /home/tahnt/mech_devel/f1t_mech_ws/install/img_proc/lib/img_proc/img_proc_node
[6.966s] -- Set runtime path of "/home/tahnt/mech_devel/f1t_mech_ws/install/img_proc/lib/img_proc/img_proc_node" to ""
[6.968s] -- Up-to-date: /home/tahnt/mech_devel/f1t_mech_ws/install/img_proc/share/img_proc//launch
[6.968s] -- Up-to-date: /home/tahnt/mech_devel/f1t_mech_ws/install/img_proc/share/img_proc//launch/img_proc_launch.py
[6.968s] -- Up-to-date: /home/tahnt/mech_devel/f1t_mech_ws/install/img_proc/share/img_proc//config
[6.968s] -- Up-to-date: /home/tahnt/mech_devel/f1t_mech_ws/install/img_proc/share/img_proc//config/img_proc_config.yaml
[6.968s] -- Up-to-date: /home/tahnt/mech_devel/f1t_mech_ws/install/img_proc/share/ament_index/resource_index/package_run_dependencies/img_proc
[6.968s] -- Up-to-date: /home/tahnt/mech_devel/f1t_mech_ws/install/img_proc/share/ament_index/resource_index/parent_prefix_path/img_proc
[6.968s] -- Up-to-date: /home/tahnt/mech_devel/f1t_mech_ws/install/img_proc/share/img_proc/environment/ament_prefix_path.sh
[6.968s] -- Up-to-date: /home/tahnt/mech_devel/f1t_mech_ws/install/img_proc/share/img_proc/environment/ament_prefix_path.dsv
[6.968s] -- Up-to-date: /home/tahnt/mech_devel/f1t_mech_ws/install/img_proc/share/img_proc/environment/path.sh
[6.968s] -- Up-to-date: /home/tahnt/mech_devel/f1t_mech_ws/install/img_proc/share/img_proc/environment/path.dsv
[6.968s] -- Up-to-date: /home/tahnt/mech_devel/f1t_mech_ws/install/img_proc/share/img_proc/local_setup.bash
[6.968s] -- Up-to-date: /home/tahnt/mech_devel/f1t_mech_ws/install/img_proc/share/img_proc/local_setup.sh
[6.968s] -- Up-to-date: /home/tahnt/mech_devel/f1t_mech_ws/install/img_proc/share/img_proc/local_setup.zsh
[6.968s] -- Up-to-date: /home/tahnt/mech_devel/f1t_mech_ws/install/img_proc/share/img_proc/local_setup.dsv
[6.968s] -- Installing: /home/tahnt/mech_devel/f1t_mech_ws/install/img_proc/share/img_proc/package.dsv
[6.968s] -- Up-to-date: /home/tahnt/mech_devel/f1t_mech_ws/install/img_proc/share/ament_index/resource_index/packages/img_proc
[6.968s] -- Up-to-date: /home/tahnt/mech_devel/f1t_mech_ws/install/img_proc/share/img_proc/cmake/img_procConfig.cmake
[6.968s] -- Up-to-date: /home/tahnt/mech_devel/f1t_mech_ws/install/img_proc/share/img_proc/cmake/img_procConfig-version.cmake
[6.968s] -- Up-to-date: /home/tahnt/mech_devel/f1t_mech_ws/install/img_proc/share/img_proc/package.xml
[6.971s] Invoked command in '/home/tahnt/mech_devel/f1t_mech_ws/build/img_proc' returned '0': CMAKE_PREFIX_PATH=/opt/ros/galactic /usr/bin/cmake --install /home/tahnt/mech_devel/f1t_mech_ws/build/img_proc
