[0.011s] Invoking command in '/home/tahnt/mech_devel/f1t_mech_ws/build/img_proc': CMAKE_PREFIX_PATH=/opt/ros/galactic /usr/bin/cmake --build /home/tahnt/mech_devel/f1t_mech_ws/build/img_proc -- -j4 -l4
[0.041s] -- Found ament_cmake: 1.1.6 (/opt/ros/galactic/share/ament_cmake/cmake)
[0.059s] -- Found PythonInterp: /usr/bin/python3 (found suitable version "3.8.10", minimum required is "3") 
[0.059s] -- Using PYTHON_EXECUTABLE: /usr/bin/python3
[0.105s] -- Found rclcpp: 9.2.2 (/opt/ros/galactic/share/rclcpp/cmake)
[0.134s] -- Using all available rosidl_typesupport_c: rosidl_typesupport_fastrtps_c;rosidl_typesupport_introspection_c
[0.137s] -- Found rosidl_adapter: 2.2.3 (/opt/ros/galactic/share/rosidl_adapter/cmake)
[0.229s] -- Using all available rosidl_typesupport_cpp: rosidl_typesupport_fastrtps_cpp;rosidl_typesupport_introspection_cpp
[0.270s] -- Found rmw_implementation_cmake: 3.3.1 (/opt/ros/galactic/share/rmw_implementation_cmake/cmake)
[0.271s] -- Found rmw_cyclonedds_cpp: 0.22.6 (/opt/ros/galactic/share/rmw_cyclonedds_cpp/cmake)
[0.286s] -- Using RMW implementation 'rmw_cyclonedds_cpp' as default
[0.394s] -- Found sensor_msgs: 2.2.4 (/opt/ros/galactic/share/sensor_msgs/cmake)
[0.483s] -- Found cv_bridge: 3.1.3 (/opt/ros/galactic/share/cv_bridge/cmake)
[0.501s] -- Found rosidl_default_generators: 1.1.1 (/opt/ros/galactic/share/rosidl_default_generators/cmake)
[0.525s] -- Found PythonInterp: /usr/bin/python3 (found version "3.8.10") 
[0.625s] -- Found ament_cmake_ros: 0.9.2 (/opt/ros/galactic/share/ament_cmake_ros/cmake)
[0.724s] -- Using all available rosidl_typesupport_c: rosidl_typesupport_fastrtps_c;rosidl_typesupport_introspection_c
[0.734s] -- Using all available rosidl_typesupport_cpp: rosidl_typesupport_fastrtps_cpp;rosidl_typesupport_introspection_cpp
[0.755s] -- Found PythonInterp: /usr/bin/python3 (found suitable version "3.8.10", minimum required is "3.5") 
[0.757s] -- Found python_cmake_module: 0.8.1 (/opt/ros/galactic/share/python_cmake_module/cmake)
[0.783s] -- Found PythonLibs: /usr/lib/x86_64-linux-gnu/libpython3.8.so (found suitable version "3.8.10", minimum required is "3.5") 
[0.783s] -- Using PYTHON_EXECUTABLE: /usr/bin/python3
[0.784s] -- Using PYTHON_INCLUDE_DIRS: /usr/include/python3.8
[0.784s] -- Using PYTHON_LIBRARIES: /usr/lib/x86_64-linux-gnu/libpython3.8.so
[0.803s] -- Found PythonExtra: .so  
[0.872s] -- Configuring done
[0.912s] -- Generating done
[0.915s] -- Build files have been written to: /home/tahnt/mech_devel/f1t_mech_ws/build/img_proc
[0.940s] [  2%] [34m[1mGenerating C code for ROS interfaces[0m
[0.940s] [35m[1mScanning dependencies of target img_proc__cpp[0m
[0.942s] [35m[1mScanning dependencies of target img_proc_node[0m
[0.951s] [  4%] [34m[1mGenerating C++ code for ROS interfaces[0m
[0.981s] [  7%] [32mBuilding CXX object CMakeFiles/img_proc_node.dir/src/img_proc_node.cpp.o[0m
[1.186s] In file included from [01m[K/home/tahnt/mech_devel/f1t_mech_ws/src/img_proc/src/img_proc_node.cpp:1[m[K:
[1.186s] [01m[K/home/tahnt/mech_devel/f1t_mech_ws/src/img_proc/src/img_proc_node.h:14:10:[m[K [01;31m[Kfatal error: [m[Kimg_proc/msg/LatErr.msg: No such file or directory
[1.186s]    14 | #include [01;31m[K"img_proc/msg/LatErr.msg"[m[K
[1.186s]       |          [01;31m[K^~~~~~~~~~~~~~~~~~~~~~~~~[m[K
[1.187s] compilation terminated.
[1.190s] make[2]: *** [CMakeFiles/img_proc_node.dir/build.make:63: CMakeFiles/img_proc_node.dir/src/img_proc_node.cpp.o] Error 1
[1.190s] make[1]: *** [CMakeFiles/Makefile2:123: CMakeFiles/img_proc_node.dir/all] Error 2
[1.190s] make[1]: *** Waiting for unfinished jobs....
[1.192s] [  7%] Built target img_proc__cpp
[1.218s] [35m[1mScanning dependencies of target img_proc__rosidl_generator_c[0m
[1.229s] [  9%] [32mBuilding C object CMakeFiles/img_proc__rosidl_generator_c.dir/rosidl_generator_c/img_proc/msg/detail/lat_err__functions.c.o[0m
[1.230s] [ 12%] [32mBuilding C object CMakeFiles/img_proc__rosidl_generator_c.dir/rosidl_generator_c/img_proc/msg/detail/yaw_err__functions.c.o[0m
[1.273s] [ 14%] [32m[1mLinking C shared library libimg_proc__rosidl_generator_c.so[0m
[1.307s] [ 14%] Built target img_proc__rosidl_generator_c
[1.308s] make: *** [Makefile:141: all] Error 2
[1.313s] Invoked command in '/home/tahnt/mech_devel/f1t_mech_ws/build/img_proc' returned '2': CMAKE_PREFIX_PATH=/opt/ros/galactic /usr/bin/cmake --build /home/tahnt/mech_devel/f1t_mech_ws/build/img_proc -- -j4 -l4
