[0.131s] DEBUG:colcon:Command line arguments: ['/usr/bin/colcon', 'build']
[0.131s] DEBUG:colcon:Parsed command line arguments: Namespace(allow_overriding=[], ament_cmake_args=None, base_paths=['.'], build_base='build', catkin_cmake_args=None, catkin_skip_building_tests=False, cmake_args=None, cmake_clean_cache=False, cmake_clean_first=False, cmake_force_configure=False, cmake_target=None, cmake_target_skip_unavailable=False, continue_on_error=False, event_handlers=None, executor='parallel', ignore_user_meta=False, install_base='install', log_base=None, log_level=None, main=<bound method BuildVerb.main of <colcon_core.verb.build.BuildVerb object at 0x7f3e283fb490>>, merge_install=False, metas=['./colcon.meta'], packages_above=None, packages_above_and_dependencies=None, packages_above_depth=None, packages_end=None, packages_ignore=None, packages_ignore_regex=None, packages_select=None, packages_select_build_failed=False, packages_select_by_dep=None, packages_select_regex=None, packages_select_test_failures=False, packages_skip=None, packages_skip_build_finished=False, packages_skip_by_dep=None, packages_skip_regex=None, packages_skip_test_passed=False, packages_skip_up_to=None, packages_start=None, packages_up_to=None, packages_up_to_regex=None, parallel_workers=4, paths=None, symlink_install=False, test_result_base=None, verb_extension=<colcon_core.verb.build.BuildVerb object at 0x7f3e283fb490>, verb_name='build', verb_parser=<colcon_defaults.argument_parser.defaults.DefaultArgumentsDecorator object at 0x7f3e282c7250>)
[0.237s] Level 1:colcon.colcon_core.package_discovery:discover_packages(colcon_meta) check parameters
[0.238s] Level 1:colcon.colcon_core.package_discovery:discover_packages(recursive) check parameters
[0.238s] Level 1:colcon.colcon_core.package_discovery:discover_packages(ignore) check parameters
[0.238s] Level 1:colcon.colcon_core.package_discovery:discover_packages(path) check parameters
[0.238s] Level 1:colcon.colcon_core.package_discovery:discover_packages(colcon_meta) discover
[0.238s] Level 1:colcon.colcon_core.package_discovery:discover_packages(recursive) discover
[0.238s] INFO:colcon.colcon_core.package_discovery:Crawling recursively for packages in '/home/tahnt/mech_devel/f1t_mech_ws'
[0.238s] Level 1:colcon.colcon_core.package_identification:_identify(.) by extensions ['ignore', 'ignore_ament_install']
[0.238s] Level 1:colcon.colcon_core.package_identification:_identify(.) by extension 'ignore'
[0.238s] Level 1:colcon.colcon_core.package_identification:_identify(.) by extension 'ignore_ament_install'
[0.238s] Level 1:colcon.colcon_core.package_identification:_identify(.) by extensions ['colcon_pkg']
[0.238s] Level 1:colcon.colcon_core.package_identification:_identify(.) by extension 'colcon_pkg'
[0.238s] Level 1:colcon.colcon_core.package_identification:_identify(.) by extensions ['colcon_meta']
[0.238s] Level 1:colcon.colcon_core.package_identification:_identify(.) by extension 'colcon_meta'
[0.238s] Level 1:colcon.colcon_core.package_identification:_identify(.) by extensions ['ros']
[0.238s] Level 1:colcon.colcon_core.package_identification:_identify(.) by extension 'ros'
[0.246s] Level 1:colcon.colcon_core.package_identification:_identify(.) by extensions ['cmake', 'python']
[0.247s] Level 1:colcon.colcon_core.package_identification:_identify(.) by extension 'cmake'
[0.247s] Level 1:colcon.colcon_core.package_identification:_identify(.) by extension 'python'
[0.247s] Level 1:colcon.colcon_core.package_identification:_identify(.) by extensions ['python_setup_py']
[0.247s] Level 1:colcon.colcon_core.package_identification:_identify(.) by extension 'python_setup_py'
[0.247s] Level 1:colcon.colcon_core.package_identification:_identify(build) by extensions ['ignore', 'ignore_ament_install']
[0.247s] Level 1:colcon.colcon_core.package_identification:_identify(build) by extension 'ignore'
[0.247s] Level 1:colcon.colcon_core.package_identification:_identify(build) ignored
[0.247s] Level 1:colcon.colcon_core.package_identification:_identify(install) by extensions ['ignore', 'ignore_ament_install']
[0.247s] Level 1:colcon.colcon_core.package_identification:_identify(install) by extension 'ignore'
[0.247s] Level 1:colcon.colcon_core.package_identification:_identify(install) ignored
[0.247s] Level 1:colcon.colcon_core.package_identification:_identify(log) by extensions ['ignore', 'ignore_ament_install']
[0.247s] Level 1:colcon.colcon_core.package_identification:_identify(log) by extension 'ignore'
[0.247s] Level 1:colcon.colcon_core.package_identification:_identify(log) ignored
[0.247s] Level 1:colcon.colcon_core.package_identification:_identify(src) by extensions ['ignore', 'ignore_ament_install']
[0.247s] Level 1:colcon.colcon_core.package_identification:_identify(src) by extension 'ignore'
[0.247s] Level 1:colcon.colcon_core.package_identification:_identify(src) by extension 'ignore_ament_install'
[0.247s] Level 1:colcon.colcon_core.package_identification:_identify(src) by extensions ['colcon_pkg']
[0.247s] Level 1:colcon.colcon_core.package_identification:_identify(src) by extension 'colcon_pkg'
[0.248s] Level 1:colcon.colcon_core.package_identification:_identify(src) by extensions ['colcon_meta']
[0.248s] Level 1:colcon.colcon_core.package_identification:_identify(src) by extension 'colcon_meta'
[0.248s] Level 1:colcon.colcon_core.package_identification:_identify(src) by extensions ['ros']
[0.248s] Level 1:colcon.colcon_core.package_identification:_identify(src) by extension 'ros'
[0.248s] Level 1:colcon.colcon_core.package_identification:_identify(src) by extensions ['cmake', 'python']
[0.248s] Level 1:colcon.colcon_core.package_identification:_identify(src) by extension 'cmake'
[0.248s] Level 1:colcon.colcon_core.package_identification:_identify(src) by extension 'python'
[0.248s] Level 1:colcon.colcon_core.package_identification:_identify(src) by extensions ['python_setup_py']
[0.248s] Level 1:colcon.colcon_core.package_identification:_identify(src) by extension 'python_setup_py'
[0.248s] Level 1:colcon.colcon_core.package_identification:_identify(src/img_proc) by extensions ['ignore', 'ignore_ament_install']
[0.248s] Level 1:colcon.colcon_core.package_identification:_identify(src/img_proc) by extension 'ignore'
[0.248s] Level 1:colcon.colcon_core.package_identification:_identify(src/img_proc) by extension 'ignore_ament_install'
[0.248s] Level 1:colcon.colcon_core.package_identification:_identify(src/img_proc) by extensions ['colcon_pkg']
[0.248s] Level 1:colcon.colcon_core.package_identification:_identify(src/img_proc) by extension 'colcon_pkg'
[0.248s] Level 1:colcon.colcon_core.package_identification:_identify(src/img_proc) by extensions ['colcon_meta']
[0.248s] Level 1:colcon.colcon_core.package_identification:_identify(src/img_proc) by extension 'colcon_meta'
[0.248s] Level 1:colcon.colcon_core.package_identification:_identify(src/img_proc) by extensions ['ros']
[0.248s] Level 1:colcon.colcon_core.package_identification:_identify(src/img_proc) by extension 'ros'
[0.250s] DEBUG:colcon.colcon_core.package_identification:Package 'src/img_proc' with type 'ros.ament_cmake' and name 'img_proc'
[0.250s] Level 1:colcon.colcon_core.package_identification:_identify(src/mech_msg) by extensions ['ignore', 'ignore_ament_install']
[0.250s] Level 1:colcon.colcon_core.package_identification:_identify(src/mech_msg) by extension 'ignore'
[0.250s] Level 1:colcon.colcon_core.package_identification:_identify(src/mech_msg) by extension 'ignore_ament_install'
[0.250s] Level 1:colcon.colcon_core.package_identification:_identify(src/mech_msg) by extensions ['colcon_pkg']
[0.250s] Level 1:colcon.colcon_core.package_identification:_identify(src/mech_msg) by extension 'colcon_pkg'
[0.250s] Level 1:colcon.colcon_core.package_identification:_identify(src/mech_msg) by extensions ['colcon_meta']
[0.250s] Level 1:colcon.colcon_core.package_identification:_identify(src/mech_msg) by extension 'colcon_meta'
[0.250s] Level 1:colcon.colcon_core.package_identification:_identify(src/mech_msg) by extensions ['ros']
[0.250s] Level 1:colcon.colcon_core.package_identification:_identify(src/mech_msg) by extension 'ros'
[0.251s] DEBUG:colcon.colcon_core.package_identification:Package 'src/mech_msg' with type 'ros.ament_cmake' and name 'mech_msg'
[0.251s] Level 1:colcon.colcon_core.package_discovery:discover_packages(recursive) using defaults
[0.251s] Level 1:colcon.colcon_core.package_discovery:discover_packages(ignore) discover
[0.251s] Level 1:colcon.colcon_core.package_discovery:discover_packages(ignore) using defaults
[0.251s] Level 1:colcon.colcon_core.package_discovery:discover_packages(path) discover
[0.251s] Level 1:colcon.colcon_core.package_discovery:discover_packages(path) using defaults
[0.262s] Level 1:colcon.colcon_core.package_discovery:discover_packages(prefix_path) check parameters
[0.262s] Level 1:colcon.colcon_core.package_discovery:discover_packages(prefix_path) discover
[0.263s] DEBUG:colcon.colcon_installed_package_information.package_discovery:Found 3 installed packages in /home/tahnt/mech_devel/f1t_mech_ws/install
[0.264s] DEBUG:colcon.colcon_installed_package_information.package_discovery:Found 2 installed packages in /home/tahnt/ros_sandbox/ros2_ws/install
[0.265s] DEBUG:colcon.colcon_installed_package_information.package_discovery:Found 268 installed packages in /opt/ros/galactic
[0.266s] Level 1:colcon.colcon_core.package_discovery:discover_packages(prefix_path) using defaults
[0.315s] Level 5:colcon.colcon_core.verb:set package 'mech_msg' build argument 'cmake_args' from command line to 'None'
[0.315s] Level 5:colcon.colcon_core.verb:set package 'mech_msg' build argument 'cmake_target' from command line to 'None'
[0.315s] Level 5:colcon.colcon_core.verb:set package 'mech_msg' build argument 'cmake_target_skip_unavailable' from command line to 'False'
[0.315s] Level 5:colcon.colcon_core.verb:set package 'mech_msg' build argument 'cmake_clean_cache' from command line to 'False'
[0.315s] Level 5:colcon.colcon_core.verb:set package 'mech_msg' build argument 'cmake_clean_first' from command line to 'False'
[0.315s] Level 5:colcon.colcon_core.verb:set package 'mech_msg' build argument 'cmake_force_configure' from command line to 'False'
[0.315s] Level 5:colcon.colcon_core.verb:set package 'mech_msg' build argument 'ament_cmake_args' from command line to 'None'
[0.315s] Level 5:colcon.colcon_core.verb:set package 'mech_msg' build argument 'catkin_cmake_args' from command line to 'None'
[0.315s] Level 5:colcon.colcon_core.verb:set package 'mech_msg' build argument 'catkin_skip_building_tests' from command line to 'False'
[0.315s] DEBUG:colcon.colcon_core.verb:Building package 'mech_msg' with the following arguments: {'ament_cmake_args': None, 'build_base': '/home/tahnt/mech_devel/f1t_mech_ws/build/mech_msg', 'catkin_cmake_args': None, 'catkin_skip_building_tests': False, 'cmake_args': None, 'cmake_clean_cache': False, 'cmake_clean_first': False, 'cmake_force_configure': False, 'cmake_target': None, 'cmake_target_skip_unavailable': False, 'install_base': '/home/tahnt/mech_devel/f1t_mech_ws/install/mech_msg', 'merge_install': False, 'path': '/home/tahnt/mech_devel/f1t_mech_ws/src/mech_msg', 'symlink_install': False, 'test_result_base': None}
[0.315s] Level 5:colcon.colcon_core.verb:set package 'img_proc' build argument 'cmake_args' from command line to 'None'
[0.315s] Level 5:colcon.colcon_core.verb:set package 'img_proc' build argument 'cmake_target' from command line to 'None'
[0.315s] Level 5:colcon.colcon_core.verb:set package 'img_proc' build argument 'cmake_target_skip_unavailable' from command line to 'False'
[0.315s] Level 5:colcon.colcon_core.verb:set package 'img_proc' build argument 'cmake_clean_cache' from command line to 'False'
[0.315s] Level 5:colcon.colcon_core.verb:set package 'img_proc' build argument 'cmake_clean_first' from command line to 'False'
[0.315s] Level 5:colcon.colcon_core.verb:set package 'img_proc' build argument 'cmake_force_configure' from command line to 'False'
[0.315s] Level 5:colcon.colcon_core.verb:set package 'img_proc' build argument 'ament_cmake_args' from command line to 'None'
[0.315s] Level 5:colcon.colcon_core.verb:set package 'img_proc' build argument 'catkin_cmake_args' from command line to 'None'
[0.315s] Level 5:colcon.colcon_core.verb:set package 'img_proc' build argument 'catkin_skip_building_tests' from command line to 'False'
[0.315s] DEBUG:colcon.colcon_core.verb:Building package 'img_proc' with the following arguments: {'ament_cmake_args': None, 'build_base': '/home/tahnt/mech_devel/f1t_mech_ws/build/img_proc', 'catkin_cmake_args': None, 'catkin_skip_building_tests': False, 'cmake_args': None, 'cmake_clean_cache': False, 'cmake_clean_first': False, 'cmake_force_configure': False, 'cmake_target': None, 'cmake_target_skip_unavailable': False, 'install_base': '/home/tahnt/mech_devel/f1t_mech_ws/install/img_proc', 'merge_install': False, 'path': '/home/tahnt/mech_devel/f1t_mech_ws/src/img_proc', 'symlink_install': False, 'test_result_base': None}
[0.315s] INFO:colcon.colcon_core.executor:Executing jobs using 'parallel' executor
[0.316s] DEBUG:colcon.colcon_parallel_executor.executor.parallel:run_until_complete
[0.316s] INFO:colcon.colcon_ros.task.ament_cmake.build:Building ROS package in '/home/tahnt/mech_devel/f1t_mech_ws/src/mech_msg' with build type 'ament_cmake'
[0.316s] INFO:colcon.colcon_cmake.task.cmake.build:Building CMake package in '/home/tahnt/mech_devel/f1t_mech_ws/src/mech_msg'
[0.318s] INFO:colcon.colcon_core.plugin_system:Skipping extension 'colcon_core.shell.bat': Not used on non-Windows systems
[0.318s] INFO:colcon.colcon_core.shell:Skip shell extension 'powershell' for command environment: Not usable outside of PowerShell
[0.318s] DEBUG:colcon.colcon_core.shell:Skip shell extension 'dsv' for command environment
[0.332s] DEBUG:colcon.colcon_core.event_handler.log_command:Invoking command in '/home/tahnt/mech_devel/f1t_mech_ws/build/mech_msg': CMAKE_PREFIX_PATH=${CMAKE_PREFIX_PATH}:/opt/ros/galactic /usr/bin/cmake --build /home/tahnt/mech_devel/f1t_mech_ws/build/mech_msg -- -j4 -l4
[0.545s] DEBUG:colcon.colcon_core.event_handler.log_command:Invoked command in '/home/tahnt/mech_devel/f1t_mech_ws/build/mech_msg' returned '0': CMAKE_PREFIX_PATH=${CMAKE_PREFIX_PATH}:/opt/ros/galactic /usr/bin/cmake --build /home/tahnt/mech_devel/f1t_mech_ws/build/mech_msg -- -j4 -l4
[0.674s] DEBUG:colcon.colcon_core.event_handler.log_command:Invoking command in '/home/tahnt/mech_devel/f1t_mech_ws/build/mech_msg': CMAKE_PREFIX_PATH=${CMAKE_PREFIX_PATH}:/opt/ros/galactic /usr/bin/cmake --install /home/tahnt/mech_devel/f1t_mech_ws/build/mech_msg
[0.734s] Level 1:colcon.colcon_core.environment:create_environment_scripts_only(mech_msg)
[0.735s] DEBUG:colcon.colcon_core.event_handler.log_command:Invoked command in '/home/tahnt/mech_devel/f1t_mech_ws/build/mech_msg' returned '0': CMAKE_PREFIX_PATH=${CMAKE_PREFIX_PATH}:/opt/ros/galactic /usr/bin/cmake --install /home/tahnt/mech_devel/f1t_mech_ws/build/mech_msg
[0.737s] Level 1:colcon.colcon_core.environment:checking '/home/tahnt/mech_devel/f1t_mech_ws/install/mech_msg' for CMake module files
[0.737s] Level 1:colcon.colcon_core.environment:checking '/home/tahnt/mech_devel/f1t_mech_ws/install/mech_msg' for CMake config files
[0.738s] Level 1:colcon.colcon_core.shell:create_environment_hook('mech_msg', 'cmake_prefix_path')
[0.738s] INFO:colcon.colcon_core.shell:Creating environment hook '/home/tahnt/mech_devel/f1t_mech_ws/install/mech_msg/share/mech_msg/hook/cmake_prefix_path.ps1'
[0.739s] INFO:colcon.colcon_core.shell:Creating environment descriptor '/home/tahnt/mech_devel/f1t_mech_ws/install/mech_msg/share/mech_msg/hook/cmake_prefix_path.dsv'
[0.740s] INFO:colcon.colcon_core.shell:Creating environment hook '/home/tahnt/mech_devel/f1t_mech_ws/install/mech_msg/share/mech_msg/hook/cmake_prefix_path.sh'
[0.741s] Level 1:colcon.colcon_core.environment:checking '/home/tahnt/mech_devel/f1t_mech_ws/install/mech_msg/lib'
[0.742s] Level 1:colcon.colcon_core.shell:create_environment_hook('mech_msg', 'ld_library_path_lib')
[0.742s] INFO:colcon.colcon_core.shell:Creating environment hook '/home/tahnt/mech_devel/f1t_mech_ws/install/mech_msg/share/mech_msg/hook/ld_library_path_lib.ps1'
[0.742s] INFO:colcon.colcon_core.shell:Creating environment descriptor '/home/tahnt/mech_devel/f1t_mech_ws/install/mech_msg/share/mech_msg/hook/ld_library_path_lib.dsv'
[0.743s] INFO:colcon.colcon_core.shell:Creating environment hook '/home/tahnt/mech_devel/f1t_mech_ws/install/mech_msg/share/mech_msg/hook/ld_library_path_lib.sh'
[0.744s] Level 1:colcon.colcon_core.environment:checking '/home/tahnt/mech_devel/f1t_mech_ws/install/mech_msg/bin'
[0.744s] Level 1:colcon.colcon_core.environment:checking '/home/tahnt/mech_devel/f1t_mech_ws/install/mech_msg/lib/pkgconfig/mech_msg.pc'
[0.744s] Level 1:colcon.colcon_core.environment:checking '/home/tahnt/mech_devel/f1t_mech_ws/install/mech_msg/lib/python3.8/site-packages'
[0.744s] Level 1:colcon.colcon_core.shell:create_environment_hook('mech_msg', 'pythonpath')
[0.744s] INFO:colcon.colcon_core.shell:Creating environment hook '/home/tahnt/mech_devel/f1t_mech_ws/install/mech_msg/share/mech_msg/hook/pythonpath.ps1'
[0.744s] INFO:colcon.colcon_core.shell:Creating environment descriptor '/home/tahnt/mech_devel/f1t_mech_ws/install/mech_msg/share/mech_msg/hook/pythonpath.dsv'
[0.745s] INFO:colcon.colcon_core.shell:Creating environment hook '/home/tahnt/mech_devel/f1t_mech_ws/install/mech_msg/share/mech_msg/hook/pythonpath.sh'
[0.746s] Level 1:colcon.colcon_core.environment:checking '/home/tahnt/mech_devel/f1t_mech_ws/install/mech_msg/bin'
[0.746s] INFO:colcon.colcon_core.shell:Creating package script '/home/tahnt/mech_devel/f1t_mech_ws/install/mech_msg/share/mech_msg/package.ps1'
[0.747s] INFO:colcon.colcon_core.shell:Creating package descriptor '/home/tahnt/mech_devel/f1t_mech_ws/install/mech_msg/share/mech_msg/package.dsv'
[0.747s] INFO:colcon.colcon_core.shell:Creating package script '/home/tahnt/mech_devel/f1t_mech_ws/install/mech_msg/share/mech_msg/package.sh'
[0.748s] INFO:colcon.colcon_core.shell:Creating package script '/home/tahnt/mech_devel/f1t_mech_ws/install/mech_msg/share/mech_msg/package.bash'
[0.749s] INFO:colcon.colcon_core.shell:Creating package script '/home/tahnt/mech_devel/f1t_mech_ws/install/mech_msg/share/mech_msg/package.zsh'
[0.749s] Level 1:colcon.colcon_core.environment:create_file_with_runtime_dependencies(/home/tahnt/mech_devel/f1t_mech_ws/install/mech_msg/share/colcon-core/packages/mech_msg)
[0.864s] Level 1:colcon.colcon_core.environment:create_environment_scripts_only(mech_msg)
[0.865s] Level 1:colcon.colcon_core.environment:checking '/home/tahnt/mech_devel/f1t_mech_ws/install/mech_msg' for CMake module files
[0.865s] Level 1:colcon.colcon_core.environment:checking '/home/tahnt/mech_devel/f1t_mech_ws/install/mech_msg' for CMake config files
[0.866s] Level 1:colcon.colcon_core.shell:create_environment_hook('mech_msg', 'cmake_prefix_path')
[0.866s] INFO:colcon.colcon_core.shell:Creating environment hook '/home/tahnt/mech_devel/f1t_mech_ws/install/mech_msg/share/mech_msg/hook/cmake_prefix_path.ps1'
[0.866s] INFO:colcon.colcon_core.shell:Creating environment descriptor '/home/tahnt/mech_devel/f1t_mech_ws/install/mech_msg/share/mech_msg/hook/cmake_prefix_path.dsv'
[0.867s] INFO:colcon.colcon_core.shell:Creating environment hook '/home/tahnt/mech_devel/f1t_mech_ws/install/mech_msg/share/mech_msg/hook/cmake_prefix_path.sh'
[0.867s] Level 1:colcon.colcon_core.environment:checking '/home/tahnt/mech_devel/f1t_mech_ws/install/mech_msg/lib'
[0.867s] Level 1:colcon.colcon_core.shell:create_environment_hook('mech_msg', 'ld_library_path_lib')
[0.868s] INFO:colcon.colcon_core.shell:Creating environment hook '/home/tahnt/mech_devel/f1t_mech_ws/install/mech_msg/share/mech_msg/hook/ld_library_path_lib.ps1'
[0.868s] INFO:colcon.colcon_core.shell:Creating environment descriptor '/home/tahnt/mech_devel/f1t_mech_ws/install/mech_msg/share/mech_msg/hook/ld_library_path_lib.dsv'
[0.868s] INFO:colcon.colcon_core.shell:Creating environment hook '/home/tahnt/mech_devel/f1t_mech_ws/install/mech_msg/share/mech_msg/hook/ld_library_path_lib.sh'
[0.869s] Level 1:colcon.colcon_core.environment:checking '/home/tahnt/mech_devel/f1t_mech_ws/install/mech_msg/bin'
[0.869s] Level 1:colcon.colcon_core.environment:checking '/home/tahnt/mech_devel/f1t_mech_ws/install/mech_msg/lib/pkgconfig/mech_msg.pc'
[0.869s] Level 1:colcon.colcon_core.environment:checking '/home/tahnt/mech_devel/f1t_mech_ws/install/mech_msg/lib/python3.8/site-packages'
[0.869s] Level 1:colcon.colcon_core.shell:create_environment_hook('mech_msg', 'pythonpath')
[0.869s] INFO:colcon.colcon_core.shell:Creating environment hook '/home/tahnt/mech_devel/f1t_mech_ws/install/mech_msg/share/mech_msg/hook/pythonpath.ps1'
[0.869s] INFO:colcon.colcon_core.shell:Creating environment descriptor '/home/tahnt/mech_devel/f1t_mech_ws/install/mech_msg/share/mech_msg/hook/pythonpath.dsv'
[0.870s] INFO:colcon.colcon_core.shell:Creating environment hook '/home/tahnt/mech_devel/f1t_mech_ws/install/mech_msg/share/mech_msg/hook/pythonpath.sh'
[0.870s] Level 1:colcon.colcon_core.environment:checking '/home/tahnt/mech_devel/f1t_mech_ws/install/mech_msg/bin'
[0.871s] INFO:colcon.colcon_core.shell:Creating package script '/home/tahnt/mech_devel/f1t_mech_ws/install/mech_msg/share/mech_msg/package.ps1'
[0.871s] INFO:colcon.colcon_core.shell:Creating package descriptor '/home/tahnt/mech_devel/f1t_mech_ws/install/mech_msg/share/mech_msg/package.dsv'
[0.871s] INFO:colcon.colcon_core.shell:Creating package script '/home/tahnt/mech_devel/f1t_mech_ws/install/mech_msg/share/mech_msg/package.sh'
[0.872s] INFO:colcon.colcon_core.shell:Creating package script '/home/tahnt/mech_devel/f1t_mech_ws/install/mech_msg/share/mech_msg/package.bash'
[0.872s] INFO:colcon.colcon_core.shell:Creating package script '/home/tahnt/mech_devel/f1t_mech_ws/install/mech_msg/share/mech_msg/package.zsh'
[0.873s] Level 1:colcon.colcon_core.environment:create_file_with_runtime_dependencies(/home/tahnt/mech_devel/f1t_mech_ws/install/mech_msg/share/colcon-core/packages/mech_msg)
[0.873s] INFO:colcon.colcon_ros.task.ament_cmake.build:Building ROS package in '/home/tahnt/mech_devel/f1t_mech_ws/src/img_proc' with build type 'ament_cmake'
[0.873s] INFO:colcon.colcon_cmake.task.cmake.build:Building CMake package in '/home/tahnt/mech_devel/f1t_mech_ws/src/img_proc'
[0.873s] INFO:colcon.colcon_core.shell:Skip shell extension 'powershell' for command environment: Not usable outside of PowerShell
[0.874s] DEBUG:colcon.colcon_core.shell:Skip shell extension 'dsv' for command environment
[0.893s] DEBUG:colcon.colcon_core.event_handler.log_command:Invoking command in '/home/tahnt/mech_devel/f1t_mech_ws/build/img_proc': CMAKE_PREFIX_PATH=${CMAKE_PREFIX_PATH}:/opt/ros/galactic /usr/bin/cmake --build /home/tahnt/mech_devel/f1t_mech_ws/build/img_proc -- -j4 -l4
[1.104s] DEBUG:colcon.colcon_core.event_handler.log_command:Invoked command in '/home/tahnt/mech_devel/f1t_mech_ws/build/img_proc' returned '2': CMAKE_PREFIX_PATH=${CMAKE_PREFIX_PATH}:/opt/ros/galactic /usr/bin/cmake --build /home/tahnt/mech_devel/f1t_mech_ws/build/img_proc -- -j4 -l4
[1.136s] Level 1:colcon.colcon_core.environment:create_environment_scripts_only(img_proc)
[1.136s] Level 1:colcon.colcon_core.environment:checking '/home/tahnt/mech_devel/f1t_mech_ws/install/img_proc' for CMake module files
[1.137s] Level 1:colcon.colcon_core.environment:checking '/home/tahnt/mech_devel/f1t_mech_ws/install/img_proc' for CMake config files
[1.137s] Level 1:colcon.colcon_core.shell:create_environment_hook('img_proc', 'cmake_prefix_path')
[1.138s] INFO:colcon.colcon_core.shell:Creating environment hook '/home/tahnt/mech_devel/f1t_mech_ws/install/img_proc/share/img_proc/hook/cmake_prefix_path.ps1'
[1.138s] INFO:colcon.colcon_core.shell:Creating environment descriptor '/home/tahnt/mech_devel/f1t_mech_ws/install/img_proc/share/img_proc/hook/cmake_prefix_path.dsv'
[1.139s] INFO:colcon.colcon_core.shell:Creating environment hook '/home/tahnt/mech_devel/f1t_mech_ws/install/img_proc/share/img_proc/hook/cmake_prefix_path.sh'
[1.139s] Level 1:colcon.colcon_core.environment:checking '/home/tahnt/mech_devel/f1t_mech_ws/install/img_proc/lib'
[1.139s] Level 1:colcon.colcon_core.shell:create_environment_hook('img_proc', 'ld_library_path_lib')
[1.139s] INFO:colcon.colcon_core.shell:Creating environment hook '/home/tahnt/mech_devel/f1t_mech_ws/install/img_proc/share/img_proc/hook/ld_library_path_lib.ps1'
[1.140s] INFO:colcon.colcon_core.shell:Creating environment descriptor '/home/tahnt/mech_devel/f1t_mech_ws/install/img_proc/share/img_proc/hook/ld_library_path_lib.dsv'
[1.140s] INFO:colcon.colcon_core.shell:Creating environment hook '/home/tahnt/mech_devel/f1t_mech_ws/install/img_proc/share/img_proc/hook/ld_library_path_lib.sh'
[1.140s] Level 1:colcon.colcon_core.environment:checking '/home/tahnt/mech_devel/f1t_mech_ws/install/img_proc/bin'
[1.140s] Level 1:colcon.colcon_core.environment:checking '/home/tahnt/mech_devel/f1t_mech_ws/install/img_proc/lib/pkgconfig/img_proc.pc'
[1.141s] Level 1:colcon.colcon_core.environment:checking '/home/tahnt/mech_devel/f1t_mech_ws/install/img_proc/lib/python3.8/site-packages'
[1.141s] Level 1:colcon.colcon_core.shell:create_environment_hook('img_proc', 'pythonpath')
[1.141s] INFO:colcon.colcon_core.shell:Creating environment hook '/home/tahnt/mech_devel/f1t_mech_ws/install/img_proc/share/img_proc/hook/pythonpath.ps1'
[1.141s] INFO:colcon.colcon_core.shell:Creating environment descriptor '/home/tahnt/mech_devel/f1t_mech_ws/install/img_proc/share/img_proc/hook/pythonpath.dsv'
[1.142s] INFO:colcon.colcon_core.shell:Creating environment hook '/home/tahnt/mech_devel/f1t_mech_ws/install/img_proc/share/img_proc/hook/pythonpath.sh'
[1.143s] Level 1:colcon.colcon_core.environment:checking '/home/tahnt/mech_devel/f1t_mech_ws/install/img_proc/bin'
[1.144s] INFO:colcon.colcon_core.shell:Creating package script '/home/tahnt/mech_devel/f1t_mech_ws/install/img_proc/share/img_proc/package.ps1'
[1.144s] INFO:colcon.colcon_core.shell:Creating package descriptor '/home/tahnt/mech_devel/f1t_mech_ws/install/img_proc/share/img_proc/package.dsv'
[1.145s] INFO:colcon.colcon_core.shell:Creating package script '/home/tahnt/mech_devel/f1t_mech_ws/install/img_proc/share/img_proc/package.sh'
[1.145s] INFO:colcon.colcon_core.shell:Creating package script '/home/tahnt/mech_devel/f1t_mech_ws/install/img_proc/share/img_proc/package.bash'
[1.146s] INFO:colcon.colcon_core.shell:Creating package script '/home/tahnt/mech_devel/f1t_mech_ws/install/img_proc/share/img_proc/package.zsh'
[1.146s] Level 1:colcon.colcon_core.environment:create_file_with_runtime_dependencies(/home/tahnt/mech_devel/f1t_mech_ws/install/img_proc/share/colcon-core/packages/img_proc)
[1.157s] DEBUG:colcon.colcon_parallel_executor.executor.parallel:closing loop
[1.157s] DEBUG:colcon.colcon_parallel_executor.executor.parallel:loop closed
[1.157s] DEBUG:colcon.colcon_parallel_executor.executor.parallel:run_until_complete finished with '2'
[1.158s] DEBUG:colcon.colcon_core.event_reactor:joining thread
[1.166s] INFO:colcon.colcon_core.plugin_system:Skipping extension 'colcon_notification.desktop_notification.terminal_notifier': Not used on non-Darwin systems
[1.166s] INFO:colcon.colcon_core.plugin_system:Skipping extension 'colcon_notification.desktop_notification.win32': Not used on non-Windows systems
[1.166s] INFO:colcon.colcon_notification.desktop_notification:Sending desktop notification using 'notify2'
[1.178s] DEBUG:colcon.colcon_core.event_reactor:joined thread
[1.178s] INFO:colcon.colcon_core.shell:Creating prefix script '/home/tahnt/mech_devel/f1t_mech_ws/install/local_setup.ps1'
[1.179s] INFO:colcon.colcon_core.shell:Creating prefix util module '/home/tahnt/mech_devel/f1t_mech_ws/install/_local_setup_util_ps1.py'
[1.180s] INFO:colcon.colcon_core.shell:Creating prefix chain script '/home/tahnt/mech_devel/f1t_mech_ws/install/setup.ps1'
[1.181s] INFO:colcon.colcon_core.shell:Creating prefix script '/home/tahnt/mech_devel/f1t_mech_ws/install/local_setup.sh'
[1.182s] INFO:colcon.colcon_core.shell:Creating prefix util module '/home/tahnt/mech_devel/f1t_mech_ws/install/_local_setup_util_sh.py'
[1.182s] INFO:colcon.colcon_core.shell:Creating prefix chain script '/home/tahnt/mech_devel/f1t_mech_ws/install/setup.sh'
[1.184s] INFO:colcon.colcon_core.shell:Creating prefix script '/home/tahnt/mech_devel/f1t_mech_ws/install/local_setup.bash'
[1.184s] INFO:colcon.colcon_core.shell:Creating prefix chain script '/home/tahnt/mech_devel/f1t_mech_ws/install/setup.bash'
[1.185s] INFO:colcon.colcon_core.shell:Creating prefix script '/home/tahnt/mech_devel/f1t_mech_ws/install/local_setup.zsh'
[1.186s] INFO:colcon.colcon_core.shell:Creating prefix chain script '/home/tahnt/mech_devel/f1t_mech_ws/install/setup.zsh'
