[0.098s] Invoking command in '/home/f1t/mech_devel/f1t_mech_ws/build/img_proc': CMAKE_PREFIX_PATH=/opt/ros/galactic /usr/bin/cmake --build /home/f1t/mech_devel/f1t_mech_ws/build/img_proc -- -j6 -l6
[0.489s] [ 50%] [32mBuilding CXX object CMakeFiles/img_proc_node.dir/src/img_proc_node.cpp.o[0m
[15.888s] [01m[K/home/f1t/mech_devel/f1t_mech_ws/src/img_proc/src/img_proc_node.cpp:[m[K In member function ‘[01m[Kvoid ImageProcessor::processImage(sensor_msgs::msg::Image_<std::allocator<void> >::SharedPtr)[m[K’:
[15.889s] [01m[K/home/f1t/mech_devel/f1t_mech_ws/src/img_proc/src/img_proc_node.cpp:60:44:[m[K [01;31m[Kerror: [m[Kno matching function for call to ‘[01m[KImageProcessor::waypointGen(cv::Mat&)[m[K’
[15.890s]    60 |         process_img = waypointGen(raw_copy1[01;31m[K)[m[K;
[15.891s]       |                                            [01;31m[K^[m[K
[15.891s] In file included from [01m[K/home/f1t/mech_devel/f1t_mech_ws/src/img_proc/src/img_proc_node.cpp:1[m[K:
[15.892s] [01m[K/home/f1t/mech_devel/f1t_mech_ws/src/img_proc/src/img_proc_node.h:28:13:[m[K [01;36m[Knote: [m[Kcandidate: ‘[01m[Kcv::Mat ImageProcessor::waypointGen(cv::Mat&, const cv::Mat&)[m[K’
[15.892s]    28 |     cv::Mat [01;36m[KwaypointGen[m[K(cv::Mat& img, const cv::Mat& raw_img);
[15.894s]       |             [01;36m[K^~~~~~~~~~~[m[K
[15.895s] [01m[K/home/f1t/mech_devel/f1t_mech_ws/src/img_proc/src/img_proc_node.h:28:13:[m[K [01;36m[Knote: [m[K  candidate expects 2 arguments, 1 provided
[15.944s] [01m[K/home/f1t/mech_devel/f1t_mech_ws/src/img_proc/src/img_proc_node.cpp:[m[K At global scope:
[15.945s] [01m[K/home/f1t/mech_devel/f1t_mech_ws/src/img_proc/src/img_proc_node.cpp:165:9:[m[K [01;31m[Kerror: [m[Kno declaration matches ‘[01m[Kcv::Mat ImageProcessor::waypointGen(cv::Mat&, cv::Mat&)[m[K’
[15.946s]   165 | cv::Mat [01;31m[KImageProcessor[m[K::waypointGen(cv::Mat& img, cv::Mat& raw_img)
[15.947s]       |         [01;31m[K^~~~~~~~~~~~~~[m[K
[15.947s] In file included from [01m[K/home/f1t/mech_devel/f1t_mech_ws/src/img_proc/src/img_proc_node.cpp:1[m[K:
[15.948s] [01m[K/home/f1t/mech_devel/f1t_mech_ws/src/img_proc/src/img_proc_node.h:28:13:[m[K [01;36m[Knote: [m[Kcandidate is: ‘[01m[Kcv::Mat ImageProcessor::waypointGen(cv::Mat&, const cv::Mat&)[m[K’
[15.948s]    28 |     cv::Mat [01;36m[KwaypointGen[m[K(cv::Mat& img, const cv::Mat& raw_img);
[15.949s]       |             [01;36m[K^~~~~~~~~~~[m[K
[15.950s] [01m[K/home/f1t/mech_devel/f1t_mech_ws/src/img_proc/src/img_proc_node.h:9:7:[m[K [01;36m[Knote: [m[K‘[01m[Kclass ImageProcessor[m[K’ defined here
[15.951s]     9 | class [01;36m[KImageProcessor[m[K : public rclcpp::Node
[15.952s]       |       [01;36m[K^~~~~~~~~~~~~~[m[K
[27.849s] make[2]: *** [CMakeFiles/img_proc_node.dir/build.make:63: CMakeFiles/img_proc_node.dir/src/img_proc_node.cpp.o] Error 1
[27.850s] make[1]: *** [CMakeFiles/Makefile2:78: CMakeFiles/img_proc_node.dir/all] Error 2
[27.852s] make: *** [Makefile:141: all] Error 2
[27.864s] Invoked command in '/home/f1t/mech_devel/f1t_mech_ws/build/img_proc' returned '2': CMAKE_PREFIX_PATH=/opt/ros/galactic /usr/bin/cmake --build /home/f1t/mech_devel/f1t_mech_ws/build/img_proc -- -j6 -l6
