[35m[1mScanning dependencies of target img_proc_node[0m
[ 50%] [32mBuilding CXX object CMakeFiles/img_proc_node.dir/src/img_proc_node.cpp.o[0m
[01m[K/home/f1t/mech_devel/f1t_mech_ws/src/img_proc/src/img_proc_node.cpp:[m[K In member function ‘[01m[Kcv::Mat ImageProcessor::waypointGen(cv::Mat&)[m[K’:
[01m[K/home/f1t/mech_devel/f1t_mech_ws/src/img_proc/src/img_proc_node.cpp:216:80:[m[K [01;31m[Kerror: [m[Kexpected ‘[01m[K;[m[K’ before ‘[01m[Kstd[m[K’
  216 |     cv::findContours(img_clone, contours, cv::RETR_LIST, cv::CHAIN_APPROX_NONE)
      |                                                                                [01;31m[K^[m[K
      |                                                                                [32m[K;[m[K
  217 |     [32m[Kstd[m[K::vector<cv::Point> cnt = contours[0];
      |     [32m[K~~~[m[K                                                                         
[01m[K/home/f1t/mech_devel/f1t_mech_ws/src/img_proc/src/img_proc_node.cpp:219:39:[m[K [01;31m[Kerror: [m[K‘[01m[Kcnt[m[K’ was not declared in this scope; did you mean ‘[01m[Kint[m[K’?
  219 |     cv::RotatedRect box = minAreaRect([01;31m[Kcnt[m[K);
      |                                       [01;31m[K^~~[m[K
      |                                       [32m[Kint[m[K
[01m[K/home/f1t/mech_devel/f1t_mech_ws/src/img_proc/src/img_proc_node.cpp:219:27:[m[K [01;31m[Kerror: [m[K‘[01m[KminAreaRect[m[K’ was not declared in this scope; did you mean ‘[01m[Kcv::minAreaRect[m[K’?
  219 |     cv::RotatedRect box = [01;31m[KminAreaRect[m[K(cnt);
      |                           [01;31m[K^~~~~~~~~~~[m[K
      |                           [32m[Kcv::minAreaRect[m[K
In file included from [01m[K/usr/include/opencv4/opencv2/opencv.hpp:74[m[K,
                 from [01m[K/home/f1t/mech_devel/f1t_mech_ws/src/img_proc/src/img_proc_node.h:3[m[K,
                 from [01m[K/home/f1t/mech_devel/f1t_mech_ws/src/img_proc/src/img_proc_node.cpp:1[m[K:
[01m[K/usr/include/opencv4/opencv2/imgproc.hpp:4003:26:[m[K [01;36m[Knote: [m[K‘[01m[Kcv::minAreaRect[m[K’ declared here
 4003 | CV_EXPORTS_W RotatedRect [01;36m[KminAreaRect[m[K( InputArray points );
      |                          [01;36m[K^~~~~~~~~~~[m[K
[01m[K/home/f1t/mech_devel/f1t_mech_ws/src/img_proc/src/img_proc_node.cpp:223:54:[m[K [01;31m[Kerror: [m[Kno matching function for call to ‘[01m[Krectangle(cv::Mat&, cv::RotatedRect&, cv::Scalar)[m[K’
  223 |     cv::rectangle(img_clone, box, cv::Scalar(0,0,255)[01;31m[K)[m[K;
      |                                                      [01;31m[K^[m[K
In file included from [01m[K/usr/include/opencv4/opencv2/opencv.hpp:74[m[K,
                 from [01m[K/home/f1t/mech_devel/f1t_mech_ws/src/img_proc/src/img_proc_node.h:3[m[K,
                 from [01m[K/home/f1t/mech_devel/f1t_mech_ws/src/img_proc/src/img_proc_node.cpp:1[m[K:
[01m[K/usr/include/opencv4/opencv2/imgproc.hpp:4432:19:[m[K [01;36m[Knote: [m[Kcandidate: ‘[01m[Kvoid cv::rectangle(cv::InputOutputArray, cv::Point, cv::Point, const Scalar&, int, int, int)[m[K’
 4432 | CV_EXPORTS_W void [01;36m[Krectangle[m[K(InputOutputArray img, Point pt1, Point pt2,
      |                   [01;36m[K^~~~~~~~~[m[K
[01m[K/usr/include/opencv4/opencv2/imgproc.hpp:4432:19:[m[K [01;36m[Knote: [m[K  candidate expects 7 arguments, 3 provided
[01m[K/usr/include/opencv4/opencv2/imgproc.hpp:4441:19:[m[K [01;36m[Knote: [m[Kcandidate: ‘[01m[Kvoid cv::rectangle(cv::InputOutputArray, cv::Rect, const Scalar&, int, int, int)[m[K’
 4441 | CV_EXPORTS_W void [01;36m[Krectangle[m[K(InputOutputArray img, Rect rec,
      |                   [01;36m[K^~~~~~~~~[m[K
[01m[K/usr/include/opencv4/opencv2/imgproc.hpp:4441:56:[m[K [01;36m[Knote: [m[K  no known conversion for argument 2 from ‘[01m[Kcv::RotatedRect[m[K’ to ‘[01m[Kcv::Rect[m[K’ {aka ‘[01m[Kcv::Rect_<int>[m[K’}
 4441 | CV_EXPORTS_W void rectangle(InputOutputArray img, [01;36m[KRect rec[m[K,
      |                                                   [01;36m[K~~~~~^~~[m[K
make[2]: *** [CMakeFiles/img_proc_node.dir/build.make:63: CMakeFiles/img_proc_node.dir/src/img_proc_node.cpp.o] Interrupt
make[1]: *** [CMakeFiles/Makefile2:78: CMakeFiles/img_proc_node.dir/all] Interrupt
make: *** [Makefile:141: all] Interrupt
