[1.778s] DEBUG:colcon:Command line arguments: ['/usr/bin/colcon', 'build']
[1.779s] DEBUG:colcon:Parsed command line arguments: Namespace(allow_overriding=[], ament_cmake_args=None, base_paths=['.'], build_base='build', catkin_cmake_args=None, catkin_skip_building_tests=False, cmake_args=None, cmake_clean_cache=False, cmake_clean_first=False, cmake_force_configure=False, cmake_target=None, cmake_target_skip_unavailable=False, continue_on_error=False, event_handlers=None, executor='parallel', ignore_user_meta=False, install_base='install', log_base=None, log_level=None, main=<bound method BuildVerb.main of <colcon_core.verb.build.BuildVerb object at 0xffff9710f8b0>>, merge_install=False, metas=['./colcon.meta'], packages_above=None, packages_above_and_dependencies=None, packages_above_depth=None, packages_end=None, packages_ignore=None, packages_ignore_regex=None, packages_select=None, packages_select_build_failed=False, packages_select_by_dep=None, packages_select_regex=None, packages_select_test_failures=False, packages_skip=None, packages_skip_build_finished=False, packages_skip_by_dep=None, packages_skip_regex=None, packages_skip_test_passed=False, packages_skip_up_to=None, packages_start=None, packages_up_to=None, packages_up_to_regex=None, parallel_workers=6, paths=None, symlink_install=False, test_result_base=None, verb_extension=<colcon_core.verb.build.BuildVerb object at 0xffff9710f8b0>, verb_name='build', verb_parser=<colcon_defaults.argument_parser.defaults.DefaultArgumentsDecorator object at 0xffff9710fe20>)
[1.916s] Level 1:colcon.colcon_core.package_discovery:discover_packages(colcon_meta) check parameters
[1.917s] Level 1:colcon.colcon_core.package_discovery:discover_packages(recursive) check parameters
[1.917s] Level 1:colcon.colcon_core.package_discovery:discover_packages(ignore) check parameters
[1.918s] Level 1:colcon.colcon_core.package_discovery:discover_packages(path) check parameters
[1.918s] Level 1:colcon.colcon_core.package_discovery:discover_packages(colcon_meta) discover
[1.918s] Level 1:colcon.colcon_core.package_discovery:discover_packages(recursive) discover
[1.919s] INFO:colcon.colcon_core.package_discovery:Crawling recursively for packages in '/home/f1t/mech_devel/f1t_mech_ws'
[1.919s] Level 1:colcon.colcon_core.package_identification:_identify(.) by extensions ['ignore', 'ignore_ament_install']
[1.920s] Level 1:colcon.colcon_core.package_identification:_identify(.) by extension 'ignore'
[1.920s] Level 1:colcon.colcon_core.package_identification:_identify(.) by extension 'ignore_ament_install'
[1.921s] Level 1:colcon.colcon_core.package_identification:_identify(.) by extensions ['colcon_pkg']
[1.921s] Level 1:colcon.colcon_core.package_identification:_identify(.) by extension 'colcon_pkg'
[1.921s] Level 1:colcon.colcon_core.package_identification:_identify(.) by extensions ['colcon_meta']
[1.921s] Level 1:colcon.colcon_core.package_identification:_identify(.) by extension 'colcon_meta'
[1.922s] Level 1:colcon.colcon_core.package_identification:_identify(.) by extensions ['ros']
[1.922s] Level 1:colcon.colcon_core.package_identification:_identify(.) by extension 'ros'
[2.024s] Level 1:colcon.colcon_core.package_identification:_identify(.) by extensions ['cmake', 'python']
[2.024s] Level 1:colcon.colcon_core.package_identification:_identify(.) by extension 'cmake'
[2.025s] Level 1:colcon.colcon_core.package_identification:_identify(.) by extension 'python'
[2.025s] Level 1:colcon.colcon_core.package_identification:_identify(.) by extensions ['python_setup_py']
[2.026s] Level 1:colcon.colcon_core.package_identification:_identify(.) by extension 'python_setup_py'
[2.027s] Level 1:colcon.colcon_core.package_identification:_identify(build) by extensions ['ignore', 'ignore_ament_install']
[2.027s] Level 1:colcon.colcon_core.package_identification:_identify(build) by extension 'ignore'
[2.028s] Level 1:colcon.colcon_core.package_identification:_identify(build) ignored
[2.028s] Level 1:colcon.colcon_core.package_identification:_identify(install) by extensions ['ignore', 'ignore_ament_install']
[2.029s] Level 1:colcon.colcon_core.package_identification:_identify(install) by extension 'ignore'
[2.029s] Level 1:colcon.colcon_core.package_identification:_identify(install) ignored
[2.030s] Level 1:colcon.colcon_core.package_identification:_identify(log) by extensions ['ignore', 'ignore_ament_install']
[2.031s] Level 1:colcon.colcon_core.package_identification:_identify(log) by extension 'ignore'
[2.031s] Level 1:colcon.colcon_core.package_identification:_identify(log) ignored
[2.031s] Level 1:colcon.colcon_core.package_identification:_identify(src) by extensions ['ignore', 'ignore_ament_install']
[2.032s] Level 1:colcon.colcon_core.package_identification:_identify(src) by extension 'ignore'
[2.032s] Level 1:colcon.colcon_core.package_identification:_identify(src) by extension 'ignore_ament_install'
[2.032s] Level 1:colcon.colcon_core.package_identification:_identify(src) by extensions ['colcon_pkg']
[2.033s] Level 1:colcon.colcon_core.package_identification:_identify(src) by extension 'colcon_pkg'
[2.033s] Level 1:colcon.colcon_core.package_identification:_identify(src) by extensions ['colcon_meta']
[2.033s] Level 1:colcon.colcon_core.package_identification:_identify(src) by extension 'colcon_meta'
[2.034s] Level 1:colcon.colcon_core.package_identification:_identify(src) by extensions ['ros']
[2.034s] Level 1:colcon.colcon_core.package_identification:_identify(src) by extension 'ros'
[2.034s] Level 1:colcon.colcon_core.package_identification:_identify(src) by extensions ['cmake', 'python']
[2.035s] Level 1:colcon.colcon_core.package_identification:_identify(src) by extension 'cmake'
[2.035s] Level 1:colcon.colcon_core.package_identification:_identify(src) by extension 'python'
[2.035s] Level 1:colcon.colcon_core.package_identification:_identify(src) by extensions ['python_setup_py']
[2.035s] Level 1:colcon.colcon_core.package_identification:_identify(src) by extension 'python_setup_py'
[2.036s] Level 1:colcon.colcon_core.package_identification:_identify(src/img_proc) by extensions ['ignore', 'ignore_ament_install']
[2.036s] Level 1:colcon.colcon_core.package_identification:_identify(src/img_proc) by extension 'ignore'
[2.037s] Level 1:colcon.colcon_core.package_identification:_identify(src/img_proc) by extension 'ignore_ament_install'
[2.037s] Level 1:colcon.colcon_core.package_identification:_identify(src/img_proc) by extensions ['colcon_pkg']
[2.037s] Level 1:colcon.colcon_core.package_identification:_identify(src/img_proc) by extension 'colcon_pkg'
[2.038s] Level 1:colcon.colcon_core.package_identification:_identify(src/img_proc) by extensions ['colcon_meta']
[2.038s] Level 1:colcon.colcon_core.package_identification:_identify(src/img_proc) by extension 'colcon_meta'
[2.038s] Level 1:colcon.colcon_core.package_identification:_identify(src/img_proc) by extensions ['ros']
[2.038s] Level 1:colcon.colcon_core.package_identification:_identify(src/img_proc) by extension 'ros'
[2.052s] DEBUG:colcon.colcon_core.package_identification:Package 'src/img_proc' with type 'ros.ament_cmake' and name 'img_proc'
[2.053s] Level 1:colcon.colcon_core.package_discovery:discover_packages(recursive) using defaults
[2.053s] Level 1:colcon.colcon_core.package_discovery:discover_packages(ignore) discover
[2.053s] Level 1:colcon.colcon_core.package_discovery:discover_packages(ignore) using defaults
[2.053s] Level 1:colcon.colcon_core.package_discovery:discover_packages(path) discover
[2.054s] Level 1:colcon.colcon_core.package_discovery:discover_packages(path) using defaults
[2.156s] Level 1:colcon.colcon_core.package_discovery:discover_packages(prefix_path) check parameters
[2.157s] Level 1:colcon.colcon_core.package_discovery:discover_packages(prefix_path) discover
[2.171s] DEBUG:colcon.colcon_installed_package_information.package_discovery:Found 1 installed packages in /home/f1t/mech_devel/f1t_mech_ws/install
[2.182s] DEBUG:colcon.colcon_installed_package_information.package_discovery:Found 228 installed packages in /opt/ros/galactic
[2.191s] Level 1:colcon.colcon_core.package_discovery:discover_packages(prefix_path) using defaults
[2.501s] Level 5:colcon.colcon_core.verb:set package 'img_proc' build argument 'cmake_args' from command line to 'None'
[2.502s] Level 5:colcon.colcon_core.verb:set package 'img_proc' build argument 'cmake_target' from command line to 'None'
[2.502s] Level 5:colcon.colcon_core.verb:set package 'img_proc' build argument 'cmake_target_skip_unavailable' from command line to 'False'
[2.502s] Level 5:colcon.colcon_core.verb:set package 'img_proc' build argument 'cmake_clean_cache' from command line to 'False'
[2.502s] Level 5:colcon.colcon_core.verb:set package 'img_proc' build argument 'cmake_clean_first' from command line to 'False'
[2.503s] Level 5:colcon.colcon_core.verb:set package 'img_proc' build argument 'cmake_force_configure' from command line to 'False'
[2.503s] Level 5:colcon.colcon_core.verb:set package 'img_proc' build argument 'ament_cmake_args' from command line to 'None'
[2.503s] Level 5:colcon.colcon_core.verb:set package 'img_proc' build argument 'catkin_cmake_args' from command line to 'None'
[2.503s] Level 5:colcon.colcon_core.verb:set package 'img_proc' build argument 'catkin_skip_building_tests' from command line to 'False'
[2.503s] DEBUG:colcon.colcon_core.verb:Building package 'img_proc' with the following arguments: {'ament_cmake_args': None, 'build_base': '/home/f1t/mech_devel/f1t_mech_ws/build/img_proc', 'catkin_cmake_args': None, 'catkin_skip_building_tests': False, 'cmake_args': None, 'cmake_clean_cache': False, 'cmake_clean_first': False, 'cmake_force_configure': False, 'cmake_target': None, 'cmake_target_skip_unavailable': False, 'install_base': '/home/f1t/mech_devel/f1t_mech_ws/install/img_proc', 'merge_install': False, 'path': '/home/f1t/mech_devel/f1t_mech_ws/src/img_proc', 'symlink_install': False, 'test_result_base': None}
[2.508s] INFO:colcon.colcon_core.executor:Executing jobs using 'parallel' executor
[2.527s] DEBUG:colcon.colcon_parallel_executor.executor.parallel:run_until_complete
[2.529s] INFO:colcon.colcon_ros.task.ament_cmake.build:Building ROS package in '/home/f1t/mech_devel/f1t_mech_ws/src/img_proc' with build type 'ament_cmake'
[2.530s] INFO:colcon.colcon_cmake.task.cmake.build:Building CMake package in '/home/f1t/mech_devel/f1t_mech_ws/src/img_proc'
[2.553s] INFO:colcon.colcon_core.plugin_system:Skipping extension 'colcon_core.shell.bat': Not used on non-Windows systems
[2.554s] INFO:colcon.colcon_core.shell:Skip shell extension 'powershell' for command environment: Not usable outside of PowerShell
[2.555s] DEBUG:colcon.colcon_core.shell:Skip shell extension 'dsv' for command environment
[2.730s] DEBUG:colcon.colcon_core.event_handler.log_command:Invoking command in '/home/f1t/mech_devel/f1t_mech_ws/build/img_proc': CMAKE_PREFIX_PATH=${CMAKE_PREFIX_PATH}:/opt/ros/galactic /usr/bin/cmake --build /home/f1t/mech_devel/f1t_mech_ws/build/img_proc -- -j6 -l6
[5.906s] DEBUG:colcon.colcon_core.event_handler.log_command:Invoked command in '/home/f1t/mech_devel/f1t_mech_ws/build/img_proc' returned '0': CMAKE_PREFIX_PATH=${CMAKE_PREFIX_PATH}:/opt/ros/galactic /usr/bin/cmake --build /home/f1t/mech_devel/f1t_mech_ws/build/img_proc -- -j6 -l6
[6.105s] DEBUG:colcon.colcon_core.event_handler.log_command:Invoking command in '/home/f1t/mech_devel/f1t_mech_ws/build/img_proc': CMAKE_PREFIX_PATH=${CMAKE_PREFIX_PATH}:/opt/ros/galactic /usr/bin/cmake --install /home/f1t/mech_devel/f1t_mech_ws/build/img_proc
[6.206s] Level 1:colcon.colcon_core.environment:create_environment_scripts_only(img_proc)
[6.212s] DEBUG:colcon.colcon_core.event_handler.log_command:Invoked command in '/home/f1t/mech_devel/f1t_mech_ws/build/img_proc' returned '0': CMAKE_PREFIX_PATH=${CMAKE_PREFIX_PATH}:/opt/ros/galactic /usr/bin/cmake --install /home/f1t/mech_devel/f1t_mech_ws/build/img_proc
[6.244s] Level 1:colcon.colcon_core.environment:checking '/home/f1t/mech_devel/f1t_mech_ws/install/img_proc' for CMake module files
[6.248s] Level 1:colcon.colcon_core.environment:checking '/home/f1t/mech_devel/f1t_mech_ws/install/img_proc' for CMake config files
[6.250s] Level 1:colcon.colcon_core.shell:create_environment_hook('img_proc', 'cmake_prefix_path')
[6.259s] INFO:colcon.colcon_core.shell:Creating environment hook '/home/f1t/mech_devel/f1t_mech_ws/install/img_proc/share/img_proc/hook/cmake_prefix_path.ps1'
[6.264s] INFO:colcon.colcon_core.shell:Creating environment descriptor '/home/f1t/mech_devel/f1t_mech_ws/install/img_proc/share/img_proc/hook/cmake_prefix_path.dsv'
[6.266s] INFO:colcon.colcon_core.shell:Creating environment hook '/home/f1t/mech_devel/f1t_mech_ws/install/img_proc/share/img_proc/hook/cmake_prefix_path.sh'
[6.273s] Level 1:colcon.colcon_core.environment:checking '/home/f1t/mech_devel/f1t_mech_ws/install/img_proc/lib'
[6.274s] Level 1:colcon.colcon_core.environment:checking '/home/f1t/mech_devel/f1t_mech_ws/install/img_proc/bin'
[6.275s] Level 1:colcon.colcon_core.environment:checking '/home/f1t/mech_devel/f1t_mech_ws/install/img_proc/lib/pkgconfig/img_proc.pc'
[6.276s] Level 1:colcon.colcon_core.environment:checking '/home/f1t/mech_devel/f1t_mech_ws/install/img_proc/lib/python3.8/site-packages'
[6.277s] Level 1:colcon.colcon_core.environment:checking '/home/f1t/mech_devel/f1t_mech_ws/install/img_proc/bin'
[6.285s] INFO:colcon.colcon_core.shell:Creating package script '/home/f1t/mech_devel/f1t_mech_ws/install/img_proc/share/img_proc/package.ps1'
[6.290s] INFO:colcon.colcon_core.shell:Creating package descriptor '/home/f1t/mech_devel/f1t_mech_ws/install/img_proc/share/img_proc/package.dsv'
[6.294s] INFO:colcon.colcon_core.shell:Creating package script '/home/f1t/mech_devel/f1t_mech_ws/install/img_proc/share/img_proc/package.sh'
[6.298s] INFO:colcon.colcon_core.shell:Creating package script '/home/f1t/mech_devel/f1t_mech_ws/install/img_proc/share/img_proc/package.bash'
[6.302s] INFO:colcon.colcon_core.shell:Creating package script '/home/f1t/mech_devel/f1t_mech_ws/install/img_proc/share/img_proc/package.zsh'
[6.306s] Level 1:colcon.colcon_core.environment:create_file_with_runtime_dependencies(/home/f1t/mech_devel/f1t_mech_ws/install/img_proc/share/colcon-core/packages/img_proc)
[6.466s] Level 1:colcon.colcon_core.environment:create_environment_scripts_only(img_proc)
[6.480s] Level 1:colcon.colcon_core.environment:checking '/home/f1t/mech_devel/f1t_mech_ws/install/img_proc' for CMake module files
[6.486s] Level 1:colcon.colcon_core.environment:checking '/home/f1t/mech_devel/f1t_mech_ws/install/img_proc' for CMake config files
[6.488s] Level 1:colcon.colcon_core.shell:create_environment_hook('img_proc', 'cmake_prefix_path')
[6.496s] INFO:colcon.colcon_core.shell:Creating environment hook '/home/f1t/mech_devel/f1t_mech_ws/install/img_proc/share/img_proc/hook/cmake_prefix_path.ps1'
[6.500s] INFO:colcon.colcon_core.shell:Creating environment descriptor '/home/f1t/mech_devel/f1t_mech_ws/install/img_proc/share/img_proc/hook/cmake_prefix_path.dsv'
[6.505s] INFO:colcon.colcon_core.shell:Creating environment hook '/home/f1t/mech_devel/f1t_mech_ws/install/img_proc/share/img_proc/hook/cmake_prefix_path.sh'
[6.510s] Level 1:colcon.colcon_core.environment:checking '/home/f1t/mech_devel/f1t_mech_ws/install/img_proc/lib'
[6.513s] Level 1:colcon.colcon_core.environment:checking '/home/f1t/mech_devel/f1t_mech_ws/install/img_proc/bin'
[6.514s] Level 1:colcon.colcon_core.environment:checking '/home/f1t/mech_devel/f1t_mech_ws/install/img_proc/lib/pkgconfig/img_proc.pc'
[6.516s] Level 1:colcon.colcon_core.environment:checking '/home/f1t/mech_devel/f1t_mech_ws/install/img_proc/lib/python3.8/site-packages'
[6.516s] Level 1:colcon.colcon_core.environment:checking '/home/f1t/mech_devel/f1t_mech_ws/install/img_proc/bin'
[6.526s] INFO:colcon.colcon_core.shell:Creating package script '/home/f1t/mech_devel/f1t_mech_ws/install/img_proc/share/img_proc/package.ps1'
[6.530s] INFO:colcon.colcon_core.shell:Creating package descriptor '/home/f1t/mech_devel/f1t_mech_ws/install/img_proc/share/img_proc/package.dsv'
[6.533s] INFO:colcon.colcon_core.shell:Creating package script '/home/f1t/mech_devel/f1t_mech_ws/install/img_proc/share/img_proc/package.sh'
[6.535s] INFO:colcon.colcon_core.shell:Creating package script '/home/f1t/mech_devel/f1t_mech_ws/install/img_proc/share/img_proc/package.bash'
[6.538s] INFO:colcon.colcon_core.shell:Creating package script '/home/f1t/mech_devel/f1t_mech_ws/install/img_proc/share/img_proc/package.zsh'
[6.541s] Level 1:colcon.colcon_core.environment:create_file_with_runtime_dependencies(/home/f1t/mech_devel/f1t_mech_ws/install/img_proc/share/colcon-core/packages/img_proc)
[6.543s] DEBUG:colcon.colcon_parallel_executor.executor.parallel:closing loop
[6.545s] DEBUG:colcon.colcon_parallel_executor.executor.parallel:loop closed
[6.546s] DEBUG:colcon.colcon_parallel_executor.executor.parallel:run_until_complete finished with '0'
[6.547s] DEBUG:colcon.colcon_core.event_reactor:joining thread
[6.588s] INFO:colcon.colcon_core.plugin_system:Skipping extension 'colcon_notification.desktop_notification.terminal_notifier': Not used on non-Darwin systems
[6.589s] INFO:colcon.colcon_core.plugin_system:Skipping extension 'colcon_notification.desktop_notification.win32': Not used on non-Windows systems
[6.590s] INFO:colcon.colcon_notification.desktop_notification:Sending desktop notification using 'notify2'
[6.685s] DEBUG:colcon.colcon_core.event_reactor:joined thread
[6.695s] INFO:colcon.colcon_core.shell:Creating prefix script '/home/f1t/mech_devel/f1t_mech_ws/install/local_setup.ps1'
[6.701s] INFO:colcon.colcon_core.shell:Creating prefix util module '/home/f1t/mech_devel/f1t_mech_ws/install/_local_setup_util_ps1.py'
[6.710s] INFO:colcon.colcon_core.shell:Creating prefix chain script '/home/f1t/mech_devel/f1t_mech_ws/install/setup.ps1'
[6.722s] INFO:colcon.colcon_core.shell:Creating prefix script '/home/f1t/mech_devel/f1t_mech_ws/install/local_setup.sh'
[6.726s] INFO:colcon.colcon_core.shell:Creating prefix util module '/home/f1t/mech_devel/f1t_mech_ws/install/_local_setup_util_sh.py'
[6.730s] INFO:colcon.colcon_core.shell:Creating prefix chain script '/home/f1t/mech_devel/f1t_mech_ws/install/setup.sh'
[6.739s] INFO:colcon.colcon_core.shell:Creating prefix script '/home/f1t/mech_devel/f1t_mech_ws/install/local_setup.bash'
[6.743s] INFO:colcon.colcon_core.shell:Creating prefix chain script '/home/f1t/mech_devel/f1t_mech_ws/install/setup.bash'
[6.752s] INFO:colcon.colcon_core.shell:Creating prefix script '/home/f1t/mech_devel/f1t_mech_ws/install/local_setup.zsh'
[6.756s] INFO:colcon.colcon_core.shell:Creating prefix chain script '/home/f1t/mech_devel/f1t_mech_ws/install/setup.zsh'
