-- Found ament_cmake: 1.1.6 (/opt/ros/galactic/share/ament_cmake/cmake)
-- Found PythonInterp: /usr/bin/python3 (found suitable version "3.8.10", minimum required is "3") 
-- Using PYTHON_EXECUTABLE: /usr/bin/python3
-- Found rosidl_default_generators: 1.1.1 (/opt/ros/galactic/share/rosidl_default_generators/cmake)
-- Using all available rosidl_typesupport_c: rosidl_typesupport_fastrtps_c;rosidl_typesupport_introspection_c
-- Found rosidl_adapter: 2.2.3 (/opt/ros/galactic/share/rosidl_adapter/cmake)
-- Using all available rosidl_typesupport_cpp: rosidl_typesupport_fastrtps_cpp;rosidl_typesupport_introspection_cpp
-- Found PythonInterp: /usr/bin/python3 (found version "3.8.10") 
-- Found ament_cmake_ros: 0.9.2 (/opt/ros/galactic/share/ament_cmake_ros/cmake)
-- Using all available rosidl_typesupport_c: rosidl_typesupport_fastrtps_c;rosidl_typesupport_introspection_c
-- Using all available rosidl_typesupport_cpp: rosidl_typesupport_fastrtps_cpp;rosidl_typesupport_introspection_cpp
-- Found PythonInterp: /usr/bin/python3 (found suitable version "3.8.10", minimum required is "3.5") 
-- Found python_cmake_module: 0.8.1 (/opt/ros/galactic/share/python_cmake_module/cmake)
-- Using PYTHON_EXECUTABLE: /usr/bin/python3
-- Using PYTHON_INCLUDE_DIRS: /usr/include/python3.8
-- Using PYTHON_LIBRARIES: /usr/lib/x86_64-linux-gnu/libpython3.8.so
-- Found ament_lint_auto: 0.10.7 (/opt/ros/galactic/share/ament_lint_auto/cmake)
-- Added test 'copyright' to check source files copyright and LICENSE
-- Added test 'lint_cmake' to check CMake code style
-- Added test 'xmllint' to check XML markup files
-- Configuring done
-- Generating done
-- Build files have been written to: /home/tahnt/mech_devel/f1t_mech_ws/build/mech_msg
[35m[1mScanning dependencies of target mech_msg__cpp[0m
[  2%] [34m[1mGenerating C code for ROS interfaces[0m
[  5%] [34m[1mGenerating C++ code for ROS interfaces[0m
[35m[1mScanning dependencies of target mech_msg__rosidl_generator_c[0m
[  5%] Built target mech_msg__cpp
[  7%] [32mBuilding C object CMakeFiles/mech_msg__rosidl_generator_c.dir/rosidl_generator_c/mech_msg/msg/detail/lat_err__functions.c.o[0m
[ 10%] [34m[1mGenerating C++ type support dispatch for ROS interfaces[0m
[ 15%] [34m[1mGenerating C++ introspection for ROS interfaces[0m
[ 15%] [34m[1mGenerating C++ type support for eProsima Fast-RTPS[0m
[ 17%] [32mBuilding C object CMakeFiles/mech_msg__rosidl_generator_c.dir/rosidl_generator_c/mech_msg/msg/detail/yaw_err__functions.c.o[0m
[ 20%] [32m[1mLinking C shared library libmech_msg__rosidl_generator_c.so[0m
[ 20%] Built target mech_msg__rosidl_generator_c
[ 23%] [34m[1mGenerating C type support dispatch for ROS interfaces[0m
[35m[1mScanning dependencies of target mech_msg__rosidl_typesupport_cpp[0m
[ 25%] [32mBuilding CXX object CMakeFiles/mech_msg__rosidl_typesupport_cpp.dir/rosidl_typesupport_cpp/mech_msg/msg/lat_err__type_support.cpp.o[0m
[35m[1mScanning dependencies of target mech_msg__rosidl_typesupport_fastrtps_cpp[0m
[35m[1mScanning dependencies of target mech_msg__rosidl_typesupport_introspection_cpp[0m
[ 28%] [32mBuilding CXX object CMakeFiles/mech_msg__rosidl_typesupport_introspection_cpp.dir/rosidl_typesupport_introspection_cpp/mech_msg/msg/detail/lat_err__type_support.cpp.o[0m
[ 30%] [32mBuilding CXX object CMakeFiles/mech_msg__rosidl_typesupport_fastrtps_cpp.dir/rosidl_typesupport_fastrtps_cpp/mech_msg/msg/detail/dds_fastrtps/lat_err__type_support.cpp.o[0m
[35m[1mScanning dependencies of target mech_msg__rosidl_typesupport_c[0m
[ 33%] [32mBuilding CXX object CMakeFiles/mech_msg__rosidl_typesupport_c.dir/rosidl_typesupport_c/mech_msg/msg/lat_err__type_support.cpp.o[0m
[ 35%] [32mBuilding CXX object CMakeFiles/mech_msg__rosidl_typesupport_c.dir/rosidl_typesupport_c/mech_msg/msg/yaw_err__type_support.cpp.o[0m
[ 38%] [32m[1mLinking CXX shared library libmech_msg__rosidl_typesupport_c.so[0m
[ 41%] [32mBuilding CXX object CMakeFiles/mech_msg__rosidl_typesupport_cpp.dir/rosidl_typesupport_cpp/mech_msg/msg/yaw_err__type_support.cpp.o[0m
[ 41%] Built target mech_msg__rosidl_typesupport_c
[ 43%] [34m[1mGenerating C introspection for ROS interfaces[0m
[ 46%] [32mBuilding CXX object CMakeFiles/mech_msg__rosidl_typesupport_introspection_cpp.dir/rosidl_typesupport_introspection_cpp/mech_msg/msg/detail/yaw_err__type_support.cpp.o[0m
[ 48%] [32mBuilding CXX object CMakeFiles/mech_msg__rosidl_typesupport_fastrtps_cpp.dir/rosidl_typesupport_fastrtps_cpp/mech_msg/msg/detail/dds_fastrtps/yaw_err__type_support.cpp.o[0m
[35m[1mScanning dependencies of target mech_msg__rosidl_typesupport_introspection_c[0m
[ 51%] [32mBuilding C object CMakeFiles/mech_msg__rosidl_typesupport_introspection_c.dir/rosidl_typesupport_introspection_c/mech_msg/msg/detail/lat_err__type_support.c.o[0m
[ 53%] [32m[1mLinking CXX shared library libmech_msg__rosidl_typesupport_cpp.so[0m
[ 56%] [32mBuilding C object CMakeFiles/mech_msg__rosidl_typesupport_introspection_c.dir/rosidl_typesupport_introspection_c/mech_msg/msg/detail/yaw_err__type_support.c.o[0m
[ 56%] Built target mech_msg__rosidl_typesupport_cpp
[ 58%] [32m[1mLinking C shared library libmech_msg__rosidl_typesupport_introspection_c.so[0m
[ 61%] [32m[1mLinking CXX shared library libmech_msg__rosidl_typesupport_introspection_cpp.so[0m
[ 61%] Built target mech_msg__rosidl_typesupport_introspection_c
[ 61%] Built target mech_msg__rosidl_typesupport_introspection_cpp
[ 64%] [32m[1mLinking CXX shared library libmech_msg__rosidl_typesupport_fastrtps_cpp.so[0m
[ 64%] Built target mech_msg__rosidl_typesupport_fastrtps_cpp
[ 66%] [34m[1mGenerating C type support for eProsima Fast-RTPS[0m
[35m[1mScanning dependencies of target mech_msg__rosidl_typesupport_fastrtps_c[0m
[ 69%] [32mBuilding CXX object CMakeFiles/mech_msg__rosidl_typesupport_fastrtps_c.dir/rosidl_typesupport_fastrtps_c/mech_msg/msg/detail/lat_err__type_support_c.cpp.o[0m
[ 71%] [32mBuilding CXX object CMakeFiles/mech_msg__rosidl_typesupport_fastrtps_c.dir/rosidl_typesupport_fastrtps_c/mech_msg/msg/detail/yaw_err__type_support_c.cpp.o[0m
[ 74%] [32m[1mLinking CXX shared library libmech_msg__rosidl_typesupport_fastrtps_c.so[0m
[ 74%] Built target mech_msg__rosidl_typesupport_fastrtps_c
[ 74%] Built target mech_msg
[35m[1mScanning dependencies of target mech_msg__py[0m
[ 76%] [34m[1mGenerating Python code for ROS interfaces[0m
[ 76%] Built target mech_msg__py
[35m[1mScanning dependencies of target mech_msg__python[0m
[ 79%] [32mBuilding C object CMakeFiles/mech_msg__python.dir/rosidl_generator_py/mech_msg/msg/_lat_err_s.c.o[0m
[ 82%] [32mBuilding C object CMakeFiles/mech_msg__python.dir/rosidl_generator_py/mech_msg/msg/_yaw_err_s.c.o[0m
[ 84%] [32m[1mLinking C shared library rosidl_generator_py/mech_msg/libmech_msg__python.so[0m
[ 84%] Built target mech_msg__python
[35m[1mScanning dependencies of target mech_msg__rosidl_typesupport_fastrtps_c__pyext[0m
[35m[1mScanning dependencies of target mech_msg__rosidl_typesupport_introspection_c__pyext[0m
[35m[1mScanning dependencies of target mech_msg__rosidl_typesupport_c__pyext[0m
[ 87%] [32mBuilding C object CMakeFiles/mech_msg__rosidl_typesupport_fastrtps_c__pyext.dir/rosidl_generator_py/mech_msg/_mech_msg_s.ep.rosidl_typesupport_fastrtps_c.c.o[0m
[ 89%] [32mBuilding C object CMakeFiles/mech_msg__rosidl_typesupport_c__pyext.dir/rosidl_generator_py/mech_msg/_mech_msg_s.ep.rosidl_typesupport_c.c.o[0m
[ 92%] [32mBuilding C object CMakeFiles/mech_msg__rosidl_typesupport_introspection_c__pyext.dir/rosidl_generator_py/mech_msg/_mech_msg_s.ep.rosidl_typesupport_introspection_c.c.o[0m
[ 94%] [32m[1mLinking CXX shared library rosidl_generator_py/mech_msg/mech_msg_s__rosidl_typesupport_fastrtps_c.cpython-38-x86_64-linux-gnu.so[0m
[ 97%] [32m[1mLinking C shared library rosidl_generator_py/mech_msg/mech_msg_s__rosidl_typesupport_c.cpython-38-x86_64-linux-gnu.so[0m
[100%] [32m[1mLinking C shared library rosidl_generator_py/mech_msg/mech_msg_s__rosidl_typesupport_introspection_c.cpython-38-x86_64-linux-gnu.so[0m
[100%] Built target mech_msg__rosidl_typesupport_c__pyext
[100%] Built target mech_msg__rosidl_typesupport_fastrtps_c__pyext
[100%] Built target mech_msg__rosidl_typesupport_introspection_c__pyext
-- Install configuration: ""
-- Installing: /home/tahnt/mech_devel/f1t_mech_ws/install/mech_msg/share/ament_index/resource_index/rosidl_interfaces/mech_msg
-- Up-to-date: /home/tahnt/mech_devel/f1t_mech_ws/install/mech_msg/include/mech_msg
-- Up-to-date: /home/tahnt/mech_devel/f1t_mech_ws/install/mech_msg/include/mech_msg/msg
-- Installing: /home/tahnt/mech_devel/f1t_mech_ws/install/mech_msg/include/mech_msg/msg/yaw_err.h
-- Up-to-date: /home/tahnt/mech_devel/f1t_mech_ws/install/mech_msg/include/mech_msg/msg/detail
-- Installing: /home/tahnt/mech_devel/f1t_mech_ws/install/mech_msg/include/mech_msg/msg/detail/lat_err__type_support.h
-- Installing: /home/tahnt/mech_devel/f1t_mech_ws/install/mech_msg/include/mech_msg/msg/detail/lat_err__functions.h
-- Installing: /home/tahnt/mech_devel/f1t_mech_ws/install/mech_msg/include/mech_msg/msg/detail/yaw_err__functions.c
-- Up-to-date: /home/tahnt/mech_devel/f1t_mech_ws/install/mech_msg/include/mech_msg/msg/detail/test__struct.h
-- Up-to-date: /home/tahnt/mech_devel/f1t_mech_ws/install/mech_msg/include/mech_msg/msg/detail/test__type_support.h
-- Installing: /home/tahnt/mech_devel/f1t_mech_ws/install/mech_msg/include/mech_msg/msg/detail/yaw_err__struct.h
-- Up-to-date: /home/tahnt/mech_devel/f1t_mech_ws/install/mech_msg/include/mech_msg/msg/detail/test__functions.h
-- Installing: /home/tahnt/mech_devel/f1t_mech_ws/install/mech_msg/include/mech_msg/msg/detail/lat_err__struct.h
-- Installing: /home/tahnt/mech_devel/f1t_mech_ws/install/mech_msg/include/mech_msg/msg/detail/yaw_err__type_support.h
-- Installing: /home/tahnt/mech_devel/f1t_mech_ws/install/mech_msg/include/mech_msg/msg/detail/yaw_err__functions.h
-- Up-to-date: /home/tahnt/mech_devel/f1t_mech_ws/install/mech_msg/include/mech_msg/msg/detail/test__functions.c
-- Installing: /home/tahnt/mech_devel/f1t_mech_ws/install/mech_msg/include/mech_msg/msg/detail/lat_err__functions.c
-- Installing: /home/tahnt/mech_devel/f1t_mech_ws/install/mech_msg/include/mech_msg/msg/lat_err.h
-- Up-to-date: /home/tahnt/mech_devel/f1t_mech_ws/install/mech_msg/include/mech_msg/msg/test.h
-- Up-to-date: /home/tahnt/mech_devel/f1t_mech_ws/install/mech_msg/include/mech_msg/msg/rosidl_generator_c__visibility_control.h
-- Up-to-date: /home/tahnt/mech_devel/f1t_mech_ws/install/mech_msg/share/mech_msg/environment/library_path.sh
-- Installing: /home/tahnt/mech_devel/f1t_mech_ws/install/mech_msg/share/mech_msg/environment/library_path.dsv
-- Installing: /home/tahnt/mech_devel/f1t_mech_ws/install/mech_msg/lib/libmech_msg__rosidl_generator_c.so
-- Set runtime path of "/home/tahnt/mech_devel/f1t_mech_ws/install/mech_msg/lib/libmech_msg__rosidl_generator_c.so" to ""
-- Up-to-date: /home/tahnt/mech_devel/f1t_mech_ws/install/mech_msg/include/mech_msg
-- Up-to-date: /home/tahnt/mech_devel/f1t_mech_ws/install/mech_msg/include/mech_msg/msg
-- Up-to-date: /home/tahnt/mech_devel/f1t_mech_ws/install/mech_msg/include/mech_msg/msg/detail
-- Installing: /home/tahnt/mech_devel/f1t_mech_ws/install/mech_msg/include/mech_msg/msg/detail/yaw_err__rosidl_typesupport_fastrtps_c.h
-- Up-to-date: /home/tahnt/mech_devel/f1t_mech_ws/install/mech_msg/include/mech_msg/msg/detail/test__rosidl_typesupport_fastrtps_c.h
-- Installing: /home/tahnt/mech_devel/f1t_mech_ws/install/mech_msg/include/mech_msg/msg/detail/lat_err__rosidl_typesupport_fastrtps_c.h
-- Up-to-date: /home/tahnt/mech_devel/f1t_mech_ws/install/mech_msg/include/mech_msg/msg/rosidl_typesupport_fastrtps_c__visibility_control.h
-- Installing: /home/tahnt/mech_devel/f1t_mech_ws/install/mech_msg/lib/libmech_msg__rosidl_typesupport_fastrtps_c.so
-- Set runtime path of "/home/tahnt/mech_devel/f1t_mech_ws/install/mech_msg/lib/libmech_msg__rosidl_typesupport_fastrtps_c.so" to ""
-- Up-to-date: /home/tahnt/mech_devel/f1t_mech_ws/install/mech_msg/include/mech_msg
-- Up-to-date: /home/tahnt/mech_devel/f1t_mech_ws/install/mech_msg/include/mech_msg/msg
-- Up-to-date: /home/tahnt/mech_devel/f1t_mech_ws/install/mech_msg/include/mech_msg/msg/detail
-- Up-to-date: /home/tahnt/mech_devel/f1t_mech_ws/install/mech_msg/include/mech_msg/msg/detail/dds_fastrtps
-- Installing: /home/tahnt/mech_devel/f1t_mech_ws/install/mech_msg/include/mech_msg/msg/detail/yaw_err__rosidl_typesupport_fastrtps_cpp.hpp
-- Installing: /home/tahnt/mech_devel/f1t_mech_ws/install/mech_msg/include/mech_msg/msg/detail/lat_err__rosidl_typesupport_fastrtps_cpp.hpp
-- Up-to-date: /home/tahnt/mech_devel/f1t_mech_ws/install/mech_msg/include/mech_msg/msg/detail/test__rosidl_typesupport_fastrtps_cpp.hpp
-- Up-to-date: /home/tahnt/mech_devel/f1t_mech_ws/install/mech_msg/include/mech_msg/msg/rosidl_typesupport_fastrtps_cpp__visibility_control.h
-- Installing: /home/tahnt/mech_devel/f1t_mech_ws/install/mech_msg/lib/libmech_msg__rosidl_typesupport_fastrtps_cpp.so
-- Set runtime path of "/home/tahnt/mech_devel/f1t_mech_ws/install/mech_msg/lib/libmech_msg__rosidl_typesupport_fastrtps_cpp.so" to ""
-- Up-to-date: /home/tahnt/mech_devel/f1t_mech_ws/install/mech_msg/include/mech_msg
-- Up-to-date: /home/tahnt/mech_devel/f1t_mech_ws/install/mech_msg/include/mech_msg/msg
-- Up-to-date: /home/tahnt/mech_devel/f1t_mech_ws/install/mech_msg/include/mech_msg/msg/detail
-- Installing: /home/tahnt/mech_devel/f1t_mech_ws/install/mech_msg/include/mech_msg/msg/detail/lat_err__type_support.c
-- Up-to-date: /home/tahnt/mech_devel/f1t_mech_ws/install/mech_msg/include/mech_msg/msg/detail/test__type_support.c
-- Installing: /home/tahnt/mech_devel/f1t_mech_ws/install/mech_msg/include/mech_msg/msg/detail/yaw_err__rosidl_typesupport_introspection_c.h
-- Installing: /home/tahnt/mech_devel/f1t_mech_ws/install/mech_msg/include/mech_msg/msg/detail/yaw_err__type_support.c
-- Installing: /home/tahnt/mech_devel/f1t_mech_ws/install/mech_msg/include/mech_msg/msg/detail/lat_err__rosidl_typesupport_introspection_c.h
-- Up-to-date: /home/tahnt/mech_devel/f1t_mech_ws/install/mech_msg/include/mech_msg/msg/detail/test__rosidl_typesupport_introspection_c.h
-- Up-to-date: /home/tahnt/mech_devel/f1t_mech_ws/install/mech_msg/include/mech_msg/msg/rosidl_typesupport_introspection_c__visibility_control.h
-- Installing: /home/tahnt/mech_devel/f1t_mech_ws/install/mech_msg/lib/libmech_msg__rosidl_typesupport_introspection_c.so
-- Set runtime path of "/home/tahnt/mech_devel/f1t_mech_ws/install/mech_msg/lib/libmech_msg__rosidl_typesupport_introspection_c.so" to ""
-- Installing: /home/tahnt/mech_devel/f1t_mech_ws/install/mech_msg/lib/libmech_msg__rosidl_typesupport_c.so
-- Set runtime path of "/home/tahnt/mech_devel/f1t_mech_ws/install/mech_msg/lib/libmech_msg__rosidl_typesupport_c.so" to ""
-- Up-to-date: /home/tahnt/mech_devel/f1t_mech_ws/install/mech_msg/include/mech_msg
-- Up-to-date: /home/tahnt/mech_devel/f1t_mech_ws/install/mech_msg/include/mech_msg/msg
-- Up-to-date: /home/tahnt/mech_devel/f1t_mech_ws/install/mech_msg/include/mech_msg/msg/detail
-- Up-to-date: /home/tahnt/mech_devel/f1t_mech_ws/install/mech_msg/include/mech_msg/msg/detail/test__builder.hpp
-- Installing: /home/tahnt/mech_devel/f1t_mech_ws/install/mech_msg/include/mech_msg/msg/detail/lat_err__struct.hpp
-- Installing: /home/tahnt/mech_devel/f1t_mech_ws/install/mech_msg/include/mech_msg/msg/detail/lat_err__builder.hpp
-- Up-to-date: /home/tahnt/mech_devel/f1t_mech_ws/install/mech_msg/include/mech_msg/msg/detail/test__struct.hpp
-- Installing: /home/tahnt/mech_devel/f1t_mech_ws/install/mech_msg/include/mech_msg/msg/detail/yaw_err__builder.hpp
-- Up-to-date: /home/tahnt/mech_devel/f1t_mech_ws/install/mech_msg/include/mech_msg/msg/detail/test__traits.hpp
-- Installing: /home/tahnt/mech_devel/f1t_mech_ws/install/mech_msg/include/mech_msg/msg/detail/lat_err__traits.hpp
-- Installing: /home/tahnt/mech_devel/f1t_mech_ws/install/mech_msg/include/mech_msg/msg/detail/yaw_err__struct.hpp
-- Installing: /home/tahnt/mech_devel/f1t_mech_ws/install/mech_msg/include/mech_msg/msg/detail/yaw_err__traits.hpp
-- Installing: /home/tahnt/mech_devel/f1t_mech_ws/install/mech_msg/include/mech_msg/msg/yaw_err.hpp
-- Installing: /home/tahnt/mech_devel/f1t_mech_ws/install/mech_msg/include/mech_msg/msg/lat_err.hpp
-- Up-to-date: /home/tahnt/mech_devel/f1t_mech_ws/install/mech_msg/include/mech_msg/msg/test.hpp
-- Up-to-date: /home/tahnt/mech_devel/f1t_mech_ws/install/mech_msg/include/mech_msg
-- Up-to-date: /home/tahnt/mech_devel/f1t_mech_ws/install/mech_msg/include/mech_msg/msg
-- Up-to-date: /home/tahnt/mech_devel/f1t_mech_ws/install/mech_msg/include/mech_msg/msg/detail
-- Up-to-date: /home/tahnt/mech_devel/f1t_mech_ws/install/mech_msg/include/mech_msg/msg/detail/test__type_support.cpp
-- Installing: /home/tahnt/mech_devel/f1t_mech_ws/install/mech_msg/include/mech_msg/msg/detail/lat_err__rosidl_typesupport_introspection_cpp.hpp
-- Installing: /home/tahnt/mech_devel/f1t_mech_ws/install/mech_msg/include/mech_msg/msg/detail/yaw_err__rosidl_typesupport_introspection_cpp.hpp
-- Up-to-date: /home/tahnt/mech_devel/f1t_mech_ws/install/mech_msg/include/mech_msg/msg/detail/test__rosidl_typesupport_introspection_cpp.hpp
-- Installing: /home/tahnt/mech_devel/f1t_mech_ws/install/mech_msg/include/mech_msg/msg/detail/yaw_err__type_support.cpp
-- Installing: /home/tahnt/mech_devel/f1t_mech_ws/install/mech_msg/include/mech_msg/msg/detail/lat_err__type_support.cpp
-- Installing: /home/tahnt/mech_devel/f1t_mech_ws/install/mech_msg/lib/libmech_msg__rosidl_typesupport_introspection_cpp.so
-- Set runtime path of "/home/tahnt/mech_devel/f1t_mech_ws/install/mech_msg/lib/libmech_msg__rosidl_typesupport_introspection_cpp.so" to ""
-- Installing: /home/tahnt/mech_devel/f1t_mech_ws/install/mech_msg/lib/libmech_msg__rosidl_typesupport_cpp.so
-- Set runtime path of "/home/tahnt/mech_devel/f1t_mech_ws/install/mech_msg/lib/libmech_msg__rosidl_typesupport_cpp.so" to ""
-- Up-to-date: /home/tahnt/mech_devel/f1t_mech_ws/install/mech_msg/share/mech_msg/environment/pythonpath.sh
-- Installing: /home/tahnt/mech_devel/f1t_mech_ws/install/mech_msg/share/mech_msg/environment/pythonpath.dsv
-- Installing: /home/tahnt/mech_devel/f1t_mech_ws/install/mech_msg/lib/python3.8/site-packages/mech_msg/__init__.py
Compiling '/home/tahnt/mech_devel/f1t_mech_ws/install/mech_msg/lib/python3.8/site-packages/mech_msg/__init__.py'...
-- Up-to-date: /home/tahnt/mech_devel/f1t_mech_ws/install/mech_msg/lib/python3.8/site-packages/mech_msg/msg
-- Up-to-date: /home/tahnt/mech_devel/f1t_mech_ws/install/mech_msg/lib/python3.8/site-packages/mech_msg/msg/_test_s.c
-- Installing: /home/tahnt/mech_devel/f1t_mech_ws/install/mech_msg/lib/python3.8/site-packages/mech_msg/msg/_yaw_err_s.c
-- Installing: /home/tahnt/mech_devel/f1t_mech_ws/install/mech_msg/lib/python3.8/site-packages/mech_msg/msg/_lat_err.py
-- Up-to-date: /home/tahnt/mech_devel/f1t_mech_ws/install/mech_msg/lib/python3.8/site-packages/mech_msg/msg/_test.py
-- Installing: /home/tahnt/mech_devel/f1t_mech_ws/install/mech_msg/lib/python3.8/site-packages/mech_msg/msg/_lat_err_s.c
-- Installing: /home/tahnt/mech_devel/f1t_mech_ws/install/mech_msg/lib/python3.8/site-packages/mech_msg/msg/__init__.py
-- Installing: /home/tahnt/mech_devel/f1t_mech_ws/install/mech_msg/lib/python3.8/site-packages/mech_msg/msg/_yaw_err.py
-- Installing: /home/tahnt/mech_devel/f1t_mech_ws/install/mech_msg/lib/python3.8/site-packages/mech_msg/mech_msg_s__rosidl_typesupport_fastrtps_c.cpython-38-x86_64-linux-gnu.so
-- Set runtime path of "/home/tahnt/mech_devel/f1t_mech_ws/install/mech_msg/lib/python3.8/site-packages/mech_msg/mech_msg_s__rosidl_typesupport_fastrtps_c.cpython-38-x86_64-linux-gnu.so" to ""
-- Installing: /home/tahnt/mech_devel/f1t_mech_ws/install/mech_msg/lib/python3.8/site-packages/mech_msg/mech_msg_s__rosidl_typesupport_introspection_c.cpython-38-x86_64-linux-gnu.so
-- Set runtime path of "/home/tahnt/mech_devel/f1t_mech_ws/install/mech_msg/lib/python3.8/site-packages/mech_msg/mech_msg_s__rosidl_typesupport_introspection_c.cpython-38-x86_64-linux-gnu.so" to ""
-- Installing: /home/tahnt/mech_devel/f1t_mech_ws/install/mech_msg/lib/python3.8/site-packages/mech_msg/mech_msg_s__rosidl_typesupport_c.cpython-38-x86_64-linux-gnu.so
-- Set runtime path of "/home/tahnt/mech_devel/f1t_mech_ws/install/mech_msg/lib/python3.8/site-packages/mech_msg/mech_msg_s__rosidl_typesupport_c.cpython-38-x86_64-linux-gnu.so" to ""
-- Installing: /home/tahnt/mech_devel/f1t_mech_ws/install/mech_msg/lib/libmech_msg__python.so
-- Set runtime path of "/home/tahnt/mech_devel/f1t_mech_ws/install/mech_msg/lib/libmech_msg__python.so" to ""
-- Up-to-date: /home/tahnt/mech_devel/f1t_mech_ws/install/mech_msg/share/mech_msg/msg/LatErr.idl
-- Installing: /home/tahnt/mech_devel/f1t_mech_ws/install/mech_msg/share/mech_msg/msg/YawErr.idl
-- Up-to-date: /home/tahnt/mech_devel/f1t_mech_ws/install/mech_msg/share/mech_msg/msg/LatErr.msg
-- Installing: /home/tahnt/mech_devel/f1t_mech_ws/install/mech_msg/share/mech_msg/msg/YawErr.msg
-- Up-to-date: /home/tahnt/mech_devel/f1t_mech_ws/install/mech_msg/share/ament_index/resource_index/package_run_dependencies/mech_msg
-- Up-to-date: /home/tahnt/mech_devel/f1t_mech_ws/install/mech_msg/share/ament_index/resource_index/parent_prefix_path/mech_msg
-- Up-to-date: /home/tahnt/mech_devel/f1t_mech_ws/install/mech_msg/share/mech_msg/environment/ament_prefix_path.sh
-- Installing: /home/tahnt/mech_devel/f1t_mech_ws/install/mech_msg/share/mech_msg/environment/ament_prefix_path.dsv
-- Up-to-date: /home/tahnt/mech_devel/f1t_mech_ws/install/mech_msg/share/mech_msg/environment/path.sh
-- Installing: /home/tahnt/mech_devel/f1t_mech_ws/install/mech_msg/share/mech_msg/environment/path.dsv
-- Up-to-date: /home/tahnt/mech_devel/f1t_mech_ws/install/mech_msg/share/mech_msg/local_setup.bash
-- Up-to-date: /home/tahnt/mech_devel/f1t_mech_ws/install/mech_msg/share/mech_msg/local_setup.sh
-- Up-to-date: /home/tahnt/mech_devel/f1t_mech_ws/install/mech_msg/share/mech_msg/local_setup.zsh
-- Installing: /home/tahnt/mech_devel/f1t_mech_ws/install/mech_msg/share/mech_msg/local_setup.dsv
-- Installing: /home/tahnt/mech_devel/f1t_mech_ws/install/mech_msg/share/mech_msg/package.dsv
-- Up-to-date: /home/tahnt/mech_devel/f1t_mech_ws/install/mech_msg/share/ament_index/resource_index/packages/mech_msg
-- Up-to-date: /home/tahnt/mech_devel/f1t_mech_ws/install/mech_msg/share/mech_msg/cmake/mech_msg__rosidl_generator_cExport.cmake
-- Installing: /home/tahnt/mech_devel/f1t_mech_ws/install/mech_msg/share/mech_msg/cmake/mech_msg__rosidl_generator_cExport-noconfig.cmake
-- Up-to-date: /home/tahnt/mech_devel/f1t_mech_ws/install/mech_msg/share/mech_msg/cmake/mech_msg__rosidl_typesupport_introspection_cExport.cmake
-- Installing: /home/tahnt/mech_devel/f1t_mech_ws/install/mech_msg/share/mech_msg/cmake/mech_msg__rosidl_typesupport_introspection_cExport-noconfig.cmake
-- Up-to-date: /home/tahnt/mech_devel/f1t_mech_ws/install/mech_msg/share/mech_msg/cmake/mech_msg__rosidl_typesupport_cExport.cmake
-- Installing: /home/tahnt/mech_devel/f1t_mech_ws/install/mech_msg/share/mech_msg/cmake/mech_msg__rosidl_typesupport_cExport-noconfig.cmake
-- Up-to-date: /home/tahnt/mech_devel/f1t_mech_ws/install/mech_msg/share/mech_msg/cmake/mech_msg__rosidl_generator_cppExport.cmake
-- Up-to-date: /home/tahnt/mech_devel/f1t_mech_ws/install/mech_msg/share/mech_msg/cmake/mech_msg__rosidl_typesupport_introspection_cppExport.cmake
-- Installing: /home/tahnt/mech_devel/f1t_mech_ws/install/mech_msg/share/mech_msg/cmake/mech_msg__rosidl_typesupport_introspection_cppExport-noconfig.cmake
-- Up-to-date: /home/tahnt/mech_devel/f1t_mech_ws/install/mech_msg/share/mech_msg/cmake/mech_msg__rosidl_typesupport_cppExport.cmake
-- Installing: /home/tahnt/mech_devel/f1t_mech_ws/install/mech_msg/share/mech_msg/cmake/mech_msg__rosidl_typesupport_cppExport-noconfig.cmake
-- Installing: /home/tahnt/mech_devel/f1t_mech_ws/install/mech_msg/share/mech_msg/cmake/rosidl_cmake-extras.cmake
-- Up-to-date: /home/tahnt/mech_devel/f1t_mech_ws/install/mech_msg/share/mech_msg/cmake/ament_cmake_export_dependencies-extras.cmake
-- Up-to-date: /home/tahnt/mech_devel/f1t_mech_ws/install/mech_msg/share/mech_msg/cmake/ament_cmake_export_libraries-extras.cmake
-- Up-to-date: /home/tahnt/mech_devel/f1t_mech_ws/install/mech_msg/share/mech_msg/cmake/ament_cmake_export_targets-extras.cmake
-- Up-to-date: /home/tahnt/mech_devel/f1t_mech_ws/install/mech_msg/share/mech_msg/cmake/ament_cmake_export_include_directories-extras.cmake
-- Up-to-date: /home/tahnt/mech_devel/f1t_mech_ws/install/mech_msg/share/mech_msg/cmake/rosidl_cmake_export_typesupport_libraries-extras.cmake
-- Up-to-date: /home/tahnt/mech_devel/f1t_mech_ws/install/mech_msg/share/mech_msg/cmake/rosidl_cmake_export_typesupport_targets-extras.cmake
-- Up-to-date: /home/tahnt/mech_devel/f1t_mech_ws/install/mech_msg/share/mech_msg/cmake/mech_msgConfig.cmake
-- Up-to-date: /home/tahnt/mech_devel/f1t_mech_ws/install/mech_msg/share/mech_msg/cmake/mech_msgConfig-version.cmake
-- Up-to-date: /home/tahnt/mech_devel/f1t_mech_ws/install/mech_msg/share/mech_msg/package.xml
