[0.013s] Invoking command in '/home/tahnt/mech_devel/f1t_mech_ws/build/mech_msg': CMAKE_PREFIX_PATH=${CMAKE_PREFIX_PATH}:/opt/ros/galactic /usr/bin/cmake --build /home/tahnt/mech_devel/f1t_mech_ws/build/mech_msg -- -j4 -l4
[0.045s] -- Found ament_cmake: 1.1.6 (/opt/ros/galactic/share/ament_cmake/cmake)
[0.063s] -- Found PythonInterp: /usr/bin/python3 (found suitable version "3.8.10", minimum required is "3") 
[0.063s] -- Using PYTHON_EXECUTABLE: /usr/bin/python3
[0.113s] -- Found rosidl_default_generators: 1.1.1 (/opt/ros/galactic/share/rosidl_default_generators/cmake)
[0.114s] -- Using all available rosidl_typesupport_c: rosidl_typesupport_fastrtps_c;rosidl_typesupport_introspection_c
[0.117s] -- Found rosidl_adapter: 2.2.3 (/opt/ros/galactic/share/rosidl_adapter/cmake)
[0.221s] -- Using all available rosidl_typesupport_cpp: rosidl_typesupport_fastrtps_cpp;rosidl_typesupport_introspection_cpp
[0.259s] -- Found PythonInterp: /usr/bin/python3 (found version "3.8.10") 
[0.355s] -- Found ament_cmake_ros: 0.9.2 (/opt/ros/galactic/share/ament_cmake_ros/cmake)
[0.447s] -- Using all available rosidl_typesupport_c: rosidl_typesupport_fastrtps_c;rosidl_typesupport_introspection_c
[0.453s] -- Using all available rosidl_typesupport_cpp: rosidl_typesupport_fastrtps_cpp;rosidl_typesupport_introspection_cpp
[0.473s] -- Found PythonInterp: /usr/bin/python3 (found suitable version "3.8.10", minimum required is "3.5") 
[0.474s] -- Found python_cmake_module: 0.8.1 (/opt/ros/galactic/share/python_cmake_module/cmake)
[0.495s] -- Using PYTHON_EXECUTABLE: /usr/bin/python3
[0.495s] -- Using PYTHON_INCLUDE_DIRS: /usr/include/python3.8
[0.495s] -- Using PYTHON_LIBRARIES: /usr/lib/x86_64-linux-gnu/libpython3.8.so
[0.507s] -- Found ament_lint_auto: 0.10.7 (/opt/ros/galactic/share/ament_lint_auto/cmake)
[0.515s] -- Added test 'copyright' to check source files copyright and LICENSE
[0.517s] -- Added test 'lint_cmake' to check CMake code style
[0.518s] -- Added test 'xmllint' to check XML markup files
[0.521s] -- Configuring done
[0.557s] -- Generating done
[0.562s] -- Build files have been written to: /home/tahnt/mech_devel/f1t_mech_ws/build/mech_msg
[0.589s] [35m[1mScanning dependencies of target mech_msg__cpp[0m
[0.589s] [  2%] [34m[1mGenerating C code for ROS interfaces[0m
[0.601s] [  5%] [34m[1mGenerating C++ code for ROS interfaces[0m
[0.816s] [35m[1mScanning dependencies of target mech_msg__rosidl_generator_c[0m
[0.820s] [  5%] Built target mech_msg__cpp
[0.830s] [  7%] [32mBuilding C object CMakeFiles/mech_msg__rosidl_generator_c.dir/rosidl_generator_c/mech_msg/msg/detail/lat_err__functions.c.o[0m
[0.831s] [ 10%] [34m[1mGenerating C++ type support dispatch for ROS interfaces[0m
[0.834s] [ 15%] [34m[1mGenerating C++ introspection for ROS interfaces[0m
[0.834s] [ 15%] [34m[1mGenerating C++ type support for eProsima Fast-RTPS[0m
[0.880s] [ 17%] [32mBuilding C object CMakeFiles/mech_msg__rosidl_generator_c.dir/rosidl_generator_c/mech_msg/msg/detail/yaw_err__functions.c.o[0m
[0.921s] [ 20%] [32m[1mLinking C shared library libmech_msg__rosidl_generator_c.so[0m
[0.963s] [ 20%] Built target mech_msg__rosidl_generator_c
[0.983s] [ 23%] [34m[1mGenerating C type support dispatch for ROS interfaces[0m
[1.004s] [35m[1mScanning dependencies of target mech_msg__rosidl_typesupport_cpp[0m
[1.025s] [ 25%] [32mBuilding CXX object CMakeFiles/mech_msg__rosidl_typesupport_cpp.dir/rosidl_typesupport_cpp/mech_msg/msg/lat_err__type_support.cpp.o[0m
[1.054s] [35m[1mScanning dependencies of target mech_msg__rosidl_typesupport_fastrtps_cpp[0m
[1.061s] [35m[1mScanning dependencies of target mech_msg__rosidl_typesupport_introspection_cpp[0m
[1.076s] [ 28%] [32mBuilding CXX object CMakeFiles/mech_msg__rosidl_typesupport_introspection_cpp.dir/rosidl_typesupport_introspection_cpp/mech_msg/msg/detail/lat_err__type_support.cpp.o[0m
[1.086s] [ 30%] [32mBuilding CXX object CMakeFiles/mech_msg__rosidl_typesupport_fastrtps_cpp.dir/rosidl_typesupport_fastrtps_cpp/mech_msg/msg/detail/dds_fastrtps/lat_err__type_support.cpp.o[0m
[1.157s] [35m[1mScanning dependencies of target mech_msg__rosidl_typesupport_c[0m
[1.172s] [ 33%] [32mBuilding CXX object CMakeFiles/mech_msg__rosidl_typesupport_c.dir/rosidl_typesupport_c/mech_msg/msg/lat_err__type_support.cpp.o[0m
[1.201s] [ 35%] [32mBuilding CXX object CMakeFiles/mech_msg__rosidl_typesupport_c.dir/rosidl_typesupport_c/mech_msg/msg/yaw_err__type_support.cpp.o[0m
[1.238s] [ 38%] [32m[1mLinking CXX shared library libmech_msg__rosidl_typesupport_c.so[0m
[1.272s] [ 41%] [32mBuilding CXX object CMakeFiles/mech_msg__rosidl_typesupport_cpp.dir/rosidl_typesupport_cpp/mech_msg/msg/yaw_err__type_support.cpp.o[0m
[1.282s] [ 41%] Built target mech_msg__rosidl_typesupport_c
[1.304s] [ 43%] [34m[1mGenerating C introspection for ROS interfaces[0m
[1.343s] [ 46%] [32mBuilding CXX object CMakeFiles/mech_msg__rosidl_typesupport_introspection_cpp.dir/rosidl_typesupport_introspection_cpp/mech_msg/msg/detail/yaw_err__type_support.cpp.o[0m
[1.448s] [ 48%] [32mBuilding CXX object CMakeFiles/mech_msg__rosidl_typesupport_fastrtps_cpp.dir/rosidl_typesupport_fastrtps_cpp/mech_msg/msg/detail/dds_fastrtps/yaw_err__type_support.cpp.o[0m
[1.528s] [35m[1mScanning dependencies of target mech_msg__rosidl_typesupport_introspection_c[0m
[1.565s] [ 51%] [32mBuilding C object CMakeFiles/mech_msg__rosidl_typesupport_introspection_c.dir/rosidl_typesupport_introspection_c/mech_msg/msg/detail/lat_err__type_support.c.o[0m
[1.597s] [ 53%] [32m[1mLinking CXX shared library libmech_msg__rosidl_typesupport_cpp.so[0m
[1.639s] [ 56%] [32mBuilding C object CMakeFiles/mech_msg__rosidl_typesupport_introspection_c.dir/rosidl_typesupport_introspection_c/mech_msg/msg/detail/yaw_err__type_support.c.o[0m
[1.652s] [ 56%] Built target mech_msg__rosidl_typesupport_cpp
[1.682s] [ 58%] [32m[1mLinking C shared library libmech_msg__rosidl_typesupport_introspection_c.so[0m
[1.689s] [ 61%] [32m[1mLinking CXX shared library libmech_msg__rosidl_typesupport_introspection_cpp.so[0m
[1.730s] [ 61%] Built target mech_msg__rosidl_typesupport_introspection_c
[1.740s] [ 61%] Built target mech_msg__rosidl_typesupport_introspection_cpp
[1.821s] [ 64%] [32m[1mLinking CXX shared library libmech_msg__rosidl_typesupport_fastrtps_cpp.so[0m
[1.898s] [ 64%] Built target mech_msg__rosidl_typesupport_fastrtps_cpp
[1.910s] [ 66%] [34m[1mGenerating C type support for eProsima Fast-RTPS[0m
[2.081s] [35m[1mScanning dependencies of target mech_msg__rosidl_typesupport_fastrtps_c[0m
[2.097s] [ 69%] [32mBuilding CXX object CMakeFiles/mech_msg__rosidl_typesupport_fastrtps_c.dir/rosidl_typesupport_fastrtps_c/mech_msg/msg/detail/lat_err__type_support_c.cpp.o[0m
[2.100s] [ 71%] [32mBuilding CXX object CMakeFiles/mech_msg__rosidl_typesupport_fastrtps_c.dir/rosidl_typesupport_fastrtps_c/mech_msg/msg/detail/yaw_err__type_support_c.cpp.o[0m
[2.362s] [ 74%] [32m[1mLinking CXX shared library libmech_msg__rosidl_typesupport_fastrtps_c.so[0m
[2.439s] [ 74%] Built target mech_msg__rosidl_typesupport_fastrtps_c
[2.464s] [ 74%] Built target mech_msg
[2.477s] [35m[1mScanning dependencies of target mech_msg__py[0m
[2.491s] [ 76%] [34m[1mGenerating Python code for ROS interfaces[0m
[2.812s] [ 76%] Built target mech_msg__py
[2.824s] [35m[1mScanning dependencies of target mech_msg__python[0m
[2.863s] [ 79%] [32mBuilding C object CMakeFiles/mech_msg__python.dir/rosidl_generator_py/mech_msg/msg/_lat_err_s.c.o[0m
[2.865s] [ 82%] [32mBuilding C object CMakeFiles/mech_msg__python.dir/rosidl_generator_py/mech_msg/msg/_yaw_err_s.c.o[0m
[2.939s] [ 84%] [32m[1mLinking C shared library rosidl_generator_py/mech_msg/libmech_msg__python.so[0m
[2.980s] [ 84%] Built target mech_msg__python
[2.993s] [35m[1mScanning dependencies of target mech_msg__rosidl_typesupport_fastrtps_c__pyext[0m
[2.994s] [35m[1mScanning dependencies of target mech_msg__rosidl_typesupport_introspection_c__pyext[0m
[2.998s] [35m[1mScanning dependencies of target mech_msg__rosidl_typesupport_c__pyext[0m
[3.011s] [ 87%] [32mBuilding C object CMakeFiles/mech_msg__rosidl_typesupport_fastrtps_c__pyext.dir/rosidl_generator_py/mech_msg/_mech_msg_s.ep.rosidl_typesupport_fastrtps_c.c.o[0m
[3.022s] [ 89%] [32mBuilding C object CMakeFiles/mech_msg__rosidl_typesupport_c__pyext.dir/rosidl_generator_py/mech_msg/_mech_msg_s.ep.rosidl_typesupport_c.c.o[0m
[3.024s] [ 92%] [32mBuilding C object CMakeFiles/mech_msg__rosidl_typesupport_introspection_c__pyext.dir/rosidl_generator_py/mech_msg/_mech_msg_s.ep.rosidl_typesupport_introspection_c.c.o[0m
[3.098s] [ 94%] [32m[1mLinking CXX shared library rosidl_generator_py/mech_msg/mech_msg_s__rosidl_typesupport_fastrtps_c.cpython-38-x86_64-linux-gnu.so[0m
[3.111s] [ 97%] [32m[1mLinking C shared library rosidl_generator_py/mech_msg/mech_msg_s__rosidl_typesupport_c.cpython-38-x86_64-linux-gnu.so[0m
[3.160s] [100%] [32m[1mLinking C shared library rosidl_generator_py/mech_msg/mech_msg_s__rosidl_typesupport_introspection_c.cpython-38-x86_64-linux-gnu.so[0m
[3.180s] [100%] Built target mech_msg__rosidl_typesupport_c__pyext
[3.195s] [100%] Built target mech_msg__rosidl_typesupport_fastrtps_c__pyext
[3.199s] [100%] Built target mech_msg__rosidl_typesupport_introspection_c__pyext
[3.214s] Invoked command in '/home/tahnt/mech_devel/f1t_mech_ws/build/mech_msg' returned '0': CMAKE_PREFIX_PATH=${CMAKE_PREFIX_PATH}:/opt/ros/galactic /usr/bin/cmake --build /home/tahnt/mech_devel/f1t_mech_ws/build/mech_msg -- -j4 -l4
[3.365s] Invoking command in '/home/tahnt/mech_devel/f1t_mech_ws/build/mech_msg': CMAKE_PREFIX_PATH=${CMAKE_PREFIX_PATH}:/opt/ros/galactic /usr/bin/cmake --install /home/tahnt/mech_devel/f1t_mech_ws/build/mech_msg
[3.379s] -- Install configuration: ""
[3.379s] -- Installing: /home/tahnt/mech_devel/f1t_mech_ws/install/mech_msg/share/ament_index/resource_index/rosidl_interfaces/mech_msg
[3.379s] -- Up-to-date: /home/tahnt/mech_devel/f1t_mech_ws/install/mech_msg/include/mech_msg
[3.379s] -- Up-to-date: /home/tahnt/mech_devel/f1t_mech_ws/install/mech_msg/include/mech_msg/msg
[3.380s] -- Installing: /home/tahnt/mech_devel/f1t_mech_ws/install/mech_msg/include/mech_msg/msg/yaw_err.h
[3.380s] -- Up-to-date: /home/tahnt/mech_devel/f1t_mech_ws/install/mech_msg/include/mech_msg/msg/detail
[3.380s] -- Installing: /home/tahnt/mech_devel/f1t_mech_ws/install/mech_msg/include/mech_msg/msg/detail/lat_err__type_support.h
[3.380s] -- Installing: /home/tahnt/mech_devel/f1t_mech_ws/install/mech_msg/include/mech_msg/msg/detail/lat_err__functions.h
[3.380s] -- Installing: /home/tahnt/mech_devel/f1t_mech_ws/install/mech_msg/include/mech_msg/msg/detail/yaw_err__functions.c
[3.381s] -- Up-to-date: /home/tahnt/mech_devel/f1t_mech_ws/install/mech_msg/include/mech_msg/msg/detail/test__struct.h
[3.381s] -- Up-to-date: /home/tahnt/mech_devel/f1t_mech_ws/install/mech_msg/include/mech_msg/msg/detail/test__type_support.h
[3.381s] -- Installing: /home/tahnt/mech_devel/f1t_mech_ws/install/mech_msg/include/mech_msg/msg/detail/yaw_err__struct.h
[3.381s] -- Up-to-date: /home/tahnt/mech_devel/f1t_mech_ws/install/mech_msg/include/mech_msg/msg/detail/test__functions.h
[3.381s] -- Installing: /home/tahnt/mech_devel/f1t_mech_ws/install/mech_msg/include/mech_msg/msg/detail/lat_err__struct.h
[3.381s] -- Installing: /home/tahnt/mech_devel/f1t_mech_ws/install/mech_msg/include/mech_msg/msg/detail/yaw_err__type_support.h
[3.381s] -- Installing: /home/tahnt/mech_devel/f1t_mech_ws/install/mech_msg/include/mech_msg/msg/detail/yaw_err__functions.h
[3.381s] -- Up-to-date: /home/tahnt/mech_devel/f1t_mech_ws/install/mech_msg/include/mech_msg/msg/detail/test__functions.c
[3.381s] -- Installing: /home/tahnt/mech_devel/f1t_mech_ws/install/mech_msg/include/mech_msg/msg/detail/lat_err__functions.c
[3.382s] -- Installing: /home/tahnt/mech_devel/f1t_mech_ws/install/mech_msg/include/mech_msg/msg/lat_err.h
[3.382s] -- Up-to-date: /home/tahnt/mech_devel/f1t_mech_ws/install/mech_msg/include/mech_msg/msg/test.h
[3.382s] -- Up-to-date: /home/tahnt/mech_devel/f1t_mech_ws/install/mech_msg/include/mech_msg/msg/rosidl_generator_c__visibility_control.h
[3.382s] -- Up-to-date: /home/tahnt/mech_devel/f1t_mech_ws/install/mech_msg/share/mech_msg/environment/library_path.sh
[3.382s] -- Installing: /home/tahnt/mech_devel/f1t_mech_ws/install/mech_msg/share/mech_msg/environment/library_path.dsv
[3.384s] -- Installing: /home/tahnt/mech_devel/f1t_mech_ws/install/mech_msg/lib/libmech_msg__rosidl_generator_c.so
[3.384s] -- Set runtime path of "/home/tahnt/mech_devel/f1t_mech_ws/install/mech_msg/lib/libmech_msg__rosidl_generator_c.so" to ""
[3.384s] -- Up-to-date: /home/tahnt/mech_devel/f1t_mech_ws/install/mech_msg/include/mech_msg
[3.384s] -- Up-to-date: /home/tahnt/mech_devel/f1t_mech_ws/install/mech_msg/include/mech_msg/msg
[3.384s] -- Up-to-date: /home/tahnt/mech_devel/f1t_mech_ws/install/mech_msg/include/mech_msg/msg/detail
[3.384s] -- Installing: /home/tahnt/mech_devel/f1t_mech_ws/install/mech_msg/include/mech_msg/msg/detail/yaw_err__rosidl_typesupport_fastrtps_c.h
[3.385s] -- Up-to-date: /home/tahnt/mech_devel/f1t_mech_ws/install/mech_msg/include/mech_msg/msg/detail/test__rosidl_typesupport_fastrtps_c.h
[3.385s] -- Installing: /home/tahnt/mech_devel/f1t_mech_ws/install/mech_msg/include/mech_msg/msg/detail/lat_err__rosidl_typesupport_fastrtps_c.h
[3.385s] -- Up-to-date: /home/tahnt/mech_devel/f1t_mech_ws/install/mech_msg/include/mech_msg/msg/rosidl_typesupport_fastrtps_c__visibility_control.h
[3.385s] -- Installing: /home/tahnt/mech_devel/f1t_mech_ws/install/mech_msg/lib/libmech_msg__rosidl_typesupport_fastrtps_c.so
[3.386s] -- Set runtime path of "/home/tahnt/mech_devel/f1t_mech_ws/install/mech_msg/lib/libmech_msg__rosidl_typesupport_fastrtps_c.so" to ""
[3.386s] -- Up-to-date: /home/tahnt/mech_devel/f1t_mech_ws/install/mech_msg/include/mech_msg
[3.386s] -- Up-to-date: /home/tahnt/mech_devel/f1t_mech_ws/install/mech_msg/include/mech_msg/msg
[3.386s] -- Up-to-date: /home/tahnt/mech_devel/f1t_mech_ws/install/mech_msg/include/mech_msg/msg/detail
[3.386s] -- Up-to-date: /home/tahnt/mech_devel/f1t_mech_ws/install/mech_msg/include/mech_msg/msg/detail/dds_fastrtps
[3.387s] -- Installing: /home/tahnt/mech_devel/f1t_mech_ws/install/mech_msg/include/mech_msg/msg/detail/yaw_err__rosidl_typesupport_fastrtps_cpp.hpp
[3.387s] -- Installing: /home/tahnt/mech_devel/f1t_mech_ws/install/mech_msg/include/mech_msg/msg/detail/lat_err__rosidl_typesupport_fastrtps_cpp.hpp
[3.388s] -- Up-to-date: /home/tahnt/mech_devel/f1t_mech_ws/install/mech_msg/include/mech_msg/msg/detail/test__rosidl_typesupport_fastrtps_cpp.hpp
[3.388s] -- Up-to-date: /home/tahnt/mech_devel/f1t_mech_ws/install/mech_msg/include/mech_msg/msg/rosidl_typesupport_fastrtps_cpp__visibility_control.h
[3.388s] -- Installing: /home/tahnt/mech_devel/f1t_mech_ws/install/mech_msg/lib/libmech_msg__rosidl_typesupport_fastrtps_cpp.so
[3.389s] -- Set runtime path of "/home/tahnt/mech_devel/f1t_mech_ws/install/mech_msg/lib/libmech_msg__rosidl_typesupport_fastrtps_cpp.so" to ""
[3.389s] -- Up-to-date: /home/tahnt/mech_devel/f1t_mech_ws/install/mech_msg/include/mech_msg
[3.389s] -- Up-to-date: /home/tahnt/mech_devel/f1t_mech_ws/install/mech_msg/include/mech_msg/msg
[3.389s] -- Up-to-date: /home/tahnt/mech_devel/f1t_mech_ws/install/mech_msg/include/mech_msg/msg/detail
[3.389s] -- Installing: /home/tahnt/mech_devel/f1t_mech_ws/install/mech_msg/include/mech_msg/msg/detail/lat_err__type_support.c
[3.390s] -- Up-to-date: /home/tahnt/mech_devel/f1t_mech_ws/install/mech_msg/include/mech_msg/msg/detail/test__type_support.c
[3.390s] -- Installing: /home/tahnt/mech_devel/f1t_mech_ws/install/mech_msg/include/mech_msg/msg/detail/yaw_err__rosidl_typesupport_introspection_c.h
[3.390s] -- Installing: /home/tahnt/mech_devel/f1t_mech_ws/install/mech_msg/include/mech_msg/msg/detail/yaw_err__type_support.c
[3.390s] -- Installing: /home/tahnt/mech_devel/f1t_mech_ws/install/mech_msg/include/mech_msg/msg/detail/lat_err__rosidl_typesupport_introspection_c.h
[3.390s] -- Up-to-date: /home/tahnt/mech_devel/f1t_mech_ws/install/mech_msg/include/mech_msg/msg/detail/test__rosidl_typesupport_introspection_c.h
[3.390s] -- Up-to-date: /home/tahnt/mech_devel/f1t_mech_ws/install/mech_msg/include/mech_msg/msg/rosidl_typesupport_introspection_c__visibility_control.h
[3.391s] -- Installing: /home/tahnt/mech_devel/f1t_mech_ws/install/mech_msg/lib/libmech_msg__rosidl_typesupport_introspection_c.so
[3.391s] -- Set runtime path of "/home/tahnt/mech_devel/f1t_mech_ws/install/mech_msg/lib/libmech_msg__rosidl_typesupport_introspection_c.so" to ""
[3.392s] -- Installing: /home/tahnt/mech_devel/f1t_mech_ws/install/mech_msg/lib/libmech_msg__rosidl_typesupport_c.so
[3.392s] -- Set runtime path of "/home/tahnt/mech_devel/f1t_mech_ws/install/mech_msg/lib/libmech_msg__rosidl_typesupport_c.so" to ""
[3.392s] -- Up-to-date: /home/tahnt/mech_devel/f1t_mech_ws/install/mech_msg/include/mech_msg
[3.393s] -- Up-to-date: /home/tahnt/mech_devel/f1t_mech_ws/install/mech_msg/include/mech_msg/msg
[3.393s] -- Up-to-date: /home/tahnt/mech_devel/f1t_mech_ws/install/mech_msg/include/mech_msg/msg/detail
[3.393s] -- Up-to-date: /home/tahnt/mech_devel/f1t_mech_ws/install/mech_msg/include/mech_msg/msg/detail/test__builder.hpp
[3.393s] -- Installing: /home/tahnt/mech_devel/f1t_mech_ws/install/mech_msg/include/mech_msg/msg/detail/lat_err__struct.hpp
[3.393s] -- Installing: /home/tahnt/mech_devel/f1t_mech_ws/install/mech_msg/include/mech_msg/msg/detail/lat_err__builder.hpp
[3.394s] -- Up-to-date: /home/tahnt/mech_devel/f1t_mech_ws/install/mech_msg/include/mech_msg/msg/detail/test__struct.hpp
[3.394s] -- Installing: /home/tahnt/mech_devel/f1t_mech_ws/install/mech_msg/include/mech_msg/msg/detail/yaw_err__builder.hpp
[3.394s] -- Up-to-date: /home/tahnt/mech_devel/f1t_mech_ws/install/mech_msg/include/mech_msg/msg/detail/test__traits.hpp
[3.394s] -- Installing: /home/tahnt/mech_devel/f1t_mech_ws/install/mech_msg/include/mech_msg/msg/detail/lat_err__traits.hpp
[3.394s] -- Installing: /home/tahnt/mech_devel/f1t_mech_ws/install/mech_msg/include/mech_msg/msg/detail/yaw_err__struct.hpp
[3.395s] -- Installing: /home/tahnt/mech_devel/f1t_mech_ws/install/mech_msg/include/mech_msg/msg/detail/yaw_err__traits.hpp
[3.395s] -- Installing: /home/tahnt/mech_devel/f1t_mech_ws/install/mech_msg/include/mech_msg/msg/yaw_err.hpp
[3.395s] -- Installing: /home/tahnt/mech_devel/f1t_mech_ws/install/mech_msg/include/mech_msg/msg/lat_err.hpp
[3.395s] -- Up-to-date: /home/tahnt/mech_devel/f1t_mech_ws/install/mech_msg/include/mech_msg/msg/test.hpp
[3.396s] -- Up-to-date: /home/tahnt/mech_devel/f1t_mech_ws/install/mech_msg/include/mech_msg
[3.396s] -- Up-to-date: /home/tahnt/mech_devel/f1t_mech_ws/install/mech_msg/include/mech_msg/msg
[3.396s] -- Up-to-date: /home/tahnt/mech_devel/f1t_mech_ws/install/mech_msg/include/mech_msg/msg/detail
[3.396s] -- Up-to-date: /home/tahnt/mech_devel/f1t_mech_ws/install/mech_msg/include/mech_msg/msg/detail/test__type_support.cpp
[3.396s] -- Installing: /home/tahnt/mech_devel/f1t_mech_ws/install/mech_msg/include/mech_msg/msg/detail/lat_err__rosidl_typesupport_introspection_cpp.hpp
[3.396s] -- Installing: /home/tahnt/mech_devel/f1t_mech_ws/install/mech_msg/include/mech_msg/msg/detail/yaw_err__rosidl_typesupport_introspection_cpp.hpp
[3.397s] -- Up-to-date: /home/tahnt/mech_devel/f1t_mech_ws/install/mech_msg/include/mech_msg/msg/detail/test__rosidl_typesupport_introspection_cpp.hpp
[3.397s] -- Installing: /home/tahnt/mech_devel/f1t_mech_ws/install/mech_msg/include/mech_msg/msg/detail/yaw_err__type_support.cpp
[3.397s] -- Installing: /home/tahnt/mech_devel/f1t_mech_ws/install/mech_msg/include/mech_msg/msg/detail/lat_err__type_support.cpp
[3.397s] -- Installing: /home/tahnt/mech_devel/f1t_mech_ws/install/mech_msg/lib/libmech_msg__rosidl_typesupport_introspection_cpp.so
[3.398s] -- Set runtime path of "/home/tahnt/mech_devel/f1t_mech_ws/install/mech_msg/lib/libmech_msg__rosidl_typesupport_introspection_cpp.so" to ""
[3.398s] -- Installing: /home/tahnt/mech_devel/f1t_mech_ws/install/mech_msg/lib/libmech_msg__rosidl_typesupport_cpp.so
[3.399s] -- Set runtime path of "/home/tahnt/mech_devel/f1t_mech_ws/install/mech_msg/lib/libmech_msg__rosidl_typesupport_cpp.so" to ""
[3.399s] -- Up-to-date: /home/tahnt/mech_devel/f1t_mech_ws/install/mech_msg/share/mech_msg/environment/pythonpath.sh
[3.399s] -- Installing: /home/tahnt/mech_devel/f1t_mech_ws/install/mech_msg/share/mech_msg/environment/pythonpath.dsv
[3.400s] -- Installing: /home/tahnt/mech_devel/f1t_mech_ws/install/mech_msg/lib/python3.8/site-packages/mech_msg/__init__.py
[3.428s] Compiling '/home/tahnt/mech_devel/f1t_mech_ws/install/mech_msg/lib/python3.8/site-packages/mech_msg/__init__.py'...
[3.433s] -- Up-to-date: /home/tahnt/mech_devel/f1t_mech_ws/install/mech_msg/lib/python3.8/site-packages/mech_msg/msg
[3.433s] -- Up-to-date: /home/tahnt/mech_devel/f1t_mech_ws/install/mech_msg/lib/python3.8/site-packages/mech_msg/msg/_test_s.c
[3.433s] -- Installing: /home/tahnt/mech_devel/f1t_mech_ws/install/mech_msg/lib/python3.8/site-packages/mech_msg/msg/_yaw_err_s.c
[3.433s] -- Installing: /home/tahnt/mech_devel/f1t_mech_ws/install/mech_msg/lib/python3.8/site-packages/mech_msg/msg/_lat_err.py
[3.433s] -- Up-to-date: /home/tahnt/mech_devel/f1t_mech_ws/install/mech_msg/lib/python3.8/site-packages/mech_msg/msg/_test.py
[3.433s] -- Installing: /home/tahnt/mech_devel/f1t_mech_ws/install/mech_msg/lib/python3.8/site-packages/mech_msg/msg/_lat_err_s.c
[3.433s] -- Installing: /home/tahnt/mech_devel/f1t_mech_ws/install/mech_msg/lib/python3.8/site-packages/mech_msg/msg/__init__.py
[3.433s] -- Installing: /home/tahnt/mech_devel/f1t_mech_ws/install/mech_msg/lib/python3.8/site-packages/mech_msg/msg/_yaw_err.py
[3.433s] -- Installing: /home/tahnt/mech_devel/f1t_mech_ws/install/mech_msg/lib/python3.8/site-packages/mech_msg/mech_msg_s__rosidl_typesupport_fastrtps_c.cpython-38-x86_64-linux-gnu.so
[3.433s] -- Set runtime path of "/home/tahnt/mech_devel/f1t_mech_ws/install/mech_msg/lib/python3.8/site-packages/mech_msg/mech_msg_s__rosidl_typesupport_fastrtps_c.cpython-38-x86_64-linux-gnu.so" to ""
[3.434s] -- Installing: /home/tahnt/mech_devel/f1t_mech_ws/install/mech_msg/lib/python3.8/site-packages/mech_msg/mech_msg_s__rosidl_typesupport_introspection_c.cpython-38-x86_64-linux-gnu.so
[3.435s] -- Set runtime path of "/home/tahnt/mech_devel/f1t_mech_ws/install/mech_msg/lib/python3.8/site-packages/mech_msg/mech_msg_s__rosidl_typesupport_introspection_c.cpython-38-x86_64-linux-gnu.so" to ""
[3.439s] -- Installing: /home/tahnt/mech_devel/f1t_mech_ws/install/mech_msg/lib/python3.8/site-packages/mech_msg/mech_msg_s__rosidl_typesupport_c.cpython-38-x86_64-linux-gnu.so
[3.439s] -- Set runtime path of "/home/tahnt/mech_devel/f1t_mech_ws/install/mech_msg/lib/python3.8/site-packages/mech_msg/mech_msg_s__rosidl_typesupport_c.cpython-38-x86_64-linux-gnu.so" to ""
[3.440s] -- Installing: /home/tahnt/mech_devel/f1t_mech_ws/install/mech_msg/lib/libmech_msg__python.so
[3.440s] -- Set runtime path of "/home/tahnt/mech_devel/f1t_mech_ws/install/mech_msg/lib/libmech_msg__python.so" to ""
[3.440s] -- Up-to-date: /home/tahnt/mech_devel/f1t_mech_ws/install/mech_msg/share/mech_msg/msg/LatErr.idl
[3.440s] -- Installing: /home/tahnt/mech_devel/f1t_mech_ws/install/mech_msg/share/mech_msg/msg/YawErr.idl
[3.440s] -- Up-to-date: /home/tahnt/mech_devel/f1t_mech_ws/install/mech_msg/share/mech_msg/msg/LatErr.msg
[3.440s] -- Installing: /home/tahnt/mech_devel/f1t_mech_ws/install/mech_msg/share/mech_msg/msg/YawErr.msg
[3.440s] -- Up-to-date: /home/tahnt/mech_devel/f1t_mech_ws/install/mech_msg/share/ament_index/resource_index/package_run_dependencies/mech_msg
[3.440s] -- Up-to-date: /home/tahnt/mech_devel/f1t_mech_ws/install/mech_msg/share/ament_index/resource_index/parent_prefix_path/mech_msg
[3.440s] -- Up-to-date: /home/tahnt/mech_devel/f1t_mech_ws/install/mech_msg/share/mech_msg/environment/ament_prefix_path.sh
[3.440s] -- Installing: /home/tahnt/mech_devel/f1t_mech_ws/install/mech_msg/share/mech_msg/environment/ament_prefix_path.dsv
[3.440s] -- Up-to-date: /home/tahnt/mech_devel/f1t_mech_ws/install/mech_msg/share/mech_msg/environment/path.sh
[3.440s] -- Installing: /home/tahnt/mech_devel/f1t_mech_ws/install/mech_msg/share/mech_msg/environment/path.dsv
[3.440s] -- Up-to-date: /home/tahnt/mech_devel/f1t_mech_ws/install/mech_msg/share/mech_msg/local_setup.bash
[3.440s] -- Up-to-date: /home/tahnt/mech_devel/f1t_mech_ws/install/mech_msg/share/mech_msg/local_setup.sh
[3.440s] -- Up-to-date: /home/tahnt/mech_devel/f1t_mech_ws/install/mech_msg/share/mech_msg/local_setup.zsh
[3.440s] -- Installing: /home/tahnt/mech_devel/f1t_mech_ws/install/mech_msg/share/mech_msg/local_setup.dsv
[3.441s] -- Installing: /home/tahnt/mech_devel/f1t_mech_ws/install/mech_msg/share/mech_msg/package.dsv
[3.441s] -- Up-to-date: /home/tahnt/mech_devel/f1t_mech_ws/install/mech_msg/share/ament_index/resource_index/packages/mech_msg
[3.441s] -- Up-to-date: /home/tahnt/mech_devel/f1t_mech_ws/install/mech_msg/share/mech_msg/cmake/mech_msg__rosidl_generator_cExport.cmake
[3.441s] -- Installing: /home/tahnt/mech_devel/f1t_mech_ws/install/mech_msg/share/mech_msg/cmake/mech_msg__rosidl_generator_cExport-noconfig.cmake
[3.442s] -- Up-to-date: /home/tahnt/mech_devel/f1t_mech_ws/install/mech_msg/share/mech_msg/cmake/mech_msg__rosidl_typesupport_introspection_cExport.cmake
[3.442s] -- Installing: /home/tahnt/mech_devel/f1t_mech_ws/install/mech_msg/share/mech_msg/cmake/mech_msg__rosidl_typesupport_introspection_cExport-noconfig.cmake
[3.443s] -- Up-to-date: /home/tahnt/mech_devel/f1t_mech_ws/install/mech_msg/share/mech_msg/cmake/mech_msg__rosidl_typesupport_cExport.cmake
[3.443s] -- Installing: /home/tahnt/mech_devel/f1t_mech_ws/install/mech_msg/share/mech_msg/cmake/mech_msg__rosidl_typesupport_cExport-noconfig.cmake
[3.443s] -- Up-to-date: /home/tahnt/mech_devel/f1t_mech_ws/install/mech_msg/share/mech_msg/cmake/mech_msg__rosidl_generator_cppExport.cmake
[3.443s] -- Up-to-date: /home/tahnt/mech_devel/f1t_mech_ws/install/mech_msg/share/mech_msg/cmake/mech_msg__rosidl_typesupport_introspection_cppExport.cmake
[3.444s] -- Installing: /home/tahnt/mech_devel/f1t_mech_ws/install/mech_msg/share/mech_msg/cmake/mech_msg__rosidl_typesupport_introspection_cppExport-noconfig.cmake
[3.444s] -- Up-to-date: /home/tahnt/mech_devel/f1t_mech_ws/install/mech_msg/share/mech_msg/cmake/mech_msg__rosidl_typesupport_cppExport.cmake
[3.444s] -- Installing: /home/tahnt/mech_devel/f1t_mech_ws/install/mech_msg/share/mech_msg/cmake/mech_msg__rosidl_typesupport_cppExport-noconfig.cmake
[3.444s] -- Installing: /home/tahnt/mech_devel/f1t_mech_ws/install/mech_msg/share/mech_msg/cmake/rosidl_cmake-extras.cmake
[3.445s] -- Up-to-date: /home/tahnt/mech_devel/f1t_mech_ws/install/mech_msg/share/mech_msg/cmake/ament_cmake_export_dependencies-extras.cmake
[3.445s] -- Up-to-date: /home/tahnt/mech_devel/f1t_mech_ws/install/mech_msg/share/mech_msg/cmake/ament_cmake_export_libraries-extras.cmake
[3.445s] -- Up-to-date: /home/tahnt/mech_devel/f1t_mech_ws/install/mech_msg/share/mech_msg/cmake/ament_cmake_export_targets-extras.cmake
[3.445s] -- Up-to-date: /home/tahnt/mech_devel/f1t_mech_ws/install/mech_msg/share/mech_msg/cmake/ament_cmake_export_include_directories-extras.cmake
[3.445s] -- Up-to-date: /home/tahnt/mech_devel/f1t_mech_ws/install/mech_msg/share/mech_msg/cmake/rosidl_cmake_export_typesupport_libraries-extras.cmake
[3.445s] -- Up-to-date: /home/tahnt/mech_devel/f1t_mech_ws/install/mech_msg/share/mech_msg/cmake/rosidl_cmake_export_typesupport_targets-extras.cmake
[3.446s] -- Up-to-date: /home/tahnt/mech_devel/f1t_mech_ws/install/mech_msg/share/mech_msg/cmake/mech_msgConfig.cmake
[3.446s] -- Up-to-date: /home/tahnt/mech_devel/f1t_mech_ws/install/mech_msg/share/mech_msg/cmake/mech_msgConfig-version.cmake
[3.446s] -- Up-to-date: /home/tahnt/mech_devel/f1t_mech_ws/install/mech_msg/share/mech_msg/package.xml
[3.449s] Invoked command in '/home/tahnt/mech_devel/f1t_mech_ws/build/mech_msg' returned '0': CMAKE_PREFIX_PATH=${CMAKE_PREFIX_PATH}:/opt/ros/galactic /usr/bin/cmake --install /home/tahnt/mech_devel/f1t_mech_ws/build/mech_msg
