[0.011s] Invoking command in '/home/tahnt/mech_devel/f1t_mech_ws/build/mech_msg': CMAKE_PREFIX_PATH=${CMAKE_PREFIX_PATH}:/opt/ros/galactic /usr/bin/cmake --build /home/tahnt/mech_devel/f1t_mech_ws/build/mech_msg -- -j4 -l4
[0.036s] -- Found ament_cmake: 1.1.6 (/opt/ros/galactic/share/ament_cmake/cmake)
[0.056s] -- Using PYTHON_EXECUTABLE: /usr/bin/python3
[0.102s] -- Found rosidl_default_generators: 1.1.1 (/opt/ros/galactic/share/rosidl_default_generators/cmake)
[0.105s] -- Using all available rosidl_typesupport_c: rosidl_typesupport_fastrtps_c;rosidl_typesupport_introspection_c
[0.110s] -- Found rosidl_adapter: 2.2.3 (/opt/ros/galactic/share/rosidl_adapter/cmake)
[0.202s] -- Found OpenSSL: /usr/lib/x86_64-linux-gnu/libcrypto.so (found version "1.1.1f")  
[0.223s] -- Found FastRTPS: /opt/ros/galactic/include  
[0.286s] -- Using all available rosidl_typesupport_cpp: rosidl_typesupport_fastrtps_cpp;rosidl_typesupport_introspection_cpp
[0.305s] CMake Error at /opt/ros/galactic/share/rosidl_cmake/cmake/rosidl_generate_interfaces.cmake:93 (message):
[0.305s]   rosidl_generate_interfaces() the passed file 'msg/test.msg' doesn't exist
[0.306s]   relative to the CMAKE_CURRENT_SOURCE_DIR
[0.306s]   '/home/tahnt/mech_devel/f1t_mech_ws/src/mech_msg'
[0.307s] Call Stack (most recent call first):
[0.307s]   CMakeLists.txt:12 (rosidl_generate_interfaces)
[0.307s] 
[0.307s] 
[0.308s] -- Configuring incomplete, errors occurred!
[0.308s] See also "/home/tahnt/mech_devel/f1t_mech_ws/build/mech_msg/CMakeFiles/CMakeOutput.log".
[0.310s] make: *** [Makefile:222: cmake_check_build_system] Error 1
[0.314s] Invoked command in '/home/tahnt/mech_devel/f1t_mech_ws/build/mech_msg' returned '2': CMAKE_PREFIX_PATH=${CMAKE_PREFIX_PATH}:/opt/ros/galactic /usr/bin/cmake --build /home/tahnt/mech_devel/f1t_mech_ws/build/mech_msg -- -j4 -l4
