[0.098s] Invoking command in '/home/f1t/mech_devel/f1t_mech_ws/build/img_proc': CMAKE_PREFIX_PATH=${CMAKE_PREFIX_PATH}:/opt/ros/galactic /usr/bin/cmake --build /home/f1t/mech_devel/f1t_mech_ws/build/img_proc -- -j6 -l6
[0.386s] [35m[1mScanning dependencies of target img_proc_node[0m
[0.743s] [ 50%] [32mBuilding CXX object CMakeFiles/img_proc_node.dir/src/img_proc_node.cpp.o[0m
[37.961s] [01m[K/home/f1t/mech_devel/f1t_mech_ws/src/img_proc/src/img_proc_node.cpp:[m[K In member function ‘[01m[Kvoid ImageProcessor::histogram(cv::Mat&)[m[K’:
[37.962s] [01m[K/home/f1t/mech_devel/f1t_mech_ws/src/img_proc/src/img_proc_node.cpp:135:14:[m[K [01;31m[Kerror: [m[Kexpected ‘[01m[K;[m[K’ before ‘[01m[Knp[m[K’
[37.963s]   135 |     histogram[01;31m[K [m[K[32m[Knp[m[K.sum(img[int(img.size().height/2):,:], axis=0);
[37.964s]       |              [01;31m[K^[m[K[32m[K~~[m[K
[37.964s]       |              [32m[K;[m[K
[37.965s] [01m[K/home/f1t/mech_devel/f1t_mech_ws/src/img_proc/src/img_proc_node.cpp:135:5:[m[K [01;31m[Kerror: [m[Kinvalid use of non-static member function ‘[01m[Kvoid ImageProcessor::histogram(cv::Mat&)[m[K’
[37.965s]   135 |     [01;31m[Khistogram[m[K np.sum(img[int(img.size().height/2):,:], axis=0);
[37.966s]       |     [01;31m[K^~~~~~~~~[m[K
[37.966s] [01m[K/home/f1t/mech_devel/f1t_mech_ws/src/img_proc/src/img_proc_node.cpp:133:6:[m[K [01;36m[Knote: [m[Kdeclared here
[37.967s]   133 | void [01;36m[KImageProcessor[m[K::histogram(cv::Mat& img)
[37.967s]       |      [01;36m[K^~~~~~~~~~~~~~[m[K
[37.968s] [01m[K/home/f1t/mech_devel/f1t_mech_ws/src/img_proc/src/img_proc_node.cpp:133:41:[m[K [01;35m[Kwarning: [m[Kunused parameter ‘[01m[Kimg[m[K’ [[01;35m[K-Wunused-parameter[m[K]
[37.969s]   133 | void ImageProcessor::histogram([01;35m[Kcv::Mat& img[m[K)
[37.971s]       |                                [01;35m[K~~~~~~~~~^~~[m[K
[56.944s] make[2]: *** [CMakeFiles/img_proc_node.dir/build.make:63: CMakeFiles/img_proc_node.dir/src/img_proc_node.cpp.o] Error 1
[56.950s] make[1]: *** [CMakeFiles/Makefile2:78: CMakeFiles/img_proc_node.dir/all] Error 2
[56.950s] make: *** [Makefile:141: all] Error 2
[56.952s] Invoked command in '/home/f1t/mech_devel/f1t_mech_ws/build/img_proc' returned '2': CMAKE_PREFIX_PATH=${CMAKE_PREFIX_PATH}:/opt/ros/galactic /usr/bin/cmake --build /home/f1t/mech_devel/f1t_mech_ws/build/img_proc -- -j6 -l6
