[0.134s] DEBUG:colcon:Command line arguments: ['/usr/bin/colcon', 'build']
[0.134s] DEBUG:colcon:Parsed command line arguments: Namespace(allow_overriding=[], ament_cmake_args=None, base_paths=['.'], build_base='build', catkin_cmake_args=None, catkin_skip_building_tests=False, cmake_args=None, cmake_clean_cache=False, cmake_clean_first=False, cmake_force_configure=False, cmake_target=None, cmake_target_skip_unavailable=False, continue_on_error=False, event_handlers=None, executor='parallel', ignore_user_meta=False, install_base='install', log_base=None, log_level=None, main=<bound method BuildVerb.main of <colcon_core.verb.build.BuildVerb object at 0x7fa8897bb490>>, merge_install=False, metas=['./colcon.meta'], packages_above=None, packages_above_and_dependencies=None, packages_above_depth=None, packages_end=None, packages_ignore=None, packages_ignore_regex=None, packages_select=None, packages_select_build_failed=False, packages_select_by_dep=None, packages_select_regex=None, packages_select_test_failures=False, packages_skip=None, packages_skip_build_finished=False, packages_skip_by_dep=None, packages_skip_regex=None, packages_skip_test_passed=False, packages_skip_up_to=None, packages_start=None, packages_up_to=None, packages_up_to_regex=None, parallel_workers=4, paths=None, symlink_install=False, test_result_base=None, verb_extension=<colcon_core.verb.build.BuildVerb object at 0x7fa8897bb490>, verb_name='build', verb_parser=<colcon_defaults.argument_parser.defaults.DefaultArgumentsDecorator object at 0x7fa889687250>)
[0.246s] Level 1:colcon.colcon_core.package_discovery:discover_packages(colcon_meta) check parameters
[0.246s] Level 1:colcon.colcon_core.package_discovery:discover_packages(recursive) check parameters
[0.246s] Level 1:colcon.colcon_core.package_discovery:discover_packages(ignore) check parameters
[0.246s] Level 1:colcon.colcon_core.package_discovery:discover_packages(path) check parameters
[0.246s] Level 1:colcon.colcon_core.package_discovery:discover_packages(colcon_meta) discover
[0.246s] Level 1:colcon.colcon_core.package_discovery:discover_packages(recursive) discover
[0.246s] INFO:colcon.colcon_core.package_discovery:Crawling recursively for packages in '/home/tahnt/mech_devel/f1t_mech_ws'
[0.246s] Level 1:colcon.colcon_core.package_identification:_identify(.) by extensions ['ignore', 'ignore_ament_install']
[0.246s] Level 1:colcon.colcon_core.package_identification:_identify(.) by extension 'ignore'
[0.246s] Level 1:colcon.colcon_core.package_identification:_identify(.) by extension 'ignore_ament_install'
[0.246s] Level 1:colcon.colcon_core.package_identification:_identify(.) by extensions ['colcon_pkg']
[0.246s] Level 1:colcon.colcon_core.package_identification:_identify(.) by extension 'colcon_pkg'
[0.246s] Level 1:colcon.colcon_core.package_identification:_identify(.) by extensions ['colcon_meta']
[0.246s] Level 1:colcon.colcon_core.package_identification:_identify(.) by extension 'colcon_meta'
[0.246s] Level 1:colcon.colcon_core.package_identification:_identify(.) by extensions ['ros']
[0.246s] Level 1:colcon.colcon_core.package_identification:_identify(.) by extension 'ros'
[0.255s] Level 1:colcon.colcon_core.package_identification:_identify(.) by extensions ['cmake', 'python']
[0.256s] Level 1:colcon.colcon_core.package_identification:_identify(.) by extension 'cmake'
[0.256s] Level 1:colcon.colcon_core.package_identification:_identify(.) by extension 'python'
[0.256s] Level 1:colcon.colcon_core.package_identification:_identify(.) by extensions ['python_setup_py']
[0.256s] Level 1:colcon.colcon_core.package_identification:_identify(.) by extension 'python_setup_py'
[0.256s] Level 1:colcon.colcon_core.package_identification:_identify(build) by extensions ['ignore', 'ignore_ament_install']
[0.256s] Level 1:colcon.colcon_core.package_identification:_identify(build) by extension 'ignore'
[0.256s] Level 1:colcon.colcon_core.package_identification:_identify(build) ignored
[0.256s] Level 1:colcon.colcon_core.package_identification:_identify(install) by extensions ['ignore', 'ignore_ament_install']
[0.256s] Level 1:colcon.colcon_core.package_identification:_identify(install) by extension 'ignore'
[0.256s] Level 1:colcon.colcon_core.package_identification:_identify(install) ignored
[0.256s] Level 1:colcon.colcon_core.package_identification:_identify(log) by extensions ['ignore', 'ignore_ament_install']
[0.256s] Level 1:colcon.colcon_core.package_identification:_identify(log) by extension 'ignore'
[0.256s] Level 1:colcon.colcon_core.package_identification:_identify(log) ignored
[0.256s] Level 1:colcon.colcon_core.package_identification:_identify(src) by extensions ['ignore', 'ignore_ament_install']
[0.256s] Level 1:colcon.colcon_core.package_identification:_identify(src) by extension 'ignore'
[0.256s] Level 1:colcon.colcon_core.package_identification:_identify(src) by extension 'ignore_ament_install'
[0.256s] Level 1:colcon.colcon_core.package_identification:_identify(src) by extensions ['colcon_pkg']
[0.257s] Level 1:colcon.colcon_core.package_identification:_identify(src) by extension 'colcon_pkg'
[0.257s] Level 1:colcon.colcon_core.package_identification:_identify(src) by extensions ['colcon_meta']
[0.257s] Level 1:colcon.colcon_core.package_identification:_identify(src) by extension 'colcon_meta'
[0.257s] Level 1:colcon.colcon_core.package_identification:_identify(src) by extensions ['ros']
[0.257s] Level 1:colcon.colcon_core.package_identification:_identify(src) by extension 'ros'
[0.257s] Level 1:colcon.colcon_core.package_identification:_identify(src) by extensions ['cmake', 'python']
[0.257s] Level 1:colcon.colcon_core.package_identification:_identify(src) by extension 'cmake'
[0.257s] Level 1:colcon.colcon_core.package_identification:_identify(src) by extension 'python'
[0.257s] Level 1:colcon.colcon_core.package_identification:_identify(src) by extensions ['python_setup_py']
[0.257s] Level 1:colcon.colcon_core.package_identification:_identify(src) by extension 'python_setup_py'
[0.257s] Level 1:colcon.colcon_core.package_identification:_identify(src/img_proc) by extensions ['ignore', 'ignore_ament_install']
[0.257s] Level 1:colcon.colcon_core.package_identification:_identify(src/img_proc) by extension 'ignore'
[0.257s] Level 1:colcon.colcon_core.package_identification:_identify(src/img_proc) by extension 'ignore_ament_install'
[0.257s] Level 1:colcon.colcon_core.package_identification:_identify(src/img_proc) by extensions ['colcon_pkg']
[0.257s] Level 1:colcon.colcon_core.package_identification:_identify(src/img_proc) by extension 'colcon_pkg'
[0.257s] Level 1:colcon.colcon_core.package_identification:_identify(src/img_proc) by extensions ['colcon_meta']
[0.257s] Level 1:colcon.colcon_core.package_identification:_identify(src/img_proc) by extension 'colcon_meta'
[0.257s] Level 1:colcon.colcon_core.package_identification:_identify(src/img_proc) by extensions ['ros']
[0.257s] Level 1:colcon.colcon_core.package_identification:_identify(src/img_proc) by extension 'ros'
[0.259s] DEBUG:colcon.colcon_core.package_identification:Package 'src/img_proc' with type 'ros.ament_cmake' and name 'img_proc'
[0.259s] Level 1:colcon.colcon_core.package_identification:_identify(src/mech_msg) by extensions ['ignore', 'ignore_ament_install']
[0.260s] Level 1:colcon.colcon_core.package_identification:_identify(src/mech_msg) by extension 'ignore'
[0.260s] Level 1:colcon.colcon_core.package_identification:_identify(src/mech_msg) by extension 'ignore_ament_install'
[0.260s] Level 1:colcon.colcon_core.package_identification:_identify(src/mech_msg) by extensions ['colcon_pkg']
[0.260s] Level 1:colcon.colcon_core.package_identification:_identify(src/mech_msg) by extension 'colcon_pkg'
[0.260s] Level 1:colcon.colcon_core.package_identification:_identify(src/mech_msg) by extensions ['colcon_meta']
[0.260s] Level 1:colcon.colcon_core.package_identification:_identify(src/mech_msg) by extension 'colcon_meta'
[0.260s] Level 1:colcon.colcon_core.package_identification:_identify(src/mech_msg) by extensions ['ros']
[0.260s] Level 1:colcon.colcon_core.package_identification:_identify(src/mech_msg) by extension 'ros'
[0.260s] DEBUG:colcon.colcon_core.package_identification:Package 'src/mech_msg' with type 'ros.ament_cmake' and name 'mech_msg'
[0.260s] Level 1:colcon.colcon_core.package_discovery:discover_packages(recursive) using defaults
[0.260s] Level 1:colcon.colcon_core.package_discovery:discover_packages(ignore) discover
[0.260s] Level 1:colcon.colcon_core.package_discovery:discover_packages(ignore) using defaults
[0.260s] Level 1:colcon.colcon_core.package_discovery:discover_packages(path) discover
[0.260s] Level 1:colcon.colcon_core.package_discovery:discover_packages(path) using defaults
[0.272s] Level 1:colcon.colcon_core.package_discovery:discover_packages(prefix_path) check parameters
[0.272s] Level 1:colcon.colcon_core.package_discovery:discover_packages(prefix_path) discover
[0.273s] DEBUG:colcon.colcon_installed_package_information.package_discovery:Found 3 installed packages in /home/tahnt/mech_devel/f1t_mech_ws/install
[0.273s] DEBUG:colcon.colcon_installed_package_information.package_discovery:Found 2 installed packages in /home/tahnt/ros_sandbox/ros2_ws/install
[0.275s] DEBUG:colcon.colcon_installed_package_information.package_discovery:Found 268 installed packages in /opt/ros/galactic
[0.276s] Level 1:colcon.colcon_core.package_discovery:discover_packages(prefix_path) using defaults
[0.332s] Level 5:colcon.colcon_core.verb:set package 'mech_msg' build argument 'cmake_args' from command line to 'None'
[0.332s] Level 5:colcon.colcon_core.verb:set package 'mech_msg' build argument 'cmake_target' from command line to 'None'
[0.332s] Level 5:colcon.colcon_core.verb:set package 'mech_msg' build argument 'cmake_target_skip_unavailable' from command line to 'False'
[0.332s] Level 5:colcon.colcon_core.verb:set package 'mech_msg' build argument 'cmake_clean_cache' from command line to 'False'
[0.332s] Level 5:colcon.colcon_core.verb:set package 'mech_msg' build argument 'cmake_clean_first' from command line to 'False'
[0.332s] Level 5:colcon.colcon_core.verb:set package 'mech_msg' build argument 'cmake_force_configure' from command line to 'False'
[0.332s] Level 5:colcon.colcon_core.verb:set package 'mech_msg' build argument 'ament_cmake_args' from command line to 'None'
[0.332s] Level 5:colcon.colcon_core.verb:set package 'mech_msg' build argument 'catkin_cmake_args' from command line to 'None'
[0.332s] Level 5:colcon.colcon_core.verb:set package 'mech_msg' build argument 'catkin_skip_building_tests' from command line to 'False'
[0.332s] DEBUG:colcon.colcon_core.verb:Building package 'mech_msg' with the following arguments: {'ament_cmake_args': None, 'build_base': '/home/tahnt/mech_devel/f1t_mech_ws/build/mech_msg', 'catkin_cmake_args': None, 'catkin_skip_building_tests': False, 'cmake_args': None, 'cmake_clean_cache': False, 'cmake_clean_first': False, 'cmake_force_configure': False, 'cmake_target': None, 'cmake_target_skip_unavailable': False, 'install_base': '/home/tahnt/mech_devel/f1t_mech_ws/install/mech_msg', 'merge_install': False, 'path': '/home/tahnt/mech_devel/f1t_mech_ws/src/mech_msg', 'symlink_install': False, 'test_result_base': None}
[0.332s] Level 5:colcon.colcon_core.verb:set package 'img_proc' build argument 'cmake_args' from command line to 'None'
[0.332s] Level 5:colcon.colcon_core.verb:set package 'img_proc' build argument 'cmake_target' from command line to 'None'
[0.332s] Level 5:colcon.colcon_core.verb:set package 'img_proc' build argument 'cmake_target_skip_unavailable' from command line to 'False'
[0.332s] Level 5:colcon.colcon_core.verb:set package 'img_proc' build argument 'cmake_clean_cache' from command line to 'False'
[0.332s] Level 5:colcon.colcon_core.verb:set package 'img_proc' build argument 'cmake_clean_first' from command line to 'False'
[0.332s] Level 5:colcon.colcon_core.verb:set package 'img_proc' build argument 'cmake_force_configure' from command line to 'False'
[0.332s] Level 5:colcon.colcon_core.verb:set package 'img_proc' build argument 'ament_cmake_args' from command line to 'None'
[0.332s] Level 5:colcon.colcon_core.verb:set package 'img_proc' build argument 'catkin_cmake_args' from command line to 'None'
[0.332s] Level 5:colcon.colcon_core.verb:set package 'img_proc' build argument 'catkin_skip_building_tests' from command line to 'False'
[0.332s] DEBUG:colcon.colcon_core.verb:Building package 'img_proc' with the following arguments: {'ament_cmake_args': None, 'build_base': '/home/tahnt/mech_devel/f1t_mech_ws/build/img_proc', 'catkin_cmake_args': None, 'catkin_skip_building_tests': False, 'cmake_args': None, 'cmake_clean_cache': False, 'cmake_clean_first': False, 'cmake_force_configure': False, 'cmake_target': None, 'cmake_target_skip_unavailable': False, 'install_base': '/home/tahnt/mech_devel/f1t_mech_ws/install/img_proc', 'merge_install': False, 'path': '/home/tahnt/mech_devel/f1t_mech_ws/src/img_proc', 'symlink_install': False, 'test_result_base': None}
[0.333s] INFO:colcon.colcon_core.executor:Executing jobs using 'parallel' executor
[0.334s] DEBUG:colcon.colcon_parallel_executor.executor.parallel:run_until_complete
[0.334s] INFO:colcon.colcon_ros.task.ament_cmake.build:Building ROS package in '/home/tahnt/mech_devel/f1t_mech_ws/src/mech_msg' with build type 'ament_cmake'
[0.335s] INFO:colcon.colcon_cmake.task.cmake.build:Building CMake package in '/home/tahnt/mech_devel/f1t_mech_ws/src/mech_msg'
[0.336s] INFO:colcon.colcon_core.plugin_system:Skipping extension 'colcon_core.shell.bat': Not used on non-Windows systems
[0.336s] INFO:colcon.colcon_core.shell:Skip shell extension 'powershell' for command environment: Not usable outside of PowerShell
[0.336s] DEBUG:colcon.colcon_core.shell:Skip shell extension 'dsv' for command environment
[0.350s] DEBUG:colcon.colcon_core.event_handler.log_command:Invoking command in '/home/tahnt/mech_devel/f1t_mech_ws/build/mech_msg': CMAKE_PREFIX_PATH=${CMAKE_PREFIX_PATH}:/opt/ros/galactic /usr/bin/cmake --build /home/tahnt/mech_devel/f1t_mech_ws/build/mech_msg -- -j4 -l4
[0.597s] DEBUG:colcon.colcon_core.event_handler.log_command:Invoked command in '/home/tahnt/mech_devel/f1t_mech_ws/build/mech_msg' returned '0': CMAKE_PREFIX_PATH=${CMAKE_PREFIX_PATH}:/opt/ros/galactic /usr/bin/cmake --build /home/tahnt/mech_devel/f1t_mech_ws/build/mech_msg -- -j4 -l4
[0.724s] DEBUG:colcon.colcon_core.event_handler.log_command:Invoking command in '/home/tahnt/mech_devel/f1t_mech_ws/build/mech_msg': CMAKE_PREFIX_PATH=${CMAKE_PREFIX_PATH}:/opt/ros/galactic /usr/bin/cmake --install /home/tahnt/mech_devel/f1t_mech_ws/build/mech_msg
[0.782s] Level 1:colcon.colcon_core.environment:create_environment_scripts_only(mech_msg)
[0.783s] DEBUG:colcon.colcon_core.event_handler.log_command:Invoked command in '/home/tahnt/mech_devel/f1t_mech_ws/build/mech_msg' returned '0': CMAKE_PREFIX_PATH=${CMAKE_PREFIX_PATH}:/opt/ros/galactic /usr/bin/cmake --install /home/tahnt/mech_devel/f1t_mech_ws/build/mech_msg
[0.786s] Level 1:colcon.colcon_core.environment:checking '/home/tahnt/mech_devel/f1t_mech_ws/install/mech_msg' for CMake module files
[0.786s] Level 1:colcon.colcon_core.environment:checking '/home/tahnt/mech_devel/f1t_mech_ws/install/mech_msg' for CMake config files
[0.787s] Level 1:colcon.colcon_core.shell:create_environment_hook('mech_msg', 'cmake_prefix_path')
[0.787s] INFO:colcon.colcon_core.shell:Creating environment hook '/home/tahnt/mech_devel/f1t_mech_ws/install/mech_msg/share/mech_msg/hook/cmake_prefix_path.ps1'
[0.787s] INFO:colcon.colcon_core.shell:Creating environment descriptor '/home/tahnt/mech_devel/f1t_mech_ws/install/mech_msg/share/mech_msg/hook/cmake_prefix_path.dsv'
[0.788s] INFO:colcon.colcon_core.shell:Creating environment hook '/home/tahnt/mech_devel/f1t_mech_ws/install/mech_msg/share/mech_msg/hook/cmake_prefix_path.sh'
[0.789s] Level 1:colcon.colcon_core.environment:checking '/home/tahnt/mech_devel/f1t_mech_ws/install/mech_msg/lib'
[0.789s] Level 1:colcon.colcon_core.shell:create_environment_hook('mech_msg', 'ld_library_path_lib')
[0.789s] INFO:colcon.colcon_core.shell:Creating environment hook '/home/tahnt/mech_devel/f1t_mech_ws/install/mech_msg/share/mech_msg/hook/ld_library_path_lib.ps1'
[0.790s] INFO:colcon.colcon_core.shell:Creating environment descriptor '/home/tahnt/mech_devel/f1t_mech_ws/install/mech_msg/share/mech_msg/hook/ld_library_path_lib.dsv'
[0.790s] INFO:colcon.colcon_core.shell:Creating environment hook '/home/tahnt/mech_devel/f1t_mech_ws/install/mech_msg/share/mech_msg/hook/ld_library_path_lib.sh'
[0.791s] Level 1:colcon.colcon_core.environment:checking '/home/tahnt/mech_devel/f1t_mech_ws/install/mech_msg/bin'
[0.791s] Level 1:colcon.colcon_core.environment:checking '/home/tahnt/mech_devel/f1t_mech_ws/install/mech_msg/lib/pkgconfig/mech_msg.pc'
[0.791s] Level 1:colcon.colcon_core.environment:checking '/home/tahnt/mech_devel/f1t_mech_ws/install/mech_msg/lib/python3.8/site-packages'
[0.791s] Level 1:colcon.colcon_core.shell:create_environment_hook('mech_msg', 'pythonpath')
[0.791s] INFO:colcon.colcon_core.shell:Creating environment hook '/home/tahnt/mech_devel/f1t_mech_ws/install/mech_msg/share/mech_msg/hook/pythonpath.ps1'
[0.792s] INFO:colcon.colcon_core.shell:Creating environment descriptor '/home/tahnt/mech_devel/f1t_mech_ws/install/mech_msg/share/mech_msg/hook/pythonpath.dsv'
[0.792s] INFO:colcon.colcon_core.shell:Creating environment hook '/home/tahnt/mech_devel/f1t_mech_ws/install/mech_msg/share/mech_msg/hook/pythonpath.sh'
[0.793s] Level 1:colcon.colcon_core.environment:checking '/home/tahnt/mech_devel/f1t_mech_ws/install/mech_msg/bin'
[0.793s] INFO:colcon.colcon_core.shell:Creating package script '/home/tahnt/mech_devel/f1t_mech_ws/install/mech_msg/share/mech_msg/package.ps1'
[0.794s] INFO:colcon.colcon_core.shell:Creating package descriptor '/home/tahnt/mech_devel/f1t_mech_ws/install/mech_msg/share/mech_msg/package.dsv'
[0.795s] INFO:colcon.colcon_core.shell:Creating package script '/home/tahnt/mech_devel/f1t_mech_ws/install/mech_msg/share/mech_msg/package.sh'
[0.795s] INFO:colcon.colcon_core.shell:Creating package script '/home/tahnt/mech_devel/f1t_mech_ws/install/mech_msg/share/mech_msg/package.bash'
[0.796s] INFO:colcon.colcon_core.shell:Creating package script '/home/tahnt/mech_devel/f1t_mech_ws/install/mech_msg/share/mech_msg/package.zsh'
[0.797s] Level 1:colcon.colcon_core.environment:create_file_with_runtime_dependencies(/home/tahnt/mech_devel/f1t_mech_ws/install/mech_msg/share/colcon-core/packages/mech_msg)
[0.915s] Level 1:colcon.colcon_core.environment:create_environment_scripts_only(mech_msg)
[0.916s] Level 1:colcon.colcon_core.environment:checking '/home/tahnt/mech_devel/f1t_mech_ws/install/mech_msg' for CMake module files
[0.916s] Level 1:colcon.colcon_core.environment:checking '/home/tahnt/mech_devel/f1t_mech_ws/install/mech_msg' for CMake config files
[0.917s] Level 1:colcon.colcon_core.shell:create_environment_hook('mech_msg', 'cmake_prefix_path')
[0.917s] INFO:colcon.colcon_core.shell:Creating environment hook '/home/tahnt/mech_devel/f1t_mech_ws/install/mech_msg/share/mech_msg/hook/cmake_prefix_path.ps1'
[0.918s] INFO:colcon.colcon_core.shell:Creating environment descriptor '/home/tahnt/mech_devel/f1t_mech_ws/install/mech_msg/share/mech_msg/hook/cmake_prefix_path.dsv'
[0.918s] INFO:colcon.colcon_core.shell:Creating environment hook '/home/tahnt/mech_devel/f1t_mech_ws/install/mech_msg/share/mech_msg/hook/cmake_prefix_path.sh'
[0.919s] Level 1:colcon.colcon_core.environment:checking '/home/tahnt/mech_devel/f1t_mech_ws/install/mech_msg/lib'
[0.919s] Level 1:colcon.colcon_core.shell:create_environment_hook('mech_msg', 'ld_library_path_lib')
[0.919s] INFO:colcon.colcon_core.shell:Creating environment hook '/home/tahnt/mech_devel/f1t_mech_ws/install/mech_msg/share/mech_msg/hook/ld_library_path_lib.ps1'
[0.919s] INFO:colcon.colcon_core.shell:Creating environment descriptor '/home/tahnt/mech_devel/f1t_mech_ws/install/mech_msg/share/mech_msg/hook/ld_library_path_lib.dsv'
[0.920s] INFO:colcon.colcon_core.shell:Creating environment hook '/home/tahnt/mech_devel/f1t_mech_ws/install/mech_msg/share/mech_msg/hook/ld_library_path_lib.sh'
[0.920s] Level 1:colcon.colcon_core.environment:checking '/home/tahnt/mech_devel/f1t_mech_ws/install/mech_msg/bin'
[0.920s] Level 1:colcon.colcon_core.environment:checking '/home/tahnt/mech_devel/f1t_mech_ws/install/mech_msg/lib/pkgconfig/mech_msg.pc'
[0.921s] Level 1:colcon.colcon_core.environment:checking '/home/tahnt/mech_devel/f1t_mech_ws/install/mech_msg/lib/python3.8/site-packages'
[0.921s] Level 1:colcon.colcon_core.shell:create_environment_hook('mech_msg', 'pythonpath')
[0.921s] INFO:colcon.colcon_core.shell:Creating environment hook '/home/tahnt/mech_devel/f1t_mech_ws/install/mech_msg/share/mech_msg/hook/pythonpath.ps1'
[0.921s] INFO:colcon.colcon_core.shell:Creating environment descriptor '/home/tahnt/mech_devel/f1t_mech_ws/install/mech_msg/share/mech_msg/hook/pythonpath.dsv'
[0.922s] INFO:colcon.colcon_core.shell:Creating environment hook '/home/tahnt/mech_devel/f1t_mech_ws/install/mech_msg/share/mech_msg/hook/pythonpath.sh'
[0.922s] Level 1:colcon.colcon_core.environment:checking '/home/tahnt/mech_devel/f1t_mech_ws/install/mech_msg/bin'
[0.923s] INFO:colcon.colcon_core.shell:Creating package script '/home/tahnt/mech_devel/f1t_mech_ws/install/mech_msg/share/mech_msg/package.ps1'
[0.923s] INFO:colcon.colcon_core.shell:Creating package descriptor '/home/tahnt/mech_devel/f1t_mech_ws/install/mech_msg/share/mech_msg/package.dsv'
[0.924s] INFO:colcon.colcon_core.shell:Creating package script '/home/tahnt/mech_devel/f1t_mech_ws/install/mech_msg/share/mech_msg/package.sh'
[0.924s] INFO:colcon.colcon_core.shell:Creating package script '/home/tahnt/mech_devel/f1t_mech_ws/install/mech_msg/share/mech_msg/package.bash'
[0.924s] INFO:colcon.colcon_core.shell:Creating package script '/home/tahnt/mech_devel/f1t_mech_ws/install/mech_msg/share/mech_msg/package.zsh'
[0.925s] Level 1:colcon.colcon_core.environment:create_file_with_runtime_dependencies(/home/tahnt/mech_devel/f1t_mech_ws/install/mech_msg/share/colcon-core/packages/mech_msg)
[0.926s] INFO:colcon.colcon_ros.task.ament_cmake.build:Building ROS package in '/home/tahnt/mech_devel/f1t_mech_ws/src/img_proc' with build type 'ament_cmake'
[0.926s] INFO:colcon.colcon_cmake.task.cmake.build:Building CMake package in '/home/tahnt/mech_devel/f1t_mech_ws/src/img_proc'
[0.926s] INFO:colcon.colcon_core.shell:Skip shell extension 'powershell' for command environment: Not usable outside of PowerShell
[0.926s] DEBUG:colcon.colcon_core.shell:Skip shell extension 'dsv' for command environment
[0.951s] DEBUG:colcon.colcon_core.event_handler.log_command:Invoking command in '/home/tahnt/mech_devel/f1t_mech_ws/build/img_proc': CMAKE_PREFIX_PATH=${CMAKE_PREFIX_PATH}:/opt/ros/galactic /usr/bin/cmake --build /home/tahnt/mech_devel/f1t_mech_ws/build/img_proc -- -j4 -l4
[8.509s] DEBUG:colcon.colcon_core.event_handler.log_command:Invoked command in '/home/tahnt/mech_devel/f1t_mech_ws/build/img_proc' returned '0': CMAKE_PREFIX_PATH=${CMAKE_PREFIX_PATH}:/opt/ros/galactic /usr/bin/cmake --build /home/tahnt/mech_devel/f1t_mech_ws/build/img_proc -- -j4 -l4
[8.549s] DEBUG:colcon.colcon_core.event_handler.log_command:Invoking command in '/home/tahnt/mech_devel/f1t_mech_ws/build/img_proc': CMAKE_PREFIX_PATH=${CMAKE_PREFIX_PATH}:/opt/ros/galactic /usr/bin/cmake --install /home/tahnt/mech_devel/f1t_mech_ws/build/img_proc
[8.565s] Level 1:colcon.colcon_core.environment:create_environment_scripts_only(img_proc)
[8.565s] Level 1:colcon.colcon_core.environment:checking '/home/tahnt/mech_devel/f1t_mech_ws/install/img_proc' for CMake module files
[8.566s] DEBUG:colcon.colcon_core.event_handler.log_command:Invoked command in '/home/tahnt/mech_devel/f1t_mech_ws/build/img_proc' returned '0': CMAKE_PREFIX_PATH=${CMAKE_PREFIX_PATH}:/opt/ros/galactic /usr/bin/cmake --install /home/tahnt/mech_devel/f1t_mech_ws/build/img_proc
[8.566s] Level 1:colcon.colcon_core.environment:checking '/home/tahnt/mech_devel/f1t_mech_ws/install/img_proc' for CMake config files
[8.567s] Level 1:colcon.colcon_core.shell:create_environment_hook('img_proc', 'cmake_prefix_path')
[8.567s] INFO:colcon.colcon_core.shell:Creating environment hook '/home/tahnt/mech_devel/f1t_mech_ws/install/img_proc/share/img_proc/hook/cmake_prefix_path.ps1'
[8.568s] INFO:colcon.colcon_core.shell:Creating environment descriptor '/home/tahnt/mech_devel/f1t_mech_ws/install/img_proc/share/img_proc/hook/cmake_prefix_path.dsv'
[8.568s] INFO:colcon.colcon_core.shell:Creating environment hook '/home/tahnt/mech_devel/f1t_mech_ws/install/img_proc/share/img_proc/hook/cmake_prefix_path.sh'
[8.569s] Level 1:colcon.colcon_core.environment:checking '/home/tahnt/mech_devel/f1t_mech_ws/install/img_proc/lib'
[8.569s] Level 1:colcon.colcon_core.shell:create_environment_hook('img_proc', 'ld_library_path_lib')
[8.569s] INFO:colcon.colcon_core.shell:Creating environment hook '/home/tahnt/mech_devel/f1t_mech_ws/install/img_proc/share/img_proc/hook/ld_library_path_lib.ps1'
[8.569s] INFO:colcon.colcon_core.shell:Creating environment descriptor '/home/tahnt/mech_devel/f1t_mech_ws/install/img_proc/share/img_proc/hook/ld_library_path_lib.dsv'
[8.570s] INFO:colcon.colcon_core.shell:Creating environment hook '/home/tahnt/mech_devel/f1t_mech_ws/install/img_proc/share/img_proc/hook/ld_library_path_lib.sh'
[8.570s] Level 1:colcon.colcon_core.environment:checking '/home/tahnt/mech_devel/f1t_mech_ws/install/img_proc/bin'
[8.570s] Level 1:colcon.colcon_core.environment:checking '/home/tahnt/mech_devel/f1t_mech_ws/install/img_proc/lib/pkgconfig/img_proc.pc'
[8.570s] Level 1:colcon.colcon_core.environment:checking '/home/tahnt/mech_devel/f1t_mech_ws/install/img_proc/lib/python3.8/site-packages'
[8.571s] Level 1:colcon.colcon_core.shell:create_environment_hook('img_proc', 'pythonpath')
[8.571s] INFO:colcon.colcon_core.shell:Creating environment hook '/home/tahnt/mech_devel/f1t_mech_ws/install/img_proc/share/img_proc/hook/pythonpath.ps1'
[8.575s] INFO:colcon.colcon_core.shell:Creating environment descriptor '/home/tahnt/mech_devel/f1t_mech_ws/install/img_proc/share/img_proc/hook/pythonpath.dsv'
[8.575s] INFO:colcon.colcon_core.shell:Creating environment hook '/home/tahnt/mech_devel/f1t_mech_ws/install/img_proc/share/img_proc/hook/pythonpath.sh'
[8.576s] Level 1:colcon.colcon_core.environment:checking '/home/tahnt/mech_devel/f1t_mech_ws/install/img_proc/bin'
[8.576s] INFO:colcon.colcon_core.shell:Creating package script '/home/tahnt/mech_devel/f1t_mech_ws/install/img_proc/share/img_proc/package.ps1'
[8.577s] INFO:colcon.colcon_core.shell:Creating package descriptor '/home/tahnt/mech_devel/f1t_mech_ws/install/img_proc/share/img_proc/package.dsv'
[8.578s] INFO:colcon.colcon_core.shell:Creating package script '/home/tahnt/mech_devel/f1t_mech_ws/install/img_proc/share/img_proc/package.sh'
[8.578s] INFO:colcon.colcon_core.shell:Creating package script '/home/tahnt/mech_devel/f1t_mech_ws/install/img_proc/share/img_proc/package.bash'
[8.578s] INFO:colcon.colcon_core.shell:Creating package script '/home/tahnt/mech_devel/f1t_mech_ws/install/img_proc/share/img_proc/package.zsh'
[8.579s] Level 1:colcon.colcon_core.environment:create_file_with_runtime_dependencies(/home/tahnt/mech_devel/f1t_mech_ws/install/img_proc/share/colcon-core/packages/img_proc)
[8.616s] Level 1:colcon.colcon_core.environment:create_environment_scripts_only(img_proc)
[8.616s] Level 1:colcon.colcon_core.environment:checking '/home/tahnt/mech_devel/f1t_mech_ws/install/img_proc' for CMake module files
[8.617s] Level 1:colcon.colcon_core.environment:checking '/home/tahnt/mech_devel/f1t_mech_ws/install/img_proc' for CMake config files
[8.617s] Level 1:colcon.colcon_core.shell:create_environment_hook('img_proc', 'cmake_prefix_path')
[8.618s] INFO:colcon.colcon_core.shell:Creating environment hook '/home/tahnt/mech_devel/f1t_mech_ws/install/img_proc/share/img_proc/hook/cmake_prefix_path.ps1'
[8.619s] INFO:colcon.colcon_core.shell:Creating environment descriptor '/home/tahnt/mech_devel/f1t_mech_ws/install/img_proc/share/img_proc/hook/cmake_prefix_path.dsv'
[8.619s] INFO:colcon.colcon_core.shell:Creating environment hook '/home/tahnt/mech_devel/f1t_mech_ws/install/img_proc/share/img_proc/hook/cmake_prefix_path.sh'
[8.620s] Level 1:colcon.colcon_core.environment:checking '/home/tahnt/mech_devel/f1t_mech_ws/install/img_proc/lib'
[8.620s] Level 1:colcon.colcon_core.shell:create_environment_hook('img_proc', 'ld_library_path_lib')
[8.621s] INFO:colcon.colcon_core.shell:Creating environment hook '/home/tahnt/mech_devel/f1t_mech_ws/install/img_proc/share/img_proc/hook/ld_library_path_lib.ps1'
[8.621s] INFO:colcon.colcon_core.shell:Creating environment descriptor '/home/tahnt/mech_devel/f1t_mech_ws/install/img_proc/share/img_proc/hook/ld_library_path_lib.dsv'
[8.622s] INFO:colcon.colcon_core.shell:Creating environment hook '/home/tahnt/mech_devel/f1t_mech_ws/install/img_proc/share/img_proc/hook/ld_library_path_lib.sh'
[8.622s] Level 1:colcon.colcon_core.environment:checking '/home/tahnt/mech_devel/f1t_mech_ws/install/img_proc/bin'
[8.624s] Level 1:colcon.colcon_core.environment:checking '/home/tahnt/mech_devel/f1t_mech_ws/install/img_proc/lib/pkgconfig/img_proc.pc'
[8.624s] Level 1:colcon.colcon_core.environment:checking '/home/tahnt/mech_devel/f1t_mech_ws/install/img_proc/lib/python3.8/site-packages'
[8.624s] Level 1:colcon.colcon_core.shell:create_environment_hook('img_proc', 'pythonpath')
[8.624s] INFO:colcon.colcon_core.shell:Creating environment hook '/home/tahnt/mech_devel/f1t_mech_ws/install/img_proc/share/img_proc/hook/pythonpath.ps1'
[8.626s] INFO:colcon.colcon_core.shell:Creating environment descriptor '/home/tahnt/mech_devel/f1t_mech_ws/install/img_proc/share/img_proc/hook/pythonpath.dsv'
[8.626s] INFO:colcon.colcon_core.shell:Creating environment hook '/home/tahnt/mech_devel/f1t_mech_ws/install/img_proc/share/img_proc/hook/pythonpath.sh'
[8.627s] Level 1:colcon.colcon_core.environment:checking '/home/tahnt/mech_devel/f1t_mech_ws/install/img_proc/bin'
[8.627s] INFO:colcon.colcon_core.shell:Creating package script '/home/tahnt/mech_devel/f1t_mech_ws/install/img_proc/share/img_proc/package.ps1'
[8.628s] INFO:colcon.colcon_core.shell:Creating package descriptor '/home/tahnt/mech_devel/f1t_mech_ws/install/img_proc/share/img_proc/package.dsv'
[8.629s] INFO:colcon.colcon_core.shell:Creating package script '/home/tahnt/mech_devel/f1t_mech_ws/install/img_proc/share/img_proc/package.sh'
[8.629s] INFO:colcon.colcon_core.shell:Creating package script '/home/tahnt/mech_devel/f1t_mech_ws/install/img_proc/share/img_proc/package.bash'
[8.630s] INFO:colcon.colcon_core.shell:Creating package script '/home/tahnt/mech_devel/f1t_mech_ws/install/img_proc/share/img_proc/package.zsh'
[8.631s] Level 1:colcon.colcon_core.environment:create_file_with_runtime_dependencies(/home/tahnt/mech_devel/f1t_mech_ws/install/img_proc/share/colcon-core/packages/img_proc)
[8.631s] DEBUG:colcon.colcon_parallel_executor.executor.parallel:closing loop
[8.632s] DEBUG:colcon.colcon_parallel_executor.executor.parallel:loop closed
[8.632s] DEBUG:colcon.colcon_parallel_executor.executor.parallel:run_until_complete finished with '0'
[8.632s] DEBUG:colcon.colcon_core.event_reactor:joining thread
[8.637s] INFO:colcon.colcon_core.plugin_system:Skipping extension 'colcon_notification.desktop_notification.terminal_notifier': Not used on non-Darwin systems
[8.637s] INFO:colcon.colcon_core.plugin_system:Skipping extension 'colcon_notification.desktop_notification.win32': Not used on non-Windows systems
[8.638s] INFO:colcon.colcon_notification.desktop_notification:Sending desktop notification using 'notify2'
[8.652s] DEBUG:colcon.colcon_core.event_reactor:joined thread
[8.653s] INFO:colcon.colcon_core.shell:Creating prefix script '/home/tahnt/mech_devel/f1t_mech_ws/install/local_setup.ps1'
[8.656s] INFO:colcon.colcon_core.shell:Creating prefix util module '/home/tahnt/mech_devel/f1t_mech_ws/install/_local_setup_util_ps1.py'
[8.657s] INFO:colcon.colcon_core.shell:Creating prefix chain script '/home/tahnt/mech_devel/f1t_mech_ws/install/setup.ps1'
[8.658s] INFO:colcon.colcon_core.shell:Creating prefix script '/home/tahnt/mech_devel/f1t_mech_ws/install/local_setup.sh'
[8.659s] INFO:colcon.colcon_core.shell:Creating prefix util module '/home/tahnt/mech_devel/f1t_mech_ws/install/_local_setup_util_sh.py'
[8.660s] INFO:colcon.colcon_core.shell:Creating prefix chain script '/home/tahnt/mech_devel/f1t_mech_ws/install/setup.sh'
[8.661s] INFO:colcon.colcon_core.shell:Creating prefix script '/home/tahnt/mech_devel/f1t_mech_ws/install/local_setup.bash'
[8.662s] INFO:colcon.colcon_core.shell:Creating prefix chain script '/home/tahnt/mech_devel/f1t_mech_ws/install/setup.bash'
[8.663s] INFO:colcon.colcon_core.shell:Creating prefix script '/home/tahnt/mech_devel/f1t_mech_ws/install/local_setup.zsh'
[8.664s] INFO:colcon.colcon_core.shell:Creating prefix chain script '/home/tahnt/mech_devel/f1t_mech_ws/install/setup.zsh'
