-- Found ament_cmake: 1.1.6 (/opt/ros/galactic/share/ament_cmake/cmake)
-- Using PYTHON_EXECUTABLE: /usr/bin/python3
-- Found rclcpp: 9.2.2 (/opt/ros/galactic/share/rclcpp/cmake)
-- Using all available rosidl_typesupport_c: rosidl_typesupport_fastrtps_c;rosidl_typesupport_introspection_c
-- Found rosidl_adapter: 2.2.3 (/opt/ros/galactic/share/rosidl_adapter/cmake)
-- Using all available rosidl_typesupport_cpp: rosidl_typesupport_fastrtps_cpp;rosidl_typesupport_introspection_cpp
-- Found rmw_implementation_cmake: 3.3.1 (/opt/ros/galactic/share/rmw_implementation_cmake/cmake)
-- Found rmw_cyclonedds_cpp: 0.22.6 (/opt/ros/galactic/share/rmw_cyclonedds_cpp/cmake)
-- Using RMW implementation 'rmw_cyclonedds_cpp' as default
-- Found mech_msg: 0.0.0 (/home/tahnt/mech_devel/f1t_mech_ws/install/mech_msg/share/mech_msg/cmake)
-- Found ament_lint_auto: 0.10.7 (/opt/ros/galactic/share/ament_lint_auto/cmake)
-- Added test 'copyright' to check source files copyright and LICENSE
-- Added test 'cppcheck' to perform static code analysis on C / C++ code
-- Configured cppcheck include dirs: 
-- Configured cppcheck exclude dirs and/or files: 
-- Added test 'cpplint' to check C / C++ code against the Google style
-- Configured cpplint exclude dirs and/or files: 
-- Added test 'flake8' to check Python code syntax and style conventions
-- Added test 'lint_cmake' to check CMake code style
-- Added test 'pep257' to check Python code against some of the style conventions in PEP 257
-- Added test 'uncrustify' to check C / C++ code style
-- Configured uncrustify additional arguments: 
-- Added test 'xmllint' to check XML markup files
-- Configuring done
-- Generating done
-- Build files have been written to: /home/tahnt/mech_devel/f1t_mech_ws/build/controller
[100%] Built target controller
-- Install configuration: ""
-- Installing: /home/tahnt/mech_devel/f1t_mech_ws/install/controller/lib/controller/controller
-- Set runtime path of "/home/tahnt/mech_devel/f1t_mech_ws/install/controller/lib/controller/controller" to ""
-- Installing: /home/tahnt/mech_devel/f1t_mech_ws/install/controller/share/controller//launch
-- Installing: /home/tahnt/mech_devel/f1t_mech_ws/install/controller/share/controller//launch/controller_launch.py
-- Installing: /home/tahnt/mech_devel/f1t_mech_ws/install/controller/share/controller//config
-- Installing: /home/tahnt/mech_devel/f1t_mech_ws/install/controller/share/controller//config/controller_config.yaml
-- Installing: /home/tahnt/mech_devel/f1t_mech_ws/install/controller/share/ament_index/resource_index/package_run_dependencies/controller
-- Installing: /home/tahnt/mech_devel/f1t_mech_ws/install/controller/share/ament_index/resource_index/parent_prefix_path/controller
-- Installing: /home/tahnt/mech_devel/f1t_mech_ws/install/controller/share/controller/environment/ament_prefix_path.sh
-- Installing: /home/tahnt/mech_devel/f1t_mech_ws/install/controller/share/controller/environment/ament_prefix_path.dsv
-- Installing: /home/tahnt/mech_devel/f1t_mech_ws/install/controller/share/controller/environment/path.sh
-- Installing: /home/tahnt/mech_devel/f1t_mech_ws/install/controller/share/controller/environment/path.dsv
-- Installing: /home/tahnt/mech_devel/f1t_mech_ws/install/controller/share/controller/local_setup.bash
-- Installing: /home/tahnt/mech_devel/f1t_mech_ws/install/controller/share/controller/local_setup.sh
-- Installing: /home/tahnt/mech_devel/f1t_mech_ws/install/controller/share/controller/local_setup.zsh
-- Installing: /home/tahnt/mech_devel/f1t_mech_ws/install/controller/share/controller/local_setup.dsv
-- Installing: /home/tahnt/mech_devel/f1t_mech_ws/install/controller/share/controller/package.dsv
-- Installing: /home/tahnt/mech_devel/f1t_mech_ws/install/controller/share/ament_index/resource_index/packages/controller
-- Installing: /home/tahnt/mech_devel/f1t_mech_ws/install/controller/share/controller/cmake/controllerConfig.cmake
-- Installing: /home/tahnt/mech_devel/f1t_mech_ws/install/controller/share/controller/cmake/controllerConfig-version.cmake
-- Installing: /home/tahnt/mech_devel/f1t_mech_ws/install/controller/share/controller/package.xml
