[0.018s] Invoking command in '/home/tahnt/mech_devel/f1t_mech_ws/build/controller': CMAKE_PREFIX_PATH=${CMAKE_PREFIX_PATH}:/opt/ros/galactic /usr/bin/cmake --build /home/tahnt/mech_devel/f1t_mech_ws/build/controller -- -j4 -l4
[0.047s] -- Found ament_cmake: 1.1.6 (/opt/ros/galactic/share/ament_cmake/cmake)
[0.065s] -- Using PYTHON_EXECUTABLE: /usr/bin/python3
[0.110s] -- Found rclcpp: 9.2.2 (/opt/ros/galactic/share/rclcpp/cmake)
[0.139s] -- Using all available rosidl_typesupport_c: rosidl_typesupport_fastrtps_c;rosidl_typesupport_introspection_c
[0.141s] -- Found rosidl_adapter: 2.2.3 (/opt/ros/galactic/share/rosidl_adapter/cmake)
[0.229s] -- Using all available rosidl_typesupport_cpp: rosidl_typesupport_fastrtps_cpp;rosidl_typesupport_introspection_cpp
[0.265s] -- Found rmw_implementation_cmake: 3.3.1 (/opt/ros/galactic/share/rmw_implementation_cmake/cmake)
[0.266s] -- Found rmw_cyclonedds_cpp: 0.22.6 (/opt/ros/galactic/share/rmw_cyclonedds_cpp/cmake)
[0.287s] -- Using RMW implementation 'rmw_cyclonedds_cpp' as default
[0.388s] -- Found mech_msg: 0.0.0 (/home/tahnt/mech_devel/f1t_mech_ws/install/mech_msg/share/mech_msg/cmake)
[0.394s] -- Found ament_lint_auto: 0.10.7 (/opt/ros/galactic/share/ament_lint_auto/cmake)
[0.445s] -- Added test 'copyright' to check source files copyright and LICENSE
[0.446s] -- Added test 'cppcheck' to perform static code analysis on C / C++ code
[0.446s] -- Configured cppcheck include dirs: 
[0.447s] -- Configured cppcheck exclude dirs and/or files: 
[0.447s] -- Added test 'cpplint' to check C / C++ code against the Google style
[0.447s] -- Configured cpplint exclude dirs and/or files: 
[0.448s] -- Added test 'flake8' to check Python code syntax and style conventions
[0.448s] -- Added test 'lint_cmake' to check CMake code style
[0.448s] -- Added test 'pep257' to check Python code against some of the style conventions in PEP 257
[0.449s] -- Added test 'uncrustify' to check C / C++ code style
[0.449s] -- Configured uncrustify additional arguments: 
[0.449s] -- Added test 'xmllint' to check XML markup files
[0.452s] -- Configuring done
[0.459s] -- Generating done
[0.461s] -- Build files have been written to: /home/tahnt/mech_devel/f1t_mech_ws/build/controller
[0.500s] [100%] Built target controller
[0.511s] Invoked command in '/home/tahnt/mech_devel/f1t_mech_ws/build/controller' returned '0': CMAKE_PREFIX_PATH=${CMAKE_PREFIX_PATH}:/opt/ros/galactic /usr/bin/cmake --build /home/tahnt/mech_devel/f1t_mech_ws/build/controller -- -j4 -l4
[0.556s] Invoking command in '/home/tahnt/mech_devel/f1t_mech_ws/build/controller': CMAKE_PREFIX_PATH=${CMAKE_PREFIX_PATH}:/opt/ros/galactic /usr/bin/cmake --install /home/tahnt/mech_devel/f1t_mech_ws/build/controller
[0.564s] -- Install configuration: ""
[0.564s] -- Installing: /home/tahnt/mech_devel/f1t_mech_ws/install/controller/lib/controller/controller
[0.564s] -- Set runtime path of "/home/tahnt/mech_devel/f1t_mech_ws/install/controller/lib/controller/controller" to ""
[0.564s] -- Installing: /home/tahnt/mech_devel/f1t_mech_ws/install/controller/share/controller//launch
[0.564s] -- Installing: /home/tahnt/mech_devel/f1t_mech_ws/install/controller/share/controller//launch/controller_launch.py
[0.564s] -- Installing: /home/tahnt/mech_devel/f1t_mech_ws/install/controller/share/controller//config
[0.565s] -- Installing: /home/tahnt/mech_devel/f1t_mech_ws/install/controller/share/controller//config/controller_config.yaml
[0.565s] -- Installing: /home/tahnt/mech_devel/f1t_mech_ws/install/controller/share/ament_index/resource_index/package_run_dependencies/controller
[0.565s] -- Installing: /home/tahnt/mech_devel/f1t_mech_ws/install/controller/share/ament_index/resource_index/parent_prefix_path/controller
[0.565s] -- Installing: /home/tahnt/mech_devel/f1t_mech_ws/install/controller/share/controller/environment/ament_prefix_path.sh
[0.565s] -- Installing: /home/tahnt/mech_devel/f1t_mech_ws/install/controller/share/controller/environment/ament_prefix_path.dsv
[0.565s] -- Installing: /home/tahnt/mech_devel/f1t_mech_ws/install/controller/share/controller/environment/path.sh
[0.566s] -- Installing: /home/tahnt/mech_devel/f1t_mech_ws/install/controller/share/controller/environment/path.dsv
[0.566s] -- Installing: /home/tahnt/mech_devel/f1t_mech_ws/install/controller/share/controller/local_setup.bash
[0.566s] -- Installing: /home/tahnt/mech_devel/f1t_mech_ws/install/controller/share/controller/local_setup.sh
[0.566s] -- Installing: /home/tahnt/mech_devel/f1t_mech_ws/install/controller/share/controller/local_setup.zsh
[0.566s] -- Installing: /home/tahnt/mech_devel/f1t_mech_ws/install/controller/share/controller/local_setup.dsv
[0.566s] -- Installing: /home/tahnt/mech_devel/f1t_mech_ws/install/controller/share/controller/package.dsv
[0.567s] -- Installing: /home/tahnt/mech_devel/f1t_mech_ws/install/controller/share/ament_index/resource_index/packages/controller
[0.567s] -- Installing: /home/tahnt/mech_devel/f1t_mech_ws/install/controller/share/controller/cmake/controllerConfig.cmake
[0.567s] -- Installing: /home/tahnt/mech_devel/f1t_mech_ws/install/controller/share/controller/cmake/controllerConfig-version.cmake
[0.567s] -- Installing: /home/tahnt/mech_devel/f1t_mech_ws/install/controller/share/controller/package.xml
[0.569s] Invoked command in '/home/tahnt/mech_devel/f1t_mech_ws/build/controller' returned '0': CMAKE_PREFIX_PATH=${CMAKE_PREFIX_PATH}:/opt/ros/galactic /usr/bin/cmake --install /home/tahnt/mech_devel/f1t_mech_ws/build/controller
