[0.117s] Invoking command in '/home/f1t/mech_devel/f1t_mech_ws/build/img_proc': CMAKE_PREFIX_PATH=${CMAKE_PREFIX_PATH}:/opt/ros/galactic /usr/bin/cmake --build /home/f1t/mech_devel/f1t_mech_ws/build/img_proc -- -j6 -l6
[0.575s] -- Found ament_cmake: 1.1.6 (/opt/ros/galactic/share/ament_cmake/cmake)
[0.722s] -- Using PYTHON_EXECUTABLE: /usr/bin/python3
[1.891s] -- Found rclcpp: 9.2.2 (/opt/ros/galactic/share/rclcpp/cmake)
[2.326s] -- Using single rosidl_typesupport_c: rosidl_typesupport_introspection_c
[2.568s] -- Found rosidl_adapter: 2.2.3 (/opt/ros/galactic/share/rosidl_adapter/cmake)
[3.135s] -- Using single rosidl_typesupport_cpp: rosidl_typesupport_introspection_cpp
[4.509s] -- Found rmw_implementation_cmake: 3.3.1 (/opt/ros/galactic/share/rmw_implementation_cmake/cmake)
[4.522s] -- Found rmw_cyclonedds_cpp: 0.22.6 (/opt/ros/galactic/share/rmw_cyclonedds_cpp/cmake)
[5.206s] -- Using RMW implementation 'rmw_cyclonedds_cpp' as default
[7.311s] -- Found sensor_msgs: 2.2.4 (/opt/ros/galactic/share/sensor_msgs/cmake)
[8.164s] -- Found cv_bridge: 3.1.3 (/opt/ros/galactic/share/cv_bridge/cmake)
[8.439s] -- Found Boost: /usr/lib/aarch64-linux-gnu/cmake/Boost-1.71.0/BoostConfig.cmake (found suitable version "1.71.0", minimum required is "1.68.0") found components: date_time 
[8.443s] -- Found NumCpp: /usr/local/include (found version 2.12.1)
[8.467s] CMake Error at CMakeLists.txt:26 (target_link_libraries):
[8.467s]   Cannot specify link libraries for target "img_proc" which is not built by
[8.468s]   this project.
[8.468s] 
[8.469s] 
[8.480s] -- Configuring incomplete, errors occurred!
[8.481s] See also "/home/f1t/mech_devel/f1t_mech_ws/build/img_proc/CMakeFiles/CMakeOutput.log".
[8.481s] See also "/home/f1t/mech_devel/f1t_mech_ws/build/img_proc/CMakeFiles/CMakeError.log".
[8.511s] make: *** [Makefile:266: cmake_check_build_system] Error 1
[8.524s] Invoked command in '/home/f1t/mech_devel/f1t_mech_ws/build/img_proc' returned '2': CMAKE_PREFIX_PATH=${CMAKE_PREFIX_PATH}:/opt/ros/galactic /usr/bin/cmake --build /home/f1t/mech_devel/f1t_mech_ws/build/img_proc -- -j6 -l6
