[0.021s] Invoking command in '/home/tahnt/mech_devel/f1t_mech_ws/build/img_proc': AMENT_PREFIX_PATH=/home/tahnt/mech_devel/f1t_mech_ws/install/mech_msg:${AMENT_PREFIX_PATH} CMAKE_PREFIX_PATH=/home/tahnt/mech_devel/f1t_mech_ws/install/mech_msg:/opt/ros/galactic LD_LIBRARY_PATH=/home/tahnt/mech_devel/f1t_mech_ws/install/mech_msg/lib:${LD_LIBRARY_PATH} PYTHONPATH=/home/tahnt/mech_devel/f1t_mech_ws/install/mech_msg/lib/python3.8/site-packages:${PYTHONPATH} /usr/bin/cmake --build /home/tahnt/mech_devel/f1t_mech_ws/build/img_proc -- -j4 -l4
[0.053s] -- Found ament_cmake: 1.1.6 (/opt/ros/galactic/share/ament_cmake/cmake)
[0.081s] -- Using PYTHON_EXECUTABLE: /usr/bin/python3
[0.147s] -- Found rclcpp: 9.2.2 (/opt/ros/galactic/share/rclcpp/cmake)
[0.192s] -- Using all available rosidl_typesupport_c: rosidl_typesupport_fastrtps_c;rosidl_typesupport_introspection_c
[0.196s] -- Found rosidl_adapter: 2.2.3 (/opt/ros/galactic/share/rosidl_adapter/cmake)
[0.322s] -- Using all available rosidl_typesupport_cpp: rosidl_typesupport_fastrtps_cpp;rosidl_typesupport_introspection_cpp
[0.380s] -- Found rmw_implementation_cmake: 3.3.1 (/opt/ros/galactic/share/rmw_implementation_cmake/cmake)
[0.383s] -- Found rmw_cyclonedds_cpp: 0.22.6 (/opt/ros/galactic/share/rmw_cyclonedds_cpp/cmake)
[0.401s] -- Using RMW implementation 'rmw_cyclonedds_cpp' as default
[0.539s] -- Found sensor_msgs: 2.2.4 (/opt/ros/galactic/share/sensor_msgs/cmake)
[0.635s] -- Found cv_bridge: 3.1.3 (/opt/ros/galactic/share/cv_bridge/cmake)
[0.657s] -- Found mech_msg: 0.0.0 (/home/tahnt/mech_devel/f1t_mech_ws/install/mech_msg/share/mech_msg/cmake)
[0.729s] -- Configuring done
[0.751s] -- Generating done
[0.752s] -- Build files have been written to: /home/tahnt/mech_devel/f1t_mech_ws/build/img_proc
[0.799s] [35m[1mScanning dependencies of target img_proc_node[0m
[0.856s] [ 50%] [32mBuilding CXX object CMakeFiles/img_proc_node.dir/src/img_proc_node.cpp.o[0m
[11.262s] [100%] [32m[1mLinking CXX executable img_proc_node[0m
[11.988s] [100%] Built target img_proc_node
[12.003s] Invoked command in '/home/tahnt/mech_devel/f1t_mech_ws/build/img_proc' returned '0': AMENT_PREFIX_PATH=/home/tahnt/mech_devel/f1t_mech_ws/install/mech_msg:${AMENT_PREFIX_PATH} CMAKE_PREFIX_PATH=/home/tahnt/mech_devel/f1t_mech_ws/install/mech_msg:/opt/ros/galactic LD_LIBRARY_PATH=/home/tahnt/mech_devel/f1t_mech_ws/install/mech_msg/lib:${LD_LIBRARY_PATH} PYTHONPATH=/home/tahnt/mech_devel/f1t_mech_ws/install/mech_msg/lib/python3.8/site-packages:${PYTHONPATH} /usr/bin/cmake --build /home/tahnt/mech_devel/f1t_mech_ws/build/img_proc -- -j4 -l4
[12.032s] Invoking command in '/home/tahnt/mech_devel/f1t_mech_ws/build/img_proc': AMENT_PREFIX_PATH=/home/tahnt/mech_devel/f1t_mech_ws/install/mech_msg:${AMENT_PREFIX_PATH} CMAKE_PREFIX_PATH=/home/tahnt/mech_devel/f1t_mech_ws/install/mech_msg:/opt/ros/galactic LD_LIBRARY_PATH=/home/tahnt/mech_devel/f1t_mech_ws/install/mech_msg/lib:${LD_LIBRARY_PATH} PYTHONPATH=/home/tahnt/mech_devel/f1t_mech_ws/install/mech_msg/lib/python3.8/site-packages:${PYTHONPATH} /usr/bin/cmake --install /home/tahnt/mech_devel/f1t_mech_ws/build/img_proc
[12.038s] -- Install configuration: ""
[12.048s] -- Installing: /home/tahnt/mech_devel/f1t_mech_ws/install/img_proc/lib/img_proc/img_proc_node
[12.048s] -- Set runtime path of "/home/tahnt/mech_devel/f1t_mech_ws/install/img_proc/lib/img_proc/img_proc_node" to ""
[12.048s] -- Up-to-date: /home/tahnt/mech_devel/f1t_mech_ws/install/img_proc/share/img_proc//launch
[12.048s] -- Installing: /home/tahnt/mech_devel/f1t_mech_ws/install/img_proc/share/img_proc//launch/img_proc_launch.py
[12.048s] -- Up-to-date: /home/tahnt/mech_devel/f1t_mech_ws/install/img_proc/share/img_proc//config
[12.048s] -- Up-to-date: /home/tahnt/mech_devel/f1t_mech_ws/install/img_proc/share/img_proc//config/img_proc_config.yaml
[12.048s] -- Up-to-date: /home/tahnt/mech_devel/f1t_mech_ws/install/img_proc/share/ament_index/resource_index/package_run_dependencies/img_proc
[12.048s] -- Installing: /home/tahnt/mech_devel/f1t_mech_ws/install/img_proc/share/ament_index/resource_index/parent_prefix_path/img_proc
[12.048s] -- Up-to-date: /home/tahnt/mech_devel/f1t_mech_ws/install/img_proc/share/img_proc/environment/ament_prefix_path.sh
[12.048s] -- Installing: /home/tahnt/mech_devel/f1t_mech_ws/install/img_proc/share/img_proc/environment/ament_prefix_path.dsv
[12.048s] -- Up-to-date: /home/tahnt/mech_devel/f1t_mech_ws/install/img_proc/share/img_proc/environment/path.sh
[12.048s] -- Installing: /home/tahnt/mech_devel/f1t_mech_ws/install/img_proc/share/img_proc/environment/path.dsv
[12.048s] -- Up-to-date: /home/tahnt/mech_devel/f1t_mech_ws/install/img_proc/share/img_proc/local_setup.bash
[12.048s] -- Up-to-date: /home/tahnt/mech_devel/f1t_mech_ws/install/img_proc/share/img_proc/local_setup.sh
[12.048s] -- Up-to-date: /home/tahnt/mech_devel/f1t_mech_ws/install/img_proc/share/img_proc/local_setup.zsh
[12.048s] -- Installing: /home/tahnt/mech_devel/f1t_mech_ws/install/img_proc/share/img_proc/local_setup.dsv
[12.048s] -- Installing: /home/tahnt/mech_devel/f1t_mech_ws/install/img_proc/share/img_proc/package.dsv
[12.048s] -- Up-to-date: /home/tahnt/mech_devel/f1t_mech_ws/install/img_proc/share/ament_index/resource_index/packages/img_proc
[12.049s] -- Up-to-date: /home/tahnt/mech_devel/f1t_mech_ws/install/img_proc/share/img_proc/cmake/img_procConfig.cmake
[12.049s] -- Up-to-date: /home/tahnt/mech_devel/f1t_mech_ws/install/img_proc/share/img_proc/cmake/img_procConfig-version.cmake
[12.049s] -- Up-to-date: /home/tahnt/mech_devel/f1t_mech_ws/install/img_proc/share/img_proc/package.xml
[12.052s] Invoked command in '/home/tahnt/mech_devel/f1t_mech_ws/build/img_proc' returned '0': AMENT_PREFIX_PATH=/home/tahnt/mech_devel/f1t_mech_ws/install/mech_msg:${AMENT_PREFIX_PATH} CMAKE_PREFIX_PATH=/home/tahnt/mech_devel/f1t_mech_ws/install/mech_msg:/opt/ros/galactic LD_LIBRARY_PATH=/home/tahnt/mech_devel/f1t_mech_ws/install/mech_msg/lib:${LD_LIBRARY_PATH} PYTHONPATH=/home/tahnt/mech_devel/f1t_mech_ws/install/mech_msg/lib/python3.8/site-packages:${PYTHONPATH} /usr/bin/cmake --install /home/tahnt/mech_devel/f1t_mech_ws/build/img_proc
