[1.763s] DEBUG:colcon:Command line arguments: ['/usr/bin/colcon', 'build']
[1.763s] DEBUG:colcon:Parsed command line arguments: Namespace(allow_overriding=[], ament_cmake_args=None, base_paths=['.'], build_base='build', catkin_cmake_args=None, catkin_skip_building_tests=False, cmake_args=None, cmake_clean_cache=False, cmake_clean_first=False, cmake_force_configure=False, cmake_target=None, cmake_target_skip_unavailable=False, continue_on_error=False, event_handlers=None, executor='parallel', ignore_user_meta=False, install_base='install', log_base=None, log_level=None, main=<bound method BuildVerb.main of <colcon_core.verb.build.BuildVerb object at 0xffff941c6910>>, merge_install=False, metas=['./colcon.meta'], packages_above=None, packages_above_and_dependencies=None, packages_above_depth=None, packages_end=None, packages_ignore=None, packages_ignore_regex=None, packages_select=None, packages_select_build_failed=False, packages_select_by_dep=None, packages_select_regex=None, packages_select_test_failures=False, packages_skip=None, packages_skip_build_finished=False, packages_skip_by_dep=None, packages_skip_regex=None, packages_skip_test_passed=False, packages_skip_up_to=None, packages_start=None, packages_up_to=None, packages_up_to_regex=None, parallel_workers=6, paths=None, symlink_install=False, test_result_base=None, verb_extension=<colcon_core.verb.build.BuildVerb object at 0xffff941c6910>, verb_name='build', verb_parser=<colcon_defaults.argument_parser.defaults.DefaultArgumentsDecorator object at 0xffff941c6e80>)
[1.897s] Level 1:colcon.colcon_core.package_discovery:discover_packages(colcon_meta) check parameters
[1.898s] Level 1:colcon.colcon_core.package_discovery:discover_packages(recursive) check parameters
[1.898s] Level 1:colcon.colcon_core.package_discovery:discover_packages(ignore) check parameters
[1.899s] Level 1:colcon.colcon_core.package_discovery:discover_packages(path) check parameters
[1.899s] Level 1:colcon.colcon_core.package_discovery:discover_packages(colcon_meta) discover
[1.899s] Level 1:colcon.colcon_core.package_discovery:discover_packages(recursive) discover
[1.900s] INFO:colcon.colcon_core.package_discovery:Crawling recursively for packages in '/home/f1t/mech_devel/f1t_mech_ws'
[1.900s] Level 1:colcon.colcon_core.package_identification:_identify(.) by extensions ['ignore', 'ignore_ament_install']
[1.901s] Level 1:colcon.colcon_core.package_identification:_identify(.) by extension 'ignore'
[1.902s] Level 1:colcon.colcon_core.package_identification:_identify(.) by extension 'ignore_ament_install'
[1.902s] Level 1:colcon.colcon_core.package_identification:_identify(.) by extensions ['colcon_pkg']
[1.902s] Level 1:colcon.colcon_core.package_identification:_identify(.) by extension 'colcon_pkg'
[1.902s] Level 1:colcon.colcon_core.package_identification:_identify(.) by extensions ['colcon_meta']
[1.903s] Level 1:colcon.colcon_core.package_identification:_identify(.) by extension 'colcon_meta'
[1.903s] Level 1:colcon.colcon_core.package_identification:_identify(.) by extensions ['ros']
[1.903s] Level 1:colcon.colcon_core.package_identification:_identify(.) by extension 'ros'
[2.003s] Level 1:colcon.colcon_core.package_identification:_identify(.) by extensions ['cmake', 'python']
[2.003s] Level 1:colcon.colcon_core.package_identification:_identify(.) by extension 'cmake'
[2.003s] Level 1:colcon.colcon_core.package_identification:_identify(.) by extension 'python'
[2.004s] Level 1:colcon.colcon_core.package_identification:_identify(.) by extensions ['python_setup_py']
[2.004s] Level 1:colcon.colcon_core.package_identification:_identify(.) by extension 'python_setup_py'
[2.005s] Level 1:colcon.colcon_core.package_identification:_identify(build) by extensions ['ignore', 'ignore_ament_install']
[2.006s] Level 1:colcon.colcon_core.package_identification:_identify(build) by extension 'ignore'
[2.006s] Level 1:colcon.colcon_core.package_identification:_identify(build) ignored
[2.007s] Level 1:colcon.colcon_core.package_identification:_identify(install) by extensions ['ignore', 'ignore_ament_install']
[2.008s] Level 1:colcon.colcon_core.package_identification:_identify(install) by extension 'ignore'
[2.008s] Level 1:colcon.colcon_core.package_identification:_identify(install) ignored
[2.009s] Level 1:colcon.colcon_core.package_identification:_identify(log) by extensions ['ignore', 'ignore_ament_install']
[2.009s] Level 1:colcon.colcon_core.package_identification:_identify(log) by extension 'ignore'
[2.010s] Level 1:colcon.colcon_core.package_identification:_identify(log) ignored
[2.010s] Level 1:colcon.colcon_core.package_identification:_identify(src) by extensions ['ignore', 'ignore_ament_install']
[2.011s] Level 1:colcon.colcon_core.package_identification:_identify(src) by extension 'ignore'
[2.011s] Level 1:colcon.colcon_core.package_identification:_identify(src) by extension 'ignore_ament_install'
[2.011s] Level 1:colcon.colcon_core.package_identification:_identify(src) by extensions ['colcon_pkg']
[2.012s] Level 1:colcon.colcon_core.package_identification:_identify(src) by extension 'colcon_pkg'
[2.012s] Level 1:colcon.colcon_core.package_identification:_identify(src) by extensions ['colcon_meta']
[2.012s] Level 1:colcon.colcon_core.package_identification:_identify(src) by extension 'colcon_meta'
[2.012s] Level 1:colcon.colcon_core.package_identification:_identify(src) by extensions ['ros']
[2.013s] Level 1:colcon.colcon_core.package_identification:_identify(src) by extension 'ros'
[2.013s] Level 1:colcon.colcon_core.package_identification:_identify(src) by extensions ['cmake', 'python']
[2.013s] Level 1:colcon.colcon_core.package_identification:_identify(src) by extension 'cmake'
[2.014s] Level 1:colcon.colcon_core.package_identification:_identify(src) by extension 'python'
[2.014s] Level 1:colcon.colcon_core.package_identification:_identify(src) by extensions ['python_setup_py']
[2.014s] Level 1:colcon.colcon_core.package_identification:_identify(src) by extension 'python_setup_py'
[2.015s] Level 1:colcon.colcon_core.package_identification:_identify(src/img_proc) by extensions ['ignore', 'ignore_ament_install']
[2.015s] Level 1:colcon.colcon_core.package_identification:_identify(src/img_proc) by extension 'ignore'
[2.016s] Level 1:colcon.colcon_core.package_identification:_identify(src/img_proc) by extension 'ignore_ament_install'
[2.016s] Level 1:colcon.colcon_core.package_identification:_identify(src/img_proc) by extensions ['colcon_pkg']
[2.016s] Level 1:colcon.colcon_core.package_identification:_identify(src/img_proc) by extension 'colcon_pkg'
[2.016s] Level 1:colcon.colcon_core.package_identification:_identify(src/img_proc) by extensions ['colcon_meta']
[2.017s] Level 1:colcon.colcon_core.package_identification:_identify(src/img_proc) by extension 'colcon_meta'
[2.017s] Level 1:colcon.colcon_core.package_identification:_identify(src/img_proc) by extensions ['ros']
[2.017s] Level 1:colcon.colcon_core.package_identification:_identify(src/img_proc) by extension 'ros'
[2.030s] DEBUG:colcon.colcon_core.package_identification:Package 'src/img_proc' with type 'ros.ament_cmake' and name 'img_proc'
[2.030s] Level 1:colcon.colcon_core.package_discovery:discover_packages(recursive) using defaults
[2.030s] Level 1:colcon.colcon_core.package_discovery:discover_packages(ignore) discover
[2.031s] Level 1:colcon.colcon_core.package_discovery:discover_packages(ignore) using defaults
[2.031s] Level 1:colcon.colcon_core.package_discovery:discover_packages(path) discover
[2.031s] Level 1:colcon.colcon_core.package_discovery:discover_packages(path) using defaults
[2.130s] Level 1:colcon.colcon_core.package_discovery:discover_packages(prefix_path) check parameters
[2.131s] Level 1:colcon.colcon_core.package_discovery:discover_packages(prefix_path) discover
[2.146s] DEBUG:colcon.colcon_installed_package_information.package_discovery:Found 1 installed packages in /home/f1t/mech_devel/f1t_mech_ws/install
[2.158s] DEBUG:colcon.colcon_installed_package_information.package_discovery:Found 228 installed packages in /opt/ros/galactic
[2.167s] Level 1:colcon.colcon_core.package_discovery:discover_packages(prefix_path) using defaults
[2.453s] Level 5:colcon.colcon_core.verb:set package 'img_proc' build argument 'cmake_args' from command line to 'None'
[2.454s] Level 5:colcon.colcon_core.verb:set package 'img_proc' build argument 'cmake_target' from command line to 'None'
[2.454s] Level 5:colcon.colcon_core.verb:set package 'img_proc' build argument 'cmake_target_skip_unavailable' from command line to 'False'
[2.454s] Level 5:colcon.colcon_core.verb:set package 'img_proc' build argument 'cmake_clean_cache' from command line to 'False'
[2.455s] Level 5:colcon.colcon_core.verb:set package 'img_proc' build argument 'cmake_clean_first' from command line to 'False'
[2.455s] Level 5:colcon.colcon_core.verb:set package 'img_proc' build argument 'cmake_force_configure' from command line to 'False'
[2.455s] Level 5:colcon.colcon_core.verb:set package 'img_proc' build argument 'ament_cmake_args' from command line to 'None'
[2.455s] Level 5:colcon.colcon_core.verb:set package 'img_proc' build argument 'catkin_cmake_args' from command line to 'None'
[2.456s] Level 5:colcon.colcon_core.verb:set package 'img_proc' build argument 'catkin_skip_building_tests' from command line to 'False'
[2.456s] DEBUG:colcon.colcon_core.verb:Building package 'img_proc' with the following arguments: {'ament_cmake_args': None, 'build_base': '/home/f1t/mech_devel/f1t_mech_ws/build/img_proc', 'catkin_cmake_args': None, 'catkin_skip_building_tests': False, 'cmake_args': None, 'cmake_clean_cache': False, 'cmake_clean_first': False, 'cmake_force_configure': False, 'cmake_target': None, 'cmake_target_skip_unavailable': False, 'install_base': '/home/f1t/mech_devel/f1t_mech_ws/install/img_proc', 'merge_install': False, 'path': '/home/f1t/mech_devel/f1t_mech_ws/src/img_proc', 'symlink_install': False, 'test_result_base': None}
[2.459s] INFO:colcon.colcon_core.executor:Executing jobs using 'parallel' executor
[2.478s] DEBUG:colcon.colcon_parallel_executor.executor.parallel:run_until_complete
[2.479s] INFO:colcon.colcon_ros.task.ament_cmake.build:Building ROS package in '/home/f1t/mech_devel/f1t_mech_ws/src/img_proc' with build type 'ament_cmake'
[2.480s] INFO:colcon.colcon_cmake.task.cmake.build:Building CMake package in '/home/f1t/mech_devel/f1t_mech_ws/src/img_proc'
[2.503s] INFO:colcon.colcon_core.plugin_system:Skipping extension 'colcon_core.shell.bat': Not used on non-Windows systems
[2.504s] INFO:colcon.colcon_core.shell:Skip shell extension 'powershell' for command environment: Not usable outside of PowerShell
[2.504s] DEBUG:colcon.colcon_core.shell:Skip shell extension 'dsv' for command environment
[2.618s] DEBUG:colcon.colcon_core.event_handler.log_command:Invoking command in '/home/f1t/mech_devel/f1t_mech_ws/build/img_proc': CMAKE_PREFIX_PATH=${CMAKE_PREFIX_PATH}:/opt/ros/galactic /usr/bin/cmake --build /home/f1t/mech_devel/f1t_mech_ws/build/img_proc -- -j6 -l6
[3.049s] DEBUG:colcon.colcon_core.event_handler.log_command:Invoked command in '/home/f1t/mech_devel/f1t_mech_ws/build/img_proc' returned '0': CMAKE_PREFIX_PATH=${CMAKE_PREFIX_PATH}:/opt/ros/galactic /usr/bin/cmake --build /home/f1t/mech_devel/f1t_mech_ws/build/img_proc -- -j6 -l6
[3.317s] DEBUG:colcon.colcon_core.event_handler.log_command:Invoking command in '/home/f1t/mech_devel/f1t_mech_ws/build/img_proc': CMAKE_PREFIX_PATH=${CMAKE_PREFIX_PATH}:/opt/ros/galactic /usr/bin/cmake --install /home/f1t/mech_devel/f1t_mech_ws/build/img_proc
[3.397s] Level 1:colcon.colcon_core.environment:create_environment_scripts_only(img_proc)
[3.403s] DEBUG:colcon.colcon_core.event_handler.log_command:Invoked command in '/home/f1t/mech_devel/f1t_mech_ws/build/img_proc' returned '0': CMAKE_PREFIX_PATH=${CMAKE_PREFIX_PATH}:/opt/ros/galactic /usr/bin/cmake --install /home/f1t/mech_devel/f1t_mech_ws/build/img_proc
[3.449s] Level 1:colcon.colcon_core.environment:checking '/home/f1t/mech_devel/f1t_mech_ws/install/img_proc' for CMake module files
[3.453s] Level 1:colcon.colcon_core.environment:checking '/home/f1t/mech_devel/f1t_mech_ws/install/img_proc' for CMake config files
[3.456s] Level 1:colcon.colcon_core.shell:create_environment_hook('img_proc', 'cmake_prefix_path')
[3.465s] INFO:colcon.colcon_core.shell:Creating environment hook '/home/f1t/mech_devel/f1t_mech_ws/install/img_proc/share/img_proc/hook/cmake_prefix_path.ps1'
[3.471s] INFO:colcon.colcon_core.shell:Creating environment descriptor '/home/f1t/mech_devel/f1t_mech_ws/install/img_proc/share/img_proc/hook/cmake_prefix_path.dsv'
[3.473s] INFO:colcon.colcon_core.shell:Creating environment hook '/home/f1t/mech_devel/f1t_mech_ws/install/img_proc/share/img_proc/hook/cmake_prefix_path.sh'
[3.480s] Level 1:colcon.colcon_core.environment:checking '/home/f1t/mech_devel/f1t_mech_ws/install/img_proc/lib'
[3.482s] Level 1:colcon.colcon_core.environment:checking '/home/f1t/mech_devel/f1t_mech_ws/install/img_proc/bin'
[3.483s] Level 1:colcon.colcon_core.environment:checking '/home/f1t/mech_devel/f1t_mech_ws/install/img_proc/lib/pkgconfig/img_proc.pc'
[3.486s] Level 1:colcon.colcon_core.environment:checking '/home/f1t/mech_devel/f1t_mech_ws/install/img_proc/lib/python3.8/site-packages'
[3.487s] Level 1:colcon.colcon_core.environment:checking '/home/f1t/mech_devel/f1t_mech_ws/install/img_proc/bin'
[3.496s] INFO:colcon.colcon_core.shell:Creating package script '/home/f1t/mech_devel/f1t_mech_ws/install/img_proc/share/img_proc/package.ps1'
[3.504s] INFO:colcon.colcon_core.shell:Creating package descriptor '/home/f1t/mech_devel/f1t_mech_ws/install/img_proc/share/img_proc/package.dsv'
[3.508s] INFO:colcon.colcon_core.shell:Creating package script '/home/f1t/mech_devel/f1t_mech_ws/install/img_proc/share/img_proc/package.sh'
[3.513s] INFO:colcon.colcon_core.shell:Creating package script '/home/f1t/mech_devel/f1t_mech_ws/install/img_proc/share/img_proc/package.bash'
[3.518s] INFO:colcon.colcon_core.shell:Creating package script '/home/f1t/mech_devel/f1t_mech_ws/install/img_proc/share/img_proc/package.zsh'
[3.523s] Level 1:colcon.colcon_core.environment:create_file_with_runtime_dependencies(/home/f1t/mech_devel/f1t_mech_ws/install/img_proc/share/colcon-core/packages/img_proc)
[3.689s] Level 1:colcon.colcon_core.environment:create_environment_scripts_only(img_proc)
[3.705s] Level 1:colcon.colcon_core.environment:checking '/home/f1t/mech_devel/f1t_mech_ws/install/img_proc' for CMake module files
[3.711s] Level 1:colcon.colcon_core.environment:checking '/home/f1t/mech_devel/f1t_mech_ws/install/img_proc' for CMake config files
[3.713s] Level 1:colcon.colcon_core.shell:create_environment_hook('img_proc', 'cmake_prefix_path')
[3.721s] INFO:colcon.colcon_core.shell:Creating environment hook '/home/f1t/mech_devel/f1t_mech_ws/install/img_proc/share/img_proc/hook/cmake_prefix_path.ps1'
[3.726s] INFO:colcon.colcon_core.shell:Creating environment descriptor '/home/f1t/mech_devel/f1t_mech_ws/install/img_proc/share/img_proc/hook/cmake_prefix_path.dsv'
[3.731s] INFO:colcon.colcon_core.shell:Creating environment hook '/home/f1t/mech_devel/f1t_mech_ws/install/img_proc/share/img_proc/hook/cmake_prefix_path.sh'
[3.736s] Level 1:colcon.colcon_core.environment:checking '/home/f1t/mech_devel/f1t_mech_ws/install/img_proc/lib'
[3.737s] Level 1:colcon.colcon_core.environment:checking '/home/f1t/mech_devel/f1t_mech_ws/install/img_proc/bin'
[3.737s] Level 1:colcon.colcon_core.environment:checking '/home/f1t/mech_devel/f1t_mech_ws/install/img_proc/lib/pkgconfig/img_proc.pc'
[3.739s] Level 1:colcon.colcon_core.environment:checking '/home/f1t/mech_devel/f1t_mech_ws/install/img_proc/lib/python3.8/site-packages'
[3.740s] Level 1:colcon.colcon_core.environment:checking '/home/f1t/mech_devel/f1t_mech_ws/install/img_proc/bin'
[3.748s] INFO:colcon.colcon_core.shell:Creating package script '/home/f1t/mech_devel/f1t_mech_ws/install/img_proc/share/img_proc/package.ps1'
[3.752s] INFO:colcon.colcon_core.shell:Creating package descriptor '/home/f1t/mech_devel/f1t_mech_ws/install/img_proc/share/img_proc/package.dsv'
[3.755s] INFO:colcon.colcon_core.shell:Creating package script '/home/f1t/mech_devel/f1t_mech_ws/install/img_proc/share/img_proc/package.sh'
[3.757s] INFO:colcon.colcon_core.shell:Creating package script '/home/f1t/mech_devel/f1t_mech_ws/install/img_proc/share/img_proc/package.bash'
[3.760s] INFO:colcon.colcon_core.shell:Creating package script '/home/f1t/mech_devel/f1t_mech_ws/install/img_proc/share/img_proc/package.zsh'
[3.763s] Level 1:colcon.colcon_core.environment:create_file_with_runtime_dependencies(/home/f1t/mech_devel/f1t_mech_ws/install/img_proc/share/colcon-core/packages/img_proc)
[3.765s] DEBUG:colcon.colcon_parallel_executor.executor.parallel:closing loop
[3.767s] DEBUG:colcon.colcon_parallel_executor.executor.parallel:loop closed
[3.768s] DEBUG:colcon.colcon_parallel_executor.executor.parallel:run_until_complete finished with '0'
[3.770s] DEBUG:colcon.colcon_core.event_reactor:joining thread
[3.801s] INFO:colcon.colcon_core.plugin_system:Skipping extension 'colcon_notification.desktop_notification.terminal_notifier': Not used on non-Darwin systems
[3.806s] INFO:colcon.colcon_core.plugin_system:Skipping extension 'colcon_notification.desktop_notification.win32': Not used on non-Windows systems
[3.807s] INFO:colcon.colcon_notification.desktop_notification:Sending desktop notification using 'notify2'
[3.923s] DEBUG:colcon.colcon_core.event_reactor:joined thread
[3.934s] INFO:colcon.colcon_core.shell:Creating prefix script '/home/f1t/mech_devel/f1t_mech_ws/install/local_setup.ps1'
[3.940s] INFO:colcon.colcon_core.shell:Creating prefix util module '/home/f1t/mech_devel/f1t_mech_ws/install/_local_setup_util_ps1.py'
[3.956s] INFO:colcon.colcon_core.shell:Creating prefix chain script '/home/f1t/mech_devel/f1t_mech_ws/install/setup.ps1'
[3.967s] INFO:colcon.colcon_core.shell:Creating prefix script '/home/f1t/mech_devel/f1t_mech_ws/install/local_setup.sh'
[3.971s] INFO:colcon.colcon_core.shell:Creating prefix util module '/home/f1t/mech_devel/f1t_mech_ws/install/_local_setup_util_sh.py'
[3.975s] INFO:colcon.colcon_core.shell:Creating prefix chain script '/home/f1t/mech_devel/f1t_mech_ws/install/setup.sh'
[3.985s] INFO:colcon.colcon_core.shell:Creating prefix script '/home/f1t/mech_devel/f1t_mech_ws/install/local_setup.bash'
[3.989s] INFO:colcon.colcon_core.shell:Creating prefix chain script '/home/f1t/mech_devel/f1t_mech_ws/install/setup.bash'
[3.998s] INFO:colcon.colcon_core.shell:Creating prefix script '/home/f1t/mech_devel/f1t_mech_ws/install/local_setup.zsh'
[4.001s] INFO:colcon.colcon_core.shell:Creating prefix chain script '/home/f1t/mech_devel/f1t_mech_ws/install/setup.zsh'
