[0.011s] Invoking command in '/home/tahnt/mech_devel/f1t_mech_ws/build/img_proc': CMAKE_PREFIX_PATH=/opt/ros/galactic /usr/bin/cmake --build /home/tahnt/mech_devel/f1t_mech_ws/build/img_proc -- -j4 -l4
[0.057s] [35m[1mScanning dependencies of target img_proc_node[0m
[0.095s] [ 50%] [32mBuilding CXX object CMakeFiles/img_proc_node.dir/src/img_proc_node.cpp.o[0m
[6.727s] [100%] [32m[1mLinking CXX executable img_proc_node[0m
[7.317s] [100%] Built target img_proc_node
[7.342s] Invoked command in '/home/tahnt/mech_devel/f1t_mech_ws/build/img_proc' returned '0': CMAKE_PREFIX_PATH=/opt/ros/galactic /usr/bin/cmake --build /home/tahnt/mech_devel/f1t_mech_ws/build/img_proc -- -j4 -l4
[7.382s] Invoking command in '/home/tahnt/mech_devel/f1t_mech_ws/build/img_proc': CMAKE_PREFIX_PATH=/opt/ros/galactic /usr/bin/cmake --install /home/tahnt/mech_devel/f1t_mech_ws/build/img_proc
[7.390s] -- Install configuration: ""
[7.391s] -- Installing: /home/tahnt/mech_devel/f1t_mech_ws/install/img_proc/lib/img_proc/img_proc_node
[7.396s] -- Set runtime path of "/home/tahnt/mech_devel/f1t_mech_ws/install/img_proc/lib/img_proc/img_proc_node" to ""
[7.396s] -- Up-to-date: /home/tahnt/mech_devel/f1t_mech_ws/install/img_proc/share/img_proc//launch
[7.396s] -- Up-to-date: /home/tahnt/mech_devel/f1t_mech_ws/install/img_proc/share/img_proc//launch/img_proc_launch.py
[7.397s] -- Up-to-date: /home/tahnt/mech_devel/f1t_mech_ws/install/img_proc/share/img_proc//config
[7.397s] -- Installing: /home/tahnt/mech_devel/f1t_mech_ws/install/img_proc/share/img_proc//config/img_proc_config.yaml
[7.399s] -- Up-to-date: /home/tahnt/mech_devel/f1t_mech_ws/install/img_proc/share/ament_index/resource_index/package_run_dependencies/img_proc
[7.399s] -- Up-to-date: /home/tahnt/mech_devel/f1t_mech_ws/install/img_proc/share/ament_index/resource_index/parent_prefix_path/img_proc
[7.400s] -- Up-to-date: /home/tahnt/mech_devel/f1t_mech_ws/install/img_proc/share/img_proc/environment/ament_prefix_path.sh
[7.400s] -- Up-to-date: /home/tahnt/mech_devel/f1t_mech_ws/install/img_proc/share/img_proc/environment/ament_prefix_path.dsv
[7.400s] -- Up-to-date: /home/tahnt/mech_devel/f1t_mech_ws/install/img_proc/share/img_proc/environment/path.sh
[7.401s] -- Up-to-date: /home/tahnt/mech_devel/f1t_mech_ws/install/img_proc/share/img_proc/environment/path.dsv
[7.401s] -- Up-to-date: /home/tahnt/mech_devel/f1t_mech_ws/install/img_proc/share/img_proc/local_setup.bash
[7.401s] -- Up-to-date: /home/tahnt/mech_devel/f1t_mech_ws/install/img_proc/share/img_proc/local_setup.sh
[7.401s] -- Up-to-date: /home/tahnt/mech_devel/f1t_mech_ws/install/img_proc/share/img_proc/local_setup.zsh
[7.402s] -- Up-to-date: /home/tahnt/mech_devel/f1t_mech_ws/install/img_proc/share/img_proc/local_setup.dsv
[7.402s] -- Installing: /home/tahnt/mech_devel/f1t_mech_ws/install/img_proc/share/img_proc/package.dsv
[7.403s] -- Up-to-date: /home/tahnt/mech_devel/f1t_mech_ws/install/img_proc/share/ament_index/resource_index/packages/img_proc
[7.403s] -- Up-to-date: /home/tahnt/mech_devel/f1t_mech_ws/install/img_proc/share/img_proc/cmake/img_procConfig.cmake
[7.403s] -- Up-to-date: /home/tahnt/mech_devel/f1t_mech_ws/install/img_proc/share/img_proc/cmake/img_procConfig-version.cmake
[7.403s] -- Up-to-date: /home/tahnt/mech_devel/f1t_mech_ws/install/img_proc/share/img_proc/package.xml
[7.410s] Invoked command in '/home/tahnt/mech_devel/f1t_mech_ws/build/img_proc' returned '0': CMAKE_PREFIX_PATH=/opt/ros/galactic /usr/bin/cmake --install /home/tahnt/mech_devel/f1t_mech_ws/build/img_proc
