[1.801s] DEBUG:colcon:Command line arguments: ['/usr/bin/colcon', 'build']
[1.802s] DEBUG:colcon:Parsed command line arguments: Namespace(allow_overriding=[], ament_cmake_args=None, base_paths=['.'], build_base='build', catkin_cmake_args=None, catkin_skip_building_tests=False, cmake_args=None, cmake_clean_cache=False, cmake_clean_first=False, cmake_force_configure=False, cmake_target=None, cmake_target_skip_unavailable=False, continue_on_error=False, event_handlers=None, executor='parallel', ignore_user_meta=False, install_base='install', log_base=None, log_level=None, main=<bound method BuildVerb.main of <colcon_core.verb.build.BuildVerb object at 0xffff80fce9d0>>, merge_install=False, metas=['./colcon.meta'], packages_above=None, packages_above_and_dependencies=None, packages_above_depth=None, packages_end=None, packages_ignore=None, packages_ignore_regex=None, packages_select=None, packages_select_build_failed=False, packages_select_by_dep=None, packages_select_regex=None, packages_select_test_failures=False, packages_skip=None, packages_skip_build_finished=False, packages_skip_by_dep=None, packages_skip_regex=None, packages_skip_test_passed=False, packages_skip_up_to=None, packages_start=None, packages_up_to=None, packages_up_to_regex=None, parallel_workers=6, paths=None, symlink_install=False, test_result_base=None, verb_extension=<colcon_core.verb.build.BuildVerb object at 0xffff80fce9d0>, verb_name='build', verb_parser=<colcon_defaults.argument_parser.defaults.DefaultArgumentsDecorator object at 0xffff80fcef40>)
[1.942s] Level 1:colcon.colcon_core.package_discovery:discover_packages(colcon_meta) check parameters
[1.943s] Level 1:colcon.colcon_core.package_discovery:discover_packages(recursive) check parameters
[1.943s] Level 1:colcon.colcon_core.package_discovery:discover_packages(ignore) check parameters
[1.943s] Level 1:colcon.colcon_core.package_discovery:discover_packages(path) check parameters
[1.943s] Level 1:colcon.colcon_core.package_discovery:discover_packages(colcon_meta) discover
[1.944s] Level 1:colcon.colcon_core.package_discovery:discover_packages(recursive) discover
[1.944s] INFO:colcon.colcon_core.package_discovery:Crawling recursively for packages in '/home/f1t/mech_devel/f1t_mech_ws'
[1.945s] Level 1:colcon.colcon_core.package_identification:_identify(.) by extensions ['ignore', 'ignore_ament_install']
[1.946s] Level 1:colcon.colcon_core.package_identification:_identify(.) by extension 'ignore'
[1.946s] Level 1:colcon.colcon_core.package_identification:_identify(.) by extension 'ignore_ament_install'
[1.946s] Level 1:colcon.colcon_core.package_identification:_identify(.) by extensions ['colcon_pkg']
[1.946s] Level 1:colcon.colcon_core.package_identification:_identify(.) by extension 'colcon_pkg'
[1.947s] Level 1:colcon.colcon_core.package_identification:_identify(.) by extensions ['colcon_meta']
[1.947s] Level 1:colcon.colcon_core.package_identification:_identify(.) by extension 'colcon_meta'
[1.947s] Level 1:colcon.colcon_core.package_identification:_identify(.) by extensions ['ros']
[1.947s] Level 1:colcon.colcon_core.package_identification:_identify(.) by extension 'ros'
[2.048s] Level 1:colcon.colcon_core.package_identification:_identify(.) by extensions ['cmake', 'python']
[2.049s] Level 1:colcon.colcon_core.package_identification:_identify(.) by extension 'cmake'
[2.049s] Level 1:colcon.colcon_core.package_identification:_identify(.) by extension 'python'
[2.050s] Level 1:colcon.colcon_core.package_identification:_identify(.) by extensions ['python_setup_py']
[2.050s] Level 1:colcon.colcon_core.package_identification:_identify(.) by extension 'python_setup_py'
[2.051s] Level 1:colcon.colcon_core.package_identification:_identify(build) by extensions ['ignore', 'ignore_ament_install']
[2.051s] Level 1:colcon.colcon_core.package_identification:_identify(build) by extension 'ignore'
[2.052s] Level 1:colcon.colcon_core.package_identification:_identify(build) ignored
[2.052s] Level 1:colcon.colcon_core.package_identification:_identify(install) by extensions ['ignore', 'ignore_ament_install']
[2.053s] Level 1:colcon.colcon_core.package_identification:_identify(install) by extension 'ignore'
[2.053s] Level 1:colcon.colcon_core.package_identification:_identify(install) ignored
[2.054s] Level 1:colcon.colcon_core.package_identification:_identify(log) by extensions ['ignore', 'ignore_ament_install']
[2.055s] Level 1:colcon.colcon_core.package_identification:_identify(log) by extension 'ignore'
[2.055s] Level 1:colcon.colcon_core.package_identification:_identify(log) ignored
[2.055s] Level 1:colcon.colcon_core.package_identification:_identify(src) by extensions ['ignore', 'ignore_ament_install']
[2.056s] Level 1:colcon.colcon_core.package_identification:_identify(src) by extension 'ignore'
[2.056s] Level 1:colcon.colcon_core.package_identification:_identify(src) by extension 'ignore_ament_install'
[2.057s] Level 1:colcon.colcon_core.package_identification:_identify(src) by extensions ['colcon_pkg']
[2.057s] Level 1:colcon.colcon_core.package_identification:_identify(src) by extension 'colcon_pkg'
[2.057s] Level 1:colcon.colcon_core.package_identification:_identify(src) by extensions ['colcon_meta']
[2.057s] Level 1:colcon.colcon_core.package_identification:_identify(src) by extension 'colcon_meta'
[2.058s] Level 1:colcon.colcon_core.package_identification:_identify(src) by extensions ['ros']
[2.058s] Level 1:colcon.colcon_core.package_identification:_identify(src) by extension 'ros'
[2.058s] Level 1:colcon.colcon_core.package_identification:_identify(src) by extensions ['cmake', 'python']
[2.058s] Level 1:colcon.colcon_core.package_identification:_identify(src) by extension 'cmake'
[2.059s] Level 1:colcon.colcon_core.package_identification:_identify(src) by extension 'python'
[2.059s] Level 1:colcon.colcon_core.package_identification:_identify(src) by extensions ['python_setup_py']
[2.059s] Level 1:colcon.colcon_core.package_identification:_identify(src) by extension 'python_setup_py'
[2.060s] Level 1:colcon.colcon_core.package_identification:_identify(src/img_proc) by extensions ['ignore', 'ignore_ament_install']
[2.060s] Level 1:colcon.colcon_core.package_identification:_identify(src/img_proc) by extension 'ignore'
[2.060s] Level 1:colcon.colcon_core.package_identification:_identify(src/img_proc) by extension 'ignore_ament_install'
[2.061s] Level 1:colcon.colcon_core.package_identification:_identify(src/img_proc) by extensions ['colcon_pkg']
[2.061s] Level 1:colcon.colcon_core.package_identification:_identify(src/img_proc) by extension 'colcon_pkg'
[2.061s] Level 1:colcon.colcon_core.package_identification:_identify(src/img_proc) by extensions ['colcon_meta']
[2.061s] Level 1:colcon.colcon_core.package_identification:_identify(src/img_proc) by extension 'colcon_meta'
[2.062s] Level 1:colcon.colcon_core.package_identification:_identify(src/img_proc) by extensions ['ros']
[2.062s] Level 1:colcon.colcon_core.package_identification:_identify(src/img_proc) by extension 'ros'
[2.076s] DEBUG:colcon.colcon_core.package_identification:Package 'src/img_proc' with type 'ros.ament_cmake' and name 'img_proc'
[2.076s] Level 1:colcon.colcon_core.package_discovery:discover_packages(recursive) using defaults
[2.077s] Level 1:colcon.colcon_core.package_discovery:discover_packages(ignore) discover
[2.077s] Level 1:colcon.colcon_core.package_discovery:discover_packages(ignore) using defaults
[2.077s] Level 1:colcon.colcon_core.package_discovery:discover_packages(path) discover
[2.077s] Level 1:colcon.colcon_core.package_discovery:discover_packages(path) using defaults
[2.182s] Level 1:colcon.colcon_core.package_discovery:discover_packages(prefix_path) check parameters
[2.182s] Level 1:colcon.colcon_core.package_discovery:discover_packages(prefix_path) discover
[2.197s] DEBUG:colcon.colcon_installed_package_information.package_discovery:Found 1 installed packages in /home/f1t/mech_devel/f1t_mech_ws/install
[2.210s] DEBUG:colcon.colcon_installed_package_information.package_discovery:Found 228 installed packages in /opt/ros/galactic
[2.218s] Level 1:colcon.colcon_core.package_discovery:discover_packages(prefix_path) using defaults
[2.524s] Level 5:colcon.colcon_core.verb:set package 'img_proc' build argument 'cmake_args' from command line to 'None'
[2.525s] Level 5:colcon.colcon_core.verb:set package 'img_proc' build argument 'cmake_target' from command line to 'None'
[2.525s] Level 5:colcon.colcon_core.verb:set package 'img_proc' build argument 'cmake_target_skip_unavailable' from command line to 'False'
[2.525s] Level 5:colcon.colcon_core.verb:set package 'img_proc' build argument 'cmake_clean_cache' from command line to 'False'
[2.526s] Level 5:colcon.colcon_core.verb:set package 'img_proc' build argument 'cmake_clean_first' from command line to 'False'
[2.671s] Level 5:colcon.colcon_core.verb:set package 'img_proc' build argument 'cmake_force_configure' from command line to 'False'
[2.671s] Level 5:colcon.colcon_core.verb:set package 'img_proc' build argument 'ament_cmake_args' from command line to 'None'
[2.672s] Level 5:colcon.colcon_core.verb:set package 'img_proc' build argument 'catkin_cmake_args' from command line to 'None'
[2.672s] Level 5:colcon.colcon_core.verb:set package 'img_proc' build argument 'catkin_skip_building_tests' from command line to 'False'
[2.672s] DEBUG:colcon.colcon_core.verb:Building package 'img_proc' with the following arguments: {'ament_cmake_args': None, 'build_base': '/home/f1t/mech_devel/f1t_mech_ws/build/img_proc', 'catkin_cmake_args': None, 'catkin_skip_building_tests': False, 'cmake_args': None, 'cmake_clean_cache': False, 'cmake_clean_first': False, 'cmake_force_configure': False, 'cmake_target': None, 'cmake_target_skip_unavailable': False, 'install_base': '/home/f1t/mech_devel/f1t_mech_ws/install/img_proc', 'merge_install': False, 'path': '/home/f1t/mech_devel/f1t_mech_ws/src/img_proc', 'symlink_install': False, 'test_result_base': None}
[2.679s] INFO:colcon.colcon_core.executor:Executing jobs using 'parallel' executor
[2.705s] DEBUG:colcon.colcon_parallel_executor.executor.parallel:run_until_complete
[2.706s] INFO:colcon.colcon_ros.task.ament_cmake.build:Building ROS package in '/home/f1t/mech_devel/f1t_mech_ws/src/img_proc' with build type 'ament_cmake'
[2.708s] INFO:colcon.colcon_cmake.task.cmake.build:Building CMake package in '/home/f1t/mech_devel/f1t_mech_ws/src/img_proc'
[2.735s] INFO:colcon.colcon_core.plugin_system:Skipping extension 'colcon_core.shell.bat': Not used on non-Windows systems
[2.736s] INFO:colcon.colcon_core.shell:Skip shell extension 'powershell' for command environment: Not usable outside of PowerShell
[2.737s] DEBUG:colcon.colcon_core.shell:Skip shell extension 'dsv' for command environment
[2.826s] DEBUG:colcon.colcon_core.event_handler.log_command:Invoking command in '/home/f1t/mech_devel/f1t_mech_ws/build/img_proc': CMAKE_PREFIX_PATH=${CMAKE_PREFIX_PATH}:/opt/ros/galactic /usr/bin/cmake --build /home/f1t/mech_devel/f1t_mech_ws/build/img_proc -- -j6 -l6
[44.195s] DEBUG:colcon.colcon_parallel_executor.executor.parallel:run_until_complete was interrupted
[44.198s] DEBUG:colcon.colcon_parallel_executor.executor.parallel:run_until_complete again
[44.212s] DEBUG:colcon.colcon_core.event_handler.log_command:Invoked command in '/home/f1t/mech_devel/f1t_mech_ws/build/img_proc' returned '-2': CMAKE_PREFIX_PATH=${CMAKE_PREFIX_PATH}:/opt/ros/galactic /usr/bin/cmake --build /home/f1t/mech_devel/f1t_mech_ws/build/img_proc -- -j6 -l6
[44.360s] Level 1:colcon.colcon_core.environment:create_environment_scripts_only(img_proc)
[44.399s] Level 1:colcon.colcon_core.environment:checking '/home/f1t/mech_devel/f1t_mech_ws/install/img_proc' for CMake module files
[44.403s] Level 1:colcon.colcon_core.environment:checking '/home/f1t/mech_devel/f1t_mech_ws/install/img_proc' for CMake config files
[44.406s] Level 1:colcon.colcon_core.shell:create_environment_hook('img_proc', 'cmake_prefix_path')
[44.414s] INFO:colcon.colcon_core.shell:Creating environment hook '/home/f1t/mech_devel/f1t_mech_ws/install/img_proc/share/img_proc/hook/cmake_prefix_path.ps1'
[44.566s] INFO:colcon.colcon_core.shell:Creating environment descriptor '/home/f1t/mech_devel/f1t_mech_ws/install/img_proc/share/img_proc/hook/cmake_prefix_path.dsv'
[44.570s] INFO:colcon.colcon_core.shell:Creating environment hook '/home/f1t/mech_devel/f1t_mech_ws/install/img_proc/share/img_proc/hook/cmake_prefix_path.sh'
[44.577s] Level 1:colcon.colcon_core.environment:checking '/home/f1t/mech_devel/f1t_mech_ws/install/img_proc/lib'
[44.578s] Level 1:colcon.colcon_core.environment:checking '/home/f1t/mech_devel/f1t_mech_ws/install/img_proc/bin'
[44.579s] Level 1:colcon.colcon_core.environment:checking '/home/f1t/mech_devel/f1t_mech_ws/install/img_proc/lib/pkgconfig/img_proc.pc'
[44.580s] Level 1:colcon.colcon_core.environment:checking '/home/f1t/mech_devel/f1t_mech_ws/install/img_proc/lib/python3.8/site-packages'
[44.581s] Level 1:colcon.colcon_core.environment:checking '/home/f1t/mech_devel/f1t_mech_ws/install/img_proc/bin'
[44.589s] INFO:colcon.colcon_core.shell:Creating package script '/home/f1t/mech_devel/f1t_mech_ws/install/img_proc/share/img_proc/package.ps1'
[44.595s] INFO:colcon.colcon_core.shell:Creating package descriptor '/home/f1t/mech_devel/f1t_mech_ws/install/img_proc/share/img_proc/package.dsv'
[44.602s] INFO:colcon.colcon_core.shell:Creating package script '/home/f1t/mech_devel/f1t_mech_ws/install/img_proc/share/img_proc/package.sh'
[44.608s] INFO:colcon.colcon_core.shell:Creating package script '/home/f1t/mech_devel/f1t_mech_ws/install/img_proc/share/img_proc/package.bash'
[44.613s] INFO:colcon.colcon_core.shell:Creating package script '/home/f1t/mech_devel/f1t_mech_ws/install/img_proc/share/img_proc/package.zsh'
[44.618s] Level 1:colcon.colcon_core.environment:create_file_with_runtime_dependencies(/home/f1t/mech_devel/f1t_mech_ws/install/img_proc/share/colcon-core/packages/img_proc)
[44.631s] DEBUG:colcon.colcon_parallel_executor.executor.parallel:run_until_complete finished
[44.632s] DEBUG:colcon.colcon_parallel_executor.executor.parallel:closing loop
[44.633s] DEBUG:colcon.colcon_parallel_executor.executor.parallel:loop closed
[44.634s] DEBUG:colcon.colcon_core.event_reactor:joining thread
[44.669s] INFO:colcon.colcon_core.plugin_system:Skipping extension 'colcon_notification.desktop_notification.terminal_notifier': Not used on non-Darwin systems
[44.671s] INFO:colcon.colcon_core.plugin_system:Skipping extension 'colcon_notification.desktop_notification.win32': Not used on non-Windows systems
[44.671s] INFO:colcon.colcon_notification.desktop_notification:Sending desktop notification using 'notify2'
[44.777s] DEBUG:colcon.colcon_core.event_reactor:joined thread
[44.788s] INFO:colcon.colcon_core.shell:Creating prefix script '/home/f1t/mech_devel/f1t_mech_ws/install/local_setup.ps1'
[44.793s] INFO:colcon.colcon_core.shell:Creating prefix util module '/home/f1t/mech_devel/f1t_mech_ws/install/_local_setup_util_ps1.py'
[44.818s] INFO:colcon.colcon_core.shell:Creating prefix chain script '/home/f1t/mech_devel/f1t_mech_ws/install/setup.ps1'
[44.831s] INFO:colcon.colcon_core.shell:Creating prefix script '/home/f1t/mech_devel/f1t_mech_ws/install/local_setup.sh'
[44.836s] INFO:colcon.colcon_core.shell:Creating prefix util module '/home/f1t/mech_devel/f1t_mech_ws/install/_local_setup_util_sh.py'
[44.840s] INFO:colcon.colcon_core.shell:Creating prefix chain script '/home/f1t/mech_devel/f1t_mech_ws/install/setup.sh'
[44.850s] INFO:colcon.colcon_core.shell:Creating prefix script '/home/f1t/mech_devel/f1t_mech_ws/install/local_setup.bash'
[44.854s] INFO:colcon.colcon_core.shell:Creating prefix chain script '/home/f1t/mech_devel/f1t_mech_ws/install/setup.bash'
[44.862s] INFO:colcon.colcon_core.shell:Creating prefix script '/home/f1t/mech_devel/f1t_mech_ws/install/local_setup.zsh'
[44.865s] INFO:colcon.colcon_core.shell:Creating prefix chain script '/home/f1t/mech_devel/f1t_mech_ws/install/setup.zsh'
