[0.015s] Invoking command in '/home/tahnt/mech_devel/f1t_mech_ws/build/mech_msg': CMAKE_PREFIX_PATH=${CMAKE_PREFIX_PATH}:/opt/ros/galactic /usr/bin/cmake --build /home/tahnt/mech_devel/f1t_mech_ws/build/mech_msg -- -j4 -l4
[0.073s] [  2%] Built target mech_msg__cpp
[0.074s] [ 12%] Built target mech_msg__rosidl_generator_c
[0.105s] [ 23%] Built target mech_msg__rosidl_typesupport_cpp
[0.106s] [ 33%] Built target mech_msg__rosidl_typesupport_fastrtps_cpp
[0.109s] [ 43%] Built target mech_msg__rosidl_typesupport_introspection_c
[0.112s] [ 53%] Built target mech_msg__rosidl_typesupport_c
[0.139s] [ 64%] Built target mech_msg__rosidl_typesupport_introspection_cpp
[0.143s] [ 74%] Built target mech_msg__rosidl_typesupport_fastrtps_c
[0.168s] [ 74%] Built target mech_msg
[0.191s] [ 76%] Built target mech_msg__py
[0.217s] [ 84%] Built target mech_msg__python
[0.243s] [ 89%] Built target mech_msg__rosidl_typesupport_c__pyext
[0.243s] [ 94%] Built target mech_msg__rosidl_typesupport_introspection_c__pyext
[0.245s] [100%] Built target mech_msg__rosidl_typesupport_fastrtps_c__pyext
[0.270s] Invoked command in '/home/tahnt/mech_devel/f1t_mech_ws/build/mech_msg' returned '0': CMAKE_PREFIX_PATH=${CMAKE_PREFIX_PATH}:/opt/ros/galactic /usr/bin/cmake --build /home/tahnt/mech_devel/f1t_mech_ws/build/mech_msg -- -j4 -l4
[0.411s] Invoking command in '/home/tahnt/mech_devel/f1t_mech_ws/build/mech_msg': CMAKE_PREFIX_PATH=${CMAKE_PREFIX_PATH}:/opt/ros/galactic /usr/bin/cmake --install /home/tahnt/mech_devel/f1t_mech_ws/build/mech_msg
[0.427s] -- Install configuration: ""
[0.427s] -- Up-to-date: /home/tahnt/mech_devel/f1t_mech_ws/install/mech_msg/share/ament_index/resource_index/rosidl_interfaces/mech_msg
[0.427s] -- Up-to-date: /home/tahnt/mech_devel/f1t_mech_ws/install/mech_msg/include/mech_msg
[0.427s] -- Up-to-date: /home/tahnt/mech_devel/f1t_mech_ws/install/mech_msg/include/mech_msg/msg
[0.427s] -- Up-to-date: /home/tahnt/mech_devel/f1t_mech_ws/install/mech_msg/include/mech_msg/msg/yaw_err.h
[0.427s] -- Up-to-date: /home/tahnt/mech_devel/f1t_mech_ws/install/mech_msg/include/mech_msg/msg/detail
[0.427s] -- Up-to-date: /home/tahnt/mech_devel/f1t_mech_ws/install/mech_msg/include/mech_msg/msg/detail/lat_err__type_support.h
[0.427s] -- Up-to-date: /home/tahnt/mech_devel/f1t_mech_ws/install/mech_msg/include/mech_msg/msg/detail/lat_err__functions.h
[0.427s] -- Up-to-date: /home/tahnt/mech_devel/f1t_mech_ws/install/mech_msg/include/mech_msg/msg/detail/yaw_err__functions.c
[0.427s] -- Up-to-date: /home/tahnt/mech_devel/f1t_mech_ws/install/mech_msg/include/mech_msg/msg/detail/test__struct.h
[0.427s] -- Up-to-date: /home/tahnt/mech_devel/f1t_mech_ws/install/mech_msg/include/mech_msg/msg/detail/test__type_support.h
[0.427s] -- Up-to-date: /home/tahnt/mech_devel/f1t_mech_ws/install/mech_msg/include/mech_msg/msg/detail/yaw_err__struct.h
[0.427s] -- Up-to-date: /home/tahnt/mech_devel/f1t_mech_ws/install/mech_msg/include/mech_msg/msg/detail/test__functions.h
[0.427s] -- Up-to-date: /home/tahnt/mech_devel/f1t_mech_ws/install/mech_msg/include/mech_msg/msg/detail/lat_err__struct.h
[0.427s] -- Up-to-date: /home/tahnt/mech_devel/f1t_mech_ws/install/mech_msg/include/mech_msg/msg/detail/yaw_err__type_support.h
[0.427s] -- Up-to-date: /home/tahnt/mech_devel/f1t_mech_ws/install/mech_msg/include/mech_msg/msg/detail/yaw_err__functions.h
[0.427s] -- Up-to-date: /home/tahnt/mech_devel/f1t_mech_ws/install/mech_msg/include/mech_msg/msg/detail/test__functions.c
[0.427s] -- Up-to-date: /home/tahnt/mech_devel/f1t_mech_ws/install/mech_msg/include/mech_msg/msg/detail/lat_err__functions.c
[0.427s] -- Up-to-date: /home/tahnt/mech_devel/f1t_mech_ws/install/mech_msg/include/mech_msg/msg/lat_err.h
[0.428s] -- Up-to-date: /home/tahnt/mech_devel/f1t_mech_ws/install/mech_msg/include/mech_msg/msg/test.h
[0.428s] -- Up-to-date: /home/tahnt/mech_devel/f1t_mech_ws/install/mech_msg/include/mech_msg/msg/rosidl_generator_c__visibility_control.h
[0.428s] -- Up-to-date: /home/tahnt/mech_devel/f1t_mech_ws/install/mech_msg/share/mech_msg/environment/library_path.sh
[0.428s] -- Up-to-date: /home/tahnt/mech_devel/f1t_mech_ws/install/mech_msg/share/mech_msg/environment/library_path.dsv
[0.428s] -- Up-to-date: /home/tahnt/mech_devel/f1t_mech_ws/install/mech_msg/lib/libmech_msg__rosidl_generator_c.so
[0.428s] -- Up-to-date: /home/tahnt/mech_devel/f1t_mech_ws/install/mech_msg/include/mech_msg
[0.428s] -- Up-to-date: /home/tahnt/mech_devel/f1t_mech_ws/install/mech_msg/include/mech_msg/msg
[0.428s] -- Up-to-date: /home/tahnt/mech_devel/f1t_mech_ws/install/mech_msg/include/mech_msg/msg/detail
[0.428s] -- Up-to-date: /home/tahnt/mech_devel/f1t_mech_ws/install/mech_msg/include/mech_msg/msg/detail/yaw_err__rosidl_typesupport_fastrtps_c.h
[0.428s] -- Up-to-date: /home/tahnt/mech_devel/f1t_mech_ws/install/mech_msg/include/mech_msg/msg/detail/test__rosidl_typesupport_fastrtps_c.h
[0.428s] -- Up-to-date: /home/tahnt/mech_devel/f1t_mech_ws/install/mech_msg/include/mech_msg/msg/detail/lat_err__rosidl_typesupport_fastrtps_c.h
[0.428s] -- Up-to-date: /home/tahnt/mech_devel/f1t_mech_ws/install/mech_msg/include/mech_msg/msg/rosidl_typesupport_fastrtps_c__visibility_control.h
[0.428s] -- Up-to-date: /home/tahnt/mech_devel/f1t_mech_ws/install/mech_msg/lib/libmech_msg__rosidl_typesupport_fastrtps_c.so
[0.428s] -- Up-to-date: /home/tahnt/mech_devel/f1t_mech_ws/install/mech_msg/include/mech_msg
[0.428s] -- Up-to-date: /home/tahnt/mech_devel/f1t_mech_ws/install/mech_msg/include/mech_msg/msg
[0.428s] -- Up-to-date: /home/tahnt/mech_devel/f1t_mech_ws/install/mech_msg/include/mech_msg/msg/detail
[0.429s] -- Up-to-date: /home/tahnt/mech_devel/f1t_mech_ws/install/mech_msg/include/mech_msg/msg/detail/dds_fastrtps
[0.429s] -- Up-to-date: /home/tahnt/mech_devel/f1t_mech_ws/install/mech_msg/include/mech_msg/msg/detail/yaw_err__rosidl_typesupport_fastrtps_cpp.hpp
[0.429s] -- Up-to-date: /home/tahnt/mech_devel/f1t_mech_ws/install/mech_msg/include/mech_msg/msg/detail/lat_err__rosidl_typesupport_fastrtps_cpp.hpp
[0.429s] -- Up-to-date: /home/tahnt/mech_devel/f1t_mech_ws/install/mech_msg/include/mech_msg/msg/detail/test__rosidl_typesupport_fastrtps_cpp.hpp
[0.429s] -- Up-to-date: /home/tahnt/mech_devel/f1t_mech_ws/install/mech_msg/include/mech_msg/msg/rosidl_typesupport_fastrtps_cpp__visibility_control.h
[0.429s] -- Up-to-date: /home/tahnt/mech_devel/f1t_mech_ws/install/mech_msg/lib/libmech_msg__rosidl_typesupport_fastrtps_cpp.so
[0.429s] -- Up-to-date: /home/tahnt/mech_devel/f1t_mech_ws/install/mech_msg/include/mech_msg
[0.430s] -- Up-to-date: /home/tahnt/mech_devel/f1t_mech_ws/install/mech_msg/include/mech_msg/msg
[0.430s] -- Up-to-date: /home/tahnt/mech_devel/f1t_mech_ws/install/mech_msg/include/mech_msg/msg/detail
[0.430s] -- Up-to-date: /home/tahnt/mech_devel/f1t_mech_ws/install/mech_msg/include/mech_msg/msg/detail/lat_err__type_support.c
[0.430s] -- Up-to-date: /home/tahnt/mech_devel/f1t_mech_ws/install/mech_msg/include/mech_msg/msg/detail/test__type_support.c
[0.430s] -- Up-to-date: /home/tahnt/mech_devel/f1t_mech_ws/install/mech_msg/include/mech_msg/msg/detail/yaw_err__rosidl_typesupport_introspection_c.h
[0.430s] -- Up-to-date: /home/tahnt/mech_devel/f1t_mech_ws/install/mech_msg/include/mech_msg/msg/detail/yaw_err__type_support.c
[0.430s] -- Up-to-date: /home/tahnt/mech_devel/f1t_mech_ws/install/mech_msg/include/mech_msg/msg/detail/lat_err__rosidl_typesupport_introspection_c.h
[0.430s] -- Up-to-date: /home/tahnt/mech_devel/f1t_mech_ws/install/mech_msg/include/mech_msg/msg/detail/test__rosidl_typesupport_introspection_c.h
[0.430s] -- Up-to-date: /home/tahnt/mech_devel/f1t_mech_ws/install/mech_msg/include/mech_msg/msg/rosidl_typesupport_introspection_c__visibility_control.h
[0.431s] -- Up-to-date: /home/tahnt/mech_devel/f1t_mech_ws/install/mech_msg/lib/libmech_msg__rosidl_typesupport_introspection_c.so
[0.432s] -- Up-to-date: /home/tahnt/mech_devel/f1t_mech_ws/install/mech_msg/lib/libmech_msg__rosidl_typesupport_c.so
[0.432s] -- Up-to-date: /home/tahnt/mech_devel/f1t_mech_ws/install/mech_msg/include/mech_msg
[0.432s] -- Up-to-date: /home/tahnt/mech_devel/f1t_mech_ws/install/mech_msg/include/mech_msg/msg
[0.432s] -- Up-to-date: /home/tahnt/mech_devel/f1t_mech_ws/install/mech_msg/include/mech_msg/msg/detail
[0.433s] -- Up-to-date: /home/tahnt/mech_devel/f1t_mech_ws/install/mech_msg/include/mech_msg/msg/detail/test__builder.hpp
[0.433s] -- Up-to-date: /home/tahnt/mech_devel/f1t_mech_ws/install/mech_msg/include/mech_msg/msg/detail/lat_err__struct.hpp
[0.433s] -- Up-to-date: /home/tahnt/mech_devel/f1t_mech_ws/install/mech_msg/include/mech_msg/msg/detail/lat_err__builder.hpp
[0.433s] -- Up-to-date: /home/tahnt/mech_devel/f1t_mech_ws/install/mech_msg/include/mech_msg/msg/detail/test__struct.hpp
[0.433s] -- Up-to-date: /home/tahnt/mech_devel/f1t_mech_ws/install/mech_msg/include/mech_msg/msg/detail/yaw_err__builder.hpp
[0.433s] -- Up-to-date: /home/tahnt/mech_devel/f1t_mech_ws/install/mech_msg/include/mech_msg/msg/detail/test__traits.hpp
[0.434s] -- Up-to-date: /home/tahnt/mech_devel/f1t_mech_ws/install/mech_msg/include/mech_msg/msg/detail/lat_err__traits.hpp
[0.434s] -- Up-to-date: /home/tahnt/mech_devel/f1t_mech_ws/install/mech_msg/include/mech_msg/msg/detail/yaw_err__struct.hpp
[0.434s] -- Up-to-date: /home/tahnt/mech_devel/f1t_mech_ws/install/mech_msg/include/mech_msg/msg/detail/yaw_err__traits.hpp
[0.434s] -- Up-to-date: /home/tahnt/mech_devel/f1t_mech_ws/install/mech_msg/include/mech_msg/msg/yaw_err.hpp
[0.434s] -- Up-to-date: /home/tahnt/mech_devel/f1t_mech_ws/install/mech_msg/include/mech_msg/msg/lat_err.hpp
[0.434s] -- Up-to-date: /home/tahnt/mech_devel/f1t_mech_ws/install/mech_msg/include/mech_msg/msg/test.hpp
[0.434s] -- Up-to-date: /home/tahnt/mech_devel/f1t_mech_ws/install/mech_msg/include/mech_msg
[0.434s] -- Up-to-date: /home/tahnt/mech_devel/f1t_mech_ws/install/mech_msg/include/mech_msg/msg
[0.434s] -- Up-to-date: /home/tahnt/mech_devel/f1t_mech_ws/install/mech_msg/include/mech_msg/msg/detail
[0.434s] -- Up-to-date: /home/tahnt/mech_devel/f1t_mech_ws/install/mech_msg/include/mech_msg/msg/detail/test__type_support.cpp
[0.435s] -- Up-to-date: /home/tahnt/mech_devel/f1t_mech_ws/install/mech_msg/include/mech_msg/msg/detail/lat_err__rosidl_typesupport_introspection_cpp.hpp
[0.435s] -- Up-to-date: /home/tahnt/mech_devel/f1t_mech_ws/install/mech_msg/include/mech_msg/msg/detail/yaw_err__rosidl_typesupport_introspection_cpp.hpp
[0.435s] -- Up-to-date: /home/tahnt/mech_devel/f1t_mech_ws/install/mech_msg/include/mech_msg/msg/detail/test__rosidl_typesupport_introspection_cpp.hpp
[0.435s] -- Up-to-date: /home/tahnt/mech_devel/f1t_mech_ws/install/mech_msg/include/mech_msg/msg/detail/yaw_err__type_support.cpp
[0.435s] -- Up-to-date: /home/tahnt/mech_devel/f1t_mech_ws/install/mech_msg/include/mech_msg/msg/detail/lat_err__type_support.cpp
[0.435s] -- Up-to-date: /home/tahnt/mech_devel/f1t_mech_ws/install/mech_msg/lib/libmech_msg__rosidl_typesupport_introspection_cpp.so
[0.435s] -- Up-to-date: /home/tahnt/mech_devel/f1t_mech_ws/install/mech_msg/lib/libmech_msg__rosidl_typesupport_cpp.so
[0.435s] -- Up-to-date: /home/tahnt/mech_devel/f1t_mech_ws/install/mech_msg/share/mech_msg/environment/pythonpath.sh
[0.435s] -- Up-to-date: /home/tahnt/mech_devel/f1t_mech_ws/install/mech_msg/share/mech_msg/environment/pythonpath.dsv
[0.435s] -- Up-to-date: /home/tahnt/mech_devel/f1t_mech_ws/install/mech_msg/lib/python3.8/site-packages/mech_msg/__init__.py
[0.463s] -- Up-to-date: /home/tahnt/mech_devel/f1t_mech_ws/install/mech_msg/lib/python3.8/site-packages/mech_msg/msg
[0.463s] -- Up-to-date: /home/tahnt/mech_devel/f1t_mech_ws/install/mech_msg/lib/python3.8/site-packages/mech_msg/msg/_test_s.c
[0.463s] -- Up-to-date: /home/tahnt/mech_devel/f1t_mech_ws/install/mech_msg/lib/python3.8/site-packages/mech_msg/msg/_yaw_err_s.c
[0.463s] -- Up-to-date: /home/tahnt/mech_devel/f1t_mech_ws/install/mech_msg/lib/python3.8/site-packages/mech_msg/msg/_lat_err.py
[0.463s] -- Up-to-date: /home/tahnt/mech_devel/f1t_mech_ws/install/mech_msg/lib/python3.8/site-packages/mech_msg/msg/_test.py
[0.463s] -- Up-to-date: /home/tahnt/mech_devel/f1t_mech_ws/install/mech_msg/lib/python3.8/site-packages/mech_msg/msg/_lat_err_s.c
[0.463s] -- Up-to-date: /home/tahnt/mech_devel/f1t_mech_ws/install/mech_msg/lib/python3.8/site-packages/mech_msg/msg/__init__.py
[0.463s] -- Up-to-date: /home/tahnt/mech_devel/f1t_mech_ws/install/mech_msg/lib/python3.8/site-packages/mech_msg/msg/_yaw_err.py
[0.463s] -- Up-to-date: /home/tahnt/mech_devel/f1t_mech_ws/install/mech_msg/lib/python3.8/site-packages/mech_msg/mech_msg_s__rosidl_typesupport_fastrtps_c.cpython-38-x86_64-linux-gnu.so
[0.463s] -- Up-to-date: /home/tahnt/mech_devel/f1t_mech_ws/install/mech_msg/lib/python3.8/site-packages/mech_msg/mech_msg_s__rosidl_typesupport_introspection_c.cpython-38-x86_64-linux-gnu.so
[0.464s] -- Up-to-date: /home/tahnt/mech_devel/f1t_mech_ws/install/mech_msg/lib/python3.8/site-packages/mech_msg/mech_msg_s__rosidl_typesupport_c.cpython-38-x86_64-linux-gnu.so
[0.464s] -- Up-to-date: /home/tahnt/mech_devel/f1t_mech_ws/install/mech_msg/lib/libmech_msg__python.so
[0.465s] -- Up-to-date: /home/tahnt/mech_devel/f1t_mech_ws/install/mech_msg/share/mech_msg/msg/LatErr.idl
[0.465s] -- Up-to-date: /home/tahnt/mech_devel/f1t_mech_ws/install/mech_msg/share/mech_msg/msg/YawErr.idl
[0.466s] -- Up-to-date: /home/tahnt/mech_devel/f1t_mech_ws/install/mech_msg/share/mech_msg/msg/LatErr.msg
[0.466s] -- Up-to-date: /home/tahnt/mech_devel/f1t_mech_ws/install/mech_msg/share/mech_msg/msg/YawErr.msg
[0.467s] -- Up-to-date: /home/tahnt/mech_devel/f1t_mech_ws/install/mech_msg/share/ament_index/resource_index/package_run_dependencies/mech_msg
[0.467s] -- Up-to-date: /home/tahnt/mech_devel/f1t_mech_ws/install/mech_msg/share/ament_index/resource_index/parent_prefix_path/mech_msg
[0.467s] -- Up-to-date: /home/tahnt/mech_devel/f1t_mech_ws/install/mech_msg/share/mech_msg/environment/ament_prefix_path.sh
[0.467s] -- Up-to-date: /home/tahnt/mech_devel/f1t_mech_ws/install/mech_msg/share/mech_msg/environment/ament_prefix_path.dsv
[0.468s] -- Up-to-date: /home/tahnt/mech_devel/f1t_mech_ws/install/mech_msg/share/mech_msg/environment/path.sh
[0.468s] -- Up-to-date: /home/tahnt/mech_devel/f1t_mech_ws/install/mech_msg/share/mech_msg/environment/path.dsv
[0.468s] -- Up-to-date: /home/tahnt/mech_devel/f1t_mech_ws/install/mech_msg/share/mech_msg/local_setup.bash
[0.468s] -- Up-to-date: /home/tahnt/mech_devel/f1t_mech_ws/install/mech_msg/share/mech_msg/local_setup.sh
[0.468s] -- Up-to-date: /home/tahnt/mech_devel/f1t_mech_ws/install/mech_msg/share/mech_msg/local_setup.zsh
[0.468s] -- Up-to-date: /home/tahnt/mech_devel/f1t_mech_ws/install/mech_msg/share/mech_msg/local_setup.dsv
[0.468s] -- Installing: /home/tahnt/mech_devel/f1t_mech_ws/install/mech_msg/share/mech_msg/package.dsv
[0.468s] -- Up-to-date: /home/tahnt/mech_devel/f1t_mech_ws/install/mech_msg/share/ament_index/resource_index/packages/mech_msg
[0.469s] -- Up-to-date: /home/tahnt/mech_devel/f1t_mech_ws/install/mech_msg/share/mech_msg/cmake/mech_msg__rosidl_generator_cExport.cmake
[0.469s] -- Up-to-date: /home/tahnt/mech_devel/f1t_mech_ws/install/mech_msg/share/mech_msg/cmake/mech_msg__rosidl_generator_cExport-noconfig.cmake
[0.469s] -- Up-to-date: /home/tahnt/mech_devel/f1t_mech_ws/install/mech_msg/share/mech_msg/cmake/mech_msg__rosidl_typesupport_introspection_cExport.cmake
[0.469s] -- Up-to-date: /home/tahnt/mech_devel/f1t_mech_ws/install/mech_msg/share/mech_msg/cmake/mech_msg__rosidl_typesupport_introspection_cExport-noconfig.cmake
[0.469s] -- Up-to-date: /home/tahnt/mech_devel/f1t_mech_ws/install/mech_msg/share/mech_msg/cmake/mech_msg__rosidl_typesupport_cExport.cmake
[0.469s] -- Up-to-date: /home/tahnt/mech_devel/f1t_mech_ws/install/mech_msg/share/mech_msg/cmake/mech_msg__rosidl_typesupport_cExport-noconfig.cmake
[0.470s] -- Up-to-date: /home/tahnt/mech_devel/f1t_mech_ws/install/mech_msg/share/mech_msg/cmake/mech_msg__rosidl_generator_cppExport.cmake
[0.470s] -- Up-to-date: /home/tahnt/mech_devel/f1t_mech_ws/install/mech_msg/share/mech_msg/cmake/mech_msg__rosidl_typesupport_introspection_cppExport.cmake
[0.470s] -- Up-to-date: /home/tahnt/mech_devel/f1t_mech_ws/install/mech_msg/share/mech_msg/cmake/mech_msg__rosidl_typesupport_introspection_cppExport-noconfig.cmake
[0.470s] -- Up-to-date: /home/tahnt/mech_devel/f1t_mech_ws/install/mech_msg/share/mech_msg/cmake/mech_msg__rosidl_typesupport_cppExport.cmake
[0.470s] -- Up-to-date: /home/tahnt/mech_devel/f1t_mech_ws/install/mech_msg/share/mech_msg/cmake/mech_msg__rosidl_typesupport_cppExport-noconfig.cmake
[0.470s] -- Up-to-date: /home/tahnt/mech_devel/f1t_mech_ws/install/mech_msg/share/mech_msg/cmake/rosidl_cmake-extras.cmake
[0.470s] -- Up-to-date: /home/tahnt/mech_devel/f1t_mech_ws/install/mech_msg/share/mech_msg/cmake/ament_cmake_export_dependencies-extras.cmake
[0.470s] -- Up-to-date: /home/tahnt/mech_devel/f1t_mech_ws/install/mech_msg/share/mech_msg/cmake/ament_cmake_export_libraries-extras.cmake
[0.470s] -- Up-to-date: /home/tahnt/mech_devel/f1t_mech_ws/install/mech_msg/share/mech_msg/cmake/ament_cmake_export_targets-extras.cmake
[0.470s] -- Up-to-date: /home/tahnt/mech_devel/f1t_mech_ws/install/mech_msg/share/mech_msg/cmake/ament_cmake_export_include_directories-extras.cmake
[0.470s] -- Up-to-date: /home/tahnt/mech_devel/f1t_mech_ws/install/mech_msg/share/mech_msg/cmake/rosidl_cmake_export_typesupport_libraries-extras.cmake
[0.470s] -- Up-to-date: /home/tahnt/mech_devel/f1t_mech_ws/install/mech_msg/share/mech_msg/cmake/rosidl_cmake_export_typesupport_targets-extras.cmake
[0.470s] -- Up-to-date: /home/tahnt/mech_devel/f1t_mech_ws/install/mech_msg/share/mech_msg/cmake/mech_msgConfig.cmake
[0.470s] -- Up-to-date: /home/tahnt/mech_devel/f1t_mech_ws/install/mech_msg/share/mech_msg/cmake/mech_msgConfig-version.cmake
[0.470s] -- Up-to-date: /home/tahnt/mech_devel/f1t_mech_ws/install/mech_msg/share/mech_msg/package.xml
[0.473s] Invoked command in '/home/tahnt/mech_devel/f1t_mech_ws/build/mech_msg' returned '0': CMAKE_PREFIX_PATH=${CMAKE_PREFIX_PATH}:/opt/ros/galactic /usr/bin/cmake --install /home/tahnt/mech_devel/f1t_mech_ws/build/mech_msg
