[0.011s] Invoking command in '/home/tahnt/mech_devel/f1t_mech_ws/build/custom_msg': CMAKE_PREFIX_PATH=${CMAKE_PREFIX_PATH}:/opt/ros/galactic /usr/bin/cmake /home/tahnt/mech_devel/f1t_mech_ws/src/custom_msg -DCMAKE_INSTALL_PREFIX=/home/tahnt/mech_devel/f1t_mech_ws/install/custom_msg
[0.066s] -- The C compiler identification is GNU 9.4.0
[0.115s] -- The CXX compiler identification is GNU 9.4.0
[0.119s] -- Check for working C compiler: /usr/bin/cc
[0.196s] -- Check for working C compiler: /usr/bin/cc -- works
[0.197s] -- Detecting C compiler ABI info
[0.273s] -- Detecting C compiler ABI info - done
[0.280s] -- Detecting C compile features
[0.280s] -- Detecting C compile features - done
[0.282s] -- Check for working CXX compiler: /usr/bin/c++
[0.363s] -- Check for working CXX compiler: /usr/bin/c++ -- works
[0.363s] -- Detecting CXX compiler ABI info
[0.453s] -- Detecting CXX compiler ABI info - done
[0.459s] -- Detecting CXX compile features
[0.460s] -- Detecting CXX compile features - done
[0.462s] -- Found ament_cmake: 1.1.6 (/opt/ros/galactic/share/ament_cmake/cmake)
[0.483s] -- Found PythonInterp: /usr/bin/python3 (found suitable version "3.8.10", minimum required is "3") 
[0.483s] -- Using PYTHON_EXECUTABLE: /usr/bin/python3
[0.541s] -- Found rosidl_default_generators: 1.1.1 (/opt/ros/galactic/share/rosidl_default_generators/cmake)
[0.543s] -- Using all available rosidl_typesupport_c: rosidl_typesupport_fastrtps_c;rosidl_typesupport_introspection_c
[0.548s] -- Found rosidl_adapter: 2.2.3 (/opt/ros/galactic/share/rosidl_adapter/cmake)
[0.636s] -- Found OpenSSL: /usr/lib/x86_64-linux-gnu/libcrypto.so (found version "1.1.1f")  
[0.658s] -- Found FastRTPS: /opt/ros/galactic/include  
[0.721s] -- Using all available rosidl_typesupport_cpp: rosidl_typesupport_fastrtps_cpp;rosidl_typesupport_introspection_cpp
[0.759s] -- Found PythonInterp: /usr/bin/python3 (found version "3.8.10") 
[0.845s] -- Found ament_cmake_ros: 0.9.2 (/opt/ros/galactic/share/ament_cmake_ros/cmake)
[0.920s] -- Using all available rosidl_typesupport_c: rosidl_typesupport_fastrtps_c;rosidl_typesupport_introspection_c
[0.925s] -- Using all available rosidl_typesupport_cpp: rosidl_typesupport_fastrtps_cpp;rosidl_typesupport_introspection_cpp
[0.945s] -- Found PythonInterp: /usr/bin/python3 (found suitable version "3.8.10", minimum required is "3.5") 
[0.948s] -- Found python_cmake_module: 0.8.1 (/opt/ros/galactic/share/python_cmake_module/cmake)
[0.969s] -- Found PythonLibs: /usr/lib/x86_64-linux-gnu/libpython3.8.so (found suitable version "3.8.10", minimum required is "3.5") 
[0.969s] -- Using PYTHON_EXECUTABLE: /usr/bin/python3
[0.969s] -- Using PYTHON_INCLUDE_DIRS: /usr/include/python3.8
[0.969s] -- Using PYTHON_LIBRARIES: /usr/lib/x86_64-linux-gnu/libpython3.8.so
[0.986s] -- Found PythonExtra: .so  
[1.016s] -- Found ament_lint_auto: 0.10.7 (/opt/ros/galactic/share/ament_lint_auto/cmake)
[1.031s] -- Added test 'copyright' to check source files copyright and LICENSE
[1.032s] -- Added test 'lint_cmake' to check CMake code style
[1.033s] -- Added test 'xmllint' to check XML markup files
[1.038s] -- Configuring done
[1.065s] -- Generating done
[1.068s] -- Build files have been written to: /home/tahnt/mech_devel/f1t_mech_ws/build/custom_msg
[1.076s] Invoked command in '/home/tahnt/mech_devel/f1t_mech_ws/build/custom_msg' returned '0': CMAKE_PREFIX_PATH=${CMAKE_PREFIX_PATH}:/opt/ros/galactic /usr/bin/cmake /home/tahnt/mech_devel/f1t_mech_ws/src/custom_msg -DCMAKE_INSTALL_PREFIX=/home/tahnt/mech_devel/f1t_mech_ws/install/custom_msg
[1.076s] Invoking command in '/home/tahnt/mech_devel/f1t_mech_ws/build/custom_msg': CMAKE_PREFIX_PATH=${CMAKE_PREFIX_PATH}:/opt/ros/galactic /usr/bin/cmake --build /home/tahnt/mech_devel/f1t_mech_ws/build/custom_msg -- -j4 -l4
[1.117s] [35m[1mScanning dependencies of target custom_msg__cpp[0m
[1.117s] [  3%] [34m[1mGenerating C code for ROS interfaces[0m
[1.128s] [  6%] [34m[1mGenerating C++ code for ROS interfaces[0m
[1.286s] [35m[1mScanning dependencies of target custom_msg__rosidl_generator_c[0m
[1.299s] [  9%] [32mBuilding C object CMakeFiles/custom_msg__rosidl_generator_c.dir/rosidl_generator_c/custom_msg/msg/detail/lat_err__functions.c.o[0m
[1.305s] [  9%] Built target custom_msg__cpp
[1.316s] [ 16%] [34m[1mGenerating C++ type support for eProsima Fast-RTPS[0m
[1.316s] [ 16%] [34m[1mGenerating C++ type support dispatch for ROS interfaces[0m
[1.317s] [ 19%] [34m[1mGenerating C++ introspection for ROS interfaces[0m
[1.343s] [ 22%] [32m[1mLinking C shared library libcustom_msg__rosidl_generator_c.so[0m
[1.377s] [ 22%] Built target custom_msg__rosidl_generator_c
[1.388s] [ 25%] [34m[1mGenerating C type support dispatch for ROS interfaces[0m
[1.467s] [35m[1mScanning dependencies of target custom_msg__rosidl_typesupport_cpp[0m
[1.478s] [35m[1mScanning dependencies of target custom_msg__rosidl_typesupport_introspection_cpp[0m
[1.479s] [35m[1mScanning dependencies of target custom_msg__rosidl_typesupport_fastrtps_cpp[0m
[1.489s] [ 29%] [32mBuilding CXX object CMakeFiles/custom_msg__rosidl_typesupport_cpp.dir/rosidl_typesupport_cpp/custom_msg/msg/lat_err__type_support.cpp.o[0m
[1.498s] [ 32%] [32mBuilding CXX object CMakeFiles/custom_msg__rosidl_typesupport_introspection_cpp.dir/rosidl_typesupport_introspection_cpp/custom_msg/msg/detail/lat_err__type_support.cpp.o[0m
[1.500s] [ 35%] [32mBuilding CXX object CMakeFiles/custom_msg__rosidl_typesupport_fastrtps_cpp.dir/rosidl_typesupport_fastrtps_cpp/custom_msg/msg/detail/dds_fastrtps/lat_err__type_support.cpp.o[0m
[1.550s] [35m[1mScanning dependencies of target custom_msg__rosidl_typesupport_c[0m
[1.572s] [ 38%] [32mBuilding CXX object CMakeFiles/custom_msg__rosidl_typesupport_c.dir/rosidl_typesupport_c/custom_msg/msg/lat_err__type_support.cpp.o[0m
[1.603s] [ 41%] [32m[1mLinking CXX shared library libcustom_msg__rosidl_typesupport_c.so[0m
[1.657s] [ 41%] Built target custom_msg__rosidl_typesupport_c
[1.669s] [ 45%] [34m[1mGenerating C introspection for ROS interfaces[0m
[1.703s] [ 48%] [32m[1mLinking CXX shared library libcustom_msg__rosidl_typesupport_cpp.so[0m
[1.741s] [ 51%] [32m[1mLinking CXX shared library libcustom_msg__rosidl_typesupport_introspection_cpp.so[0m
[1.751s] [ 51%] Built target custom_msg__rosidl_typesupport_cpp
[1.782s] [ 51%] Built target custom_msg__rosidl_typesupport_introspection_cpp
[1.824s] [ 54%] [32m[1mLinking CXX shared library libcustom_msg__rosidl_typesupport_fastrtps_cpp.so[0m
[1.843s] [35m[1mScanning dependencies of target custom_msg__rosidl_typesupport_introspection_c[0m
[1.863s] [ 58%] [32mBuilding C object CMakeFiles/custom_msg__rosidl_typesupport_introspection_c.dir/rosidl_typesupport_introspection_c/custom_msg/msg/detail/lat_err__type_support.c.o[0m
[1.894s] [ 61%] [32m[1mLinking C shared library libcustom_msg__rosidl_typesupport_introspection_c.so[0m
[1.903s] [ 61%] Built target custom_msg__rosidl_typesupport_fastrtps_cpp
[1.915s] [ 64%] [34m[1mGenerating C type support for eProsima Fast-RTPS[0m
[1.926s] [ 64%] Built target custom_msg__rosidl_typesupport_introspection_c
[2.074s] [35m[1mScanning dependencies of target custom_msg__rosidl_typesupport_fastrtps_c[0m
[2.090s] [ 67%] [32mBuilding CXX object CMakeFiles/custom_msg__rosidl_typesupport_fastrtps_c.dir/rosidl_typesupport_fastrtps_c/custom_msg/msg/detail/lat_err__type_support_c.cpp.o[0m
[2.351s] [ 70%] [32m[1mLinking CXX shared library libcustom_msg__rosidl_typesupport_fastrtps_c.so[0m
[2.432s] [ 70%] Built target custom_msg__rosidl_typesupport_fastrtps_c
[2.442s] [35m[1mScanning dependencies of target custom_msg[0m
[2.455s] [ 70%] Built target custom_msg
[2.466s] [35m[1mScanning dependencies of target custom_msg__py[0m
[2.477s] [ 74%] [34m[1mGenerating Python code for ROS interfaces[0m
[2.740s] [ 74%] Built target custom_msg__py
[2.752s] [35m[1mScanning dependencies of target custom_msg__python[0m
[2.775s] [ 77%] [32mBuilding C object CMakeFiles/custom_msg__python.dir/rosidl_generator_py/custom_msg/msg/_lat_err_s.c.o[0m
[2.850s] [ 80%] [32m[1mLinking C shared library rosidl_generator_py/custom_msg/libcustom_msg__python.so[0m
[2.889s] [ 80%] Built target custom_msg__python
[2.899s] [35m[1mScanning dependencies of target custom_msg__rosidl_typesupport_fastrtps_c__pyext[0m
[2.900s] [35m[1mScanning dependencies of target custom_msg__rosidl_typesupport_introspection_c__pyext[0m
[2.900s] [35m[1mScanning dependencies of target custom_msg__rosidl_typesupport_c__pyext[0m
[2.920s] [ 83%] [32mBuilding C object CMakeFiles/custom_msg__rosidl_typesupport_introspection_c__pyext.dir/rosidl_generator_py/custom_msg/_custom_msg_s.ep.rosidl_typesupport_introspection_c.c.o[0m
[2.922s] [ 87%] [32mBuilding C object CMakeFiles/custom_msg__rosidl_typesupport_c__pyext.dir/rosidl_generator_py/custom_msg/_custom_msg_s.ep.rosidl_typesupport_c.c.o[0m
[2.929s] [ 90%] [32mBuilding C object CMakeFiles/custom_msg__rosidl_typesupport_fastrtps_c__pyext.dir/rosidl_generator_py/custom_msg/_custom_msg_s.ep.rosidl_typesupport_fastrtps_c.c.o[0m
[2.988s] [ 93%] [32m[1mLinking C shared library rosidl_generator_py/custom_msg/custom_msg_s__rosidl_typesupport_introspection_c.cpython-38-x86_64-linux-gnu.so[0m
[2.991s] [ 96%] [32m[1mLinking C shared library rosidl_generator_py/custom_msg/custom_msg_s__rosidl_typesupport_c.cpython-38-x86_64-linux-gnu.so[0m
[2.995s] [100%] [32m[1mLinking CXX shared library rosidl_generator_py/custom_msg/custom_msg_s__rosidl_typesupport_fastrtps_c.cpython-38-x86_64-linux-gnu.so[0m
[3.022s] [100%] Built target custom_msg__rosidl_typesupport_introspection_c__pyext
[3.028s] [100%] Built target custom_msg__rosidl_typesupport_c__pyext
[3.061s] [100%] Built target custom_msg__rosidl_typesupport_fastrtps_c__pyext
[3.076s] Invoked command in '/home/tahnt/mech_devel/f1t_mech_ws/build/custom_msg' returned '0': CMAKE_PREFIX_PATH=${CMAKE_PREFIX_PATH}:/opt/ros/galactic /usr/bin/cmake --build /home/tahnt/mech_devel/f1t_mech_ws/build/custom_msg -- -j4 -l4
[3.169s] Invoking command in '/home/tahnt/mech_devel/f1t_mech_ws/build/custom_msg': CMAKE_PREFIX_PATH=${CMAKE_PREFIX_PATH}:/opt/ros/galactic /usr/bin/cmake --install /home/tahnt/mech_devel/f1t_mech_ws/build/custom_msg
[3.177s] -- Install configuration: ""
[3.178s] -- Installing: /home/tahnt/mech_devel/f1t_mech_ws/install/custom_msg/share/ament_index/resource_index/rosidl_interfaces/custom_msg
[3.178s] -- Installing: /home/tahnt/mech_devel/f1t_mech_ws/install/custom_msg/include/custom_msg
[3.179s] -- Installing: /home/tahnt/mech_devel/f1t_mech_ws/install/custom_msg/include/custom_msg/msg
[3.180s] -- Installing: /home/tahnt/mech_devel/f1t_mech_ws/install/custom_msg/include/custom_msg/msg/detail
[3.181s] -- Installing: /home/tahnt/mech_devel/f1t_mech_ws/install/custom_msg/include/custom_msg/msg/detail/lat_err__type_support.h
[3.182s] -- Installing: /home/tahnt/mech_devel/f1t_mech_ws/install/custom_msg/include/custom_msg/msg/detail/lat_err__functions.h
[3.184s] -- Installing: /home/tahnt/mech_devel/f1t_mech_ws/install/custom_msg/include/custom_msg/msg/detail/lat_err__struct.h
[3.184s] -- Installing: /home/tahnt/mech_devel/f1t_mech_ws/install/custom_msg/include/custom_msg/msg/detail/lat_err__functions.c
[3.184s] -- Installing: /home/tahnt/mech_devel/f1t_mech_ws/install/custom_msg/include/custom_msg/msg/lat_err.h
[3.184s] -- Installing: /home/tahnt/mech_devel/f1t_mech_ws/install/custom_msg/include/custom_msg/msg/rosidl_generator_c__visibility_control.h
[3.184s] -- Installing: /home/tahnt/mech_devel/f1t_mech_ws/install/custom_msg/share/custom_msg/environment/library_path.sh
[3.184s] -- Installing: /home/tahnt/mech_devel/f1t_mech_ws/install/custom_msg/share/custom_msg/environment/library_path.dsv
[3.184s] -- Installing: /home/tahnt/mech_devel/f1t_mech_ws/install/custom_msg/lib/libcustom_msg__rosidl_generator_c.so
[3.184s] -- Set runtime path of "/home/tahnt/mech_devel/f1t_mech_ws/install/custom_msg/lib/libcustom_msg__rosidl_generator_c.so" to ""
[3.184s] -- Up-to-date: /home/tahnt/mech_devel/f1t_mech_ws/install/custom_msg/include/custom_msg
[3.184s] -- Up-to-date: /home/tahnt/mech_devel/f1t_mech_ws/install/custom_msg/include/custom_msg/msg
[3.184s] -- Up-to-date: /home/tahnt/mech_devel/f1t_mech_ws/install/custom_msg/include/custom_msg/msg/detail
[3.184s] -- Installing: /home/tahnt/mech_devel/f1t_mech_ws/install/custom_msg/include/custom_msg/msg/detail/lat_err__rosidl_typesupport_fastrtps_c.h
[3.184s] -- Installing: /home/tahnt/mech_devel/f1t_mech_ws/install/custom_msg/include/custom_msg/msg/rosidl_typesupport_fastrtps_c__visibility_control.h
[3.184s] -- Installing: /home/tahnt/mech_devel/f1t_mech_ws/install/custom_msg/lib/libcustom_msg__rosidl_typesupport_fastrtps_c.so
[3.184s] -- Set runtime path of "/home/tahnt/mech_devel/f1t_mech_ws/install/custom_msg/lib/libcustom_msg__rosidl_typesupport_fastrtps_c.so" to ""
[3.184s] -- Up-to-date: /home/tahnt/mech_devel/f1t_mech_ws/install/custom_msg/include/custom_msg
[3.184s] -- Up-to-date: /home/tahnt/mech_devel/f1t_mech_ws/install/custom_msg/include/custom_msg/msg
[3.185s] -- Up-to-date: /home/tahnt/mech_devel/f1t_mech_ws/install/custom_msg/include/custom_msg/msg/detail
[3.185s] -- Installing: /home/tahnt/mech_devel/f1t_mech_ws/install/custom_msg/include/custom_msg/msg/detail/dds_fastrtps
[3.185s] -- Installing: /home/tahnt/mech_devel/f1t_mech_ws/install/custom_msg/include/custom_msg/msg/detail/lat_err__rosidl_typesupport_fastrtps_cpp.hpp
[3.185s] -- Installing: /home/tahnt/mech_devel/f1t_mech_ws/install/custom_msg/include/custom_msg/msg/rosidl_typesupport_fastrtps_cpp__visibility_control.h
[3.185s] -- Installing: /home/tahnt/mech_devel/f1t_mech_ws/install/custom_msg/lib/libcustom_msg__rosidl_typesupport_fastrtps_cpp.so
[3.185s] -- Set runtime path of "/home/tahnt/mech_devel/f1t_mech_ws/install/custom_msg/lib/libcustom_msg__rosidl_typesupport_fastrtps_cpp.so" to ""
[3.185s] -- Up-to-date: /home/tahnt/mech_devel/f1t_mech_ws/install/custom_msg/include/custom_msg
[3.185s] -- Up-to-date: /home/tahnt/mech_devel/f1t_mech_ws/install/custom_msg/include/custom_msg/msg
[3.185s] -- Up-to-date: /home/tahnt/mech_devel/f1t_mech_ws/install/custom_msg/include/custom_msg/msg/detail
[3.185s] -- Installing: /home/tahnt/mech_devel/f1t_mech_ws/install/custom_msg/include/custom_msg/msg/detail/lat_err__type_support.c
[3.185s] -- Installing: /home/tahnt/mech_devel/f1t_mech_ws/install/custom_msg/include/custom_msg/msg/detail/lat_err__rosidl_typesupport_introspection_c.h
[3.185s] -- Installing: /home/tahnt/mech_devel/f1t_mech_ws/install/custom_msg/include/custom_msg/msg/rosidl_typesupport_introspection_c__visibility_control.h
[3.185s] -- Installing: /home/tahnt/mech_devel/f1t_mech_ws/install/custom_msg/lib/libcustom_msg__rosidl_typesupport_introspection_c.so
[3.185s] -- Set runtime path of "/home/tahnt/mech_devel/f1t_mech_ws/install/custom_msg/lib/libcustom_msg__rosidl_typesupport_introspection_c.so" to ""
[3.185s] -- Installing: /home/tahnt/mech_devel/f1t_mech_ws/install/custom_msg/lib/libcustom_msg__rosidl_typesupport_c.so
[3.185s] -- Set runtime path of "/home/tahnt/mech_devel/f1t_mech_ws/install/custom_msg/lib/libcustom_msg__rosidl_typesupport_c.so" to ""
[3.185s] -- Up-to-date: /home/tahnt/mech_devel/f1t_mech_ws/install/custom_msg/include/custom_msg
[3.185s] -- Up-to-date: /home/tahnt/mech_devel/f1t_mech_ws/install/custom_msg/include/custom_msg/msg
[3.185s] -- Up-to-date: /home/tahnt/mech_devel/f1t_mech_ws/install/custom_msg/include/custom_msg/msg/detail
[3.185s] -- Installing: /home/tahnt/mech_devel/f1t_mech_ws/install/custom_msg/include/custom_msg/msg/detail/lat_err__struct.hpp
[3.185s] -- Installing: /home/tahnt/mech_devel/f1t_mech_ws/install/custom_msg/include/custom_msg/msg/detail/lat_err__builder.hpp
[3.185s] -- Installing: /home/tahnt/mech_devel/f1t_mech_ws/install/custom_msg/include/custom_msg/msg/detail/lat_err__traits.hpp
[3.185s] -- Installing: /home/tahnt/mech_devel/f1t_mech_ws/install/custom_msg/include/custom_msg/msg/lat_err.hpp
[3.185s] -- Up-to-date: /home/tahnt/mech_devel/f1t_mech_ws/install/custom_msg/include/custom_msg
[3.186s] -- Up-to-date: /home/tahnt/mech_devel/f1t_mech_ws/install/custom_msg/include/custom_msg/msg
[3.186s] -- Up-to-date: /home/tahnt/mech_devel/f1t_mech_ws/install/custom_msg/include/custom_msg/msg/detail
[3.186s] -- Installing: /home/tahnt/mech_devel/f1t_mech_ws/install/custom_msg/include/custom_msg/msg/detail/lat_err__rosidl_typesupport_introspection_cpp.hpp
[3.186s] -- Installing: /home/tahnt/mech_devel/f1t_mech_ws/install/custom_msg/include/custom_msg/msg/detail/lat_err__type_support.cpp
[3.186s] -- Installing: /home/tahnt/mech_devel/f1t_mech_ws/install/custom_msg/lib/libcustom_msg__rosidl_typesupport_introspection_cpp.so
[3.186s] -- Set runtime path of "/home/tahnt/mech_devel/f1t_mech_ws/install/custom_msg/lib/libcustom_msg__rosidl_typesupport_introspection_cpp.so" to ""
[3.186s] -- Installing: /home/tahnt/mech_devel/f1t_mech_ws/install/custom_msg/lib/libcustom_msg__rosidl_typesupport_cpp.so
[3.186s] -- Set runtime path of "/home/tahnt/mech_devel/f1t_mech_ws/install/custom_msg/lib/libcustom_msg__rosidl_typesupport_cpp.so" to ""
[3.186s] -- Installing: /home/tahnt/mech_devel/f1t_mech_ws/install/custom_msg/share/custom_msg/environment/pythonpath.sh
[3.186s] -- Installing: /home/tahnt/mech_devel/f1t_mech_ws/install/custom_msg/share/custom_msg/environment/pythonpath.dsv
[3.186s] -- Installing: /home/tahnt/mech_devel/f1t_mech_ws/install/custom_msg/lib/python3.8/site-packages/custom_msg/__init__.py
[3.209s] Compiling '/home/tahnt/mech_devel/f1t_mech_ws/install/custom_msg/lib/python3.8/site-packages/custom_msg/__init__.py'...
[3.213s] -- Installing: /home/tahnt/mech_devel/f1t_mech_ws/install/custom_msg/lib/python3.8/site-packages/custom_msg/msg
[3.213s] -- Installing: /home/tahnt/mech_devel/f1t_mech_ws/install/custom_msg/lib/python3.8/site-packages/custom_msg/msg/_lat_err.py
[3.213s] -- Installing: /home/tahnt/mech_devel/f1t_mech_ws/install/custom_msg/lib/python3.8/site-packages/custom_msg/msg/_lat_err_s.c
[3.213s] -- Installing: /home/tahnt/mech_devel/f1t_mech_ws/install/custom_msg/lib/python3.8/site-packages/custom_msg/msg/__init__.py
[3.213s] -- Installing: /home/tahnt/mech_devel/f1t_mech_ws/install/custom_msg/lib/python3.8/site-packages/custom_msg/custom_msg_s__rosidl_typesupport_fastrtps_c.cpython-38-x86_64-linux-gnu.so
[3.214s] -- Set runtime path of "/home/tahnt/mech_devel/f1t_mech_ws/install/custom_msg/lib/python3.8/site-packages/custom_msg/custom_msg_s__rosidl_typesupport_fastrtps_c.cpython-38-x86_64-linux-gnu.so" to ""
[3.214s] -- Installing: /home/tahnt/mech_devel/f1t_mech_ws/install/custom_msg/lib/python3.8/site-packages/custom_msg/custom_msg_s__rosidl_typesupport_introspection_c.cpython-38-x86_64-linux-gnu.so
[3.215s] -- Set runtime path of "/home/tahnt/mech_devel/f1t_mech_ws/install/custom_msg/lib/python3.8/site-packages/custom_msg/custom_msg_s__rosidl_typesupport_introspection_c.cpython-38-x86_64-linux-gnu.so" to ""
[3.215s] -- Installing: /home/tahnt/mech_devel/f1t_mech_ws/install/custom_msg/lib/python3.8/site-packages/custom_msg/custom_msg_s__rosidl_typesupport_c.cpython-38-x86_64-linux-gnu.so
[3.216s] -- Set runtime path of "/home/tahnt/mech_devel/f1t_mech_ws/install/custom_msg/lib/python3.8/site-packages/custom_msg/custom_msg_s__rosidl_typesupport_c.cpython-38-x86_64-linux-gnu.so" to ""
[3.216s] -- Installing: /home/tahnt/mech_devel/f1t_mech_ws/install/custom_msg/lib/libcustom_msg__python.so
[3.216s] -- Set runtime path of "/home/tahnt/mech_devel/f1t_mech_ws/install/custom_msg/lib/libcustom_msg__python.so" to ""
[3.216s] -- Installing: /home/tahnt/mech_devel/f1t_mech_ws/install/custom_msg/share/custom_msg/msg/LatErr.idl
[3.216s] -- Installing: /home/tahnt/mech_devel/f1t_mech_ws/install/custom_msg/share/custom_msg/msg/LatErr.msg
[3.216s] -- Installing: /home/tahnt/mech_devel/f1t_mech_ws/install/custom_msg/share/ament_index/resource_index/package_run_dependencies/custom_msg
[3.217s] -- Installing: /home/tahnt/mech_devel/f1t_mech_ws/install/custom_msg/share/ament_index/resource_index/parent_prefix_path/custom_msg
[3.217s] -- Installing: /home/tahnt/mech_devel/f1t_mech_ws/install/custom_msg/share/custom_msg/environment/ament_prefix_path.sh
[3.217s] -- Installing: /home/tahnt/mech_devel/f1t_mech_ws/install/custom_msg/share/custom_msg/environment/ament_prefix_path.dsv
[3.217s] -- Installing: /home/tahnt/mech_devel/f1t_mech_ws/install/custom_msg/share/custom_msg/environment/path.sh
[3.217s] -- Installing: /home/tahnt/mech_devel/f1t_mech_ws/install/custom_msg/share/custom_msg/environment/path.dsv
[3.217s] -- Installing: /home/tahnt/mech_devel/f1t_mech_ws/install/custom_msg/share/custom_msg/local_setup.bash
[3.217s] -- Installing: /home/tahnt/mech_devel/f1t_mech_ws/install/custom_msg/share/custom_msg/local_setup.sh
[3.217s] -- Installing: /home/tahnt/mech_devel/f1t_mech_ws/install/custom_msg/share/custom_msg/local_setup.zsh
[3.218s] -- Installing: /home/tahnt/mech_devel/f1t_mech_ws/install/custom_msg/share/custom_msg/local_setup.dsv
[3.218s] -- Installing: /home/tahnt/mech_devel/f1t_mech_ws/install/custom_msg/share/custom_msg/package.dsv
[3.218s] -- Installing: /home/tahnt/mech_devel/f1t_mech_ws/install/custom_msg/share/ament_index/resource_index/packages/custom_msg
[3.218s] -- Installing: /home/tahnt/mech_devel/f1t_mech_ws/install/custom_msg/share/custom_msg/cmake/custom_msg__rosidl_generator_cExport.cmake
[3.219s] -- Installing: /home/tahnt/mech_devel/f1t_mech_ws/install/custom_msg/share/custom_msg/cmake/custom_msg__rosidl_generator_cExport-noconfig.cmake
[3.219s] -- Installing: /home/tahnt/mech_devel/f1t_mech_ws/install/custom_msg/share/custom_msg/cmake/custom_msg__rosidl_typesupport_introspection_cExport.cmake
[3.219s] -- Installing: /home/tahnt/mech_devel/f1t_mech_ws/install/custom_msg/share/custom_msg/cmake/custom_msg__rosidl_typesupport_introspection_cExport-noconfig.cmake
[3.219s] -- Installing: /home/tahnt/mech_devel/f1t_mech_ws/install/custom_msg/share/custom_msg/cmake/custom_msg__rosidl_typesupport_cExport.cmake
[3.219s] -- Installing: /home/tahnt/mech_devel/f1t_mech_ws/install/custom_msg/share/custom_msg/cmake/custom_msg__rosidl_typesupport_cExport-noconfig.cmake
[3.219s] -- Installing: /home/tahnt/mech_devel/f1t_mech_ws/install/custom_msg/share/custom_msg/cmake/custom_msg__rosidl_generator_cppExport.cmake
[3.219s] -- Installing: /home/tahnt/mech_devel/f1t_mech_ws/install/custom_msg/share/custom_msg/cmake/custom_msg__rosidl_typesupport_introspection_cppExport.cmake
[3.220s] -- Installing: /home/tahnt/mech_devel/f1t_mech_ws/install/custom_msg/share/custom_msg/cmake/custom_msg__rosidl_typesupport_introspection_cppExport-noconfig.cmake
[3.220s] -- Installing: /home/tahnt/mech_devel/f1t_mech_ws/install/custom_msg/share/custom_msg/cmake/custom_msg__rosidl_typesupport_cppExport.cmake
[3.220s] -- Installing: /home/tahnt/mech_devel/f1t_mech_ws/install/custom_msg/share/custom_msg/cmake/custom_msg__rosidl_typesupport_cppExport-noconfig.cmake
[3.220s] -- Installing: /home/tahnt/mech_devel/f1t_mech_ws/install/custom_msg/share/custom_msg/cmake/rosidl_cmake-extras.cmake
[3.220s] -- Installing: /home/tahnt/mech_devel/f1t_mech_ws/install/custom_msg/share/custom_msg/cmake/ament_cmake_export_dependencies-extras.cmake
[3.220s] -- Installing: /home/tahnt/mech_devel/f1t_mech_ws/install/custom_msg/share/custom_msg/cmake/ament_cmake_export_libraries-extras.cmake
[3.220s] -- Installing: /home/tahnt/mech_devel/f1t_mech_ws/install/custom_msg/share/custom_msg/cmake/ament_cmake_export_targets-extras.cmake
[3.221s] -- Installing: /home/tahnt/mech_devel/f1t_mech_ws/install/custom_msg/share/custom_msg/cmake/ament_cmake_export_include_directories-extras.cmake
[3.221s] -- Installing: /home/tahnt/mech_devel/f1t_mech_ws/install/custom_msg/share/custom_msg/cmake/rosidl_cmake_export_typesupport_libraries-extras.cmake
[3.221s] -- Installing: /home/tahnt/mech_devel/f1t_mech_ws/install/custom_msg/share/custom_msg/cmake/rosidl_cmake_export_typesupport_targets-extras.cmake
[3.221s] -- Installing: /home/tahnt/mech_devel/f1t_mech_ws/install/custom_msg/share/custom_msg/cmake/custom_msgConfig.cmake
[3.221s] -- Installing: /home/tahnt/mech_devel/f1t_mech_ws/install/custom_msg/share/custom_msg/cmake/custom_msgConfig-version.cmake
[3.221s] -- Installing: /home/tahnt/mech_devel/f1t_mech_ws/install/custom_msg/share/custom_msg/package.xml
[3.224s] Invoked command in '/home/tahnt/mech_devel/f1t_mech_ws/build/custom_msg' returned '0': CMAKE_PREFIX_PATH=${CMAKE_PREFIX_PATH}:/opt/ros/galactic /usr/bin/cmake --install /home/tahnt/mech_devel/f1t_mech_ws/build/custom_msg
