[0.132s] DEBUG:colcon:Command line arguments: ['/usr/bin/colcon', 'build']
[0.132s] DEBUG:colcon:Parsed command line arguments: Namespace(allow_overriding=[], ament_cmake_args=None, base_paths=['.'], build_base='build', catkin_cmake_args=None, catkin_skip_building_tests=False, cmake_args=None, cmake_clean_cache=False, cmake_clean_first=False, cmake_force_configure=False, cmake_target=None, cmake_target_skip_unavailable=False, continue_on_error=False, event_handlers=None, executor='parallel', ignore_user_meta=False, install_base='install', log_base=None, log_level=None, main=<bound method BuildVerb.main of <colcon_core.verb.build.BuildVerb object at 0x7f685cf9aaf0>>, merge_install=False, metas=['./colcon.meta'], packages_above=None, packages_above_and_dependencies=None, packages_above_depth=None, packages_end=None, packages_ignore=None, packages_ignore_regex=None, packages_select=None, packages_select_build_failed=False, packages_select_by_dep=None, packages_select_regex=None, packages_select_test_failures=False, packages_skip=None, packages_skip_build_finished=False, packages_skip_by_dep=None, packages_skip_regex=None, packages_skip_test_passed=False, packages_skip_up_to=None, packages_start=None, packages_up_to=None, packages_up_to_regex=None, parallel_workers=4, paths=None, symlink_install=False, test_result_base=None, verb_extension=<colcon_core.verb.build.BuildVerb object at 0x7f685cf9aaf0>, verb_name='build', verb_parser=<colcon_defaults.argument_parser.defaults.DefaultArgumentsDecorator object at 0x7f685ce658b0>)
[0.238s] Level 1:colcon.colcon_core.package_discovery:discover_packages(colcon_meta) check parameters
[0.238s] Level 1:colcon.colcon_core.package_discovery:discover_packages(recursive) check parameters
[0.238s] Level 1:colcon.colcon_core.package_discovery:discover_packages(ignore) check parameters
[0.238s] Level 1:colcon.colcon_core.package_discovery:discover_packages(path) check parameters
[0.238s] Level 1:colcon.colcon_core.package_discovery:discover_packages(colcon_meta) discover
[0.238s] Level 1:colcon.colcon_core.package_discovery:discover_packages(recursive) discover
[0.239s] INFO:colcon.colcon_core.package_discovery:Crawling recursively for packages in '/home/tahnt/mech_devel/f1t_mech_ws'
[0.239s] Level 1:colcon.colcon_core.package_identification:_identify(.) by extensions ['ignore', 'ignore_ament_install']
[0.239s] Level 1:colcon.colcon_core.package_identification:_identify(.) by extension 'ignore'
[0.239s] Level 1:colcon.colcon_core.package_identification:_identify(.) by extension 'ignore_ament_install'
[0.239s] Level 1:colcon.colcon_core.package_identification:_identify(.) by extensions ['colcon_pkg']
[0.239s] Level 1:colcon.colcon_core.package_identification:_identify(.) by extension 'colcon_pkg'
[0.239s] Level 1:colcon.colcon_core.package_identification:_identify(.) by extensions ['colcon_meta']
[0.239s] Level 1:colcon.colcon_core.package_identification:_identify(.) by extension 'colcon_meta'
[0.239s] Level 1:colcon.colcon_core.package_identification:_identify(.) by extensions ['ros']
[0.239s] Level 1:colcon.colcon_core.package_identification:_identify(.) by extension 'ros'
[0.247s] Level 1:colcon.colcon_core.package_identification:_identify(.) by extensions ['cmake', 'python']
[0.247s] Level 1:colcon.colcon_core.package_identification:_identify(.) by extension 'cmake'
[0.247s] Level 1:colcon.colcon_core.package_identification:_identify(.) by extension 'python'
[0.247s] Level 1:colcon.colcon_core.package_identification:_identify(.) by extensions ['python_setup_py']
[0.247s] Level 1:colcon.colcon_core.package_identification:_identify(.) by extension 'python_setup_py'
[0.247s] Level 1:colcon.colcon_core.package_identification:_identify(build) by extensions ['ignore', 'ignore_ament_install']
[0.247s] Level 1:colcon.colcon_core.package_identification:_identify(build) by extension 'ignore'
[0.247s] Level 1:colcon.colcon_core.package_identification:_identify(build) ignored
[0.247s] Level 1:colcon.colcon_core.package_identification:_identify(install) by extensions ['ignore', 'ignore_ament_install']
[0.247s] Level 1:colcon.colcon_core.package_identification:_identify(install) by extension 'ignore'
[0.247s] Level 1:colcon.colcon_core.package_identification:_identify(install) ignored
[0.247s] Level 1:colcon.colcon_core.package_identification:_identify(log) by extensions ['ignore', 'ignore_ament_install']
[0.248s] Level 1:colcon.colcon_core.package_identification:_identify(log) by extension 'ignore'
[0.248s] Level 1:colcon.colcon_core.package_identification:_identify(log) ignored
[0.248s] Level 1:colcon.colcon_core.package_identification:_identify(src) by extensions ['ignore', 'ignore_ament_install']
[0.248s] Level 1:colcon.colcon_core.package_identification:_identify(src) by extension 'ignore'
[0.248s] Level 1:colcon.colcon_core.package_identification:_identify(src) by extension 'ignore_ament_install'
[0.248s] Level 1:colcon.colcon_core.package_identification:_identify(src) by extensions ['colcon_pkg']
[0.248s] Level 1:colcon.colcon_core.package_identification:_identify(src) by extension 'colcon_pkg'
[0.248s] Level 1:colcon.colcon_core.package_identification:_identify(src) by extensions ['colcon_meta']
[0.248s] Level 1:colcon.colcon_core.package_identification:_identify(src) by extension 'colcon_meta'
[0.248s] Level 1:colcon.colcon_core.package_identification:_identify(src) by extensions ['ros']
[0.248s] Level 1:colcon.colcon_core.package_identification:_identify(src) by extension 'ros'
[0.248s] Level 1:colcon.colcon_core.package_identification:_identify(src) by extensions ['cmake', 'python']
[0.248s] Level 1:colcon.colcon_core.package_identification:_identify(src) by extension 'cmake'
[0.248s] Level 1:colcon.colcon_core.package_identification:_identify(src) by extension 'python'
[0.248s] Level 1:colcon.colcon_core.package_identification:_identify(src) by extensions ['python_setup_py']
[0.248s] Level 1:colcon.colcon_core.package_identification:_identify(src) by extension 'python_setup_py'
[0.248s] Level 1:colcon.colcon_core.package_identification:_identify(src/img_proc) by extensions ['ignore', 'ignore_ament_install']
[0.248s] Level 1:colcon.colcon_core.package_identification:_identify(src/img_proc) by extension 'ignore'
[0.248s] Level 1:colcon.colcon_core.package_identification:_identify(src/img_proc) by extension 'ignore_ament_install'
[0.248s] Level 1:colcon.colcon_core.package_identification:_identify(src/img_proc) by extensions ['colcon_pkg']
[0.248s] Level 1:colcon.colcon_core.package_identification:_identify(src/img_proc) by extension 'colcon_pkg'
[0.248s] Level 1:colcon.colcon_core.package_identification:_identify(src/img_proc) by extensions ['colcon_meta']
[0.248s] Level 1:colcon.colcon_core.package_identification:_identify(src/img_proc) by extension 'colcon_meta'
[0.248s] Level 1:colcon.colcon_core.package_identification:_identify(src/img_proc) by extensions ['ros']
[0.248s] Level 1:colcon.colcon_core.package_identification:_identify(src/img_proc) by extension 'ros'
[0.250s] DEBUG:colcon.colcon_core.package_identification:Package 'src/img_proc' with type 'ros.ament_cmake' and name 'img_proc'
[0.250s] Level 1:colcon.colcon_core.package_discovery:discover_packages(recursive) using defaults
[0.250s] Level 1:colcon.colcon_core.package_discovery:discover_packages(ignore) discover
[0.250s] Level 1:colcon.colcon_core.package_discovery:discover_packages(ignore) using defaults
[0.250s] Level 1:colcon.colcon_core.package_discovery:discover_packages(path) discover
[0.250s] Level 1:colcon.colcon_core.package_discovery:discover_packages(path) using defaults
[0.262s] Level 1:colcon.colcon_core.package_discovery:discover_packages(prefix_path) check parameters
[0.262s] Level 1:colcon.colcon_core.package_discovery:discover_packages(prefix_path) discover
[0.263s] DEBUG:colcon.colcon_installed_package_information.package_discovery:Found 268 installed packages in /opt/ros/galactic
[0.264s] Level 1:colcon.colcon_core.package_discovery:discover_packages(prefix_path) using defaults
[0.314s] Level 5:colcon.colcon_core.verb:set package 'img_proc' build argument 'cmake_args' from command line to 'None'
[0.315s] Level 5:colcon.colcon_core.verb:set package 'img_proc' build argument 'cmake_target' from command line to 'None'
[0.315s] Level 5:colcon.colcon_core.verb:set package 'img_proc' build argument 'cmake_target_skip_unavailable' from command line to 'False'
[0.315s] Level 5:colcon.colcon_core.verb:set package 'img_proc' build argument 'cmake_clean_cache' from command line to 'False'
[0.315s] Level 5:colcon.colcon_core.verb:set package 'img_proc' build argument 'cmake_clean_first' from command line to 'False'
[0.315s] Level 5:colcon.colcon_core.verb:set package 'img_proc' build argument 'cmake_force_configure' from command line to 'False'
[0.315s] Level 5:colcon.colcon_core.verb:set package 'img_proc' build argument 'ament_cmake_args' from command line to 'None'
[0.315s] Level 5:colcon.colcon_core.verb:set package 'img_proc' build argument 'catkin_cmake_args' from command line to 'None'
[0.315s] Level 5:colcon.colcon_core.verb:set package 'img_proc' build argument 'catkin_skip_building_tests' from command line to 'False'
[0.315s] DEBUG:colcon.colcon_core.verb:Building package 'img_proc' with the following arguments: {'ament_cmake_args': None, 'build_base': '/home/tahnt/mech_devel/f1t_mech_ws/build/img_proc', 'catkin_cmake_args': None, 'catkin_skip_building_tests': False, 'cmake_args': None, 'cmake_clean_cache': False, 'cmake_clean_first': False, 'cmake_force_configure': False, 'cmake_target': None, 'cmake_target_skip_unavailable': False, 'install_base': '/home/tahnt/mech_devel/f1t_mech_ws/install/img_proc', 'merge_install': False, 'path': '/home/tahnt/mech_devel/f1t_mech_ws/src/img_proc', 'symlink_install': False, 'test_result_base': None}
[0.315s] INFO:colcon.colcon_core.executor:Executing jobs using 'parallel' executor
[0.316s] DEBUG:colcon.colcon_parallel_executor.executor.parallel:run_until_complete
[0.316s] INFO:colcon.colcon_ros.task.ament_cmake.build:Building ROS package in '/home/tahnt/mech_devel/f1t_mech_ws/src/img_proc' with build type 'ament_cmake'
[0.316s] INFO:colcon.colcon_cmake.task.cmake.build:Building CMake package in '/home/tahnt/mech_devel/f1t_mech_ws/src/img_proc'
[0.318s] INFO:colcon.colcon_core.plugin_system:Skipping extension 'colcon_core.shell.bat': Not used on non-Windows systems
[0.318s] INFO:colcon.colcon_core.shell:Skip shell extension 'powershell' for command environment: Not usable outside of PowerShell
[0.318s] DEBUG:colcon.colcon_core.shell:Skip shell extension 'dsv' for command environment
[0.329s] DEBUG:colcon.colcon_core.event_handler.log_command:Invoking command in '/home/tahnt/mech_devel/f1t_mech_ws/build/img_proc': CMAKE_PREFIX_PATH=/opt/ros/galactic /usr/bin/cmake --build /home/tahnt/mech_devel/f1t_mech_ws/build/img_proc -- -j4 -l4
[7.962s] DEBUG:colcon.colcon_core.event_handler.log_command:Invoked command in '/home/tahnt/mech_devel/f1t_mech_ws/build/img_proc' returned '0': CMAKE_PREFIX_PATH=/opt/ros/galactic /usr/bin/cmake --build /home/tahnt/mech_devel/f1t_mech_ws/build/img_proc -- -j4 -l4
[8.023s] DEBUG:colcon.colcon_core.event_handler.log_command:Invoking command in '/home/tahnt/mech_devel/f1t_mech_ws/build/img_proc': CMAKE_PREFIX_PATH=/opt/ros/galactic /usr/bin/cmake --install /home/tahnt/mech_devel/f1t_mech_ws/build/img_proc
[8.043s] Level 1:colcon.colcon_core.environment:create_environment_scripts_only(img_proc)
[8.044s] DEBUG:colcon.colcon_core.event_handler.log_command:Invoked command in '/home/tahnt/mech_devel/f1t_mech_ws/build/img_proc' returned '0': CMAKE_PREFIX_PATH=/opt/ros/galactic /usr/bin/cmake --install /home/tahnt/mech_devel/f1t_mech_ws/build/img_proc
[8.047s] Level 1:colcon.colcon_core.environment:checking '/home/tahnt/mech_devel/f1t_mech_ws/install/img_proc' for CMake module files
[8.048s] Level 1:colcon.colcon_core.environment:checking '/home/tahnt/mech_devel/f1t_mech_ws/install/img_proc' for CMake config files
[8.048s] Level 1:colcon.colcon_core.shell:create_environment_hook('img_proc', 'cmake_prefix_path')
[8.048s] INFO:colcon.colcon_core.shell:Creating environment hook '/home/tahnt/mech_devel/f1t_mech_ws/install/img_proc/share/img_proc/hook/cmake_prefix_path.ps1'
[8.049s] INFO:colcon.colcon_core.shell:Creating environment descriptor '/home/tahnt/mech_devel/f1t_mech_ws/install/img_proc/share/img_proc/hook/cmake_prefix_path.dsv'
[8.050s] INFO:colcon.colcon_core.shell:Creating environment hook '/home/tahnt/mech_devel/f1t_mech_ws/install/img_proc/share/img_proc/hook/cmake_prefix_path.sh'
[8.051s] Level 1:colcon.colcon_core.environment:checking '/home/tahnt/mech_devel/f1t_mech_ws/install/img_proc/lib'
[8.052s] Level 1:colcon.colcon_core.environment:checking '/home/tahnt/mech_devel/f1t_mech_ws/install/img_proc/bin'
[8.052s] Level 1:colcon.colcon_core.environment:checking '/home/tahnt/mech_devel/f1t_mech_ws/install/img_proc/lib/pkgconfig/img_proc.pc'
[8.052s] Level 1:colcon.colcon_core.environment:checking '/home/tahnt/mech_devel/f1t_mech_ws/install/img_proc/lib/python3.8/site-packages'
[8.052s] Level 1:colcon.colcon_core.environment:checking '/home/tahnt/mech_devel/f1t_mech_ws/install/img_proc/bin'
[8.052s] INFO:colcon.colcon_core.shell:Creating package script '/home/tahnt/mech_devel/f1t_mech_ws/install/img_proc/share/img_proc/package.ps1'
[8.053s] INFO:colcon.colcon_core.shell:Creating package descriptor '/home/tahnt/mech_devel/f1t_mech_ws/install/img_proc/share/img_proc/package.dsv'
[8.054s] INFO:colcon.colcon_core.shell:Creating package script '/home/tahnt/mech_devel/f1t_mech_ws/install/img_proc/share/img_proc/package.sh'
[8.055s] INFO:colcon.colcon_core.shell:Creating package script '/home/tahnt/mech_devel/f1t_mech_ws/install/img_proc/share/img_proc/package.bash'
[8.056s] INFO:colcon.colcon_core.shell:Creating package script '/home/tahnt/mech_devel/f1t_mech_ws/install/img_proc/share/img_proc/package.zsh'
[8.057s] Level 1:colcon.colcon_core.environment:create_file_with_runtime_dependencies(/home/tahnt/mech_devel/f1t_mech_ws/install/img_proc/share/colcon-core/packages/img_proc)
[8.103s] Level 1:colcon.colcon_core.environment:create_environment_scripts_only(img_proc)
[8.104s] Level 1:colcon.colcon_core.environment:checking '/home/tahnt/mech_devel/f1t_mech_ws/install/img_proc' for CMake module files
[8.104s] Level 1:colcon.colcon_core.environment:checking '/home/tahnt/mech_devel/f1t_mech_ws/install/img_proc' for CMake config files
[8.105s] Level 1:colcon.colcon_core.shell:create_environment_hook('img_proc', 'cmake_prefix_path')
[8.106s] INFO:colcon.colcon_core.shell:Creating environment hook '/home/tahnt/mech_devel/f1t_mech_ws/install/img_proc/share/img_proc/hook/cmake_prefix_path.ps1'
[8.108s] INFO:colcon.colcon_core.shell:Creating environment descriptor '/home/tahnt/mech_devel/f1t_mech_ws/install/img_proc/share/img_proc/hook/cmake_prefix_path.dsv'
[8.109s] INFO:colcon.colcon_core.shell:Creating environment hook '/home/tahnt/mech_devel/f1t_mech_ws/install/img_proc/share/img_proc/hook/cmake_prefix_path.sh'
[8.110s] Level 1:colcon.colcon_core.environment:checking '/home/tahnt/mech_devel/f1t_mech_ws/install/img_proc/lib'
[8.110s] Level 1:colcon.colcon_core.environment:checking '/home/tahnt/mech_devel/f1t_mech_ws/install/img_proc/bin'
[8.110s] Level 1:colcon.colcon_core.environment:checking '/home/tahnt/mech_devel/f1t_mech_ws/install/img_proc/lib/pkgconfig/img_proc.pc'
[8.111s] Level 1:colcon.colcon_core.environment:checking '/home/tahnt/mech_devel/f1t_mech_ws/install/img_proc/lib/python3.8/site-packages'
[8.111s] Level 1:colcon.colcon_core.environment:checking '/home/tahnt/mech_devel/f1t_mech_ws/install/img_proc/bin'
[8.111s] INFO:colcon.colcon_core.shell:Creating package script '/home/tahnt/mech_devel/f1t_mech_ws/install/img_proc/share/img_proc/package.ps1'
[8.112s] INFO:colcon.colcon_core.shell:Creating package descriptor '/home/tahnt/mech_devel/f1t_mech_ws/install/img_proc/share/img_proc/package.dsv'
[8.113s] INFO:colcon.colcon_core.shell:Creating package script '/home/tahnt/mech_devel/f1t_mech_ws/install/img_proc/share/img_proc/package.sh'
[8.114s] INFO:colcon.colcon_core.shell:Creating package script '/home/tahnt/mech_devel/f1t_mech_ws/install/img_proc/share/img_proc/package.bash'
[8.114s] INFO:colcon.colcon_core.shell:Creating package script '/home/tahnt/mech_devel/f1t_mech_ws/install/img_proc/share/img_proc/package.zsh'
[8.115s] Level 1:colcon.colcon_core.environment:create_file_with_runtime_dependencies(/home/tahnt/mech_devel/f1t_mech_ws/install/img_proc/share/colcon-core/packages/img_proc)
[8.116s] DEBUG:colcon.colcon_parallel_executor.executor.parallel:closing loop
[8.116s] DEBUG:colcon.colcon_parallel_executor.executor.parallel:loop closed
[8.117s] DEBUG:colcon.colcon_parallel_executor.executor.parallel:run_until_complete finished with '0'
[8.117s] DEBUG:colcon.colcon_core.event_reactor:joining thread
[8.133s] INFO:colcon.colcon_core.plugin_system:Skipping extension 'colcon_notification.desktop_notification.terminal_notifier': Not used on non-Darwin systems
[8.133s] INFO:colcon.colcon_core.plugin_system:Skipping extension 'colcon_notification.desktop_notification.win32': Not used on non-Windows systems
[8.133s] INFO:colcon.colcon_notification.desktop_notification:Sending desktop notification using 'notify2'
[8.152s] DEBUG:colcon.colcon_core.event_reactor:joined thread
[8.153s] INFO:colcon.colcon_core.shell:Creating prefix script '/home/tahnt/mech_devel/f1t_mech_ws/install/local_setup.ps1'
[8.153s] INFO:colcon.colcon_core.shell:Creating prefix util module '/home/tahnt/mech_devel/f1t_mech_ws/install/_local_setup_util_ps1.py'
[8.155s] INFO:colcon.colcon_core.shell:Creating prefix chain script '/home/tahnt/mech_devel/f1t_mech_ws/install/setup.ps1'
[8.156s] INFO:colcon.colcon_core.shell:Creating prefix script '/home/tahnt/mech_devel/f1t_mech_ws/install/local_setup.sh'
[8.157s] INFO:colcon.colcon_core.shell:Creating prefix util module '/home/tahnt/mech_devel/f1t_mech_ws/install/_local_setup_util_sh.py'
[8.159s] INFO:colcon.colcon_core.shell:Creating prefix chain script '/home/tahnt/mech_devel/f1t_mech_ws/install/setup.sh'
[8.161s] INFO:colcon.colcon_core.shell:Creating prefix script '/home/tahnt/mech_devel/f1t_mech_ws/install/local_setup.bash'
[8.161s] INFO:colcon.colcon_core.shell:Creating prefix chain script '/home/tahnt/mech_devel/f1t_mech_ws/install/setup.bash'
[8.162s] INFO:colcon.colcon_core.shell:Creating prefix script '/home/tahnt/mech_devel/f1t_mech_ws/install/local_setup.zsh'
[8.163s] INFO:colcon.colcon_core.shell:Creating prefix chain script '/home/tahnt/mech_devel/f1t_mech_ws/install/setup.zsh'
