[0.012s] Invoking command in '/home/tahnt/mech_devel/f1t_mech_ws/build/mech_msg': CMAKE_PREFIX_PATH=${CMAKE_PREFIX_PATH}:/opt/ros/galactic /usr/bin/cmake --build /home/tahnt/mech_devel/f1t_mech_ws/build/mech_msg -- -j4 -l4
[0.044s] -- Found ament_cmake: 1.1.6 (/opt/ros/galactic/share/ament_cmake/cmake)
[0.063s] -- Found PythonInterp: /usr/bin/python3 (found suitable version "3.8.10", minimum required is "3") 
[0.063s] -- Using PYTHON_EXECUTABLE: /usr/bin/python3
[0.113s] -- Found rosidl_default_generators: 1.1.1 (/opt/ros/galactic/share/rosidl_default_generators/cmake)
[0.113s] -- Using all available rosidl_typesupport_c: rosidl_typesupport_fastrtps_c;rosidl_typesupport_introspection_c
[0.115s] -- Found rosidl_adapter: 2.2.3 (/opt/ros/galactic/share/rosidl_adapter/cmake)
[0.217s] -- Using all available rosidl_typesupport_cpp: rosidl_typesupport_fastrtps_cpp;rosidl_typesupport_introspection_cpp
[0.254s] -- Found PythonInterp: /usr/bin/python3 (found version "3.8.10") 
[0.347s] -- Found ament_cmake_ros: 0.9.2 (/opt/ros/galactic/share/ament_cmake_ros/cmake)
[0.423s] -- Using all available rosidl_typesupport_c: rosidl_typesupport_fastrtps_c;rosidl_typesupport_introspection_c
[0.429s] -- Using all available rosidl_typesupport_cpp: rosidl_typesupport_fastrtps_cpp;rosidl_typesupport_introspection_cpp
[0.449s] -- Found PythonInterp: /usr/bin/python3 (found suitable version "3.8.10", minimum required is "3.5") 
[0.449s] -- Found python_cmake_module: 0.8.1 (/opt/ros/galactic/share/python_cmake_module/cmake)
[0.469s] -- Using PYTHON_EXECUTABLE: /usr/bin/python3
[0.469s] -- Using PYTHON_INCLUDE_DIRS: /usr/include/python3.8
[0.469s] -- Using PYTHON_LIBRARIES: /usr/lib/x86_64-linux-gnu/libpython3.8.so
[0.480s] -- Found ament_lint_auto: 0.10.7 (/opt/ros/galactic/share/ament_lint_auto/cmake)
[0.488s] -- Added test 'copyright' to check source files copyright and LICENSE
[0.489s] -- Added test 'lint_cmake' to check CMake code style
[0.490s] -- Added test 'xmllint' to check XML markup files
[0.493s] -- Configuring done
[0.529s] -- Generating done
[0.534s] -- Build files have been written to: /home/tahnt/mech_devel/f1t_mech_ws/build/mech_msg
[0.561s] [  2%] [34m[1mGenerating C code for ROS interfaces[0m
[0.562s] [35m[1mScanning dependencies of target mech_msg__cpp[0m
[0.573s] [  5%] [34m[1mGenerating C++ code for ROS interfaces[0m
[0.788s] [  5%] Built target mech_msg__cpp
[0.799s] [  7%] [34m[1mGenerating C++ type support dispatch for ROS interfaces[0m
[0.801s] [ 10%] [34m[1mGenerating C++ type support for eProsima Fast-RTPS[0m
[0.803s] [35m[1mScanning dependencies of target mech_msg__rosidl_generator_c[0m
[0.810s] [ 12%] [34m[1mGenerating C++ introspection for ROS interfaces[0m
[0.820s] [ 15%] [32mBuilding C object CMakeFiles/mech_msg__rosidl_generator_c.dir/rosidl_generator_c/mech_msg/msg/detail/laterr__functions.c.o[0m
[0.858s] [ 17%] [32mBuilding C object CMakeFiles/mech_msg__rosidl_generator_c.dir/rosidl_generator_c/mech_msg/msg/detail/yawerr__functions.c.o[0m
[0.898s] [ 20%] [32m[1mLinking C shared library libmech_msg__rosidl_generator_c.so[0m
[0.935s] [ 20%] Built target mech_msg__rosidl_generator_c
[0.946s] [ 23%] [34m[1mGenerating C type support dispatch for ROS interfaces[0m
[0.974s] [35m[1mScanning dependencies of target mech_msg__rosidl_typesupport_cpp[0m
[1.007s] [ 25%] [32mBuilding CXX object CMakeFiles/mech_msg__rosidl_typesupport_cpp.dir/rosidl_typesupport_cpp/mech_msg/msg/laterr__type_support.cpp.o[0m
[1.009s] [35m[1mScanning dependencies of target mech_msg__rosidl_typesupport_introspection_cpp[0m
[1.026s] [ 28%] [32mBuilding CXX object CMakeFiles/mech_msg__rosidl_typesupport_introspection_cpp.dir/rosidl_typesupport_introspection_cpp/mech_msg/msg/detail/laterr__type_support.cpp.o[0m
[1.033s] [35m[1mScanning dependencies of target mech_msg__rosidl_typesupport_fastrtps_cpp[0m
[1.065s] [ 30%] [32mBuilding CXX object CMakeFiles/mech_msg__rosidl_typesupport_fastrtps_cpp.dir/rosidl_typesupport_fastrtps_cpp/mech_msg/msg/detail/dds_fastrtps/laterr__type_support.cpp.o[0m
[1.120s] [35m[1mScanning dependencies of target mech_msg__rosidl_typesupport_c[0m
[1.135s] [ 33%] [32mBuilding CXX object CMakeFiles/mech_msg__rosidl_typesupport_c.dir/rosidl_typesupport_c/mech_msg/msg/laterr__type_support.cpp.o[0m
[1.167s] [ 35%] [32mBuilding CXX object CMakeFiles/mech_msg__rosidl_typesupport_c.dir/rosidl_typesupport_c/mech_msg/msg/yawerr__type_support.cpp.o[0m
[1.196s] [ 38%] [32m[1mLinking CXX shared library libmech_msg__rosidl_typesupport_c.so[0m
[1.231s] [ 41%] [32mBuilding CXX object CMakeFiles/mech_msg__rosidl_typesupport_cpp.dir/rosidl_typesupport_cpp/mech_msg/msg/yawerr__type_support.cpp.o[0m
[1.244s] [ 41%] Built target mech_msg__rosidl_typesupport_c
[1.258s] [ 43%] [32mBuilding CXX object CMakeFiles/mech_msg__rosidl_typesupport_introspection_cpp.dir/rosidl_typesupport_introspection_cpp/mech_msg/msg/detail/yawerr__type_support.cpp.o[0m
[1.266s] [ 46%] [34m[1mGenerating C introspection for ROS interfaces[0m
[1.408s] [ 48%] [32mBuilding CXX object CMakeFiles/mech_msg__rosidl_typesupport_fastrtps_cpp.dir/rosidl_typesupport_fastrtps_cpp/mech_msg/msg/detail/dds_fastrtps/yawerr__type_support.cpp.o[0m
[1.482s] [ 51%] [32m[1mLinking CXX shared library libmech_msg__rosidl_typesupport_cpp.so[0m
[1.519s] [ 53%] [32m[1mLinking CXX shared library libmech_msg__rosidl_typesupport_introspection_cpp.so[0m
[1.550s] [ 53%] Built target mech_msg__rosidl_typesupport_cpp
[1.566s] [35m[1mScanning dependencies of target mech_msg__rosidl_typesupport_introspection_c[0m
[1.581s] [ 53%] Built target mech_msg__rosidl_typesupport_introspection_cpp
[1.582s] [ 56%] [32mBuilding C object CMakeFiles/mech_msg__rosidl_typesupport_introspection_c.dir/rosidl_typesupport_introspection_c/mech_msg/msg/detail/laterr__type_support.c.o[0m
[1.590s] [ 58%] [32mBuilding C object CMakeFiles/mech_msg__rosidl_typesupport_introspection_c.dir/rosidl_typesupport_introspection_c/mech_msg/msg/detail/yawerr__type_support.c.o[0m
[1.621s] [ 61%] [32m[1mLinking C shared library libmech_msg__rosidl_typesupport_introspection_c.so[0m
[1.653s] [ 61%] Built target mech_msg__rosidl_typesupport_introspection_c
[1.770s] [ 64%] [32m[1mLinking CXX shared library libmech_msg__rosidl_typesupport_fastrtps_cpp.so[0m
[1.847s] [ 64%] Built target mech_msg__rosidl_typesupport_fastrtps_cpp
[1.860s] [ 66%] [34m[1mGenerating C type support for eProsima Fast-RTPS[0m
[2.039s] [35m[1mScanning dependencies of target mech_msg__rosidl_typesupport_fastrtps_c[0m
[2.058s] [ 69%] [32mBuilding CXX object CMakeFiles/mech_msg__rosidl_typesupport_fastrtps_c.dir/rosidl_typesupport_fastrtps_c/mech_msg/msg/detail/laterr__type_support_c.cpp.o[0m
[2.059s] [ 71%] [32mBuilding CXX object CMakeFiles/mech_msg__rosidl_typesupport_fastrtps_c.dir/rosidl_typesupport_fastrtps_c/mech_msg/msg/detail/yawerr__type_support_c.cpp.o[0m
[2.327s] [ 74%] [32m[1mLinking CXX shared library libmech_msg__rosidl_typesupport_fastrtps_c.so[0m
[2.406s] [ 74%] Built target mech_msg__rosidl_typesupport_fastrtps_c
[2.430s] [ 74%] Built target mech_msg
[2.441s] [35m[1mScanning dependencies of target mech_msg__py[0m
[2.455s] [ 76%] [34m[1mGenerating Python code for ROS interfaces[0m
[2.766s] [ 76%] Built target mech_msg__py
[2.778s] [35m[1mScanning dependencies of target mech_msg__python[0m
[2.800s] [ 79%] [32mBuilding C object CMakeFiles/mech_msg__python.dir/rosidl_generator_py/mech_msg/msg/_laterr_s.c.o[0m
[2.803s] [ 82%] [32mBuilding C object CMakeFiles/mech_msg__python.dir/rosidl_generator_py/mech_msg/msg/_yawerr_s.c.o[0m
[2.874s] [ 84%] [32m[1mLinking C shared library rosidl_generator_py/mech_msg/libmech_msg__python.so[0m
[2.913s] [ 84%] Built target mech_msg__python
[2.926s] [35m[1mScanning dependencies of target mech_msg__rosidl_typesupport_fastrtps_c__pyext[0m
[2.926s] [35m[1mScanning dependencies of target mech_msg__rosidl_typesupport_introspection_c__pyext[0m
[2.932s] [35m[1mScanning dependencies of target mech_msg__rosidl_typesupport_c__pyext[0m
[2.943s] [ 87%] [32mBuilding C object CMakeFiles/mech_msg__rosidl_typesupport_fastrtps_c__pyext.dir/rosidl_generator_py/mech_msg/_mech_msg_s.ep.rosidl_typesupport_fastrtps_c.c.o[0m
[2.952s] [ 89%] [32mBuilding C object CMakeFiles/mech_msg__rosidl_typesupport_introspection_c__pyext.dir/rosidl_generator_py/mech_msg/_mech_msg_s.ep.rosidl_typesupport_introspection_c.c.o[0m
[2.995s] [ 92%] [32mBuilding C object CMakeFiles/mech_msg__rosidl_typesupport_c__pyext.dir/rosidl_generator_py/mech_msg/_mech_msg_s.ep.rosidl_typesupport_c.c.o[0m
[3.027s] [ 94%] [32m[1mLinking C shared library rosidl_generator_py/mech_msg/mech_msg_s__rosidl_typesupport_introspection_c.cpython-38-x86_64-linux-gnu.so[0m
[3.042s] [ 97%] [32m[1mLinking CXX shared library rosidl_generator_py/mech_msg/mech_msg_s__rosidl_typesupport_fastrtps_c.cpython-38-x86_64-linux-gnu.so[0m
[3.086s] [ 97%] Built target mech_msg__rosidl_typesupport_introspection_c__pyext
[3.102s] [100%] [32m[1mLinking C shared library rosidl_generator_py/mech_msg/mech_msg_s__rosidl_typesupport_c.cpython-38-x86_64-linux-gnu.so[0m
[3.112s] [100%] Built target mech_msg__rosidl_typesupport_fastrtps_c__pyext
[3.139s] [100%] Built target mech_msg__rosidl_typesupport_c__pyext
[3.153s] Invoked command in '/home/tahnt/mech_devel/f1t_mech_ws/build/mech_msg' returned '0': CMAKE_PREFIX_PATH=${CMAKE_PREFIX_PATH}:/opt/ros/galactic /usr/bin/cmake --build /home/tahnt/mech_devel/f1t_mech_ws/build/mech_msg -- -j4 -l4
[3.295s] Invoking command in '/home/tahnt/mech_devel/f1t_mech_ws/build/mech_msg': CMAKE_PREFIX_PATH=${CMAKE_PREFIX_PATH}:/opt/ros/galactic /usr/bin/cmake --install /home/tahnt/mech_devel/f1t_mech_ws/build/mech_msg
[3.304s] -- Install configuration: ""
[3.306s] -- Installing: /home/tahnt/mech_devel/f1t_mech_ws/install/mech_msg/share/ament_index/resource_index/rosidl_interfaces/mech_msg
[3.306s] -- Up-to-date: /home/tahnt/mech_devel/f1t_mech_ws/install/mech_msg/include/mech_msg
[3.306s] -- Up-to-date: /home/tahnt/mech_devel/f1t_mech_ws/install/mech_msg/include/mech_msg/msg
[3.306s] -- Installing: /home/tahnt/mech_devel/f1t_mech_ws/install/mech_msg/include/mech_msg/msg/laterr.h
[3.306s] -- Up-to-date: /home/tahnt/mech_devel/f1t_mech_ws/install/mech_msg/include/mech_msg/msg/yaw_err.h
[3.306s] -- Up-to-date: /home/tahnt/mech_devel/f1t_mech_ws/install/mech_msg/include/mech_msg/msg/detail
[3.307s] -- Up-to-date: /home/tahnt/mech_devel/f1t_mech_ws/install/mech_msg/include/mech_msg/msg/detail/lat_err__type_support.h
[3.307s] -- Installing: /home/tahnt/mech_devel/f1t_mech_ws/install/mech_msg/include/mech_msg/msg/detail/yawerr__functions.c
[3.307s] -- Up-to-date: /home/tahnt/mech_devel/f1t_mech_ws/install/mech_msg/include/mech_msg/msg/detail/lat_err__functions.h
[3.307s] -- Installing: /home/tahnt/mech_devel/f1t_mech_ws/install/mech_msg/include/mech_msg/msg/detail/laterr__functions.c
[3.307s] -- Installing: /home/tahnt/mech_devel/f1t_mech_ws/install/mech_msg/include/mech_msg/msg/detail/yawerr__functions.h
[3.307s] -- Up-to-date: /home/tahnt/mech_devel/f1t_mech_ws/install/mech_msg/include/mech_msg/msg/detail/yaw_err__functions.c
[3.307s] -- Up-to-date: /home/tahnt/mech_devel/f1t_mech_ws/install/mech_msg/include/mech_msg/msg/detail/test__struct.h
[3.307s] -- Installing: /home/tahnt/mech_devel/f1t_mech_ws/install/mech_msg/include/mech_msg/msg/detail/yawerr__type_support.h
[3.307s] -- Up-to-date: /home/tahnt/mech_devel/f1t_mech_ws/install/mech_msg/include/mech_msg/msg/detail/test__type_support.h
[3.307s] -- Up-to-date: /home/tahnt/mech_devel/f1t_mech_ws/install/mech_msg/include/mech_msg/msg/detail/yaw_err__struct.h
[3.307s] -- Installing: /home/tahnt/mech_devel/f1t_mech_ws/install/mech_msg/include/mech_msg/msg/detail/laterr__type_support.h
[3.307s] -- Installing: /home/tahnt/mech_devel/f1t_mech_ws/install/mech_msg/include/mech_msg/msg/detail/laterr__functions.h
[3.307s] -- Up-to-date: /home/tahnt/mech_devel/f1t_mech_ws/install/mech_msg/include/mech_msg/msg/detail/test__functions.h
[3.307s] -- Up-to-date: /home/tahnt/mech_devel/f1t_mech_ws/install/mech_msg/include/mech_msg/msg/detail/lat_err__struct.h
[3.307s] -- Up-to-date: /home/tahnt/mech_devel/f1t_mech_ws/install/mech_msg/include/mech_msg/msg/detail/yaw_err__type_support.h
[3.307s] -- Up-to-date: /home/tahnt/mech_devel/f1t_mech_ws/install/mech_msg/include/mech_msg/msg/detail/yaw_err__functions.h
[3.310s] -- Up-to-date: /home/tahnt/mech_devel/f1t_mech_ws/install/mech_msg/include/mech_msg/msg/detail/test__functions.c
[3.310s] -- Installing: /home/tahnt/mech_devel/f1t_mech_ws/install/mech_msg/include/mech_msg/msg/detail/laterr__struct.h
[3.311s] -- Up-to-date: /home/tahnt/mech_devel/f1t_mech_ws/install/mech_msg/include/mech_msg/msg/detail/lat_err__functions.c
[3.311s] -- Installing: /home/tahnt/mech_devel/f1t_mech_ws/install/mech_msg/include/mech_msg/msg/detail/yawerr__struct.h
[3.311s] -- Installing: /home/tahnt/mech_devel/f1t_mech_ws/install/mech_msg/include/mech_msg/msg/yawerr.h
[3.311s] -- Up-to-date: /home/tahnt/mech_devel/f1t_mech_ws/install/mech_msg/include/mech_msg/msg/lat_err.h
[3.311s] -- Up-to-date: /home/tahnt/mech_devel/f1t_mech_ws/install/mech_msg/include/mech_msg/msg/test.h
[3.311s] -- Up-to-date: /home/tahnt/mech_devel/f1t_mech_ws/install/mech_msg/include/mech_msg/msg/rosidl_generator_c__visibility_control.h
[3.311s] -- Up-to-date: /home/tahnt/mech_devel/f1t_mech_ws/install/mech_msg/share/mech_msg/environment/library_path.sh
[3.311s] -- Installing: /home/tahnt/mech_devel/f1t_mech_ws/install/mech_msg/share/mech_msg/environment/library_path.dsv
[3.312s] -- Installing: /home/tahnt/mech_devel/f1t_mech_ws/install/mech_msg/lib/libmech_msg__rosidl_generator_c.so
[3.314s] -- Set runtime path of "/home/tahnt/mech_devel/f1t_mech_ws/install/mech_msg/lib/libmech_msg__rosidl_generator_c.so" to ""
[3.314s] -- Up-to-date: /home/tahnt/mech_devel/f1t_mech_ws/install/mech_msg/include/mech_msg
[3.314s] -- Up-to-date: /home/tahnt/mech_devel/f1t_mech_ws/install/mech_msg/include/mech_msg/msg
[3.314s] -- Up-to-date: /home/tahnt/mech_devel/f1t_mech_ws/install/mech_msg/include/mech_msg/msg/detail
[3.314s] -- Installing: /home/tahnt/mech_devel/f1t_mech_ws/install/mech_msg/include/mech_msg/msg/detail/yawerr__rosidl_typesupport_fastrtps_c.h
[3.314s] -- Up-to-date: /home/tahnt/mech_devel/f1t_mech_ws/install/mech_msg/include/mech_msg/msg/detail/yaw_err__rosidl_typesupport_fastrtps_c.h
[3.315s] -- Up-to-date: /home/tahnt/mech_devel/f1t_mech_ws/install/mech_msg/include/mech_msg/msg/detail/test__rosidl_typesupport_fastrtps_c.h
[3.315s] -- Installing: /home/tahnt/mech_devel/f1t_mech_ws/install/mech_msg/include/mech_msg/msg/detail/laterr__rosidl_typesupport_fastrtps_c.h
[3.315s] -- Up-to-date: /home/tahnt/mech_devel/f1t_mech_ws/install/mech_msg/include/mech_msg/msg/detail/lat_err__rosidl_typesupport_fastrtps_c.h
[3.315s] -- Up-to-date: /home/tahnt/mech_devel/f1t_mech_ws/install/mech_msg/include/mech_msg/msg/rosidl_typesupport_fastrtps_c__visibility_control.h
[3.316s] -- Installing: /home/tahnt/mech_devel/f1t_mech_ws/install/mech_msg/lib/libmech_msg__rosidl_typesupport_fastrtps_c.so
[3.317s] -- Set runtime path of "/home/tahnt/mech_devel/f1t_mech_ws/install/mech_msg/lib/libmech_msg__rosidl_typesupport_fastrtps_c.so" to ""
[3.317s] -- Up-to-date: /home/tahnt/mech_devel/f1t_mech_ws/install/mech_msg/include/mech_msg
[3.317s] -- Up-to-date: /home/tahnt/mech_devel/f1t_mech_ws/install/mech_msg/include/mech_msg/msg
[3.317s] -- Up-to-date: /home/tahnt/mech_devel/f1t_mech_ws/install/mech_msg/include/mech_msg/msg/detail
[3.317s] -- Installing: /home/tahnt/mech_devel/f1t_mech_ws/install/mech_msg/include/mech_msg/msg/detail/yawerr__rosidl_typesupport_fastrtps_cpp.hpp
[3.320s] -- Up-to-date: /home/tahnt/mech_devel/f1t_mech_ws/install/mech_msg/include/mech_msg/msg/detail/dds_fastrtps
[3.320s] -- Up-to-date: /home/tahnt/mech_devel/f1t_mech_ws/install/mech_msg/include/mech_msg/msg/detail/yaw_err__rosidl_typesupport_fastrtps_cpp.hpp
[3.320s] -- Up-to-date: /home/tahnt/mech_devel/f1t_mech_ws/install/mech_msg/include/mech_msg/msg/detail/lat_err__rosidl_typesupport_fastrtps_cpp.hpp
[3.320s] -- Installing: /home/tahnt/mech_devel/f1t_mech_ws/install/mech_msg/include/mech_msg/msg/detail/laterr__rosidl_typesupport_fastrtps_cpp.hpp
[3.320s] -- Up-to-date: /home/tahnt/mech_devel/f1t_mech_ws/install/mech_msg/include/mech_msg/msg/detail/test__rosidl_typesupport_fastrtps_cpp.hpp
[3.320s] -- Up-to-date: /home/tahnt/mech_devel/f1t_mech_ws/install/mech_msg/include/mech_msg/msg/rosidl_typesupport_fastrtps_cpp__visibility_control.h
[3.321s] -- Installing: /home/tahnt/mech_devel/f1t_mech_ws/install/mech_msg/lib/libmech_msg__rosidl_typesupport_fastrtps_cpp.so
[3.321s] -- Set runtime path of "/home/tahnt/mech_devel/f1t_mech_ws/install/mech_msg/lib/libmech_msg__rosidl_typesupport_fastrtps_cpp.so" to ""
[3.321s] -- Up-to-date: /home/tahnt/mech_devel/f1t_mech_ws/install/mech_msg/include/mech_msg
[3.321s] -- Up-to-date: /home/tahnt/mech_devel/f1t_mech_ws/install/mech_msg/include/mech_msg/msg
[3.321s] -- Up-to-date: /home/tahnt/mech_devel/f1t_mech_ws/install/mech_msg/include/mech_msg/msg/detail
[3.322s] -- Up-to-date: /home/tahnt/mech_devel/f1t_mech_ws/install/mech_msg/include/mech_msg/msg/detail/lat_err__type_support.c
[3.322s] -- Installing: /home/tahnt/mech_devel/f1t_mech_ws/install/mech_msg/include/mech_msg/msg/detail/laterr__type_support.c
[3.322s] -- Installing: /home/tahnt/mech_devel/f1t_mech_ws/install/mech_msg/include/mech_msg/msg/detail/yawerr__type_support.c
[3.322s] -- Up-to-date: /home/tahnt/mech_devel/f1t_mech_ws/install/mech_msg/include/mech_msg/msg/detail/test__type_support.c
[3.322s] -- Up-to-date: /home/tahnt/mech_devel/f1t_mech_ws/install/mech_msg/include/mech_msg/msg/detail/yaw_err__rosidl_typesupport_introspection_c.h
[3.322s] -- Installing: /home/tahnt/mech_devel/f1t_mech_ws/install/mech_msg/include/mech_msg/msg/detail/yawerr__rosidl_typesupport_introspection_c.h
[3.322s] -- Up-to-date: /home/tahnt/mech_devel/f1t_mech_ws/install/mech_msg/include/mech_msg/msg/detail/yaw_err__type_support.c
[3.322s] -- Installing: /home/tahnt/mech_devel/f1t_mech_ws/install/mech_msg/include/mech_msg/msg/detail/laterr__rosidl_typesupport_introspection_c.h
[3.323s] -- Up-to-date: /home/tahnt/mech_devel/f1t_mech_ws/install/mech_msg/include/mech_msg/msg/detail/lat_err__rosidl_typesupport_introspection_c.h
[3.323s] -- Up-to-date: /home/tahnt/mech_devel/f1t_mech_ws/install/mech_msg/include/mech_msg/msg/detail/test__rosidl_typesupport_introspection_c.h
[3.323s] -- Up-to-date: /home/tahnt/mech_devel/f1t_mech_ws/install/mech_msg/include/mech_msg/msg/rosidl_typesupport_introspection_c__visibility_control.h
[3.323s] -- Installing: /home/tahnt/mech_devel/f1t_mech_ws/install/mech_msg/lib/libmech_msg__rosidl_typesupport_introspection_c.so
[3.323s] -- Set runtime path of "/home/tahnt/mech_devel/f1t_mech_ws/install/mech_msg/lib/libmech_msg__rosidl_typesupport_introspection_c.so" to ""
[3.324s] -- Installing: /home/tahnt/mech_devel/f1t_mech_ws/install/mech_msg/lib/libmech_msg__rosidl_typesupport_c.so
[3.324s] -- Set runtime path of "/home/tahnt/mech_devel/f1t_mech_ws/install/mech_msg/lib/libmech_msg__rosidl_typesupport_c.so" to ""
[3.324s] -- Up-to-date: /home/tahnt/mech_devel/f1t_mech_ws/install/mech_msg/include/mech_msg
[3.325s] -- Up-to-date: /home/tahnt/mech_devel/f1t_mech_ws/install/mech_msg/include/mech_msg/msg
[3.325s] -- Up-to-date: /home/tahnt/mech_devel/f1t_mech_ws/install/mech_msg/include/mech_msg/msg/detail
[3.325s] -- Up-to-date: /home/tahnt/mech_devel/f1t_mech_ws/install/mech_msg/include/mech_msg/msg/detail/test__builder.hpp
[3.325s] -- Up-to-date: /home/tahnt/mech_devel/f1t_mech_ws/install/mech_msg/include/mech_msg/msg/detail/lat_err__struct.hpp
[3.325s] -- Installing: /home/tahnt/mech_devel/f1t_mech_ws/install/mech_msg/include/mech_msg/msg/detail/yawerr__builder.hpp
[3.325s] -- Up-to-date: /home/tahnt/mech_devel/f1t_mech_ws/install/mech_msg/include/mech_msg/msg/detail/lat_err__builder.hpp
[3.325s] -- Up-to-date: /home/tahnt/mech_devel/f1t_mech_ws/install/mech_msg/include/mech_msg/msg/detail/test__struct.hpp
[3.325s] -- Up-to-date: /home/tahnt/mech_devel/f1t_mech_ws/install/mech_msg/include/mech_msg/msg/detail/yaw_err__builder.hpp
[3.326s] -- Up-to-date: /home/tahnt/mech_devel/f1t_mech_ws/install/mech_msg/include/mech_msg/msg/detail/test__traits.hpp
[3.326s] -- Up-to-date: /home/tahnt/mech_devel/f1t_mech_ws/install/mech_msg/include/mech_msg/msg/detail/lat_err__traits.hpp
[3.326s] -- Installing: /home/tahnt/mech_devel/f1t_mech_ws/install/mech_msg/include/mech_msg/msg/detail/yawerr__struct.hpp
[3.326s] -- Installing: /home/tahnt/mech_devel/f1t_mech_ws/install/mech_msg/include/mech_msg/msg/detail/laterr__struct.hpp
[3.326s] -- Installing: /home/tahnt/mech_devel/f1t_mech_ws/install/mech_msg/include/mech_msg/msg/detail/laterr__traits.hpp
[3.326s] -- Installing: /home/tahnt/mech_devel/f1t_mech_ws/install/mech_msg/include/mech_msg/msg/detail/yawerr__traits.hpp
[3.326s] -- Up-to-date: /home/tahnt/mech_devel/f1t_mech_ws/install/mech_msg/include/mech_msg/msg/detail/yaw_err__struct.hpp
[3.326s] -- Up-to-date: /home/tahnt/mech_devel/f1t_mech_ws/install/mech_msg/include/mech_msg/msg/detail/yaw_err__traits.hpp
[3.326s] -- Installing: /home/tahnt/mech_devel/f1t_mech_ws/install/mech_msg/include/mech_msg/msg/detail/laterr__builder.hpp
[3.327s] -- Up-to-date: /home/tahnt/mech_devel/f1t_mech_ws/install/mech_msg/include/mech_msg/msg/yaw_err.hpp
[3.327s] -- Installing: /home/tahnt/mech_devel/f1t_mech_ws/install/mech_msg/include/mech_msg/msg/laterr.hpp
[3.327s] -- Up-to-date: /home/tahnt/mech_devel/f1t_mech_ws/install/mech_msg/include/mech_msg/msg/lat_err.hpp
[3.327s] -- Up-to-date: /home/tahnt/mech_devel/f1t_mech_ws/install/mech_msg/include/mech_msg/msg/test.hpp
[3.327s] -- Installing: /home/tahnt/mech_devel/f1t_mech_ws/install/mech_msg/include/mech_msg/msg/yawerr.hpp
[3.327s] -- Up-to-date: /home/tahnt/mech_devel/f1t_mech_ws/install/mech_msg/include/mech_msg
[3.328s] -- Up-to-date: /home/tahnt/mech_devel/f1t_mech_ws/install/mech_msg/include/mech_msg/msg
[3.328s] -- Up-to-date: /home/tahnt/mech_devel/f1t_mech_ws/install/mech_msg/include/mech_msg/msg/detail
[3.328s] -- Up-to-date: /home/tahnt/mech_devel/f1t_mech_ws/install/mech_msg/include/mech_msg/msg/detail/test__type_support.cpp
[3.328s] -- Installing: /home/tahnt/mech_devel/f1t_mech_ws/install/mech_msg/include/mech_msg/msg/detail/yawerr__type_support.cpp
[3.328s] -- Installing: /home/tahnt/mech_devel/f1t_mech_ws/install/mech_msg/include/mech_msg/msg/detail/yawerr__rosidl_typesupport_introspection_cpp.hpp
[3.328s] -- Up-to-date: /home/tahnt/mech_devel/f1t_mech_ws/install/mech_msg/include/mech_msg/msg/detail/lat_err__rosidl_typesupport_introspection_cpp.hpp
[3.328s] -- Up-to-date: /home/tahnt/mech_devel/f1t_mech_ws/install/mech_msg/include/mech_msg/msg/detail/yaw_err__rosidl_typesupport_introspection_cpp.hpp
[3.329s] -- Installing: /home/tahnt/mech_devel/f1t_mech_ws/install/mech_msg/include/mech_msg/msg/detail/laterr__type_support.cpp
[3.329s] -- Up-to-date: /home/tahnt/mech_devel/f1t_mech_ws/install/mech_msg/include/mech_msg/msg/detail/test__rosidl_typesupport_introspection_cpp.hpp
[3.329s] -- Up-to-date: /home/tahnt/mech_devel/f1t_mech_ws/install/mech_msg/include/mech_msg/msg/detail/yaw_err__type_support.cpp
[3.329s] -- Installing: /home/tahnt/mech_devel/f1t_mech_ws/install/mech_msg/include/mech_msg/msg/detail/laterr__rosidl_typesupport_introspection_cpp.hpp
[3.329s] -- Up-to-date: /home/tahnt/mech_devel/f1t_mech_ws/install/mech_msg/include/mech_msg/msg/detail/lat_err__type_support.cpp
[3.329s] -- Installing: /home/tahnt/mech_devel/f1t_mech_ws/install/mech_msg/lib/libmech_msg__rosidl_typesupport_introspection_cpp.so
[3.330s] -- Set runtime path of "/home/tahnt/mech_devel/f1t_mech_ws/install/mech_msg/lib/libmech_msg__rosidl_typesupport_introspection_cpp.so" to ""
[3.330s] -- Installing: /home/tahnt/mech_devel/f1t_mech_ws/install/mech_msg/lib/libmech_msg__rosidl_typesupport_cpp.so
[3.331s] -- Set runtime path of "/home/tahnt/mech_devel/f1t_mech_ws/install/mech_msg/lib/libmech_msg__rosidl_typesupport_cpp.so" to ""
[3.331s] -- Up-to-date: /home/tahnt/mech_devel/f1t_mech_ws/install/mech_msg/share/mech_msg/environment/pythonpath.sh
[3.331s] -- Installing: /home/tahnt/mech_devel/f1t_mech_ws/install/mech_msg/share/mech_msg/environment/pythonpath.dsv
[3.331s] -- Installing: /home/tahnt/mech_devel/f1t_mech_ws/install/mech_msg/lib/python3.8/site-packages/mech_msg/__init__.py
[3.357s] Compiling '/home/tahnt/mech_devel/f1t_mech_ws/install/mech_msg/lib/python3.8/site-packages/mech_msg/__init__.py'...
[3.364s] -- Up-to-date: /home/tahnt/mech_devel/f1t_mech_ws/install/mech_msg/lib/python3.8/site-packages/mech_msg/msg
[3.364s] -- Up-to-date: /home/tahnt/mech_devel/f1t_mech_ws/install/mech_msg/lib/python3.8/site-packages/mech_msg/msg/_test_s.c
[3.364s] -- Up-to-date: /home/tahnt/mech_devel/f1t_mech_ws/install/mech_msg/lib/python3.8/site-packages/mech_msg/msg/_yaw_err_s.c
[3.364s] -- Up-to-date: /home/tahnt/mech_devel/f1t_mech_ws/install/mech_msg/lib/python3.8/site-packages/mech_msg/msg/_lat_err.py
[3.364s] -- Up-to-date: /home/tahnt/mech_devel/f1t_mech_ws/install/mech_msg/lib/python3.8/site-packages/mech_msg/msg/_test.py
[3.365s] -- Installing: /home/tahnt/mech_devel/f1t_mech_ws/install/mech_msg/lib/python3.8/site-packages/mech_msg/msg/_laterr.py
[3.365s] -- Up-to-date: /home/tahnt/mech_devel/f1t_mech_ws/install/mech_msg/lib/python3.8/site-packages/mech_msg/msg/_lat_err_s.c
[3.365s] -- Installing: /home/tahnt/mech_devel/f1t_mech_ws/install/mech_msg/lib/python3.8/site-packages/mech_msg/msg/_yawerr.py
[3.365s] -- Installing: /home/tahnt/mech_devel/f1t_mech_ws/install/mech_msg/lib/python3.8/site-packages/mech_msg/msg/__init__.py
[3.365s] -- Installing: /home/tahnt/mech_devel/f1t_mech_ws/install/mech_msg/lib/python3.8/site-packages/mech_msg/msg/_laterr_s.c
[3.365s] -- Installing: /home/tahnt/mech_devel/f1t_mech_ws/install/mech_msg/lib/python3.8/site-packages/mech_msg/msg/_yawerr_s.c
[3.365s] -- Up-to-date: /home/tahnt/mech_devel/f1t_mech_ws/install/mech_msg/lib/python3.8/site-packages/mech_msg/msg/_yaw_err.py
[3.365s] -- Installing: /home/tahnt/mech_devel/f1t_mech_ws/install/mech_msg/lib/python3.8/site-packages/mech_msg/mech_msg_s__rosidl_typesupport_fastrtps_c.cpython-38-x86_64-linux-gnu.so
[3.365s] -- Set runtime path of "/home/tahnt/mech_devel/f1t_mech_ws/install/mech_msg/lib/python3.8/site-packages/mech_msg/mech_msg_s__rosidl_typesupport_fastrtps_c.cpython-38-x86_64-linux-gnu.so" to ""
[3.365s] -- Installing: /home/tahnt/mech_devel/f1t_mech_ws/install/mech_msg/lib/python3.8/site-packages/mech_msg/mech_msg_s__rosidl_typesupport_introspection_c.cpython-38-x86_64-linux-gnu.so
[3.365s] -- Set runtime path of "/home/tahnt/mech_devel/f1t_mech_ws/install/mech_msg/lib/python3.8/site-packages/mech_msg/mech_msg_s__rosidl_typesupport_introspection_c.cpython-38-x86_64-linux-gnu.so" to ""
[3.365s] -- Installing: /home/tahnt/mech_devel/f1t_mech_ws/install/mech_msg/lib/python3.8/site-packages/mech_msg/mech_msg_s__rosidl_typesupport_c.cpython-38-x86_64-linux-gnu.so
[3.365s] -- Set runtime path of "/home/tahnt/mech_devel/f1t_mech_ws/install/mech_msg/lib/python3.8/site-packages/mech_msg/mech_msg_s__rosidl_typesupport_c.cpython-38-x86_64-linux-gnu.so" to ""
[3.365s] -- Installing: /home/tahnt/mech_devel/f1t_mech_ws/install/mech_msg/lib/libmech_msg__python.so
[3.365s] -- Set runtime path of "/home/tahnt/mech_devel/f1t_mech_ws/install/mech_msg/lib/libmech_msg__python.so" to ""
[3.365s] -- Installing: /home/tahnt/mech_devel/f1t_mech_ws/install/mech_msg/share/mech_msg/msg/Laterr.idl
[3.365s] -- Installing: /home/tahnt/mech_devel/f1t_mech_ws/install/mech_msg/share/mech_msg/msg/Yawerr.idl
[3.365s] -- Installing: /home/tahnt/mech_devel/f1t_mech_ws/install/mech_msg/share/mech_msg/msg/Laterr.msg
[3.365s] -- Installing: /home/tahnt/mech_devel/f1t_mech_ws/install/mech_msg/share/mech_msg/msg/Yawerr.msg
[3.369s] -- Up-to-date: /home/tahnt/mech_devel/f1t_mech_ws/install/mech_msg/share/ament_index/resource_index/package_run_dependencies/mech_msg
[3.369s] -- Up-to-date: /home/tahnt/mech_devel/f1t_mech_ws/install/mech_msg/share/ament_index/resource_index/parent_prefix_path/mech_msg
[3.369s] -- Up-to-date: /home/tahnt/mech_devel/f1t_mech_ws/install/mech_msg/share/mech_msg/environment/ament_prefix_path.sh
[3.369s] -- Installing: /home/tahnt/mech_devel/f1t_mech_ws/install/mech_msg/share/mech_msg/environment/ament_prefix_path.dsv
[3.369s] -- Up-to-date: /home/tahnt/mech_devel/f1t_mech_ws/install/mech_msg/share/mech_msg/environment/path.sh
[3.369s] -- Installing: /home/tahnt/mech_devel/f1t_mech_ws/install/mech_msg/share/mech_msg/environment/path.dsv
[3.369s] -- Up-to-date: /home/tahnt/mech_devel/f1t_mech_ws/install/mech_msg/share/mech_msg/local_setup.bash
[3.369s] -- Up-to-date: /home/tahnt/mech_devel/f1t_mech_ws/install/mech_msg/share/mech_msg/local_setup.sh
[3.369s] -- Up-to-date: /home/tahnt/mech_devel/f1t_mech_ws/install/mech_msg/share/mech_msg/local_setup.zsh
[3.369s] -- Installing: /home/tahnt/mech_devel/f1t_mech_ws/install/mech_msg/share/mech_msg/local_setup.dsv
[3.369s] -- Installing: /home/tahnt/mech_devel/f1t_mech_ws/install/mech_msg/share/mech_msg/package.dsv
[3.369s] -- Up-to-date: /home/tahnt/mech_devel/f1t_mech_ws/install/mech_msg/share/ament_index/resource_index/packages/mech_msg
[3.370s] -- Up-to-date: /home/tahnt/mech_devel/f1t_mech_ws/install/mech_msg/share/mech_msg/cmake/mech_msg__rosidl_generator_cExport.cmake
[3.370s] -- Installing: /home/tahnt/mech_devel/f1t_mech_ws/install/mech_msg/share/mech_msg/cmake/mech_msg__rosidl_generator_cExport-noconfig.cmake
[3.370s] -- Up-to-date: /home/tahnt/mech_devel/f1t_mech_ws/install/mech_msg/share/mech_msg/cmake/mech_msg__rosidl_typesupport_introspection_cExport.cmake
[3.370s] -- Installing: /home/tahnt/mech_devel/f1t_mech_ws/install/mech_msg/share/mech_msg/cmake/mech_msg__rosidl_typesupport_introspection_cExport-noconfig.cmake
[3.370s] -- Up-to-date: /home/tahnt/mech_devel/f1t_mech_ws/install/mech_msg/share/mech_msg/cmake/mech_msg__rosidl_typesupport_cExport.cmake
[3.370s] -- Installing: /home/tahnt/mech_devel/f1t_mech_ws/install/mech_msg/share/mech_msg/cmake/mech_msg__rosidl_typesupport_cExport-noconfig.cmake
[3.370s] -- Up-to-date: /home/tahnt/mech_devel/f1t_mech_ws/install/mech_msg/share/mech_msg/cmake/mech_msg__rosidl_generator_cppExport.cmake
[3.370s] -- Up-to-date: /home/tahnt/mech_devel/f1t_mech_ws/install/mech_msg/share/mech_msg/cmake/mech_msg__rosidl_typesupport_introspection_cppExport.cmake
[3.371s] -- Installing: /home/tahnt/mech_devel/f1t_mech_ws/install/mech_msg/share/mech_msg/cmake/mech_msg__rosidl_typesupport_introspection_cppExport-noconfig.cmake
[3.371s] -- Up-to-date: /home/tahnt/mech_devel/f1t_mech_ws/install/mech_msg/share/mech_msg/cmake/mech_msg__rosidl_typesupport_cppExport.cmake
[3.371s] -- Installing: /home/tahnt/mech_devel/f1t_mech_ws/install/mech_msg/share/mech_msg/cmake/mech_msg__rosidl_typesupport_cppExport-noconfig.cmake
[3.371s] -- Installing: /home/tahnt/mech_devel/f1t_mech_ws/install/mech_msg/share/mech_msg/cmake/rosidl_cmake-extras.cmake
[3.371s] -- Up-to-date: /home/tahnt/mech_devel/f1t_mech_ws/install/mech_msg/share/mech_msg/cmake/ament_cmake_export_dependencies-extras.cmake
[3.371s] -- Up-to-date: /home/tahnt/mech_devel/f1t_mech_ws/install/mech_msg/share/mech_msg/cmake/ament_cmake_export_libraries-extras.cmake
[3.371s] -- Up-to-date: /home/tahnt/mech_devel/f1t_mech_ws/install/mech_msg/share/mech_msg/cmake/ament_cmake_export_targets-extras.cmake
[3.371s] -- Up-to-date: /home/tahnt/mech_devel/f1t_mech_ws/install/mech_msg/share/mech_msg/cmake/ament_cmake_export_include_directories-extras.cmake
[3.371s] -- Up-to-date: /home/tahnt/mech_devel/f1t_mech_ws/install/mech_msg/share/mech_msg/cmake/rosidl_cmake_export_typesupport_libraries-extras.cmake
[3.371s] -- Up-to-date: /home/tahnt/mech_devel/f1t_mech_ws/install/mech_msg/share/mech_msg/cmake/rosidl_cmake_export_typesupport_targets-extras.cmake
[3.372s] -- Up-to-date: /home/tahnt/mech_devel/f1t_mech_ws/install/mech_msg/share/mech_msg/cmake/mech_msgConfig.cmake
[3.372s] -- Up-to-date: /home/tahnt/mech_devel/f1t_mech_ws/install/mech_msg/share/mech_msg/cmake/mech_msgConfig-version.cmake
[3.372s] -- Up-to-date: /home/tahnt/mech_devel/f1t_mech_ws/install/mech_msg/share/mech_msg/package.xml
[3.374s] Invoked command in '/home/tahnt/mech_devel/f1t_mech_ws/build/mech_msg' returned '0': CMAKE_PREFIX_PATH=${CMAKE_PREFIX_PATH}:/opt/ros/galactic /usr/bin/cmake --install /home/tahnt/mech_devel/f1t_mech_ws/build/mech_msg
