[0.118s] Invoking command in '/home/f1t/mech_devel/f1t_mech_ws/build/img_proc': CMAKE_PREFIX_PATH=${CMAKE_PREFIX_PATH}:/opt/ros/galactic /usr/bin/cmake --build /home/f1t/mech_devel/f1t_mech_ws/build/img_proc -- -j6 -l6
[0.374s] [35m[1mScanning dependencies of target img_proc_node[0m
[0.905s] [ 50%] [32mBuilding CXX object CMakeFiles/img_proc_node.dir/src/img_proc_node.cpp.o[0m
[15.779s] [01m[K/home/f1t/mech_devel/f1t_mech_ws/src/img_proc/src/img_proc_node.cpp:[m[K In member function ‘[01m[Kcv::Mat ImageProcessor::waypointGen(cv::Mat&)[m[K’:
[15.780s] [01m[K/home/f1t/mech_devel/f1t_mech_ws/src/img_proc/src/img_proc_node.cpp:209:24:[m[K [01;35m[Kwarning: [m[Kcomparison of integer expressions of different signedness: ‘[01m[Kint[m[K’ and ‘[01m[Kstd::vector<std::vector<cv::Point_<int> > >::size_type[m[K’ {aka ‘[01m[Klong unsigned int[m[K’} [[01;35m[K-Wsign-compare[m[K]
[15.780s]   209 |         for (int i=0; [01;35m[Ki<contours.size()[m[K; i++)
[15.781s]       |                       [01;35m[K~^~~~~~~~~~~~~~~~[m[K
[41.340s] [100%] [32m[1mLinking CXX executable img_proc_node[0m
[44.009s] /usr/bin/ld: warning: libopencv_imgproc.so.4.2, needed by /opt/ros/galactic/lib/libcv_bridge.so, may conflict with libopencv_imgproc.so.4.5
[44.010s] /usr/bin/ld: warning: libopencv_core.so.4.2, needed by /opt/ros/galactic/lib/libcv_bridge.so, may conflict with libopencv_core.so.4.5
[44.199s] [100%] Built target img_proc_node
[44.356s] Invoked command in '/home/f1t/mech_devel/f1t_mech_ws/build/img_proc' returned '0': CMAKE_PREFIX_PATH=${CMAKE_PREFIX_PATH}:/opt/ros/galactic /usr/bin/cmake --build /home/f1t/mech_devel/f1t_mech_ws/build/img_proc -- -j6 -l6
[44.572s] Invoking command in '/home/f1t/mech_devel/f1t_mech_ws/build/img_proc': CMAKE_PREFIX_PATH=${CMAKE_PREFIX_PATH}:/opt/ros/galactic /usr/bin/cmake --install /home/f1t/mech_devel/f1t_mech_ws/build/img_proc
[44.612s] -- Install configuration: ""
[44.614s] -- Installing: /home/f1t/mech_devel/f1t_mech_ws/install/img_proc/lib/img_proc/img_proc_node
[44.657s] -- Set runtime path of "/home/f1t/mech_devel/f1t_mech_ws/install/img_proc/lib/img_proc/img_proc_node" to ""
[44.658s] -- Up-to-date: /home/f1t/mech_devel/f1t_mech_ws/install/img_proc/share/img_proc/launch
[44.660s] -- Up-to-date: /home/f1t/mech_devel/f1t_mech_ws/install/img_proc/share/img_proc/launch/img_proc_launch.py
[44.661s] -- Up-to-date: /home/f1t/mech_devel/f1t_mech_ws/install/img_proc/share/ament_index/resource_index/package_run_dependencies/img_proc
[44.661s] -- Up-to-date: /home/f1t/mech_devel/f1t_mech_ws/install/img_proc/share/ament_index/resource_index/parent_prefix_path/img_proc
[44.662s] -- Up-to-date: /home/f1t/mech_devel/f1t_mech_ws/install/img_proc/share/img_proc/environment/ament_prefix_path.sh
[44.664s] -- Up-to-date: /home/f1t/mech_devel/f1t_mech_ws/install/img_proc/share/img_proc/environment/ament_prefix_path.dsv
[44.664s] -- Up-to-date: /home/f1t/mech_devel/f1t_mech_ws/install/img_proc/share/img_proc/environment/path.sh
[44.665s] -- Up-to-date: /home/f1t/mech_devel/f1t_mech_ws/install/img_proc/share/img_proc/environment/path.dsv
[44.665s] -- Up-to-date: /home/f1t/mech_devel/f1t_mech_ws/install/img_proc/share/img_proc/local_setup.bash
[44.666s] -- Up-to-date: /home/f1t/mech_devel/f1t_mech_ws/install/img_proc/share/img_proc/local_setup.sh
[44.667s] -- Up-to-date: /home/f1t/mech_devel/f1t_mech_ws/install/img_proc/share/img_proc/local_setup.zsh
[44.667s] -- Up-to-date: /home/f1t/mech_devel/f1t_mech_ws/install/img_proc/share/img_proc/local_setup.dsv
[44.668s] -- Installing: /home/f1t/mech_devel/f1t_mech_ws/install/img_proc/share/img_proc/package.dsv
[44.668s] -- Up-to-date: /home/f1t/mech_devel/f1t_mech_ws/install/img_proc/share/ament_index/resource_index/packages/img_proc
[44.669s] -- Up-to-date: /home/f1t/mech_devel/f1t_mech_ws/install/img_proc/share/img_proc/cmake/img_procConfig.cmake
[44.669s] -- Up-to-date: /home/f1t/mech_devel/f1t_mech_ws/install/img_proc/share/img_proc/cmake/img_procConfig-version.cmake
[44.670s] -- Up-to-date: /home/f1t/mech_devel/f1t_mech_ws/install/img_proc/share/img_proc/package.xml
[44.696s] Invoked command in '/home/f1t/mech_devel/f1t_mech_ws/build/img_proc' returned '0': CMAKE_PREFIX_PATH=${CMAKE_PREFIX_PATH}:/opt/ros/galactic /usr/bin/cmake --install /home/f1t/mech_devel/f1t_mech_ws/build/img_proc
