[0.013s] Invoking command in '/home/tahnt/mech_devel/f1t_mech_ws/build/img_proc': CMAKE_PREFIX_PATH=/opt/ros/galactic /usr/bin/cmake --build /home/tahnt/mech_devel/f1t_mech_ws/build/img_proc -- -j4 -l4
[0.061s] [35m[1mScanning dependencies of target img_proc_node[0m
[0.097s] [ 50%] [32mBuilding CXX object CMakeFiles/img_proc_node.dir/src/img_proc_node.cpp.o[0m
[6.188s] [100%] [32m[1mLinking CXX executable img_proc_node[0m
[6.759s] [100%] Built target img_proc_node
[6.786s] Invoked command in '/home/tahnt/mech_devel/f1t_mech_ws/build/img_proc' returned '0': CMAKE_PREFIX_PATH=/opt/ros/galactic /usr/bin/cmake --build /home/tahnt/mech_devel/f1t_mech_ws/build/img_proc -- -j4 -l4
[6.829s] Invoking command in '/home/tahnt/mech_devel/f1t_mech_ws/build/img_proc': CMAKE_PREFIX_PATH=/opt/ros/galactic /usr/bin/cmake --install /home/tahnt/mech_devel/f1t_mech_ws/build/img_proc
[6.837s] -- Install configuration: ""
[6.837s] -- Installing: /home/tahnt/mech_devel/f1t_mech_ws/install/img_proc/lib/img_proc/img_proc_node
[6.842s] -- Set runtime path of "/home/tahnt/mech_devel/f1t_mech_ws/install/img_proc/lib/img_proc/img_proc_node" to ""
[6.843s] -- Up-to-date: /home/tahnt/mech_devel/f1t_mech_ws/install/img_proc/share/img_proc//launch
[6.843s] -- Up-to-date: /home/tahnt/mech_devel/f1t_mech_ws/install/img_proc/share/img_proc//launch/img_proc_launch.py
[6.843s] -- Up-to-date: /home/tahnt/mech_devel/f1t_mech_ws/install/img_proc/share/img_proc//config
[6.843s] -- Up-to-date: /home/tahnt/mech_devel/f1t_mech_ws/install/img_proc/share/img_proc//config/img_proc_config.yaml
[6.844s] -- Up-to-date: /home/tahnt/mech_devel/f1t_mech_ws/install/img_proc/share/ament_index/resource_index/package_run_dependencies/img_proc
[6.845s] -- Up-to-date: /home/tahnt/mech_devel/f1t_mech_ws/install/img_proc/share/ament_index/resource_index/parent_prefix_path/img_proc
[6.846s] -- Up-to-date: /home/tahnt/mech_devel/f1t_mech_ws/install/img_proc/share/img_proc/environment/ament_prefix_path.sh
[6.846s] -- Up-to-date: /home/tahnt/mech_devel/f1t_mech_ws/install/img_proc/share/img_proc/environment/ament_prefix_path.dsv
[6.847s] -- Up-to-date: /home/tahnt/mech_devel/f1t_mech_ws/install/img_proc/share/img_proc/environment/path.sh
[6.847s] -- Up-to-date: /home/tahnt/mech_devel/f1t_mech_ws/install/img_proc/share/img_proc/environment/path.dsv
[6.847s] -- Up-to-date: /home/tahnt/mech_devel/f1t_mech_ws/install/img_proc/share/img_proc/local_setup.bash
[6.848s] -- Up-to-date: /home/tahnt/mech_devel/f1t_mech_ws/install/img_proc/share/img_proc/local_setup.sh
[6.848s] -- Up-to-date: /home/tahnt/mech_devel/f1t_mech_ws/install/img_proc/share/img_proc/local_setup.zsh
[6.848s] -- Up-to-date: /home/tahnt/mech_devel/f1t_mech_ws/install/img_proc/share/img_proc/local_setup.dsv
[6.849s] -- Installing: /home/tahnt/mech_devel/f1t_mech_ws/install/img_proc/share/img_proc/package.dsv
[6.849s] -- Up-to-date: /home/tahnt/mech_devel/f1t_mech_ws/install/img_proc/share/ament_index/resource_index/packages/img_proc
[6.849s] -- Up-to-date: /home/tahnt/mech_devel/f1t_mech_ws/install/img_proc/share/img_proc/cmake/img_procConfig.cmake
[6.849s] -- Up-to-date: /home/tahnt/mech_devel/f1t_mech_ws/install/img_proc/share/img_proc/cmake/img_procConfig-version.cmake
[6.849s] -- Up-to-date: /home/tahnt/mech_devel/f1t_mech_ws/install/img_proc/share/img_proc/package.xml
[6.856s] Invoked command in '/home/tahnt/mech_devel/f1t_mech_ws/build/img_proc' returned '0': CMAKE_PREFIX_PATH=/opt/ros/galactic /usr/bin/cmake --install /home/tahnt/mech_devel/f1t_mech_ws/build/img_proc
