[0.014s] Invoking command in '/home/tahnt/mech_devel/f1t_mech_ws/build/controller': CMAKE_PREFIX_PATH=${CMAKE_PREFIX_PATH}:/opt/ros/galactic /usr/bin/cmake /home/tahnt/mech_devel/f1t_mech_ws/src/controller -DCMAKE_INSTALL_PREFIX=/home/tahnt/mech_devel/f1t_mech_ws/install/controller
[0.067s] -- The C compiler identification is GNU 9.4.0
[0.115s] -- The CXX compiler identification is GNU 9.4.0
[0.120s] -- Check for working C compiler: /usr/bin/cc
[0.197s] -- Check for working C compiler: /usr/bin/cc -- works
[0.197s] -- Detecting C compiler ABI info
[0.281s] -- Detecting C compiler ABI info - done
[0.289s] -- Detecting C compile features
[0.289s] -- Detecting C compile features - done
[0.292s] -- Check for working CXX compiler: /usr/bin/c++
[0.375s] -- Check for working CXX compiler: /usr/bin/c++ -- works
[0.376s] -- Detecting CXX compiler ABI info
[0.491s] -- Detecting CXX compiler ABI info - done
[0.506s] -- Detecting CXX compile features
[0.506s] -- Detecting CXX compile features - done
[0.508s] -- Found ament_cmake: 1.1.6 (/opt/ros/galactic/share/ament_cmake/cmake)
[0.534s] -- Found PythonInterp: /usr/bin/python3 (found suitable version "3.8.10", minimum required is "3") 
[0.534s] -- Using PYTHON_EXECUTABLE: /usr/bin/python3
[0.599s] -- Found rclcpp: 9.2.2 (/opt/ros/galactic/share/rclcpp/cmake)
[0.642s] -- Using all available rosidl_typesupport_c: rosidl_typesupport_fastrtps_c;rosidl_typesupport_introspection_c
[0.648s] -- Found rosidl_adapter: 2.2.3 (/opt/ros/galactic/share/rosidl_adapter/cmake)
[0.734s] -- Found OpenSSL: /usr/lib/x86_64-linux-gnu/libcrypto.so (found version "1.1.1f")  
[0.758s] -- Found FastRTPS: /opt/ros/galactic/include  
[0.820s] -- Using all available rosidl_typesupport_cpp: rosidl_typesupport_fastrtps_cpp;rosidl_typesupport_introspection_cpp
[0.867s] -- Found rmw_implementation_cmake: 3.3.1 (/opt/ros/galactic/share/rmw_implementation_cmake/cmake)
[0.869s] -- Found rmw_cyclonedds_cpp: 0.22.6 (/opt/ros/galactic/share/rmw_cyclonedds_cpp/cmake)
[0.884s] -- Using RMW implementation 'rmw_cyclonedds_cpp' as default
[0.885s] -- Looking for pthread.h
[0.967s] -- Looking for pthread.h - found
[0.968s] -- Performing Test CMAKE_HAVE_LIBC_PTHREAD
[1.049s] -- Performing Test CMAKE_HAVE_LIBC_PTHREAD - Failed
[1.049s] -- Looking for pthread_create in pthreads
[1.111s] -- Looking for pthread_create in pthreads - not found
[1.111s] -- Looking for pthread_create in pthread
[1.184s] -- Looking for pthread_create in pthread - found
[1.185s] -- Found Threads: TRUE  
[1.300s] -- Found mech_msg: 0.0.0 (/home/tahnt/mech_devel/f1t_mech_ws/install/mech_msg/share/mech_msg/cmake)
[1.308s] -- Found ament_lint_auto: 0.10.7 (/opt/ros/galactic/share/ament_lint_auto/cmake)
[1.370s] -- Added test 'copyright' to check source files copyright and LICENSE
[1.371s] -- Added test 'cppcheck' to perform static code analysis on C / C++ code
[1.371s] -- Configured cppcheck include dirs: 
[1.371s] -- Configured cppcheck exclude dirs and/or files: 
[1.372s] -- Added test 'cpplint' to check C / C++ code against the Google style
[1.372s] -- Configured cpplint exclude dirs and/or files: 
[1.373s] -- Added test 'flake8' to check Python code syntax and style conventions
[1.373s] -- Added test 'lint_cmake' to check CMake code style
[1.374s] -- Added test 'pep257' to check Python code against some of the style conventions in PEP 257
[1.375s] -- Added test 'uncrustify' to check C / C++ code style
[1.375s] -- Configured uncrustify additional arguments: 
[1.375s] -- Added test 'xmllint' to check XML markup files
[1.378s] -- Configuring done
[1.383s] -- Generating done
[1.385s] -- Build files have been written to: /home/tahnt/mech_devel/f1t_mech_ws/build/controller
[1.391s] Invoked command in '/home/tahnt/mech_devel/f1t_mech_ws/build/controller' returned '0': CMAKE_PREFIX_PATH=${CMAKE_PREFIX_PATH}:/opt/ros/galactic /usr/bin/cmake /home/tahnt/mech_devel/f1t_mech_ws/src/controller -DCMAKE_INSTALL_PREFIX=/home/tahnt/mech_devel/f1t_mech_ws/install/controller
[1.394s] Invoking command in '/home/tahnt/mech_devel/f1t_mech_ws/build/controller': CMAKE_PREFIX_PATH=${CMAKE_PREFIX_PATH}:/opt/ros/galactic /usr/bin/cmake --build /home/tahnt/mech_devel/f1t_mech_ws/build/controller -- -j4 -l4
[1.437s] [35m[1mScanning dependencies of target controller[0m
[1.451s] [ 50%] [32mBuilding CXX object CMakeFiles/controller.dir/src/controller.cpp.o[0m
[1.496s] In file included from [01m[K/home/tahnt/mech_devel/f1t_mech_ws/src/controller/src/controller.cpp:1[m[K:
[1.496s] [01m[K/home/tahnt/mech_devel/f1t_mech_ws/src/controller/src/controller.h:4:10:[m[K [01;31m[Kfatal error: [m[Krclcpp/rclpp.hpp: No such file or directory
[1.496s]     4 | #include [01;31m[K"rclcpp/rclpp.hpp"[m[K
[1.496s]       |          [01;31m[K^~~~~~~~~~~~~~~~~~[m[K
[1.496s] compilation terminated.
[1.498s] make[2]: *** [CMakeFiles/controller.dir/build.make:63: CMakeFiles/controller.dir/src/controller.cpp.o] Error 1
[1.498s] make[1]: *** [CMakeFiles/Makefile2:78: CMakeFiles/controller.dir/all] Error 2
[1.500s] make: *** [Makefile:141: all] Error 2
[1.501s] Invoked command in '/home/tahnt/mech_devel/f1t_mech_ws/build/controller' returned '2': CMAKE_PREFIX_PATH=${CMAKE_PREFIX_PATH}:/opt/ros/galactic /usr/bin/cmake --build /home/tahnt/mech_devel/f1t_mech_ws/build/controller -- -j4 -l4
