[0.014s] Invoking command in '/home/tahnt/mech_devel/f1t_mech_ws/build/img_proc': CMAKE_PREFIX_PATH=/opt/ros/galactic /usr/bin/cmake --build /home/tahnt/mech_devel/f1t_mech_ws/build/img_proc -- -j4 -l4
[0.068s] [35m[1mScanning dependencies of target img_proc_node[0m
[0.079s] [  2%] Built target img_proc__cpp
[0.091s] [  4%] [34m[1mGenerating C++ type support dispatch for ROS interfaces[0m
[0.092s] [ 14%] Built target img_proc__rosidl_generator_c
[0.106s] [ 17%] [34m[1mGenerating C++ type support for eProsima Fast-RTPS[0m
[0.129s] [ 19%] [32mBuilding CXX object CMakeFiles/img_proc_node.dir/src/img_proc_node.cpp.o[0m
[0.140s] [ 21%] [34m[1mGenerating C++ introspection for ROS interfaces[0m
[0.294s] [35m[1mScanning dependencies of target img_proc__rosidl_typesupport_cpp[0m
[0.313s] [ 24%] [32mBuilding CXX object CMakeFiles/img_proc__rosidl_typesupport_cpp.dir/rosidl_typesupport_cpp/img_proc/msg/lat_err__type_support.cpp.o[0m
[0.364s] [35m[1mScanning dependencies of target img_proc__rosidl_typesupport_fastrtps_cpp[0m
[0.387s] [ 26%] [32mBuilding CXX object CMakeFiles/img_proc__rosidl_typesupport_fastrtps_cpp.dir/rosidl_typesupport_fastrtps_cpp/img_proc/msg/detail/dds_fastrtps/lat_err__type_support.cpp.o[0m
[0.439s] [35m[1mScanning dependencies of target img_proc__rosidl_typesupport_introspection_cpp[0m
[0.456s] [ 29%] [32mBuilding CXX object CMakeFiles/img_proc__rosidl_typesupport_introspection_cpp.dir/rosidl_typesupport_introspection_cpp/img_proc/msg/detail/lat_err__type_support.cpp.o[0m
[0.551s] [ 31%] [32mBuilding CXX object CMakeFiles/img_proc__rosidl_typesupport_cpp.dir/rosidl_typesupport_cpp/img_proc/msg/yaw_err__type_support.cpp.o[0m
[0.691s] [ 34%] [32mBuilding CXX object CMakeFiles/img_proc__rosidl_typesupport_introspection_cpp.dir/rosidl_typesupport_introspection_cpp/img_proc/msg/detail/yaw_err__type_support.cpp.o[0m
[0.703s] [ 36%] [32mBuilding CXX object CMakeFiles/img_proc__rosidl_typesupport_fastrtps_cpp.dir/rosidl_typesupport_fastrtps_cpp/img_proc/msg/detail/dds_fastrtps/yaw_err__type_support.cpp.o[0m
[0.791s] [ 39%] [32m[1mLinking CXX shared library libimg_proc__rosidl_typesupport_cpp.so[0m
[0.859s] [ 39%] Built target img_proc__rosidl_typesupport_cpp
[0.906s] [ 41%] [34m[1mGenerating C type support dispatch for ROS interfaces[0m
[1.037s] [ 43%] [32m[1mLinking CXX shared library libimg_proc__rosidl_typesupport_introspection_cpp.so[0m
[1.113s] [35m[1mScanning dependencies of target img_proc__rosidl_typesupport_c[0m
[1.127s] [ 46%] [32mBuilding CXX object CMakeFiles/img_proc__rosidl_typesupport_c.dir/rosidl_typesupport_c/img_proc/msg/lat_err__type_support.cpp.o[0m
[1.141s] [ 46%] Built target img_proc__rosidl_typesupport_introspection_cpp
[1.152s] [ 48%] [34m[1mGenerating C introspection for ROS interfaces[0m
[1.164s] [ 51%] [32mBuilding CXX object CMakeFiles/img_proc__rosidl_typesupport_c.dir/rosidl_typesupport_c/img_proc/msg/yaw_err__type_support.cpp.o[0m
[1.192s] [ 53%] [32m[1mLinking CXX shared library libimg_proc__rosidl_typesupport_fastrtps_cpp.so[0m
[1.194s] [ 56%] [32m[1mLinking CXX shared library libimg_proc__rosidl_typesupport_c.so[0m
[1.283s] [ 56%] Built target img_proc__rosidl_typesupport_c
[1.371s] [35m[1mScanning dependencies of target img_proc__rosidl_typesupport_introspection_c[0m
[1.371s] [ 56%] Built target img_proc__rosidl_typesupport_fastrtps_cpp
[1.387s] [ 58%] [34m[1mGenerating C type support for eProsima Fast-RTPS[0m
[1.392s] [ 60%] [32mBuilding C object CMakeFiles/img_proc__rosidl_typesupport_introspection_c.dir/rosidl_typesupport_introspection_c/img_proc/msg/detail/yaw_err__type_support.c.o[0m
[1.392s] [ 63%] [32mBuilding C object CMakeFiles/img_proc__rosidl_typesupport_introspection_c.dir/rosidl_typesupport_introspection_c/img_proc/msg/detail/lat_err__type_support.c.o[0m
[1.483s] [ 65%] [32m[1mLinking C shared library libimg_proc__rosidl_typesupport_introspection_c.so[0m
[1.520s] [ 65%] Built target img_proc__rosidl_typesupport_introspection_c
[1.629s] [35m[1mScanning dependencies of target img_proc__rosidl_typesupport_fastrtps_c[0m
[1.654s] [ 68%] [32mBuilding CXX object CMakeFiles/img_proc__rosidl_typesupport_fastrtps_c.dir/rosidl_typesupport_fastrtps_c/img_proc/msg/detail/lat_err__type_support_c.cpp.o[0m
[1.658s] [ 70%] [32mBuilding CXX object CMakeFiles/img_proc__rosidl_typesupport_fastrtps_c.dir/rosidl_typesupport_fastrtps_c/img_proc/msg/detail/yaw_err__type_support_c.cpp.o[0m
[2.106s] [ 73%] [32m[1mLinking CXX shared library libimg_proc__rosidl_typesupport_fastrtps_c.so[0m
[2.191s] [ 73%] Built target img_proc__rosidl_typesupport_fastrtps_c
[2.205s] [35m[1mScanning dependencies of target img_proc[0m
[2.218s] [ 73%] Built target img_proc
[2.231s] [35m[1mScanning dependencies of target img_proc__py[0m
[2.242s] [ 75%] [34m[1mGenerating Python code for ROS interfaces[0m
[2.688s] [ 75%] Built target img_proc__py
[2.702s] [35m[1mScanning dependencies of target img_proc__python[0m
[2.755s] [ 78%] [32mBuilding C object CMakeFiles/img_proc__python.dir/rosidl_generator_py/img_proc/msg/_lat_err_s.c.o[0m
[2.770s] [ 80%] [32mBuilding C object CMakeFiles/img_proc__python.dir/rosidl_generator_py/img_proc/msg/_yaw_err_s.c.o[0m
[2.863s] [ 82%] [32m[1mLinking C shared library rosidl_generator_py/img_proc/libimg_proc__python.so[0m
[2.910s] [ 82%] Built target img_proc__python
[2.924s] [35m[1mScanning dependencies of target img_proc__rosidl_typesupport_introspection_c__pyext[0m
[2.924s] [35m[1mScanning dependencies of target img_proc__rosidl_typesupport_fastrtps_c__pyext[0m
[2.942s] [35m[1mScanning dependencies of target img_proc__rosidl_typesupport_c__pyext[0m
[2.967s] [ 85%] [32mBuilding C object CMakeFiles/img_proc__rosidl_typesupport_fastrtps_c__pyext.dir/rosidl_generator_py/img_proc/_img_proc_s.ep.rosidl_typesupport_fastrtps_c.c.o[0m
[2.984s] [ 87%] [32mBuilding C object CMakeFiles/img_proc__rosidl_typesupport_introspection_c__pyext.dir/rosidl_generator_py/img_proc/_img_proc_s.ep.rosidl_typesupport_introspection_c.c.o[0m
[3.005s] [ 90%] [32mBuilding C object CMakeFiles/img_proc__rosidl_typesupport_c__pyext.dir/rosidl_generator_py/img_proc/_img_proc_s.ep.rosidl_typesupport_c.c.o[0m
[3.141s] [ 92%] [32m[1mLinking C shared library rosidl_generator_py/img_proc/img_proc_s__rosidl_typesupport_c.cpython-38-x86_64-linux-gnu.so[0m
[3.153s] [ 95%] [32m[1mLinking CXX shared library rosidl_generator_py/img_proc/img_proc_s__rosidl_typesupport_fastrtps_c.cpython-38-x86_64-linux-gnu.so[0m
[3.182s] [ 95%] Built target img_proc__rosidl_typesupport_c__pyext
[3.190s] [ 97%] [32m[1mLinking C shared library rosidl_generator_py/img_proc/img_proc_s__rosidl_typesupport_introspection_c.cpython-38-x86_64-linux-gnu.so[0m
[3.226s] In file included from [01m[K/home/tahnt/mech_devel/f1t_mech_ws/src/img_proc/src/img_proc_node.cpp:1[m[K:
[3.226s] [01m[K/home/tahnt/mech_devel/f1t_mech_ws/src/img_proc/src/img_proc_node.h:58:5:[m[K [01;31m[Kerror: [m[K‘[01m[Krclcpp[m[K’ in namespace ‘[01m[Kstd_msgs::msg[m[K’ does not name a type
[3.226s]    58 |     [01;31m[Krclcpp[m[K::Subscription<sensor_msgs::msg::Image>::SharedPtr subscription_;
[3.226s]       |     [01;31m[K^~~~~~[m[K
[3.232s] [01m[K/home/tahnt/mech_devel/f1t_mech_ws/src/img_proc/src/img_proc_node.h:[m[K In constructor ‘[01m[KImageProcessor::ImageProcessor()[m[K’:
[3.232s] [01m[K/home/tahnt/mech_devel/f1t_mech_ws/src/img_proc/src/img_proc_node.h:24:3:[m[K [01;31m[Kerror: [m[K‘[01m[Ksubscription_[m[K’ was not declared in this scope; did you mean ‘[01m[Krcl_subscription_t[m[K’?
[3.232s]    24 |   [01;31m[Ksubscription_[m[K = this->create_subscription<sensor_msgs::msg::Image>(
[3.232s]       |   [01;31m[K^~~~~~~~~~~~~[m[K
[3.232s]       |   [32m[Krcl_subscription_t[m[K
[3.249s] [ 97%] Built target img_proc__rosidl_typesupport_fastrtps_c__pyext
[3.271s] [ 97%] Built target img_proc__rosidl_typesupport_introspection_c__pyext
[5.880s] make[2]: *** [CMakeFiles/img_proc_node.dir/build.make:63: CMakeFiles/img_proc_node.dir/src/img_proc_node.cpp.o] Error 1
[5.881s] make[1]: *** [CMakeFiles/Makefile2:123: CMakeFiles/img_proc_node.dir/all] Error 2
[5.881s] make: *** [Makefile:141: all] Error 2
[5.885s] Invoked command in '/home/tahnt/mech_devel/f1t_mech_ws/build/img_proc' returned '2': CMAKE_PREFIX_PATH=/opt/ros/galactic /usr/bin/cmake --build /home/tahnt/mech_devel/f1t_mech_ws/build/img_proc -- -j4 -l4
