[0.132s] DEBUG:colcon:Command line arguments: ['/usr/bin/colcon', 'build', '--packages-select', 'mech_msg']
[0.132s] DEBUG:colcon:Parsed command line arguments: Namespace(allow_overriding=[], ament_cmake_args=None, base_paths=['.'], build_base='build', catkin_cmake_args=None, catkin_skip_building_tests=False, cmake_args=None, cmake_clean_cache=False, cmake_clean_first=False, cmake_force_configure=False, cmake_target=None, cmake_target_skip_unavailable=False, continue_on_error=False, event_handlers=None, executor='parallel', ignore_user_meta=False, install_base='install', log_base=None, log_level=None, main=<bound method BuildVerb.main of <colcon_core.verb.build.BuildVerb object at 0x7fd306388490>>, merge_install=False, metas=['./colcon.meta'], packages_above=None, packages_above_and_dependencies=None, packages_above_depth=None, packages_end=None, packages_ignore=None, packages_ignore_regex=None, packages_select=['mech_msg'], packages_select_build_failed=False, packages_select_by_dep=None, packages_select_regex=None, packages_select_test_failures=False, packages_skip=None, packages_skip_build_finished=False, packages_skip_by_dep=None, packages_skip_regex=None, packages_skip_test_passed=False, packages_skip_up_to=None, packages_start=None, packages_up_to=None, packages_up_to_regex=None, parallel_workers=4, paths=None, symlink_install=False, test_result_base=None, verb_extension=<colcon_core.verb.build.BuildVerb object at 0x7fd306388490>, verb_name='build', verb_parser=<colcon_defaults.argument_parser.defaults.DefaultArgumentsDecorator object at 0x7fd306254250>)
[0.239s] Level 1:colcon.colcon_core.package_discovery:discover_packages(colcon_meta) check parameters
[0.239s] Level 1:colcon.colcon_core.package_discovery:discover_packages(recursive) check parameters
[0.239s] Level 1:colcon.colcon_core.package_discovery:discover_packages(ignore) check parameters
[0.239s] Level 1:colcon.colcon_core.package_discovery:discover_packages(path) check parameters
[0.239s] Level 1:colcon.colcon_core.package_discovery:discover_packages(colcon_meta) discover
[0.239s] Level 1:colcon.colcon_core.package_discovery:discover_packages(recursive) discover
[0.239s] INFO:colcon.colcon_core.package_discovery:Crawling recursively for packages in '/home/tahnt/mech_devel/f1t_mech_ws'
[0.239s] Level 1:colcon.colcon_core.package_identification:_identify(.) by extensions ['ignore', 'ignore_ament_install']
[0.239s] Level 1:colcon.colcon_core.package_identification:_identify(.) by extension 'ignore'
[0.240s] Level 1:colcon.colcon_core.package_identification:_identify(.) by extension 'ignore_ament_install'
[0.240s] Level 1:colcon.colcon_core.package_identification:_identify(.) by extensions ['colcon_pkg']
[0.240s] Level 1:colcon.colcon_core.package_identification:_identify(.) by extension 'colcon_pkg'
[0.240s] Level 1:colcon.colcon_core.package_identification:_identify(.) by extensions ['colcon_meta']
[0.240s] Level 1:colcon.colcon_core.package_identification:_identify(.) by extension 'colcon_meta'
[0.240s] Level 1:colcon.colcon_core.package_identification:_identify(.) by extensions ['ros']
[0.240s] Level 1:colcon.colcon_core.package_identification:_identify(.) by extension 'ros'
[0.248s] Level 1:colcon.colcon_core.package_identification:_identify(.) by extensions ['cmake', 'python']
[0.248s] Level 1:colcon.colcon_core.package_identification:_identify(.) by extension 'cmake'
[0.248s] Level 1:colcon.colcon_core.package_identification:_identify(.) by extension 'python'
[0.248s] Level 1:colcon.colcon_core.package_identification:_identify(.) by extensions ['python_setup_py']
[0.248s] Level 1:colcon.colcon_core.package_identification:_identify(.) by extension 'python_setup_py'
[0.248s] Level 1:colcon.colcon_core.package_identification:_identify(build) by extensions ['ignore', 'ignore_ament_install']
[0.248s] Level 1:colcon.colcon_core.package_identification:_identify(build) by extension 'ignore'
[0.248s] Level 1:colcon.colcon_core.package_identification:_identify(build) ignored
[0.248s] Level 1:colcon.colcon_core.package_identification:_identify(install) by extensions ['ignore', 'ignore_ament_install']
[0.248s] Level 1:colcon.colcon_core.package_identification:_identify(install) by extension 'ignore'
[0.248s] Level 1:colcon.colcon_core.package_identification:_identify(install) ignored
[0.249s] Level 1:colcon.colcon_core.package_identification:_identify(log) by extensions ['ignore', 'ignore_ament_install']
[0.249s] Level 1:colcon.colcon_core.package_identification:_identify(log) by extension 'ignore'
[0.249s] Level 1:colcon.colcon_core.package_identification:_identify(log) ignored
[0.249s] Level 1:colcon.colcon_core.package_identification:_identify(src) by extensions ['ignore', 'ignore_ament_install']
[0.249s] Level 1:colcon.colcon_core.package_identification:_identify(src) by extension 'ignore'
[0.249s] Level 1:colcon.colcon_core.package_identification:_identify(src) by extension 'ignore_ament_install'
[0.249s] Level 1:colcon.colcon_core.package_identification:_identify(src) by extensions ['colcon_pkg']
[0.249s] Level 1:colcon.colcon_core.package_identification:_identify(src) by extension 'colcon_pkg'
[0.249s] Level 1:colcon.colcon_core.package_identification:_identify(src) by extensions ['colcon_meta']
[0.249s] Level 1:colcon.colcon_core.package_identification:_identify(src) by extension 'colcon_meta'
[0.249s] Level 1:colcon.colcon_core.package_identification:_identify(src) by extensions ['ros']
[0.249s] Level 1:colcon.colcon_core.package_identification:_identify(src) by extension 'ros'
[0.249s] Level 1:colcon.colcon_core.package_identification:_identify(src) by extensions ['cmake', 'python']
[0.249s] Level 1:colcon.colcon_core.package_identification:_identify(src) by extension 'cmake'
[0.249s] Level 1:colcon.colcon_core.package_identification:_identify(src) by extension 'python'
[0.249s] Level 1:colcon.colcon_core.package_identification:_identify(src) by extensions ['python_setup_py']
[0.249s] Level 1:colcon.colcon_core.package_identification:_identify(src) by extension 'python_setup_py'
[0.249s] Level 1:colcon.colcon_core.package_identification:_identify(src/img_proc) by extensions ['ignore', 'ignore_ament_install']
[0.249s] Level 1:colcon.colcon_core.package_identification:_identify(src/img_proc) by extension 'ignore'
[0.249s] Level 1:colcon.colcon_core.package_identification:_identify(src/img_proc) by extension 'ignore_ament_install'
[0.249s] Level 1:colcon.colcon_core.package_identification:_identify(src/img_proc) by extensions ['colcon_pkg']
[0.249s] Level 1:colcon.colcon_core.package_identification:_identify(src/img_proc) by extension 'colcon_pkg'
[0.249s] Level 1:colcon.colcon_core.package_identification:_identify(src/img_proc) by extensions ['colcon_meta']
[0.249s] Level 1:colcon.colcon_core.package_identification:_identify(src/img_proc) by extension 'colcon_meta'
[0.249s] Level 1:colcon.colcon_core.package_identification:_identify(src/img_proc) by extensions ['ros']
[0.249s] Level 1:colcon.colcon_core.package_identification:_identify(src/img_proc) by extension 'ros'
[0.252s] DEBUG:colcon.colcon_core.package_identification:Package 'src/img_proc' with type 'ros.ament_cmake' and name 'img_proc'
[0.252s] Level 1:colcon.colcon_core.package_identification:_identify(src/mech_msg) by extensions ['ignore', 'ignore_ament_install']
[0.252s] Level 1:colcon.colcon_core.package_identification:_identify(src/mech_msg) by extension 'ignore'
[0.252s] Level 1:colcon.colcon_core.package_identification:_identify(src/mech_msg) by extension 'ignore_ament_install'
[0.252s] Level 1:colcon.colcon_core.package_identification:_identify(src/mech_msg) by extensions ['colcon_pkg']
[0.252s] Level 1:colcon.colcon_core.package_identification:_identify(src/mech_msg) by extension 'colcon_pkg'
[0.252s] Level 1:colcon.colcon_core.package_identification:_identify(src/mech_msg) by extensions ['colcon_meta']
[0.252s] Level 1:colcon.colcon_core.package_identification:_identify(src/mech_msg) by extension 'colcon_meta'
[0.252s] Level 1:colcon.colcon_core.package_identification:_identify(src/mech_msg) by extensions ['ros']
[0.252s] Level 1:colcon.colcon_core.package_identification:_identify(src/mech_msg) by extension 'ros'
[0.253s] DEBUG:colcon.colcon_core.package_identification:Package 'src/mech_msg' with type 'ros.ament_cmake' and name 'mech_msg'
[0.253s] Level 1:colcon.colcon_core.package_discovery:discover_packages(recursive) using defaults
[0.253s] Level 1:colcon.colcon_core.package_discovery:discover_packages(ignore) discover
[0.253s] Level 1:colcon.colcon_core.package_discovery:discover_packages(ignore) using defaults
[0.253s] Level 1:colcon.colcon_core.package_discovery:discover_packages(path) discover
[0.253s] Level 1:colcon.colcon_core.package_discovery:discover_packages(path) using defaults
[0.264s] INFO:colcon.colcon_core.package_selection:Skipping not selected package 'img_proc' in 'src/img_proc'
[0.265s] Level 1:colcon.colcon_core.package_discovery:discover_packages(prefix_path) check parameters
[0.265s] Level 1:colcon.colcon_core.package_discovery:discover_packages(prefix_path) discover
[0.266s] DEBUG:colcon.colcon_installed_package_information.package_discovery:Found 3 installed packages in /home/tahnt/mech_devel/f1t_mech_ws/install
[0.266s] DEBUG:colcon.colcon_installed_package_information.package_discovery:Found 2 installed packages in /home/tahnt/ros_sandbox/ros2_ws/install
[0.267s] DEBUG:colcon.colcon_installed_package_information.package_discovery:Found 268 installed packages in /opt/ros/galactic
[0.269s] Level 1:colcon.colcon_core.package_discovery:discover_packages(prefix_path) using defaults
[0.321s] Level 5:colcon.colcon_core.verb:set package 'mech_msg' build argument 'cmake_args' from command line to 'None'
[0.321s] Level 5:colcon.colcon_core.verb:set package 'mech_msg' build argument 'cmake_target' from command line to 'None'
[0.321s] Level 5:colcon.colcon_core.verb:set package 'mech_msg' build argument 'cmake_target_skip_unavailable' from command line to 'False'
[0.321s] Level 5:colcon.colcon_core.verb:set package 'mech_msg' build argument 'cmake_clean_cache' from command line to 'False'
[0.321s] Level 5:colcon.colcon_core.verb:set package 'mech_msg' build argument 'cmake_clean_first' from command line to 'False'
[0.321s] Level 5:colcon.colcon_core.verb:set package 'mech_msg' build argument 'cmake_force_configure' from command line to 'False'
[0.321s] Level 5:colcon.colcon_core.verb:set package 'mech_msg' build argument 'ament_cmake_args' from command line to 'None'
[0.321s] Level 5:colcon.colcon_core.verb:set package 'mech_msg' build argument 'catkin_cmake_args' from command line to 'None'
[0.321s] Level 5:colcon.colcon_core.verb:set package 'mech_msg' build argument 'catkin_skip_building_tests' from command line to 'False'
[0.321s] DEBUG:colcon.colcon_core.verb:Building package 'mech_msg' with the following arguments: {'ament_cmake_args': None, 'build_base': '/home/tahnt/mech_devel/f1t_mech_ws/build/mech_msg', 'catkin_cmake_args': None, 'catkin_skip_building_tests': False, 'cmake_args': None, 'cmake_clean_cache': False, 'cmake_clean_first': False, 'cmake_force_configure': False, 'cmake_target': None, 'cmake_target_skip_unavailable': False, 'install_base': '/home/tahnt/mech_devel/f1t_mech_ws/install/mech_msg', 'merge_install': False, 'path': '/home/tahnt/mech_devel/f1t_mech_ws/src/mech_msg', 'symlink_install': False, 'test_result_base': None}
[0.321s] INFO:colcon.colcon_core.executor:Executing jobs using 'parallel' executor
[0.322s] DEBUG:colcon.colcon_parallel_executor.executor.parallel:run_until_complete
[0.322s] INFO:colcon.colcon_ros.task.ament_cmake.build:Building ROS package in '/home/tahnt/mech_devel/f1t_mech_ws/src/mech_msg' with build type 'ament_cmake'
[0.322s] INFO:colcon.colcon_cmake.task.cmake.build:Building CMake package in '/home/tahnt/mech_devel/f1t_mech_ws/src/mech_msg'
[0.324s] INFO:colcon.colcon_core.plugin_system:Skipping extension 'colcon_core.shell.bat': Not used on non-Windows systems
[0.325s] INFO:colcon.colcon_core.shell:Skip shell extension 'powershell' for command environment: Not usable outside of PowerShell
[0.325s] DEBUG:colcon.colcon_core.shell:Skip shell extension 'dsv' for command environment
[0.336s] DEBUG:colcon.colcon_core.event_handler.log_command:Invoking command in '/home/tahnt/mech_devel/f1t_mech_ws/build/mech_msg': CMAKE_PREFIX_PATH=${CMAKE_PREFIX_PATH}:/opt/ros/galactic /usr/bin/cmake --build /home/tahnt/mech_devel/f1t_mech_ws/build/mech_msg -- -j4 -l4
[3.477s] DEBUG:colcon.colcon_core.event_handler.log_command:Invoked command in '/home/tahnt/mech_devel/f1t_mech_ws/build/mech_msg' returned '0': CMAKE_PREFIX_PATH=${CMAKE_PREFIX_PATH}:/opt/ros/galactic /usr/bin/cmake --build /home/tahnt/mech_devel/f1t_mech_ws/build/mech_msg -- -j4 -l4
[3.618s] DEBUG:colcon.colcon_core.event_handler.log_command:Invoking command in '/home/tahnt/mech_devel/f1t_mech_ws/build/mech_msg': CMAKE_PREFIX_PATH=${CMAKE_PREFIX_PATH}:/opt/ros/galactic /usr/bin/cmake --install /home/tahnt/mech_devel/f1t_mech_ws/build/mech_msg
[3.696s] Level 1:colcon.colcon_core.environment:create_environment_scripts_only(mech_msg)
[3.697s] DEBUG:colcon.colcon_core.event_handler.log_command:Invoked command in '/home/tahnt/mech_devel/f1t_mech_ws/build/mech_msg' returned '0': CMAKE_PREFIX_PATH=${CMAKE_PREFIX_PATH}:/opt/ros/galactic /usr/bin/cmake --install /home/tahnt/mech_devel/f1t_mech_ws/build/mech_msg
[3.699s] Level 1:colcon.colcon_core.environment:checking '/home/tahnt/mech_devel/f1t_mech_ws/install/mech_msg' for CMake module files
[3.699s] Level 1:colcon.colcon_core.environment:checking '/home/tahnt/mech_devel/f1t_mech_ws/install/mech_msg' for CMake config files
[3.700s] Level 1:colcon.colcon_core.shell:create_environment_hook('mech_msg', 'cmake_prefix_path')
[3.700s] INFO:colcon.colcon_core.shell:Creating environment hook '/home/tahnt/mech_devel/f1t_mech_ws/install/mech_msg/share/mech_msg/hook/cmake_prefix_path.ps1'
[3.701s] INFO:colcon.colcon_core.shell:Creating environment descriptor '/home/tahnt/mech_devel/f1t_mech_ws/install/mech_msg/share/mech_msg/hook/cmake_prefix_path.dsv'
[3.701s] INFO:colcon.colcon_core.shell:Creating environment hook '/home/tahnt/mech_devel/f1t_mech_ws/install/mech_msg/share/mech_msg/hook/cmake_prefix_path.sh'
[3.702s] Level 1:colcon.colcon_core.environment:checking '/home/tahnt/mech_devel/f1t_mech_ws/install/mech_msg/lib'
[3.702s] Level 1:colcon.colcon_core.shell:create_environment_hook('mech_msg', 'ld_library_path_lib')
[3.702s] INFO:colcon.colcon_core.shell:Creating environment hook '/home/tahnt/mech_devel/f1t_mech_ws/install/mech_msg/share/mech_msg/hook/ld_library_path_lib.ps1'
[3.706s] INFO:colcon.colcon_core.shell:Creating environment descriptor '/home/tahnt/mech_devel/f1t_mech_ws/install/mech_msg/share/mech_msg/hook/ld_library_path_lib.dsv'
[3.707s] INFO:colcon.colcon_core.shell:Creating environment hook '/home/tahnt/mech_devel/f1t_mech_ws/install/mech_msg/share/mech_msg/hook/ld_library_path_lib.sh'
[3.707s] Level 1:colcon.colcon_core.environment:checking '/home/tahnt/mech_devel/f1t_mech_ws/install/mech_msg/bin'
[3.707s] Level 1:colcon.colcon_core.environment:checking '/home/tahnt/mech_devel/f1t_mech_ws/install/mech_msg/lib/pkgconfig/mech_msg.pc'
[3.707s] Level 1:colcon.colcon_core.environment:checking '/home/tahnt/mech_devel/f1t_mech_ws/install/mech_msg/lib/python3.8/site-packages'
[3.708s] Level 1:colcon.colcon_core.shell:create_environment_hook('mech_msg', 'pythonpath')
[3.708s] INFO:colcon.colcon_core.shell:Creating environment hook '/home/tahnt/mech_devel/f1t_mech_ws/install/mech_msg/share/mech_msg/hook/pythonpath.ps1'
[3.708s] INFO:colcon.colcon_core.shell:Creating environment descriptor '/home/tahnt/mech_devel/f1t_mech_ws/install/mech_msg/share/mech_msg/hook/pythonpath.dsv'
[3.708s] INFO:colcon.colcon_core.shell:Creating environment hook '/home/tahnt/mech_devel/f1t_mech_ws/install/mech_msg/share/mech_msg/hook/pythonpath.sh'
[3.709s] Level 1:colcon.colcon_core.environment:checking '/home/tahnt/mech_devel/f1t_mech_ws/install/mech_msg/bin'
[3.709s] INFO:colcon.colcon_core.shell:Creating package script '/home/tahnt/mech_devel/f1t_mech_ws/install/mech_msg/share/mech_msg/package.ps1'
[3.710s] INFO:colcon.colcon_core.shell:Creating package descriptor '/home/tahnt/mech_devel/f1t_mech_ws/install/mech_msg/share/mech_msg/package.dsv'
[3.710s] INFO:colcon.colcon_core.shell:Creating package script '/home/tahnt/mech_devel/f1t_mech_ws/install/mech_msg/share/mech_msg/package.sh'
[3.716s] INFO:colcon.colcon_core.shell:Creating package script '/home/tahnt/mech_devel/f1t_mech_ws/install/mech_msg/share/mech_msg/package.bash'
[3.716s] INFO:colcon.colcon_core.shell:Creating package script '/home/tahnt/mech_devel/f1t_mech_ws/install/mech_msg/share/mech_msg/package.zsh'
[3.717s] Level 1:colcon.colcon_core.environment:create_file_with_runtime_dependencies(/home/tahnt/mech_devel/f1t_mech_ws/install/mech_msg/share/colcon-core/packages/mech_msg)
[3.841s] Level 1:colcon.colcon_core.environment:create_environment_scripts_only(mech_msg)
[3.842s] Level 1:colcon.colcon_core.environment:checking '/home/tahnt/mech_devel/f1t_mech_ws/install/mech_msg' for CMake module files
[3.842s] Level 1:colcon.colcon_core.environment:checking '/home/tahnt/mech_devel/f1t_mech_ws/install/mech_msg' for CMake config files
[3.843s] Level 1:colcon.colcon_core.shell:create_environment_hook('mech_msg', 'cmake_prefix_path')
[3.843s] INFO:colcon.colcon_core.shell:Creating environment hook '/home/tahnt/mech_devel/f1t_mech_ws/install/mech_msg/share/mech_msg/hook/cmake_prefix_path.ps1'
[3.844s] INFO:colcon.colcon_core.shell:Creating environment descriptor '/home/tahnt/mech_devel/f1t_mech_ws/install/mech_msg/share/mech_msg/hook/cmake_prefix_path.dsv'
[3.845s] INFO:colcon.colcon_core.shell:Creating environment hook '/home/tahnt/mech_devel/f1t_mech_ws/install/mech_msg/share/mech_msg/hook/cmake_prefix_path.sh'
[3.845s] Level 1:colcon.colcon_core.environment:checking '/home/tahnt/mech_devel/f1t_mech_ws/install/mech_msg/lib'
[3.845s] Level 1:colcon.colcon_core.shell:create_environment_hook('mech_msg', 'ld_library_path_lib')
[3.846s] INFO:colcon.colcon_core.shell:Creating environment hook '/home/tahnt/mech_devel/f1t_mech_ws/install/mech_msg/share/mech_msg/hook/ld_library_path_lib.ps1'
[3.846s] INFO:colcon.colcon_core.shell:Creating environment descriptor '/home/tahnt/mech_devel/f1t_mech_ws/install/mech_msg/share/mech_msg/hook/ld_library_path_lib.dsv'
[3.846s] INFO:colcon.colcon_core.shell:Creating environment hook '/home/tahnt/mech_devel/f1t_mech_ws/install/mech_msg/share/mech_msg/hook/ld_library_path_lib.sh'
[3.847s] Level 1:colcon.colcon_core.environment:checking '/home/tahnt/mech_devel/f1t_mech_ws/install/mech_msg/bin'
[3.847s] Level 1:colcon.colcon_core.environment:checking '/home/tahnt/mech_devel/f1t_mech_ws/install/mech_msg/lib/pkgconfig/mech_msg.pc'
[3.847s] Level 1:colcon.colcon_core.environment:checking '/home/tahnt/mech_devel/f1t_mech_ws/install/mech_msg/lib/python3.8/site-packages'
[3.847s] Level 1:colcon.colcon_core.shell:create_environment_hook('mech_msg', 'pythonpath')
[3.848s] INFO:colcon.colcon_core.shell:Creating environment hook '/home/tahnt/mech_devel/f1t_mech_ws/install/mech_msg/share/mech_msg/hook/pythonpath.ps1'
[3.848s] INFO:colcon.colcon_core.shell:Creating environment descriptor '/home/tahnt/mech_devel/f1t_mech_ws/install/mech_msg/share/mech_msg/hook/pythonpath.dsv'
[3.848s] INFO:colcon.colcon_core.shell:Creating environment hook '/home/tahnt/mech_devel/f1t_mech_ws/install/mech_msg/share/mech_msg/hook/pythonpath.sh'
[3.849s] Level 1:colcon.colcon_core.environment:checking '/home/tahnt/mech_devel/f1t_mech_ws/install/mech_msg/bin'
[3.849s] INFO:colcon.colcon_core.shell:Creating package script '/home/tahnt/mech_devel/f1t_mech_ws/install/mech_msg/share/mech_msg/package.ps1'
[3.850s] INFO:colcon.colcon_core.shell:Creating package descriptor '/home/tahnt/mech_devel/f1t_mech_ws/install/mech_msg/share/mech_msg/package.dsv'
[3.850s] INFO:colcon.colcon_core.shell:Creating package script '/home/tahnt/mech_devel/f1t_mech_ws/install/mech_msg/share/mech_msg/package.sh'
[3.851s] INFO:colcon.colcon_core.shell:Creating package script '/home/tahnt/mech_devel/f1t_mech_ws/install/mech_msg/share/mech_msg/package.bash'
[3.851s] INFO:colcon.colcon_core.shell:Creating package script '/home/tahnt/mech_devel/f1t_mech_ws/install/mech_msg/share/mech_msg/package.zsh'
[3.852s] Level 1:colcon.colcon_core.environment:create_file_with_runtime_dependencies(/home/tahnt/mech_devel/f1t_mech_ws/install/mech_msg/share/colcon-core/packages/mech_msg)
[3.852s] DEBUG:colcon.colcon_parallel_executor.executor.parallel:closing loop
[3.853s] DEBUG:colcon.colcon_parallel_executor.executor.parallel:loop closed
[3.853s] DEBUG:colcon.colcon_parallel_executor.executor.parallel:run_until_complete finished with '0'
[3.854s] DEBUG:colcon.colcon_core.event_reactor:joining thread
[3.859s] INFO:colcon.colcon_core.plugin_system:Skipping extension 'colcon_notification.desktop_notification.terminal_notifier': Not used on non-Darwin systems
[3.859s] INFO:colcon.colcon_core.plugin_system:Skipping extension 'colcon_notification.desktop_notification.win32': Not used on non-Windows systems
[3.859s] INFO:colcon.colcon_notification.desktop_notification:Sending desktop notification using 'notify2'
[3.878s] DEBUG:colcon.colcon_core.event_reactor:joined thread
[3.879s] INFO:colcon.colcon_core.shell:Creating prefix script '/home/tahnt/mech_devel/f1t_mech_ws/install/local_setup.ps1'
[3.880s] INFO:colcon.colcon_core.shell:Creating prefix util module '/home/tahnt/mech_devel/f1t_mech_ws/install/_local_setup_util_ps1.py'
[3.883s] INFO:colcon.colcon_core.shell:Creating prefix chain script '/home/tahnt/mech_devel/f1t_mech_ws/install/setup.ps1'
[3.884s] INFO:colcon.colcon_core.shell:Creating prefix script '/home/tahnt/mech_devel/f1t_mech_ws/install/local_setup.sh'
[3.886s] INFO:colcon.colcon_core.shell:Creating prefix util module '/home/tahnt/mech_devel/f1t_mech_ws/install/_local_setup_util_sh.py'
[3.887s] INFO:colcon.colcon_core.shell:Creating prefix chain script '/home/tahnt/mech_devel/f1t_mech_ws/install/setup.sh'
[3.888s] INFO:colcon.colcon_core.shell:Creating prefix script '/home/tahnt/mech_devel/f1t_mech_ws/install/local_setup.bash'
[3.889s] INFO:colcon.colcon_core.shell:Creating prefix chain script '/home/tahnt/mech_devel/f1t_mech_ws/install/setup.bash'
[3.890s] INFO:colcon.colcon_core.shell:Creating prefix script '/home/tahnt/mech_devel/f1t_mech_ws/install/local_setup.zsh'
[3.890s] INFO:colcon.colcon_core.shell:Creating prefix chain script '/home/tahnt/mech_devel/f1t_mech_ws/install/setup.zsh'
