[35m[1mScanning dependencies of target img_proc_node[0m
[ 50%] [32mBuilding CXX object CMakeFiles/img_proc_node.dir/src/img_proc_node.cpp.o[0m
[01m[K/home/f1t/mech_devel/f1t_mech_ws/src/img_proc/src/img_proc_node.cpp:[m[K In member function ‘[01m[Kvoid ImageProcessor::parseParameters()[m[K’:
[01m[K/home/f1t/mech_devel/f1t_mech_ws/src/img_proc/src/img_proc_node.cpp:9:51:[m[K [01;31m[Kerror: [m[Kno matching function for call to ‘[01m[KImageProcessor::declare_parameters<float>(const char [13])[m[K’
    9 |     this->declare_parameters<float>("height_scale"[01;31m[K)[m[K;
      |                                                   [01;31m[K^[m[K
In file included from [01m[K/opt/ros/galactic/include/rclcpp/node.hpp:1329[m[K,
                 from [01m[K/opt/ros/galactic/include/rclcpp/executors/single_threaded_executor.hpp:28[m[K,
                 from [01m[K/opt/ros/galactic/include/rclcpp/executors.hpp:22[m[K,
                 from [01m[K/opt/ros/galactic/include/rclcpp/rclcpp.hpp:156[m[K,
                 from [01m[K/home/f1t/mech_devel/f1t_mech_ws/src/img_proc/src/img_proc_node.h:1[m[K,
                 from [01m[K/home/f1t/mech_devel/f1t_mech_ws/src/img_proc/src/img_proc_node.cpp:1[m[K:
[01m[K/opt/ros/galactic/include/rclcpp/node_impl.hpp:234:1:[m[K [01;36m[Knote: [m[Kcandidate: ‘[01m[Kstd::vector<BufferT> rclcpp::Node::declare_parameters(const string&, const std::map<std::__cxx11::basic_string<char>, ParameterT>&, bool) [with ParameterT = float; std::string = std::__cxx11::basic_string<char>][m[K’
  234 | [01;36m[KNode[m[K::declare_parameters(
      | [01;36m[K^~~~[m[K
[01m[K/opt/ros/galactic/include/rclcpp/node_impl.hpp:234:1:[m[K [01;36m[Knote: [m[K  candidate expects 3 arguments, 1 provided
[01m[K/opt/ros/galactic/include/rclcpp/node_impl.hpp:256:1:[m[K [01;36m[Knote: [m[Kcandidate: ‘[01m[Kstd::vector<BufferT> rclcpp::Node::declare_parameters(const string&, const std::map<std::__cxx11::basic_string<char>, std::pair<ParameterT, rcl_interfaces::msg::ParameterDescriptor_<std::allocator<void> > > >&, bool) [with ParameterT = float; std::string = std::__cxx11::basic_string<char>][m[K’
  256 | [01;36m[KNode[m[K::declare_parameters(
      | [01;36m[K^~~~[m[K
[01m[K/opt/ros/galactic/include/rclcpp/node_impl.hpp:256:1:[m[K [01;36m[Knote: [m[K  candidate expects 3 arguments, 1 provided
make[2]: *** [CMakeFiles/img_proc_node.dir/build.make:63: CMakeFiles/img_proc_node.dir/src/img_proc_node.cpp.o] Error 1
make[1]: *** [CMakeFiles/Makefile2:78: CMakeFiles/img_proc_node.dir/all] Error 2
make: *** [Makefile:141: all] Error 2
