In file included from [01m[K/opt/ros/galactic/include/rclcpp/client.hpp:40[m[K,
                 from [01m[K/opt/ros/galactic/include/rclcpp/callback_group.hpp:23[m[K,
                 from [01m[K/opt/ros/galactic/include/rclcpp/any_executable.hpp:20[m[K,
                 from [01m[K/opt/ros/galactic/include/rclcpp/memory_strategy.hpp:25[m[K,
                 from [01m[K/opt/ros/galactic/include/rclcpp/memory_strategies.hpp:18[m[K,
                 from [01m[K/opt/ros/galactic/include/rclcpp/executor_options.hpp:20[m[K,
                 from [01m[K/opt/ros/galactic/include/rclcpp/executor.hpp:36[m[K,
                 from [01m[K/opt/ros/galactic/include/rclcpp/executors/multi_threaded_executor.hpp:26[m[K,
                 from [01m[K/opt/ros/galactic/include/rclcpp/executors.hpp:21[m[K,
                 from [01m[K/opt/ros/galactic/include/rclcpp/rclcpp.hpp:156[m[K,
                 from [01m[K/home/tahnt/mech_devel/f1t_mech_ws/src/img_proc/src/img_proc_node.h:4[m[K,
                 from [01m[K/home/tahnt/mech_devel/f1t_mech_ws/src/img_proc/src/img_proc_node.cpp:1[m[K:
[01m[K/home/tahnt/mech_devel/f1t_mech_ws/src/img_proc/src/img_proc_node.cpp:[m[K In member function ‘[01m[Kvoid ImageProcessor::processImage(sensor_msgs::msg::Image_<std::allocator<void> >::SharedPtr)[m[K’:
[01m[K/home/tahnt/mech_devel/f1t_mech_ws/src/img_proc/src/img_proc_node.cpp:56:40:[m[K [01;31m[Kerror: [m[Kinvalid conversion from ‘[01m[Kint[m[K’ to ‘[01m[Kconst char*[m[K’ [[01;31m[K-fpermissive[m[K]
   56 |         RCLCPP_INFO(this->get_logger(),[01;31m[K'Yaw Error: %f'[m[K,yaw_err);
      |                                        [01;31m[K^~~~~~~~~~~~~~~[m[K
      |                                        [01;31m[K|[m[K
      |                                        [01;31m[Kint[m[K
In file included from [01m[K/opt/ros/galactic/include/rmw/types.h:28[m[K,
                 from [01m[K/opt/ros/galactic/include/rcl/types.h:20[m[K,
                 from [01m[K/opt/ros/galactic/include/rcl/log_level.h:22[m[K,
                 from [01m[K/opt/ros/galactic/include/rcl/arguments.h:21[m[K,
                 from [01m[K/opt/ros/galactic/include/rcl/context.h:28[m[K,
                 from [01m[K/opt/ros/galactic/include/rcl/guard_condition.h:26[m[K,
                 from [01m[K/opt/ros/galactic/include/rclcpp/executor.hpp:30[m[K,
                 from [01m[K/opt/ros/galactic/include/rclcpp/executors/multi_threaded_executor.hpp:26[m[K,
                 from [01m[K/opt/ros/galactic/include/rclcpp/executors.hpp:21[m[K,
                 from [01m[K/opt/ros/galactic/include/rclcpp/rclcpp.hpp:156[m[K,
                 from [01m[K/home/tahnt/mech_devel/f1t_mech_ws/src/img_proc/src/img_proc_node.h:4[m[K,
                 from [01m[K/home/tahnt/mech_devel/f1t_mech_ws/src/img_proc/src/img_proc_node.cpp:1[m[K:
[01m[K/opt/ros/galactic/include/rcutils/logging.h:479:16:[m[K [01;36m[Knote: [m[K  initializing argument 4 of ‘[01m[Kvoid rcutils_log(const rcutils_log_location_t*, int, const char*, const char*, ...)[m[K’
  479 |   [01;36m[Kconst char * format[m[K,
      |   [01;36m[K~~~~~~~~~~~~~^~~~~~[m[K
make[2]: *** [CMakeFiles/img_proc_node.dir/build.make:63: CMakeFiles/img_proc_node.dir/src/img_proc_node.cpp.o] Error 1
make[1]: *** [CMakeFiles/Makefile2:78: CMakeFiles/img_proc_node.dir/all] Error 2
make: *** [Makefile:141: all] Error 2
