[0.016s] Invoking command in '/home/tahnt/mech_devel/f1t_mech_ws/build/img_proc': CMAKE_PREFIX_PATH=/opt/ros/galactic /usr/bin/cmake --build /home/tahnt/mech_devel/f1t_mech_ws/build/img_proc -- -j4 -l4
[0.047s] -- Found ament_cmake: 1.1.6 (/opt/ros/galactic/share/ament_cmake/cmake)
[0.065s] -- Using PYTHON_EXECUTABLE: /usr/bin/python3
[0.115s] -- Found rclcpp: 9.2.2 (/opt/ros/galactic/share/rclcpp/cmake)
[0.146s] -- Using all available rosidl_typesupport_c: rosidl_typesupport_fastrtps_c;rosidl_typesupport_introspection_c
[0.148s] -- Found rosidl_adapter: 2.2.3 (/opt/ros/galactic/share/rosidl_adapter/cmake)
[0.244s] -- Using all available rosidl_typesupport_cpp: rosidl_typesupport_fastrtps_cpp;rosidl_typesupport_introspection_cpp
[0.285s] -- Found rmw_implementation_cmake: 3.3.1 (/opt/ros/galactic/share/rmw_implementation_cmake/cmake)
[0.286s] -- Found rmw_cyclonedds_cpp: 0.22.6 (/opt/ros/galactic/share/rmw_cyclonedds_cpp/cmake)
[0.300s] -- Using RMW implementation 'rmw_cyclonedds_cpp' as default
[0.409s] -- Found sensor_msgs: 2.2.4 (/opt/ros/galactic/share/sensor_msgs/cmake)
[0.495s] -- Found cv_bridge: 3.1.3 (/opt/ros/galactic/share/cv_bridge/cmake)
[0.568s] -- Configuring done
[0.581s] -- Generating done
[0.583s] -- Build files have been written to: /home/tahnt/mech_devel/f1t_mech_ws/build/img_proc
[0.611s] [35m[1mScanning dependencies of target img_proc_node[0m
[0.655s] [ 50%] [32mBuilding CXX object CMakeFiles/img_proc_node.dir/src/img_proc_node.cpp.o[0m
[7.231s] [100%] [32m[1mLinking CXX executable img_proc_node[0m
[7.851s] [100%] Built target img_proc_node
[7.877s] Invoked command in '/home/tahnt/mech_devel/f1t_mech_ws/build/img_proc' returned '0': CMAKE_PREFIX_PATH=/opt/ros/galactic /usr/bin/cmake --build /home/tahnt/mech_devel/f1t_mech_ws/build/img_proc -- -j4 -l4
[7.927s] Invoking command in '/home/tahnt/mech_devel/f1t_mech_ws/build/img_proc': CMAKE_PREFIX_PATH=/opt/ros/galactic /usr/bin/cmake --install /home/tahnt/mech_devel/f1t_mech_ws/build/img_proc
[7.936s] -- Install configuration: ""
[7.936s] -- Installing: /home/tahnt/mech_devel/f1t_mech_ws/install/img_proc/lib/img_proc/img_proc_node
[7.939s] -- Set runtime path of "/home/tahnt/mech_devel/f1t_mech_ws/install/img_proc/lib/img_proc/img_proc_node" to ""
[7.940s] -- Up-to-date: /home/tahnt/mech_devel/f1t_mech_ws/install/img_proc/share/img_proc//launch
[7.940s] -- Up-to-date: /home/tahnt/mech_devel/f1t_mech_ws/install/img_proc/share/img_proc//launch/img_proc_launch.py
[7.940s] -- Up-to-date: /home/tahnt/mech_devel/f1t_mech_ws/install/img_proc/share/img_proc//config
[7.940s] -- Up-to-date: /home/tahnt/mech_devel/f1t_mech_ws/install/img_proc/share/img_proc//config/img_proc_config.yaml
[7.941s] -- Up-to-date: /home/tahnt/mech_devel/f1t_mech_ws/install/img_proc/share/ament_index/resource_index/package_run_dependencies/img_proc
[7.941s] -- Up-to-date: /home/tahnt/mech_devel/f1t_mech_ws/install/img_proc/share/ament_index/resource_index/parent_prefix_path/img_proc
[7.941s] -- Up-to-date: /home/tahnt/mech_devel/f1t_mech_ws/install/img_proc/share/img_proc/environment/ament_prefix_path.sh
[7.941s] -- Installing: /home/tahnt/mech_devel/f1t_mech_ws/install/img_proc/share/img_proc/environment/ament_prefix_path.dsv
[7.942s] -- Up-to-date: /home/tahnt/mech_devel/f1t_mech_ws/install/img_proc/share/img_proc/environment/path.sh
[7.942s] -- Installing: /home/tahnt/mech_devel/f1t_mech_ws/install/img_proc/share/img_proc/environment/path.dsv
[7.942s] -- Up-to-date: /home/tahnt/mech_devel/f1t_mech_ws/install/img_proc/share/img_proc/local_setup.bash
[7.942s] -- Up-to-date: /home/tahnt/mech_devel/f1t_mech_ws/install/img_proc/share/img_proc/local_setup.sh
[7.943s] -- Up-to-date: /home/tahnt/mech_devel/f1t_mech_ws/install/img_proc/share/img_proc/local_setup.zsh
[7.943s] -- Installing: /home/tahnt/mech_devel/f1t_mech_ws/install/img_proc/share/img_proc/local_setup.dsv
[7.943s] -- Installing: /home/tahnt/mech_devel/f1t_mech_ws/install/img_proc/share/img_proc/package.dsv
[7.943s] -- Up-to-date: /home/tahnt/mech_devel/f1t_mech_ws/install/img_proc/share/ament_index/resource_index/packages/img_proc
[7.943s] -- Up-to-date: /home/tahnt/mech_devel/f1t_mech_ws/install/img_proc/share/img_proc/cmake/img_procConfig.cmake
[7.944s] -- Up-to-date: /home/tahnt/mech_devel/f1t_mech_ws/install/img_proc/share/img_proc/cmake/img_procConfig-version.cmake
[7.944s] -- Installing: /home/tahnt/mech_devel/f1t_mech_ws/install/img_proc/share/img_proc/package.xml
[7.950s] Invoked command in '/home/tahnt/mech_devel/f1t_mech_ws/build/img_proc' returned '0': CMAKE_PREFIX_PATH=/opt/ros/galactic /usr/bin/cmake --install /home/tahnt/mech_devel/f1t_mech_ws/build/img_proc
