[0.110s] Invoking command in '/home/f1t/mech_devel/f1t_mech_ws/build/img_proc': CMAKE_PREFIX_PATH=${CMAKE_PREFIX_PATH}:/opt/ros/galactic /usr/bin/cmake --build /home/f1t/mech_devel/f1t_mech_ws/build/img_proc -- -j6 -l6
[0.397s] [35m[1mScanning dependencies of target img_proc_node[0m
[0.783s] [ 50%] [32mBuilding CXX object CMakeFiles/img_proc_node.dir/src/img_proc_node.cpp.o[0m
[41.836s] [100%] [32m[1mLinking CXX executable img_proc_node[0m
[44.649s] /usr/bin/ld: warning: libopencv_imgproc.so.4.2, needed by /opt/ros/galactic/lib/libcv_bridge.so, may conflict with libopencv_imgproc.so.4.5
[44.650s] /usr/bin/ld: warning: libopencv_core.so.4.2, needed by /opt/ros/galactic/lib/libcv_bridge.so, may conflict with libopencv_core.so.4.5
[44.840s] [100%] Built target img_proc_node
[44.998s] Invoked command in '/home/f1t/mech_devel/f1t_mech_ws/build/img_proc' returned '0': CMAKE_PREFIX_PATH=${CMAKE_PREFIX_PATH}:/opt/ros/galactic /usr/bin/cmake --build /home/f1t/mech_devel/f1t_mech_ws/build/img_proc -- -j6 -l6
[45.222s] Invoking command in '/home/f1t/mech_devel/f1t_mech_ws/build/img_proc': CMAKE_PREFIX_PATH=${CMAKE_PREFIX_PATH}:/opt/ros/galactic /usr/bin/cmake --install /home/f1t/mech_devel/f1t_mech_ws/build/img_proc
[45.271s] -- Install configuration: ""
[45.273s] -- Installing: /home/f1t/mech_devel/f1t_mech_ws/install/img_proc/lib/img_proc/img_proc_node
[45.315s] -- Set runtime path of "/home/f1t/mech_devel/f1t_mech_ws/install/img_proc/lib/img_proc/img_proc_node" to ""
[45.318s] -- Up-to-date: /home/f1t/mech_devel/f1t_mech_ws/install/img_proc/share/img_proc/launch
[45.319s] -- Installing: /home/f1t/mech_devel/f1t_mech_ws/install/img_proc/share/img_proc/launch/img_proc_launch.py
[45.320s] -- Up-to-date: /home/f1t/mech_devel/f1t_mech_ws/install/img_proc/share/ament_index/resource_index/package_run_dependencies/img_proc
[45.321s] -- Up-to-date: /home/f1t/mech_devel/f1t_mech_ws/install/img_proc/share/ament_index/resource_index/parent_prefix_path/img_proc
[45.322s] -- Up-to-date: /home/f1t/mech_devel/f1t_mech_ws/install/img_proc/share/img_proc/environment/ament_prefix_path.sh
[45.322s] -- Up-to-date: /home/f1t/mech_devel/f1t_mech_ws/install/img_proc/share/img_proc/environment/ament_prefix_path.dsv
[45.323s] -- Up-to-date: /home/f1t/mech_devel/f1t_mech_ws/install/img_proc/share/img_proc/environment/path.sh
[45.324s] -- Up-to-date: /home/f1t/mech_devel/f1t_mech_ws/install/img_proc/share/img_proc/environment/path.dsv
[45.324s] -- Up-to-date: /home/f1t/mech_devel/f1t_mech_ws/install/img_proc/share/img_proc/local_setup.bash
[45.325s] -- Up-to-date: /home/f1t/mech_devel/f1t_mech_ws/install/img_proc/share/img_proc/local_setup.sh
[45.326s] -- Up-to-date: /home/f1t/mech_devel/f1t_mech_ws/install/img_proc/share/img_proc/local_setup.zsh
[45.327s] -- Up-to-date: /home/f1t/mech_devel/f1t_mech_ws/install/img_proc/share/img_proc/local_setup.dsv
[45.327s] -- Installing: /home/f1t/mech_devel/f1t_mech_ws/install/img_proc/share/img_proc/package.dsv
[45.328s] -- Up-to-date: /home/f1t/mech_devel/f1t_mech_ws/install/img_proc/share/ament_index/resource_index/packages/img_proc
[45.329s] -- Up-to-date: /home/f1t/mech_devel/f1t_mech_ws/install/img_proc/share/img_proc/cmake/img_procConfig.cmake
[45.329s] -- Up-to-date: /home/f1t/mech_devel/f1t_mech_ws/install/img_proc/share/img_proc/cmake/img_procConfig-version.cmake
[45.330s] -- Up-to-date: /home/f1t/mech_devel/f1t_mech_ws/install/img_proc/share/img_proc/package.xml
[45.339s] Invoked command in '/home/f1t/mech_devel/f1t_mech_ws/build/img_proc' returned '0': CMAKE_PREFIX_PATH=${CMAKE_PREFIX_PATH}:/opt/ros/galactic /usr/bin/cmake --install /home/f1t/mech_devel/f1t_mech_ws/build/img_proc
