In file included from [01m[K/opt/ros/galactic/include/rclcpp/node_interfaces/node_parameters_interface.hpp:28[m[K,
                 from [01m[K/opt/ros/galactic/include/rclcpp/node.hpp:54[m[K,
                 from [01m[K/opt/ros/galactic/include/rclcpp/executors/single_threaded_executor.hpp:28[m[K,
                 from [01m[K/opt/ros/galactic/include/rclcpp/executors.hpp:22[m[K,
                 from [01m[K/opt/ros/galactic/include/rclcpp/rclcpp.hpp:156[m[K,
                 from [01m[K/home/f1t/mech_devel/f1t_mech_ws/src/img_proc/src/img_proc_node.h:1[m[K,
                 from [01m[K/home/f1t/mech_devel/f1t_mech_ws/src/img_proc/src/img_proc_node.cpp:1[m[K:
/opt/ros/galactic/include/rclcpp/parameter.hpp: In instantiation of ‘[01m[Kauto rclcpp::detail::get_value_helper(const rclcpp::Parameter*) [with T = std::vector<float>][m[K’:
[01m[K/opt/ros/galactic/include/rclcpp/parameter.hpp:273:39:[m[K   required from ‘[01m[Kdecltype(auto) rclcpp::Parameter::get_value() const [with T = std::vector<float>][m[K’
[01m[K/opt/ros/galactic/include/rclcpp/node_impl.hpp:291:17:[m[K   required from ‘[01m[Kbool rclcpp::Node::get_parameter(const string&, ParameterT&) const [with ParameterT = std::vector<float>; std::string = std::__cxx11::basic_string<char>][m[K’
[01m[K/home/f1t/mech_devel/f1t_mech_ws/src/img_proc/src/img_proc_node.cpp:27:37:[m[K   required from here
[01m[K/opt/ros/galactic/include/rclcpp/parameter.hpp:239:50:[m[K [01;31m[Kerror: [m[Kno matching function for call to ‘[01m[Krclcpp::ParameterValue::get<std::vector<float, std::allocator<float> > >() const[m[K’
  239 |   return parameter->get_parameter_value().get<T>([01;31m[K)[m[K;
      |                                                  [01;31m[K^[m[K
In file included from [01m[K/opt/ros/galactic/include/rclcpp/parameter.hpp:26[m[K,
                 from [01m[K/opt/ros/galactic/include/rclcpp/node_interfaces/node_parameters_interface.hpp:28[m[K,
                 from [01m[K/opt/ros/galactic/include/rclcpp/node.hpp:54[m[K,
                 from [01m[K/opt/ros/galactic/include/rclcpp/executors/single_threaded_executor.hpp:28[m[K,
                 from [01m[K/opt/ros/galactic/include/rclcpp/executors.hpp:22[m[K,
                 from [01m[K/opt/ros/galactic/include/rclcpp/rclcpp.hpp:156[m[K,
                 from [01m[K/home/f1t/mech_devel/f1t_mech_ws/src/img_proc/src/img_proc_node.h:1[m[K,
                 from [01m[K/home/f1t/mech_devel/f1t_mech_ws/src/img_proc/src/img_proc_node.cpp:1[m[K:
[01m[K/opt/ros/galactic/include/rclcpp/parameter_value.hpp:148:3:[m[K [01;36m[Knote: [m[Kcandidate: ‘[01m[Ktemplate<rclcpp::ParameterType type> constexpr typename std::enable_if<(type == rclcpp::PARAMETER_BOOL), const bool&>::type rclcpp::ParameterValue::get() const[m[K’
  148 |   [01;36m[Kget[m[K() const
      |   [01;36m[K^~~[m[K
[01m[K/opt/ros/galactic/include/rclcpp/parameter_value.hpp:148:3:[m[K [01;36m[Knote: [m[K  template argument deduction/substitution failed:
[01m[K/opt/ros/galactic/include/rclcpp/parameter_value.hpp:159:3:[m[K [01;36m[Knote: [m[Kcandidate: ‘[01m[Ktemplate<rclcpp::ParameterType type> constexpr typename std::enable_if<(type == rclcpp::PARAMETER_INTEGER), const long int&>::type rclcpp::ParameterValue::get() const[m[K’
  159 |   [01;36m[Kget[m[K() const
      |   [01;36m[K^~~[m[K
[01m[K/opt/ros/galactic/include/rclcpp/parameter_value.hpp:159:3:[m[K [01;36m[Knote: [m[K  template argument deduction/substitution failed:
[01m[K/opt/ros/galactic/include/rclcpp/parameter_value.hpp:170:3:[m[K [01;36m[Knote: [m[Kcandidate: ‘[01m[Ktemplate<rclcpp::ParameterType type> constexpr typename std::enable_if<(type == rclcpp::PARAMETER_DOUBLE), const double&>::type rclcpp::ParameterValue::get() const[m[K’
  170 |   [01;36m[Kget[m[K() const
      |   [01;36m[K^~~[m[K
[01m[K/opt/ros/galactic/include/rclcpp/parameter_value.hpp:170:3:[m[K [01;36m[Knote: [m[K  template argument deduction/substitution failed:
[01m[K/opt/ros/galactic/include/rclcpp/parameter_value.hpp:181:3:[m[K [01;36m[Knote: [m[Kcandidate: ‘[01m[Ktemplate<rclcpp::ParameterType type> constexpr typename std::enable_if<(type == rclcpp::PARAMETER_STRING), const std::__cxx11::basic_string<char>&>::type rclcpp::ParameterValue::get() const[m[K’
  181 |   [01;36m[Kget[m[K() const
      |   [01;36m[K^~~[m[K
[01m[K/opt/ros/galactic/include/rclcpp/parameter_value.hpp:181:3:[m[K [01;36m[Knote: [m[K  template argument deduction/substitution failed:
[01m[K/opt/ros/galactic/include/rclcpp/parameter_value.hpp:193:3:[m[K [01;36m[Knote: [m[Kcandidate: ‘[01m[Ktemplate<rclcpp::ParameterType type> constexpr typename std::enable_if<(type == rclcpp::PARAMETER_BYTE_ARRAY), const std::vector<unsigned char, std::allocator<unsigned char> >&>::type rclcpp::ParameterValue::get() const[m[K’
  193 |   [01;36m[Kget[m[K() const
      |   [01;36m[K^~~[m[K
[01m[K/opt/ros/galactic/include/rclcpp/parameter_value.hpp:193:3:[m[K [01;36m[Knote: [m[K  template argument deduction/substitution failed:
[01m[K/opt/ros/galactic/include/rclcpp/parameter_value.hpp:205:3:[m[K [01;36m[Knote: [m[Kcandidate: ‘[01m[Ktemplate<rclcpp::ParameterType type> constexpr typename std::enable_if<(type == rclcpp::PARAMETER_BOOL_ARRAY), const std::vector<bool, std::allocator<bool> >&>::type rclcpp::ParameterValue::get() const[m[K’
  205 |   [01;36m[Kget[m[K() const
      |   [01;36m[K^~~[m[K
[01m[K/opt/ros/galactic/include/rclcpp/parameter_value.hpp:205:3:[m[K [01;36m[Knote: [m[K  template argument deduction/substitution failed:
[01m[K/opt/ros/galactic/include/rclcpp/parameter_value.hpp:217:3:[m[K [01;36m[Knote: [m[Kcandidate: ‘[01m[Ktemplate<rclcpp::ParameterType type> constexpr typename std::enable_if<(type == rclcpp::PARAMETER_INTEGER_ARRAY), const std::vector<long int, std::allocator<long int> >&>::type rclcpp::ParameterValue::get() const[m[K’
  217 |   [01;36m[Kget[m[K() const
      |   [01;36m[K^~~[m[K
[01m[K/opt/ros/galactic/include/rclcpp/parameter_value.hpp:217:3:[m[K [01;36m[Knote: [m[K  template argument deduction/substitution failed:
[01m[K/opt/ros/galactic/include/rclcpp/parameter_value.hpp:229:3:[m[K [01;36m[Knote: [m[Kcandidate: ‘[01m[Ktemplate<rclcpp::ParameterType type> constexpr typename std::enable_if<(type == rclcpp::PARAMETER_DOUBLE_ARRAY), const std::vector<double, std::allocator<double> >&>::type rclcpp::ParameterValue::get() const[m[K’
  229 |   [01;36m[Kget[m[K() const
      |   [01;36m[K^~~[m[K
[01m[K/opt/ros/galactic/include/rclcpp/parameter_value.hpp:229:3:[m[K [01;36m[Knote: [m[K  template argument deduction/substitution failed:
[01m[K/opt/ros/galactic/include/rclcpp/parameter_value.hpp:241:3:[m[K [01;36m[Knote: [m[Kcandidate: ‘[01m[Ktemplate<rclcpp::ParameterType type> constexpr typename std::enable_if<(type == rclcpp::PARAMETER_STRING_ARRAY), const std::vector<std::__cxx11::basic_string<char> >&>::type rclcpp::ParameterValue::get() const[m[K’
  241 |   [01;36m[Kget[m[K() const
      |   [01;36m[K^~~[m[K
[01m[K/opt/ros/galactic/include/rclcpp/parameter_value.hpp:241:3:[m[K [01;36m[Knote: [m[K  template argument deduction/substitution failed:
[01m[K/opt/ros/galactic/include/rclcpp/parameter_value.hpp:254:3:[m[K [01;36m[Knote: [m[Kcandidate: ‘[01m[Ktemplate<class type> constexpr typename std::enable_if<std::is_same<T, bool>::value, const bool&>::type rclcpp::ParameterValue::get() const[m[K’
  254 |   [01;36m[Kget[m[K() const
      |   [01;36m[K^~~[m[K
[01m[K/opt/ros/galactic/include/rclcpp/parameter_value.hpp:254:3:[m[K [01;36m[Knote: [m[K  template argument deduction/substitution failed:
/opt/ros/galactic/include/rclcpp/parameter_value.hpp: In substitution of ‘[01m[Ktemplate<class type> constexpr typename std::enable_if<std::is_same<T, bool>::value, const bool&>::type rclcpp::ParameterValue::get() const [with type = std::vector<float>][m[K’:
[01m[K/opt/ros/galactic/include/rclcpp/parameter.hpp:239:50:[m[K   required from ‘[01m[Kauto rclcpp::detail::get_value_helper(const rclcpp::Parameter*) [with T = std::vector<float>][m[K’
[01m[K/opt/ros/galactic/include/rclcpp/parameter.hpp:273:39:[m[K   required from ‘[01m[Kdecltype(auto) rclcpp::Parameter::get_value() const [with T = std::vector<float>][m[K’
[01m[K/opt/ros/galactic/include/rclcpp/node_impl.hpp:291:17:[m[K   required from ‘[01m[Kbool rclcpp::Node::get_parameter(const string&, ParameterT&) const [with ParameterT = std::vector<float>; std::string = std::__cxx11::basic_string<char>][m[K’
[01m[K/home/f1t/mech_devel/f1t_mech_ws/src/img_proc/src/img_proc_node.cpp:27:37:[m[K   required from here
[01m[K/opt/ros/galactic/include/rclcpp/parameter_value.hpp:254:3:[m[K [01;31m[Kerror: [m[Kno type named ‘[01m[Ktype[m[K’ in ‘[01m[Kstruct std::enable_if<false, const bool&>[m[K’
/opt/ros/galactic/include/rclcpp/parameter.hpp: In instantiation of ‘[01m[Kauto rclcpp::detail::get_value_helper(const rclcpp::Parameter*) [with T = std::vector<float>][m[K’:
[01m[K/opt/ros/galactic/include/rclcpp/parameter.hpp:273:39:[m[K   required from ‘[01m[Kdecltype(auto) rclcpp::Parameter::get_value() const [with T = std::vector<float>][m[K’
[01m[K/opt/ros/galactic/include/rclcpp/node_impl.hpp:291:17:[m[K   required from ‘[01m[Kbool rclcpp::Node::get_parameter(const string&, ParameterT&) const [with ParameterT = std::vector<float>; std::string = std::__cxx11::basic_string<char>][m[K’
[01m[K/home/f1t/mech_devel/f1t_mech_ws/src/img_proc/src/img_proc_node.cpp:27:37:[m[K   required from here
[01m[K/opt/ros/galactic/include/rclcpp/parameter_value.hpp:263:3:[m[K [01;36m[Knote: [m[Kcandidate: ‘[01m[Ktemplate<class type> constexpr typename std::enable_if<(std::is_integral<_Tp>::value && (! std::is_same<T, bool>::value)), const long int&>::type rclcpp::ParameterValue::get() const[m[K’
  263 |   [01;36m[Kget[m[K() const
      |   [01;36m[K^~~[m[K
[01m[K/opt/ros/galactic/include/rclcpp/parameter_value.hpp:263:3:[m[K [01;36m[Knote: [m[K  template argument deduction/substitution failed:
/opt/ros/galactic/include/rclcpp/parameter_value.hpp: In substitution of ‘[01m[Ktemplate<class type> constexpr typename std::enable_if<(std::is_integral<_Tp>::value && (! std::is_same<T, bool>::value)), const long int&>::type rclcpp::ParameterValue::get() const [with type = std::vector<float>][m[K’:
[01m[K/opt/ros/galactic/include/rclcpp/parameter.hpp:239:50:[m[K   required from ‘[01m[Kauto rclcpp::detail::get_value_helper(const rclcpp::Parameter*) [with T = std::vector<float>][m[K’
[01m[K/opt/ros/galactic/include/rclcpp/parameter.hpp:273:39:[m[K   required from ‘[01m[Kdecltype(auto) rclcpp::Parameter::get_value() const [with T = std::vector<float>][m[K’
[01m[K/opt/ros/galactic/include/rclcpp/node_impl.hpp:291:17:[m[K   required from ‘[01m[Kbool rclcpp::Node::get_parameter(const string&, ParameterT&) const [with ParameterT = std::vector<float>; std::string = std::__cxx11::basic_string<char>][m[K’
[01m[K/home/f1t/mech_devel/f1t_mech_ws/src/img_proc/src/img_proc_node.cpp:27:37:[m[K   required from here
[01m[K/opt/ros/galactic/include/rclcpp/parameter_value.hpp:263:3:[m[K [01;31m[Kerror: [m[Kno type named ‘[01m[Ktype[m[K’ in ‘[01m[Kstruct std::enable_if<false, const long int&>[m[K’
/opt/ros/galactic/include/rclcpp/parameter.hpp: In instantiation of ‘[01m[Kauto rclcpp::detail::get_value_helper(const rclcpp::Parameter*) [with T = std::vector<float>][m[K’:
[01m[K/opt/ros/galactic/include/rclcpp/parameter.hpp:273:39:[m[K   required from ‘[01m[Kdecltype(auto) rclcpp::Parameter::get_value() const [with T = std::vector<float>][m[K’
[01m[K/opt/ros/galactic/include/rclcpp/node_impl.hpp:291:17:[m[K   required from ‘[01m[Kbool rclcpp::Node::get_parameter(const string&, ParameterT&) const [with ParameterT = std::vector<float>; std::string = std::__cxx11::basic_string<char>][m[K’
[01m[K/home/f1t/mech_devel/f1t_mech_ws/src/img_proc/src/img_proc_node.cpp:27:37:[m[K   required from here
[01m[K/opt/ros/galactic/include/rclcpp/parameter_value.hpp:271:3:[m[K [01;36m[Knote: [m[Kcandidate: ‘[01m[Ktemplate<class type> constexpr typename std::enable_if<std::is_floating_point<_Tp>::value, const double&>::type rclcpp::ParameterValue::get() const[m[K’
  271 |   [01;36m[Kget[m[K() const
      |   [01;36m[K^~~[m[K
[01m[K/opt/ros/galactic/include/rclcpp/parameter_value.hpp:271:3:[m[K [01;36m[Knote: [m[K  template argument deduction/substitution failed:
/opt/ros/galactic/include/rclcpp/parameter_value.hpp: In substitution of ‘[01m[Ktemplate<class type> constexpr typename std::enable_if<std::is_floating_point<_Tp>::value, const double&>::type rclcpp::ParameterValue::get() const [with type = std::vector<float>][m[K’:
[01m[K/opt/ros/galactic/include/rclcpp/parameter.hpp:239:50:[m[K   required from ‘[01m[Kauto rclcpp::detail::get_value_helper(const rclcpp::Parameter*) [with T = std::vector<float>][m[K’
[01m[K/opt/ros/galactic/include/rclcpp/parameter.hpp:273:39:[m[K   required from ‘[01m[Kdecltype(auto) rclcpp::Parameter::get_value() const [with T = std::vector<float>][m[K’
[01m[K/opt/ros/galactic/include/rclcpp/node_impl.hpp:291:17:[m[K   required from ‘[01m[Kbool rclcpp::Node::get_parameter(const string&, ParameterT&) const [with ParameterT = std::vector<float>; std::string = std::__cxx11::basic_string<char>][m[K’
[01m[K/home/f1t/mech_devel/f1t_mech_ws/src/img_proc/src/img_proc_node.cpp:27:37:[m[K   required from here
[01m[K/opt/ros/galactic/include/rclcpp/parameter_value.hpp:271:3:[m[K [01;31m[Kerror: [m[Kno type named ‘[01m[Ktype[m[K’ in ‘[01m[Kstruct std::enable_if<false, const double&>[m[K’
/opt/ros/galactic/include/rclcpp/parameter.hpp: In instantiation of ‘[01m[Kauto rclcpp::detail::get_value_helper(const rclcpp::Parameter*) [with T = std::vector<float>][m[K’:
[01m[K/opt/ros/galactic/include/rclcpp/parameter.hpp:273:39:[m[K   required from ‘[01m[Kdecltype(auto) rclcpp::Parameter::get_value() const [with T = std::vector<float>][m[K’
[01m[K/opt/ros/galactic/include/rclcpp/node_impl.hpp:291:17:[m[K   required from ‘[01m[Kbool rclcpp::Node::get_parameter(const string&, ParameterT&) const [with ParameterT = std::vector<float>; std::string = std::__cxx11::basic_string<char>][m[K’
[01m[K/home/f1t/mech_devel/f1t_mech_ws/src/img_proc/src/img_proc_node.cpp:27:37:[m[K   required from here
[01m[K/opt/ros/galactic/include/rclcpp/parameter_value.hpp:279:3:[m[K [01;36m[Knote: [m[Kcandidate: ‘[01m[Ktemplate<class type> constexpr typename std::enable_if<std::is_convertible<type, std::__cxx11::basic_string<char> >::value, const std::__cxx11::basic_string<char>&>::type rclcpp::ParameterValue::get() const[m[K’
  279 |   [01;36m[Kget[m[K() const
      |   [01;36m[K^~~[m[K
[01m[K/opt/ros/galactic/include/rclcpp/parameter_value.hpp:279:3:[m[K [01;36m[Knote: [m[K  template argument deduction/substitution failed:
/opt/ros/galactic/include/rclcpp/parameter_value.hpp: In substitution of ‘[01m[Ktemplate<class type> constexpr typename std::enable_if<std::is_convertible<type, std::__cxx11::basic_string<char> >::value, const std::__cxx11::basic_string<char>&>::type rclcpp::ParameterValue::get() const [with type = std::vector<float>][m[K’:
[01m[K/opt/ros/galactic/include/rclcpp/parameter.hpp:239:50:[m[K   required from ‘[01m[Kauto rclcpp::detail::get_value_helper(const rclcpp::Parameter*) [with T = std::vector<float>][m[K’
[01m[K/opt/ros/galactic/include/rclcpp/parameter.hpp:273:39:[m[K   required from ‘[01m[Kdecltype(auto) rclcpp::Parameter::get_value() const [with T = std::vector<float>][m[K’
[01m[K/opt/ros/galactic/include/rclcpp/node_impl.hpp:291:17:[m[K   required from ‘[01m[Kbool rclcpp::Node::get_parameter(const string&, ParameterT&) const [with ParameterT = std::vector<float>; std::string = std::__cxx11::basic_string<char>][m[K’
[01m[K/home/f1t/mech_devel/f1t_mech_ws/src/img_proc/src/img_proc_node.cpp:27:37:[m[K   required from here
[01m[K/opt/ros/galactic/include/rclcpp/parameter_value.hpp:279:3:[m[K [01;31m[Kerror: [m[Kno type named ‘[01m[Ktype[m[K’ in ‘[01m[Kstruct std::enable_if<false, const std::__cxx11::basic_string<char>&>[m[K’
/opt/ros/galactic/include/rclcpp/parameter.hpp: In instantiation of ‘[01m[Kauto rclcpp::detail::get_value_helper(const rclcpp::Parameter*) [with T = std::vector<float>][m[K’:
[01m[K/opt/ros/galactic/include/rclcpp/parameter.hpp:273:39:[m[K   required from ‘[01m[Kdecltype(auto) rclcpp::Parameter::get_value() const [with T = std::vector<float>][m[K’
[01m[K/opt/ros/galactic/include/rclcpp/node_impl.hpp:291:17:[m[K   required from ‘[01m[Kbool rclcpp::Node::get_parameter(const string&, ParameterT&) const [with ParameterT = std::vector<float>; std::string = std::__cxx11::basic_string<char>][m[K’
[01m[K/home/f1t/mech_devel/f1t_mech_ws/src/img_proc/src/img_proc_node.cpp:27:37:[m[K   required from here
[01m[K/opt/ros/galactic/include/rclcpp/parameter_value.hpp:289:3:[m[K [01;36m[Knote: [m[Kcandidate: ‘[01m[Ktemplate<class type> constexpr typename std::enable_if<std::is_convertible<type, const std::vector<unsigned char, std::allocator<unsigned char> >&>::value, const std::vector<unsigned char, std::allocator<unsigned char> >&>::type rclcpp::ParameterValue::get() const[m[K’
  289 |   [01;36m[Kget[m[K() const
      |   [01;36m[K^~~[m[K
[01m[K/opt/ros/galactic/include/rclcpp/parameter_value.hpp:289:3:[m[K [01;36m[Knote: [m[K  template argument deduction/substitution failed:
/opt/ros/galactic/include/rclcpp/parameter_value.hpp: In substitution of ‘[01m[Ktemplate<class type> constexpr typename std::enable_if<std::is_convertible<type, const std::vector<unsigned char, std::allocator<unsigned char> >&>::value, const std::vector<unsigned char, std::allocator<unsigned char> >&>::type rclcpp::ParameterValue::get() const [with type = std::vector<float>][m[K’:
[01m[K/opt/ros/galactic/include/rclcpp/parameter.hpp:239:50:[m[K   required from ‘[01m[Kauto rclcpp::detail::get_value_helper(const rclcpp::Parameter*) [with T = std::vector<float>][m[K’
[01m[K/opt/ros/galactic/include/rclcpp/parameter.hpp:273:39:[m[K   required from ‘[01m[Kdecltype(auto) rclcpp::Parameter::get_value() const [with T = std::vector<float>][m[K’
[01m[K/opt/ros/galactic/include/rclcpp/node_impl.hpp:291:17:[m[K   required from ‘[01m[Kbool rclcpp::Node::get_parameter(const string&, ParameterT&) const [with ParameterT = std::vector<float>; std::string = std::__cxx11::basic_string<char>][m[K’
[01m[K/home/f1t/mech_devel/f1t_mech_ws/src/img_proc/src/img_proc_node.cpp:27:37:[m[K   required from here
[01m[K/opt/ros/galactic/include/rclcpp/parameter_value.hpp:289:3:[m[K [01;31m[Kerror: [m[Kno type named ‘[01m[Ktype[m[K’ in ‘[01m[Kstruct std::enable_if<false, const std::vector<unsigned char, std::allocator<unsigned char> >&>[m[K’
/opt/ros/galactic/include/rclcpp/parameter.hpp: In instantiation of ‘[01m[Kauto rclcpp::detail::get_value_helper(const rclcpp::Parameter*) [with T = std::vector<float>][m[K’:
[01m[K/opt/ros/galactic/include/rclcpp/parameter.hpp:273:39:[m[K   required from ‘[01m[Kdecltype(auto) rclcpp::Parameter::get_value() const [with T = std::vector<float>][m[K’
[01m[K/opt/ros/galactic/include/rclcpp/node_impl.hpp:291:17:[m[K   required from ‘[01m[Kbool rclcpp::Node::get_parameter(const string&, ParameterT&) const [with ParameterT = std::vector<float>; std::string = std::__cxx11::basic_string<char>][m[K’
[01m[K/home/f1t/mech_devel/f1t_mech_ws/src/img_proc/src/img_proc_node.cpp:27:37:[m[K   required from here
[01m[K/opt/ros/galactic/include/rclcpp/parameter_value.hpp:299:3:[m[K [01;36m[Knote: [m[Kcandidate: ‘[01m[Ktemplate<class type> constexpr typename std::enable_if<std::is_convertible<type, const std::vector<bool, std::allocator<bool> >&>::value, const std::vector<bool, std::allocator<bool> >&>::type rclcpp::ParameterValue::get() const[m[K’
  299 |   [01;36m[Kget[m[K() const
      |   [01;36m[K^~~[m[K
[01m[K/opt/ros/galactic/include/rclcpp/parameter_value.hpp:299:3:[m[K [01;36m[Knote: [m[K  template argument deduction/substitution failed:
/opt/ros/galactic/include/rclcpp/parameter_value.hpp: In substitution of ‘[01m[Ktemplate<class type> constexpr typename std::enable_if<std::is_convertible<type, const std::vector<bool, std::allocator<bool> >&>::value, const std::vector<bool, std::allocator<bool> >&>::type rclcpp::ParameterValue::get() const [with type = std::vector<float>][m[K’:
[01m[K/opt/ros/galactic/include/rclcpp/parameter.hpp:239:50:[m[K   required from ‘[01m[Kauto rclcpp::detail::get_value_helper(const rclcpp::Parameter*) [with T = std::vector<float>][m[K’
[01m[K/opt/ros/galactic/include/rclcpp/parameter.hpp:273:39:[m[K   required from ‘[01m[Kdecltype(auto) rclcpp::Parameter::get_value() const [with T = std::vector<float>][m[K’
[01m[K/opt/ros/galactic/include/rclcpp/node_impl.hpp:291:17:[m[K   required from ‘[01m[Kbool rclcpp::Node::get_parameter(const string&, ParameterT&) const [with ParameterT = std::vector<float>; std::string = std::__cxx11::basic_string<char>][m[K’
[01m[K/home/f1t/mech_devel/f1t_mech_ws/src/img_proc/src/img_proc_node.cpp:27:37:[m[K   required from here
[01m[K/opt/ros/galactic/include/rclcpp/parameter_value.hpp:299:3:[m[K [01;31m[Kerror: [m[Kno type named ‘[01m[Ktype[m[K’ in ‘[01m[Kstruct std::enable_if<false, const std::vector<bool, std::allocator<bool> >&>[m[K’
/opt/ros/galactic/include/rclcpp/parameter.hpp: In instantiation of ‘[01m[Kauto rclcpp::detail::get_value_helper(const rclcpp::Parameter*) [with T = std::vector<float>][m[K’:
[01m[K/opt/ros/galactic/include/rclcpp/parameter.hpp:273:39:[m[K   required from ‘[01m[Kdecltype(auto) rclcpp::Parameter::get_value() const [with T = std::vector<float>][m[K’
[01m[K/opt/ros/galactic/include/rclcpp/node_impl.hpp:291:17:[m[K   required from ‘[01m[Kbool rclcpp::Node::get_parameter(const string&, ParameterT&) const [with ParameterT = std::vector<float>; std::string = std::__cxx11::basic_string<char>][m[K’
[01m[K/home/f1t/mech_devel/f1t_mech_ws/src/img_proc/src/img_proc_node.cpp:27:37:[m[K   required from here
[01m[K/opt/ros/galactic/include/rclcpp/parameter_value.hpp:309:3:[m[K [01;36m[Knote: [m[Kcandidate: ‘[01m[Ktemplate<class type> constexpr typename std::enable_if<std::is_convertible<type, const std::vector<long int, std::allocator<long int> >&>::value, const std::vector<long int, std::allocator<long int> >&>::type rclcpp::ParameterValue::get() const[m[K’
  309 |   [01;36m[Kget[m[K() const
      |   [01;36m[K^~~[m[K
[01m[K/opt/ros/galactic/include/rclcpp/parameter_value.hpp:309:3:[m[K [01;36m[Knote: [m[K  template argument deduction/substitution failed:
/opt/ros/galactic/include/rclcpp/parameter_value.hpp: In substitution of ‘[01m[Ktemplate<class type> constexpr typename std::enable_if<std::is_convertible<type, const std::vector<long int, std::allocator<long int> >&>::value, const std::vector<long int, std::allocator<long int> >&>::type rclcpp::ParameterValue::get() const [with type = std::vector<float>][m[K’:
[01m[K/opt/ros/galactic/include/rclcpp/parameter.hpp:239:50:[m[K   required from ‘[01m[Kauto rclcpp::detail::get_value_helper(const rclcpp::Parameter*) [with T = std::vector<float>][m[K’
[01m[K/opt/ros/galactic/include/rclcpp/parameter.hpp:273:39:[m[K   required from ‘[01m[Kdecltype(auto) rclcpp::Parameter::get_value() const [with T = std::vector<float>][m[K’
[01m[K/opt/ros/galactic/include/rclcpp/node_impl.hpp:291:17:[m[K   required from ‘[01m[Kbool rclcpp::Node::get_parameter(const string&, ParameterT&) const [with ParameterT = std::vector<float>; std::string = std::__cxx11::basic_string<char>][m[K’
[01m[K/home/f1t/mech_devel/f1t_mech_ws/src/img_proc/src/img_proc_node.cpp:27:37:[m[K   required from here
[01m[K/opt/ros/galactic/include/rclcpp/parameter_value.hpp:309:3:[m[K [01;31m[Kerror: [m[Kno type named ‘[01m[Ktype[m[K’ in ‘[01m[Kstruct std::enable_if<false, const std::vector<long int, std::allocator<long int> >&>[m[K’
/opt/ros/galactic/include/rclcpp/parameter.hpp: In instantiation of ‘[01m[Kauto rclcpp::detail::get_value_helper(const rclcpp::Parameter*) [with T = std::vector<float>][m[K’:
[01m[K/opt/ros/galactic/include/rclcpp/parameter.hpp:273:39:[m[K   required from ‘[01m[Kdecltype(auto) rclcpp::Parameter::get_value() const [with T = std::vector<float>][m[K’
[01m[K/opt/ros/galactic/include/rclcpp/node_impl.hpp:291:17:[m[K   required from ‘[01m[Kbool rclcpp::Node::get_parameter(const string&, ParameterT&) const [with ParameterT = std::vector<float>; std::string = std::__cxx11::basic_string<char>][m[K’
[01m[K/home/f1t/mech_devel/f1t_mech_ws/src/img_proc/src/img_proc_node.cpp:27:37:[m[K   required from here
[01m[K/opt/ros/galactic/include/rclcpp/parameter_value.hpp:319:3:[m[K [01;36m[Knote: [m[Kcandidate: ‘[01m[Ktemplate<class type> constexpr typename std::enable_if<std::is_convertible<type, const std::vector<double, std::allocator<double> >&>::value, const std::vector<double, std::allocator<double> >&>::type rclcpp::ParameterValue::get() const[m[K’
  319 |   [01;36m[Kget[m[K() const
      |   [01;36m[K^~~[m[K
[01m[K/opt/ros/galactic/include/rclcpp/parameter_value.hpp:319:3:[m[K [01;36m[Knote: [m[K  template argument deduction/substitution failed:
/opt/ros/galactic/include/rclcpp/parameter_value.hpp: In substitution of ‘[01m[Ktemplate<class type> constexpr typename std::enable_if<std::is_convertible<type, const std::vector<double, std::allocator<double> >&>::value, const std::vector<double, std::allocator<double> >&>::type rclcpp::ParameterValue::get() const [with type = std::vector<float>][m[K’:
[01m[K/opt/ros/galactic/include/rclcpp/parameter.hpp:239:50:[m[K   required from ‘[01m[Kauto rclcpp::detail::get_value_helper(const rclcpp::Parameter*) [with T = std::vector<float>][m[K’
[01m[K/opt/ros/galactic/include/rclcpp/parameter.hpp:273:39:[m[K   required from ‘[01m[Kdecltype(auto) rclcpp::Parameter::get_value() const [with T = std::vector<float>][m[K’
[01m[K/opt/ros/galactic/include/rclcpp/node_impl.hpp:291:17:[m[K   required from ‘[01m[Kbool rclcpp::Node::get_parameter(const string&, ParameterT&) const [with ParameterT = std::vector<float>; std::string = std::__cxx11::basic_string<char>][m[K’
[01m[K/home/f1t/mech_devel/f1t_mech_ws/src/img_proc/src/img_proc_node.cpp:27:37:[m[K   required from here
[01m[K/opt/ros/galactic/include/rclcpp/parameter_value.hpp:319:3:[m[K [01;31m[Kerror: [m[Kno type named ‘[01m[Ktype[m[K’ in ‘[01m[Kstruct std::enable_if<false, const std::vector<double, std::allocator<double> >&>[m[K’
/opt/ros/galactic/include/rclcpp/parameter.hpp: In instantiation of ‘[01m[Kauto rclcpp::detail::get_value_helper(const rclcpp::Parameter*) [with T = std::vector<float>][m[K’:
[01m[K/opt/ros/galactic/include/rclcpp/parameter.hpp:273:39:[m[K   required from ‘[01m[Kdecltype(auto) rclcpp::Parameter::get_value() const [with T = std::vector<float>][m[K’
[01m[K/opt/ros/galactic/include/rclcpp/node_impl.hpp:291:17:[m[K   required from ‘[01m[Kbool rclcpp::Node::get_parameter(const string&, ParameterT&) const [with ParameterT = std::vector<float>; std::string = std::__cxx11::basic_string<char>][m[K’
[01m[K/home/f1t/mech_devel/f1t_mech_ws/src/img_proc/src/img_proc_node.cpp:27:37:[m[K   required from here
[01m[K/opt/ros/galactic/include/rclcpp/parameter_value.hpp:329:3:[m[K [01;36m[Knote: [m[Kcandidate: ‘[01m[Ktemplate<class type> constexpr typename std::enable_if<std::is_convertible<type, const std::vector<std::__cxx11::basic_string<char> >&>::value, const std::vector<std::__cxx11::basic_string<char> >&>::type rclcpp::ParameterValue::get() const[m[K’
  329 |   [01;36m[Kget[m[K() const
      |   [01;36m[K^~~[m[K
[01m[K/opt/ros/galactic/include/rclcpp/parameter_value.hpp:329:3:[m[K [01;36m[Knote: [m[K  template argument deduction/substitution failed:
/opt/ros/galactic/include/rclcpp/parameter_value.hpp: In substitution of ‘[01m[Ktemplate<class type> constexpr typename std::enable_if<std::is_convertible<type, const std::vector<std::__cxx11::basic_string<char> >&>::value, const std::vector<std::__cxx11::basic_string<char> >&>::type rclcpp::ParameterValue::get() const [with type = std::vector<float>][m[K’:
[01m[K/opt/ros/galactic/include/rclcpp/parameter.hpp:239:50:[m[K   required from ‘[01m[Kauto rclcpp::detail::get_value_helper(const rclcpp::Parameter*) [with T = std::vector<float>][m[K’
[01m[K/opt/ros/galactic/include/rclcpp/parameter.hpp:273:39:[m[K   required from ‘[01m[Kdecltype(auto) rclcpp::Parameter::get_value() const [with T = std::vector<float>][m[K’
[01m[K/opt/ros/galactic/include/rclcpp/node_impl.hpp:291:17:[m[K   required from ‘[01m[Kbool rclcpp::Node::get_parameter(const string&, ParameterT&) const [with ParameterT = std::vector<float>; std::string = std::__cxx11::basic_string<char>][m[K’
[01m[K/home/f1t/mech_devel/f1t_mech_ws/src/img_proc/src/img_proc_node.cpp:27:37:[m[K   required from here
[01m[K/opt/ros/galactic/include/rclcpp/parameter_value.hpp:329:3:[m[K [01;31m[Kerror: [m[Kno type named ‘[01m[Ktype[m[K’ in ‘[01m[Kstruct std::enable_if<false, const std::vector<std::__cxx11::basic_string<char> >&>[m[K’
In file included from [01m[K/opt/ros/galactic/include/rclcpp/node.hpp:1329[m[K,
                 from [01m[K/opt/ros/galactic/include/rclcpp/executors/single_threaded_executor.hpp:28[m[K,
                 from [01m[K/opt/ros/galactic/include/rclcpp/executors.hpp:22[m[K,
                 from [01m[K/opt/ros/galactic/include/rclcpp/rclcpp.hpp:156[m[K,
                 from [01m[K/home/f1t/mech_devel/f1t_mech_ws/src/img_proc/src/img_proc_node.h:1[m[K,
                 from [01m[K/home/f1t/mech_devel/f1t_mech_ws/src/img_proc/src/img_proc_node.cpp:1[m[K:
/opt/ros/galactic/include/rclcpp/node_impl.hpp: In instantiation of ‘[01m[Kbool rclcpp::Node::get_parameter(const string&, ParameterT&) const [with ParameterT = std::vector<float>; std::string = std::__cxx11::basic_string<char>][m[K’:
[01m[K/home/f1t/mech_devel/f1t_mech_ws/src/img_proc/src/img_proc_node.cpp:27:37:[m[K   required from here
[01m[K/opt/ros/galactic/include/rclcpp/node_impl.hpp:291:17:[m[K [01;31m[Kerror: [m[Kinvalid use of void expression
  291 |     parameter = [01;31m[Kstatic_cast<ParameterT>(parameter_variant.get_value<ParameterT>())[m[K;
      |                 [01;31m[K^~~~~~~~~~~~~~~~~~~~~~~~~~~~~~~~~~~~~~~~~~~~~~~~~~~~~~~~~~~~~~~~~~[m[K
make[2]: *** [CMakeFiles/img_proc_node.dir/build.make:63: CMakeFiles/img_proc_node.dir/src/img_proc_node.cpp.o] Error 1
make[1]: *** [CMakeFiles/Makefile2:78: CMakeFiles/img_proc_node.dir/all] Error 2
make: *** [Makefile:141: all] Error 2
