[0.141s] DEBUG:colcon:Command line arguments: ['/usr/bin/colcon', 'build']
[0.141s] DEBUG:colcon:Parsed command line arguments: Namespace(allow_overriding=[], ament_cmake_args=None, base_paths=['.'], build_base='build', catkin_cmake_args=None, catkin_skip_building_tests=False, cmake_args=None, cmake_clean_cache=False, cmake_clean_first=False, cmake_force_configure=False, cmake_target=None, cmake_target_skip_unavailable=False, continue_on_error=False, event_handlers=None, executor='parallel', ignore_user_meta=False, install_base='install', log_base=None, log_level=None, main=<bound method BuildVerb.main of <colcon_core.verb.build.BuildVerb object at 0x7fd18c030490>>, merge_install=False, metas=['./colcon.meta'], packages_above=None, packages_above_and_dependencies=None, packages_above_depth=None, packages_end=None, packages_ignore=None, packages_ignore_regex=None, packages_select=None, packages_select_build_failed=False, packages_select_by_dep=None, packages_select_regex=None, packages_select_test_failures=False, packages_skip=None, packages_skip_build_finished=False, packages_skip_by_dep=None, packages_skip_regex=None, packages_skip_test_passed=False, packages_skip_up_to=None, packages_start=None, packages_up_to=None, packages_up_to_regex=None, parallel_workers=4, paths=None, symlink_install=False, test_result_base=None, verb_extension=<colcon_core.verb.build.BuildVerb object at 0x7fd18c030490>, verb_name='build', verb_parser=<colcon_defaults.argument_parser.defaults.DefaultArgumentsDecorator object at 0x7fd18befc250>)
[0.252s] Level 1:colcon.colcon_core.package_discovery:discover_packages(colcon_meta) check parameters
[0.252s] Level 1:colcon.colcon_core.package_discovery:discover_packages(recursive) check parameters
[0.252s] Level 1:colcon.colcon_core.package_discovery:discover_packages(ignore) check parameters
[0.252s] Level 1:colcon.colcon_core.package_discovery:discover_packages(path) check parameters
[0.252s] Level 1:colcon.colcon_core.package_discovery:discover_packages(colcon_meta) discover
[0.252s] Level 1:colcon.colcon_core.package_discovery:discover_packages(recursive) discover
[0.252s] INFO:colcon.colcon_core.package_discovery:Crawling recursively for packages in '/home/tahnt/mech_devel/f1t_mech_ws'
[0.252s] Level 1:colcon.colcon_core.package_identification:_identify(.) by extensions ['ignore', 'ignore_ament_install']
[0.252s] Level 1:colcon.colcon_core.package_identification:_identify(.) by extension 'ignore'
[0.252s] Level 1:colcon.colcon_core.package_identification:_identify(.) by extension 'ignore_ament_install'
[0.253s] Level 1:colcon.colcon_core.package_identification:_identify(.) by extensions ['colcon_pkg']
[0.253s] Level 1:colcon.colcon_core.package_identification:_identify(.) by extension 'colcon_pkg'
[0.253s] Level 1:colcon.colcon_core.package_identification:_identify(.) by extensions ['colcon_meta']
[0.253s] Level 1:colcon.colcon_core.package_identification:_identify(.) by extension 'colcon_meta'
[0.253s] Level 1:colcon.colcon_core.package_identification:_identify(.) by extensions ['ros']
[0.253s] Level 1:colcon.colcon_core.package_identification:_identify(.) by extension 'ros'
[0.261s] Level 1:colcon.colcon_core.package_identification:_identify(.) by extensions ['cmake', 'python']
[0.261s] Level 1:colcon.colcon_core.package_identification:_identify(.) by extension 'cmake'
[0.261s] Level 1:colcon.colcon_core.package_identification:_identify(.) by extension 'python'
[0.261s] Level 1:colcon.colcon_core.package_identification:_identify(.) by extensions ['python_setup_py']
[0.261s] Level 1:colcon.colcon_core.package_identification:_identify(.) by extension 'python_setup_py'
[0.261s] Level 1:colcon.colcon_core.package_identification:_identify(build) by extensions ['ignore', 'ignore_ament_install']
[0.261s] Level 1:colcon.colcon_core.package_identification:_identify(build) by extension 'ignore'
[0.261s] Level 1:colcon.colcon_core.package_identification:_identify(build) ignored
[0.261s] Level 1:colcon.colcon_core.package_identification:_identify(install) by extensions ['ignore', 'ignore_ament_install']
[0.261s] Level 1:colcon.colcon_core.package_identification:_identify(install) by extension 'ignore'
[0.262s] Level 1:colcon.colcon_core.package_identification:_identify(install) ignored
[0.262s] Level 1:colcon.colcon_core.package_identification:_identify(log) by extensions ['ignore', 'ignore_ament_install']
[0.262s] Level 1:colcon.colcon_core.package_identification:_identify(log) by extension 'ignore'
[0.262s] Level 1:colcon.colcon_core.package_identification:_identify(log) ignored
[0.262s] Level 1:colcon.colcon_core.package_identification:_identify(src) by extensions ['ignore', 'ignore_ament_install']
[0.262s] Level 1:colcon.colcon_core.package_identification:_identify(src) by extension 'ignore'
[0.262s] Level 1:colcon.colcon_core.package_identification:_identify(src) by extension 'ignore_ament_install'
[0.262s] Level 1:colcon.colcon_core.package_identification:_identify(src) by extensions ['colcon_pkg']
[0.262s] Level 1:colcon.colcon_core.package_identification:_identify(src) by extension 'colcon_pkg'
[0.262s] Level 1:colcon.colcon_core.package_identification:_identify(src) by extensions ['colcon_meta']
[0.262s] Level 1:colcon.colcon_core.package_identification:_identify(src) by extension 'colcon_meta'
[0.262s] Level 1:colcon.colcon_core.package_identification:_identify(src) by extensions ['ros']
[0.262s] Level 1:colcon.colcon_core.package_identification:_identify(src) by extension 'ros'
[0.263s] Level 1:colcon.colcon_core.package_identification:_identify(src) by extensions ['cmake', 'python']
[0.263s] Level 1:colcon.colcon_core.package_identification:_identify(src) by extension 'cmake'
[0.263s] Level 1:colcon.colcon_core.package_identification:_identify(src) by extension 'python'
[0.263s] Level 1:colcon.colcon_core.package_identification:_identify(src) by extensions ['python_setup_py']
[0.263s] Level 1:colcon.colcon_core.package_identification:_identify(src) by extension 'python_setup_py'
[0.263s] Level 1:colcon.colcon_core.package_identification:_identify(src/img_proc) by extensions ['ignore', 'ignore_ament_install']
[0.263s] Level 1:colcon.colcon_core.package_identification:_identify(src/img_proc) by extension 'ignore'
[0.263s] Level 1:colcon.colcon_core.package_identification:_identify(src/img_proc) by extension 'ignore_ament_install'
[0.263s] Level 1:colcon.colcon_core.package_identification:_identify(src/img_proc) by extensions ['colcon_pkg']
[0.263s] Level 1:colcon.colcon_core.package_identification:_identify(src/img_proc) by extension 'colcon_pkg'
[0.263s] Level 1:colcon.colcon_core.package_identification:_identify(src/img_proc) by extensions ['colcon_meta']
[0.263s] Level 1:colcon.colcon_core.package_identification:_identify(src/img_proc) by extension 'colcon_meta'
[0.263s] Level 1:colcon.colcon_core.package_identification:_identify(src/img_proc) by extensions ['ros']
[0.263s] Level 1:colcon.colcon_core.package_identification:_identify(src/img_proc) by extension 'ros'
[0.265s] DEBUG:colcon.colcon_core.package_identification:Package 'src/img_proc' with type 'ros.ament_cmake' and name 'img_proc'
[0.265s] Level 1:colcon.colcon_core.package_identification:_identify(src/mech_msg) by extensions ['ignore', 'ignore_ament_install']
[0.265s] Level 1:colcon.colcon_core.package_identification:_identify(src/mech_msg) by extension 'ignore'
[0.265s] Level 1:colcon.colcon_core.package_identification:_identify(src/mech_msg) by extension 'ignore_ament_install'
[0.265s] Level 1:colcon.colcon_core.package_identification:_identify(src/mech_msg) by extensions ['colcon_pkg']
[0.265s] Level 1:colcon.colcon_core.package_identification:_identify(src/mech_msg) by extension 'colcon_pkg'
[0.265s] Level 1:colcon.colcon_core.package_identification:_identify(src/mech_msg) by extensions ['colcon_meta']
[0.265s] Level 1:colcon.colcon_core.package_identification:_identify(src/mech_msg) by extension 'colcon_meta'
[0.265s] Level 1:colcon.colcon_core.package_identification:_identify(src/mech_msg) by extensions ['ros']
[0.265s] Level 1:colcon.colcon_core.package_identification:_identify(src/mech_msg) by extension 'ros'
[0.265s] DEBUG:colcon.colcon_core.package_identification:Package 'src/mech_msg' with type 'ros.ament_cmake' and name 'mech_msg'
[0.265s] Level 1:colcon.colcon_core.package_discovery:discover_packages(recursive) using defaults
[0.265s] Level 1:colcon.colcon_core.package_discovery:discover_packages(ignore) discover
[0.265s] Level 1:colcon.colcon_core.package_discovery:discover_packages(ignore) using defaults
[0.265s] Level 1:colcon.colcon_core.package_discovery:discover_packages(path) discover
[0.265s] Level 1:colcon.colcon_core.package_discovery:discover_packages(path) using defaults
[0.277s] Level 1:colcon.colcon_core.package_discovery:discover_packages(prefix_path) check parameters
[0.278s] Level 1:colcon.colcon_core.package_discovery:discover_packages(prefix_path) discover
[0.279s] DEBUG:colcon.colcon_installed_package_information.package_discovery:Found 3 installed packages in /home/tahnt/mech_devel/f1t_mech_ws/install
[0.279s] DEBUG:colcon.colcon_installed_package_information.package_discovery:Found 2 installed packages in /home/tahnt/ros_sandbox/ros2_ws/install
[0.280s] DEBUG:colcon.colcon_installed_package_information.package_discovery:Found 268 installed packages in /opt/ros/galactic
[0.282s] Level 1:colcon.colcon_core.package_discovery:discover_packages(prefix_path) using defaults
[0.331s] Level 5:colcon.colcon_core.verb:set package 'mech_msg' build argument 'cmake_args' from command line to 'None'
[0.331s] Level 5:colcon.colcon_core.verb:set package 'mech_msg' build argument 'cmake_target' from command line to 'None'
[0.331s] Level 5:colcon.colcon_core.verb:set package 'mech_msg' build argument 'cmake_target_skip_unavailable' from command line to 'False'
[0.331s] Level 5:colcon.colcon_core.verb:set package 'mech_msg' build argument 'cmake_clean_cache' from command line to 'False'
[0.331s] Level 5:colcon.colcon_core.verb:set package 'mech_msg' build argument 'cmake_clean_first' from command line to 'False'
[0.331s] Level 5:colcon.colcon_core.verb:set package 'mech_msg' build argument 'cmake_force_configure' from command line to 'False'
[0.332s] Level 5:colcon.colcon_core.verb:set package 'mech_msg' build argument 'ament_cmake_args' from command line to 'None'
[0.332s] Level 5:colcon.colcon_core.verb:set package 'mech_msg' build argument 'catkin_cmake_args' from command line to 'None'
[0.332s] Level 5:colcon.colcon_core.verb:set package 'mech_msg' build argument 'catkin_skip_building_tests' from command line to 'False'
[0.332s] DEBUG:colcon.colcon_core.verb:Building package 'mech_msg' with the following arguments: {'ament_cmake_args': None, 'build_base': '/home/tahnt/mech_devel/f1t_mech_ws/build/mech_msg', 'catkin_cmake_args': None, 'catkin_skip_building_tests': False, 'cmake_args': None, 'cmake_clean_cache': False, 'cmake_clean_first': False, 'cmake_force_configure': False, 'cmake_target': None, 'cmake_target_skip_unavailable': False, 'install_base': '/home/tahnt/mech_devel/f1t_mech_ws/install/mech_msg', 'merge_install': False, 'path': '/home/tahnt/mech_devel/f1t_mech_ws/src/mech_msg', 'symlink_install': False, 'test_result_base': None}
[0.332s] Level 5:colcon.colcon_core.verb:set package 'img_proc' build argument 'cmake_args' from command line to 'None'
[0.332s] Level 5:colcon.colcon_core.verb:set package 'img_proc' build argument 'cmake_target' from command line to 'None'
[0.332s] Level 5:colcon.colcon_core.verb:set package 'img_proc' build argument 'cmake_target_skip_unavailable' from command line to 'False'
[0.332s] Level 5:colcon.colcon_core.verb:set package 'img_proc' build argument 'cmake_clean_cache' from command line to 'False'
[0.332s] Level 5:colcon.colcon_core.verb:set package 'img_proc' build argument 'cmake_clean_first' from command line to 'False'
[0.332s] Level 5:colcon.colcon_core.verb:set package 'img_proc' build argument 'cmake_force_configure' from command line to 'False'
[0.332s] Level 5:colcon.colcon_core.verb:set package 'img_proc' build argument 'ament_cmake_args' from command line to 'None'
[0.332s] Level 5:colcon.colcon_core.verb:set package 'img_proc' build argument 'catkin_cmake_args' from command line to 'None'
[0.332s] Level 5:colcon.colcon_core.verb:set package 'img_proc' build argument 'catkin_skip_building_tests' from command line to 'False'
[0.332s] DEBUG:colcon.colcon_core.verb:Building package 'img_proc' with the following arguments: {'ament_cmake_args': None, 'build_base': '/home/tahnt/mech_devel/f1t_mech_ws/build/img_proc', 'catkin_cmake_args': None, 'catkin_skip_building_tests': False, 'cmake_args': None, 'cmake_clean_cache': False, 'cmake_clean_first': False, 'cmake_force_configure': False, 'cmake_target': None, 'cmake_target_skip_unavailable': False, 'install_base': '/home/tahnt/mech_devel/f1t_mech_ws/install/img_proc', 'merge_install': False, 'path': '/home/tahnt/mech_devel/f1t_mech_ws/src/img_proc', 'symlink_install': False, 'test_result_base': None}
[0.332s] INFO:colcon.colcon_core.executor:Executing jobs using 'parallel' executor
[0.334s] DEBUG:colcon.colcon_parallel_executor.executor.parallel:run_until_complete
[0.334s] INFO:colcon.colcon_ros.task.ament_cmake.build:Building ROS package in '/home/tahnt/mech_devel/f1t_mech_ws/src/mech_msg' with build type 'ament_cmake'
[0.334s] INFO:colcon.colcon_cmake.task.cmake.build:Building CMake package in '/home/tahnt/mech_devel/f1t_mech_ws/src/mech_msg'
[0.336s] INFO:colcon.colcon_core.plugin_system:Skipping extension 'colcon_core.shell.bat': Not used on non-Windows systems
[0.336s] INFO:colcon.colcon_core.shell:Skip shell extension 'powershell' for command environment: Not usable outside of PowerShell
[0.336s] DEBUG:colcon.colcon_core.shell:Skip shell extension 'dsv' for command environment
[0.351s] DEBUG:colcon.colcon_core.event_handler.log_command:Invoking command in '/home/tahnt/mech_devel/f1t_mech_ws/build/mech_msg': CMAKE_PREFIX_PATH=${CMAKE_PREFIX_PATH}:/opt/ros/galactic /usr/bin/cmake --build /home/tahnt/mech_devel/f1t_mech_ws/build/mech_msg -- -j4 -l4
[0.578s] DEBUG:colcon.colcon_core.event_handler.log_command:Invoked command in '/home/tahnt/mech_devel/f1t_mech_ws/build/mech_msg' returned '0': CMAKE_PREFIX_PATH=${CMAKE_PREFIX_PATH}:/opt/ros/galactic /usr/bin/cmake --build /home/tahnt/mech_devel/f1t_mech_ws/build/mech_msg -- -j4 -l4
[0.702s] DEBUG:colcon.colcon_core.event_handler.log_command:Invoking command in '/home/tahnt/mech_devel/f1t_mech_ws/build/mech_msg': CMAKE_PREFIX_PATH=${CMAKE_PREFIX_PATH}:/opt/ros/galactic /usr/bin/cmake --install /home/tahnt/mech_devel/f1t_mech_ws/build/mech_msg
[0.773s] Level 1:colcon.colcon_core.environment:create_environment_scripts_only(mech_msg)
[0.775s] Level 1:colcon.colcon_core.environment:checking '/home/tahnt/mech_devel/f1t_mech_ws/install/mech_msg' for CMake module files
[0.776s] Level 1:colcon.colcon_core.environment:checking '/home/tahnt/mech_devel/f1t_mech_ws/install/mech_msg' for CMake config files
[0.776s] Level 1:colcon.colcon_core.shell:create_environment_hook('mech_msg', 'cmake_prefix_path')
[0.776s] INFO:colcon.colcon_core.shell:Creating environment hook '/home/tahnt/mech_devel/f1t_mech_ws/install/mech_msg/share/mech_msg/hook/cmake_prefix_path.ps1'
[0.777s] INFO:colcon.colcon_core.shell:Creating environment descriptor '/home/tahnt/mech_devel/f1t_mech_ws/install/mech_msg/share/mech_msg/hook/cmake_prefix_path.dsv'
[0.778s] DEBUG:colcon.colcon_core.event_handler.log_command:Invoked command in '/home/tahnt/mech_devel/f1t_mech_ws/build/mech_msg' returned '0': CMAKE_PREFIX_PATH=${CMAKE_PREFIX_PATH}:/opt/ros/galactic /usr/bin/cmake --install /home/tahnt/mech_devel/f1t_mech_ws/build/mech_msg
[0.778s] INFO:colcon.colcon_core.shell:Creating environment hook '/home/tahnt/mech_devel/f1t_mech_ws/install/mech_msg/share/mech_msg/hook/cmake_prefix_path.sh'
[0.779s] Level 1:colcon.colcon_core.environment:checking '/home/tahnt/mech_devel/f1t_mech_ws/install/mech_msg/lib'
[0.779s] Level 1:colcon.colcon_core.shell:create_environment_hook('mech_msg', 'ld_library_path_lib')
[0.779s] INFO:colcon.colcon_core.shell:Creating environment hook '/home/tahnt/mech_devel/f1t_mech_ws/install/mech_msg/share/mech_msg/hook/ld_library_path_lib.ps1'
[0.780s] INFO:colcon.colcon_core.shell:Creating environment descriptor '/home/tahnt/mech_devel/f1t_mech_ws/install/mech_msg/share/mech_msg/hook/ld_library_path_lib.dsv'
[0.780s] INFO:colcon.colcon_core.shell:Creating environment hook '/home/tahnt/mech_devel/f1t_mech_ws/install/mech_msg/share/mech_msg/hook/ld_library_path_lib.sh'
[0.780s] Level 1:colcon.colcon_core.environment:checking '/home/tahnt/mech_devel/f1t_mech_ws/install/mech_msg/bin'
[0.780s] Level 1:colcon.colcon_core.environment:checking '/home/tahnt/mech_devel/f1t_mech_ws/install/mech_msg/lib/pkgconfig/mech_msg.pc'
[0.781s] Level 1:colcon.colcon_core.environment:checking '/home/tahnt/mech_devel/f1t_mech_ws/install/mech_msg/lib/python3.8/site-packages'
[0.781s] Level 1:colcon.colcon_core.shell:create_environment_hook('mech_msg', 'pythonpath')
[0.781s] INFO:colcon.colcon_core.shell:Creating environment hook '/home/tahnt/mech_devel/f1t_mech_ws/install/mech_msg/share/mech_msg/hook/pythonpath.ps1'
[0.781s] INFO:colcon.colcon_core.shell:Creating environment descriptor '/home/tahnt/mech_devel/f1t_mech_ws/install/mech_msg/share/mech_msg/hook/pythonpath.dsv'
[0.782s] INFO:colcon.colcon_core.shell:Creating environment hook '/home/tahnt/mech_devel/f1t_mech_ws/install/mech_msg/share/mech_msg/hook/pythonpath.sh'
[0.782s] Level 1:colcon.colcon_core.environment:checking '/home/tahnt/mech_devel/f1t_mech_ws/install/mech_msg/bin'
[0.782s] INFO:colcon.colcon_core.shell:Creating package script '/home/tahnt/mech_devel/f1t_mech_ws/install/mech_msg/share/mech_msg/package.ps1'
[0.783s] INFO:colcon.colcon_core.shell:Creating package descriptor '/home/tahnt/mech_devel/f1t_mech_ws/install/mech_msg/share/mech_msg/package.dsv'
[0.784s] INFO:colcon.colcon_core.shell:Creating package script '/home/tahnt/mech_devel/f1t_mech_ws/install/mech_msg/share/mech_msg/package.sh'
[0.784s] INFO:colcon.colcon_core.shell:Creating package script '/home/tahnt/mech_devel/f1t_mech_ws/install/mech_msg/share/mech_msg/package.bash'
[0.785s] INFO:colcon.colcon_core.shell:Creating package script '/home/tahnt/mech_devel/f1t_mech_ws/install/mech_msg/share/mech_msg/package.zsh'
[0.786s] Level 1:colcon.colcon_core.environment:create_file_with_runtime_dependencies(/home/tahnt/mech_devel/f1t_mech_ws/install/mech_msg/share/colcon-core/packages/mech_msg)
[0.902s] Level 1:colcon.colcon_core.environment:create_environment_scripts_only(mech_msg)
[0.902s] Level 1:colcon.colcon_core.environment:checking '/home/tahnt/mech_devel/f1t_mech_ws/install/mech_msg' for CMake module files
[0.903s] Level 1:colcon.colcon_core.environment:checking '/home/tahnt/mech_devel/f1t_mech_ws/install/mech_msg' for CMake config files
[0.903s] Level 1:colcon.colcon_core.shell:create_environment_hook('mech_msg', 'cmake_prefix_path')
[0.903s] INFO:colcon.colcon_core.shell:Creating environment hook '/home/tahnt/mech_devel/f1t_mech_ws/install/mech_msg/share/mech_msg/hook/cmake_prefix_path.ps1'
[0.904s] INFO:colcon.colcon_core.shell:Creating environment descriptor '/home/tahnt/mech_devel/f1t_mech_ws/install/mech_msg/share/mech_msg/hook/cmake_prefix_path.dsv'
[0.904s] INFO:colcon.colcon_core.shell:Creating environment hook '/home/tahnt/mech_devel/f1t_mech_ws/install/mech_msg/share/mech_msg/hook/cmake_prefix_path.sh'
[0.905s] Level 1:colcon.colcon_core.environment:checking '/home/tahnt/mech_devel/f1t_mech_ws/install/mech_msg/lib'
[0.905s] Level 1:colcon.colcon_core.shell:create_environment_hook('mech_msg', 'ld_library_path_lib')
[0.905s] INFO:colcon.colcon_core.shell:Creating environment hook '/home/tahnt/mech_devel/f1t_mech_ws/install/mech_msg/share/mech_msg/hook/ld_library_path_lib.ps1'
[0.906s] INFO:colcon.colcon_core.shell:Creating environment descriptor '/home/tahnt/mech_devel/f1t_mech_ws/install/mech_msg/share/mech_msg/hook/ld_library_path_lib.dsv'
[0.906s] INFO:colcon.colcon_core.shell:Creating environment hook '/home/tahnt/mech_devel/f1t_mech_ws/install/mech_msg/share/mech_msg/hook/ld_library_path_lib.sh'
[0.906s] Level 1:colcon.colcon_core.environment:checking '/home/tahnt/mech_devel/f1t_mech_ws/install/mech_msg/bin'
[0.907s] Level 1:colcon.colcon_core.environment:checking '/home/tahnt/mech_devel/f1t_mech_ws/install/mech_msg/lib/pkgconfig/mech_msg.pc'
[0.907s] Level 1:colcon.colcon_core.environment:checking '/home/tahnt/mech_devel/f1t_mech_ws/install/mech_msg/lib/python3.8/site-packages'
[0.907s] Level 1:colcon.colcon_core.shell:create_environment_hook('mech_msg', 'pythonpath')
[0.907s] INFO:colcon.colcon_core.shell:Creating environment hook '/home/tahnt/mech_devel/f1t_mech_ws/install/mech_msg/share/mech_msg/hook/pythonpath.ps1'
[0.907s] INFO:colcon.colcon_core.shell:Creating environment descriptor '/home/tahnt/mech_devel/f1t_mech_ws/install/mech_msg/share/mech_msg/hook/pythonpath.dsv'
[0.908s] INFO:colcon.colcon_core.shell:Creating environment hook '/home/tahnt/mech_devel/f1t_mech_ws/install/mech_msg/share/mech_msg/hook/pythonpath.sh'
[0.908s] Level 1:colcon.colcon_core.environment:checking '/home/tahnt/mech_devel/f1t_mech_ws/install/mech_msg/bin'
[0.908s] INFO:colcon.colcon_core.shell:Creating package script '/home/tahnt/mech_devel/f1t_mech_ws/install/mech_msg/share/mech_msg/package.ps1'
[0.909s] INFO:colcon.colcon_core.shell:Creating package descriptor '/home/tahnt/mech_devel/f1t_mech_ws/install/mech_msg/share/mech_msg/package.dsv'
[0.909s] INFO:colcon.colcon_core.shell:Creating package script '/home/tahnt/mech_devel/f1t_mech_ws/install/mech_msg/share/mech_msg/package.sh'
[0.910s] INFO:colcon.colcon_core.shell:Creating package script '/home/tahnt/mech_devel/f1t_mech_ws/install/mech_msg/share/mech_msg/package.bash'
[0.910s] INFO:colcon.colcon_core.shell:Creating package script '/home/tahnt/mech_devel/f1t_mech_ws/install/mech_msg/share/mech_msg/package.zsh'
[0.911s] Level 1:colcon.colcon_core.environment:create_file_with_runtime_dependencies(/home/tahnt/mech_devel/f1t_mech_ws/install/mech_msg/share/colcon-core/packages/mech_msg)
[0.911s] INFO:colcon.colcon_ros.task.ament_cmake.build:Building ROS package in '/home/tahnt/mech_devel/f1t_mech_ws/src/img_proc' with build type 'ament_cmake'
[0.912s] INFO:colcon.colcon_cmake.task.cmake.build:Building CMake package in '/home/tahnt/mech_devel/f1t_mech_ws/src/img_proc'
[0.912s] INFO:colcon.colcon_core.shell:Skip shell extension 'powershell' for command environment: Not usable outside of PowerShell
[0.912s] DEBUG:colcon.colcon_core.shell:Skip shell extension 'dsv' for command environment
[0.926s] DEBUG:colcon.colcon_core.event_handler.log_command:Invoking command in '/home/tahnt/mech_devel/f1t_mech_ws/build/img_proc': CMAKE_PREFIX_PATH=${CMAKE_PREFIX_PATH}:/opt/ros/galactic /usr/bin/cmake --build /home/tahnt/mech_devel/f1t_mech_ws/build/img_proc -- -j4 -l4
[9.108s] DEBUG:colcon.colcon_core.event_handler.log_command:Invoked command in '/home/tahnt/mech_devel/f1t_mech_ws/build/img_proc' returned '0': CMAKE_PREFIX_PATH=${CMAKE_PREFIX_PATH}:/opt/ros/galactic /usr/bin/cmake --build /home/tahnt/mech_devel/f1t_mech_ws/build/img_proc -- -j4 -l4
[9.150s] DEBUG:colcon.colcon_core.event_handler.log_command:Invoking command in '/home/tahnt/mech_devel/f1t_mech_ws/build/img_proc': CMAKE_PREFIX_PATH=${CMAKE_PREFIX_PATH}:/opt/ros/galactic /usr/bin/cmake --install /home/tahnt/mech_devel/f1t_mech_ws/build/img_proc
[9.169s] Level 1:colcon.colcon_core.environment:create_environment_scripts_only(img_proc)
[9.169s] Level 1:colcon.colcon_core.environment:checking '/home/tahnt/mech_devel/f1t_mech_ws/install/img_proc' for CMake module files
[9.170s] Level 1:colcon.colcon_core.environment:checking '/home/tahnt/mech_devel/f1t_mech_ws/install/img_proc' for CMake config files
[9.170s] Level 1:colcon.colcon_core.shell:create_environment_hook('img_proc', 'cmake_prefix_path')
[9.170s] INFO:colcon.colcon_core.shell:Creating environment hook '/home/tahnt/mech_devel/f1t_mech_ws/install/img_proc/share/img_proc/hook/cmake_prefix_path.ps1'
[9.171s] INFO:colcon.colcon_core.shell:Creating environment descriptor '/home/tahnt/mech_devel/f1t_mech_ws/install/img_proc/share/img_proc/hook/cmake_prefix_path.dsv'
[9.171s] DEBUG:colcon.colcon_core.event_handler.log_command:Invoked command in '/home/tahnt/mech_devel/f1t_mech_ws/build/img_proc' returned '0': CMAKE_PREFIX_PATH=${CMAKE_PREFIX_PATH}:/opt/ros/galactic /usr/bin/cmake --install /home/tahnt/mech_devel/f1t_mech_ws/build/img_proc
[9.172s] INFO:colcon.colcon_core.shell:Creating environment hook '/home/tahnt/mech_devel/f1t_mech_ws/install/img_proc/share/img_proc/hook/cmake_prefix_path.sh'
[9.173s] Level 1:colcon.colcon_core.environment:checking '/home/tahnt/mech_devel/f1t_mech_ws/install/img_proc/lib'
[9.173s] Level 1:colcon.colcon_core.shell:create_environment_hook('img_proc', 'ld_library_path_lib')
[9.173s] INFO:colcon.colcon_core.shell:Creating environment hook '/home/tahnt/mech_devel/f1t_mech_ws/install/img_proc/share/img_proc/hook/ld_library_path_lib.ps1'
[9.173s] INFO:colcon.colcon_core.shell:Creating environment descriptor '/home/tahnt/mech_devel/f1t_mech_ws/install/img_proc/share/img_proc/hook/ld_library_path_lib.dsv'
[9.174s] INFO:colcon.colcon_core.shell:Creating environment hook '/home/tahnt/mech_devel/f1t_mech_ws/install/img_proc/share/img_proc/hook/ld_library_path_lib.sh'
[9.174s] Level 1:colcon.colcon_core.environment:checking '/home/tahnt/mech_devel/f1t_mech_ws/install/img_proc/bin'
[9.174s] Level 1:colcon.colcon_core.environment:checking '/home/tahnt/mech_devel/f1t_mech_ws/install/img_proc/lib/pkgconfig/img_proc.pc'
[9.175s] Level 1:colcon.colcon_core.environment:checking '/home/tahnt/mech_devel/f1t_mech_ws/install/img_proc/lib/python3.8/site-packages'
[9.175s] Level 1:colcon.colcon_core.shell:create_environment_hook('img_proc', 'pythonpath')
[9.175s] INFO:colcon.colcon_core.shell:Creating environment hook '/home/tahnt/mech_devel/f1t_mech_ws/install/img_proc/share/img_proc/hook/pythonpath.ps1'
[9.175s] INFO:colcon.colcon_core.shell:Creating environment descriptor '/home/tahnt/mech_devel/f1t_mech_ws/install/img_proc/share/img_proc/hook/pythonpath.dsv'
[9.176s] INFO:colcon.colcon_core.shell:Creating environment hook '/home/tahnt/mech_devel/f1t_mech_ws/install/img_proc/share/img_proc/hook/pythonpath.sh'
[9.177s] Level 1:colcon.colcon_core.environment:checking '/home/tahnt/mech_devel/f1t_mech_ws/install/img_proc/bin'
[9.177s] INFO:colcon.colcon_core.shell:Creating package script '/home/tahnt/mech_devel/f1t_mech_ws/install/img_proc/share/img_proc/package.ps1'
[9.177s] INFO:colcon.colcon_core.shell:Creating package descriptor '/home/tahnt/mech_devel/f1t_mech_ws/install/img_proc/share/img_proc/package.dsv'
[9.178s] INFO:colcon.colcon_core.shell:Creating package script '/home/tahnt/mech_devel/f1t_mech_ws/install/img_proc/share/img_proc/package.sh'
[9.179s] INFO:colcon.colcon_core.shell:Creating package script '/home/tahnt/mech_devel/f1t_mech_ws/install/img_proc/share/img_proc/package.bash'
[9.179s] INFO:colcon.colcon_core.shell:Creating package script '/home/tahnt/mech_devel/f1t_mech_ws/install/img_proc/share/img_proc/package.zsh'
[9.179s] Level 1:colcon.colcon_core.environment:create_file_with_runtime_dependencies(/home/tahnt/mech_devel/f1t_mech_ws/install/img_proc/share/colcon-core/packages/img_proc)
[9.216s] Level 1:colcon.colcon_core.environment:create_environment_scripts_only(img_proc)
[9.217s] Level 1:colcon.colcon_core.environment:checking '/home/tahnt/mech_devel/f1t_mech_ws/install/img_proc' for CMake module files
[9.217s] Level 1:colcon.colcon_core.environment:checking '/home/tahnt/mech_devel/f1t_mech_ws/install/img_proc' for CMake config files
[9.218s] Level 1:colcon.colcon_core.shell:create_environment_hook('img_proc', 'cmake_prefix_path')
[9.218s] INFO:colcon.colcon_core.shell:Creating environment hook '/home/tahnt/mech_devel/f1t_mech_ws/install/img_proc/share/img_proc/hook/cmake_prefix_path.ps1'
[9.219s] INFO:colcon.colcon_core.shell:Creating environment descriptor '/home/tahnt/mech_devel/f1t_mech_ws/install/img_proc/share/img_proc/hook/cmake_prefix_path.dsv'
[9.219s] INFO:colcon.colcon_core.shell:Creating environment hook '/home/tahnt/mech_devel/f1t_mech_ws/install/img_proc/share/img_proc/hook/cmake_prefix_path.sh'
[9.220s] Level 1:colcon.colcon_core.environment:checking '/home/tahnt/mech_devel/f1t_mech_ws/install/img_proc/lib'
[9.220s] Level 1:colcon.colcon_core.shell:create_environment_hook('img_proc', 'ld_library_path_lib')
[9.221s] INFO:colcon.colcon_core.shell:Creating environment hook '/home/tahnt/mech_devel/f1t_mech_ws/install/img_proc/share/img_proc/hook/ld_library_path_lib.ps1'
[9.221s] INFO:colcon.colcon_core.shell:Creating environment descriptor '/home/tahnt/mech_devel/f1t_mech_ws/install/img_proc/share/img_proc/hook/ld_library_path_lib.dsv'
[9.222s] INFO:colcon.colcon_core.shell:Creating environment hook '/home/tahnt/mech_devel/f1t_mech_ws/install/img_proc/share/img_proc/hook/ld_library_path_lib.sh'
[9.222s] Level 1:colcon.colcon_core.environment:checking '/home/tahnt/mech_devel/f1t_mech_ws/install/img_proc/bin'
[9.222s] Level 1:colcon.colcon_core.environment:checking '/home/tahnt/mech_devel/f1t_mech_ws/install/img_proc/lib/pkgconfig/img_proc.pc'
[9.223s] Level 1:colcon.colcon_core.environment:checking '/home/tahnt/mech_devel/f1t_mech_ws/install/img_proc/lib/python3.8/site-packages'
[9.223s] Level 1:colcon.colcon_core.shell:create_environment_hook('img_proc', 'pythonpath')
[9.223s] INFO:colcon.colcon_core.shell:Creating environment hook '/home/tahnt/mech_devel/f1t_mech_ws/install/img_proc/share/img_proc/hook/pythonpath.ps1'
[9.224s] INFO:colcon.colcon_core.shell:Creating environment descriptor '/home/tahnt/mech_devel/f1t_mech_ws/install/img_proc/share/img_proc/hook/pythonpath.dsv'
[9.224s] INFO:colcon.colcon_core.shell:Creating environment hook '/home/tahnt/mech_devel/f1t_mech_ws/install/img_proc/share/img_proc/hook/pythonpath.sh'
[9.224s] Level 1:colcon.colcon_core.environment:checking '/home/tahnt/mech_devel/f1t_mech_ws/install/img_proc/bin'
[9.225s] INFO:colcon.colcon_core.shell:Creating package script '/home/tahnt/mech_devel/f1t_mech_ws/install/img_proc/share/img_proc/package.ps1'
[9.225s] INFO:colcon.colcon_core.shell:Creating package descriptor '/home/tahnt/mech_devel/f1t_mech_ws/install/img_proc/share/img_proc/package.dsv'
[9.226s] INFO:colcon.colcon_core.shell:Creating package script '/home/tahnt/mech_devel/f1t_mech_ws/install/img_proc/share/img_proc/package.sh'
[9.226s] INFO:colcon.colcon_core.shell:Creating package script '/home/tahnt/mech_devel/f1t_mech_ws/install/img_proc/share/img_proc/package.bash'
[9.227s] INFO:colcon.colcon_core.shell:Creating package script '/home/tahnt/mech_devel/f1t_mech_ws/install/img_proc/share/img_proc/package.zsh'
[9.228s] Level 1:colcon.colcon_core.environment:create_file_with_runtime_dependencies(/home/tahnt/mech_devel/f1t_mech_ws/install/img_proc/share/colcon-core/packages/img_proc)
[9.229s] DEBUG:colcon.colcon_parallel_executor.executor.parallel:closing loop
[9.229s] DEBUG:colcon.colcon_parallel_executor.executor.parallel:loop closed
[9.229s] DEBUG:colcon.colcon_parallel_executor.executor.parallel:run_until_complete finished with '0'
[9.229s] DEBUG:colcon.colcon_core.event_reactor:joining thread
[9.236s] INFO:colcon.colcon_core.plugin_system:Skipping extension 'colcon_notification.desktop_notification.terminal_notifier': Not used on non-Darwin systems
[9.236s] INFO:colcon.colcon_core.plugin_system:Skipping extension 'colcon_notification.desktop_notification.win32': Not used on non-Windows systems
[9.236s] INFO:colcon.colcon_notification.desktop_notification:Sending desktop notification using 'notify2'
[9.251s] DEBUG:colcon.colcon_core.event_reactor:joined thread
[9.252s] INFO:colcon.colcon_core.shell:Creating prefix script '/home/tahnt/mech_devel/f1t_mech_ws/install/local_setup.ps1'
[9.252s] INFO:colcon.colcon_core.shell:Creating prefix util module '/home/tahnt/mech_devel/f1t_mech_ws/install/_local_setup_util_ps1.py'
[9.255s] INFO:colcon.colcon_core.shell:Creating prefix chain script '/home/tahnt/mech_devel/f1t_mech_ws/install/setup.ps1'
[9.256s] INFO:colcon.colcon_core.shell:Creating prefix script '/home/tahnt/mech_devel/f1t_mech_ws/install/local_setup.sh'
[9.257s] INFO:colcon.colcon_core.shell:Creating prefix util module '/home/tahnt/mech_devel/f1t_mech_ws/install/_local_setup_util_sh.py'
[9.257s] INFO:colcon.colcon_core.shell:Creating prefix chain script '/home/tahnt/mech_devel/f1t_mech_ws/install/setup.sh'
[9.258s] INFO:colcon.colcon_core.shell:Creating prefix script '/home/tahnt/mech_devel/f1t_mech_ws/install/local_setup.bash'
[9.259s] INFO:colcon.colcon_core.shell:Creating prefix chain script '/home/tahnt/mech_devel/f1t_mech_ws/install/setup.bash'
[9.260s] INFO:colcon.colcon_core.shell:Creating prefix script '/home/tahnt/mech_devel/f1t_mech_ws/install/local_setup.zsh'
[9.260s] INFO:colcon.colcon_core.shell:Creating prefix chain script '/home/tahnt/mech_devel/f1t_mech_ws/install/setup.zsh'
