[0.013s] Invoking command in '/home/tahnt/mech_devel/f1t_mech_ws/build/mech_msg': CMAKE_PREFIX_PATH=${CMAKE_PREFIX_PATH}:/opt/ros/galactic /usr/bin/cmake --build /home/tahnt/mech_devel/f1t_mech_ws/build/mech_msg -- -j4 -l4
[0.037s] -- Found ament_cmake: 1.1.6 (/opt/ros/galactic/share/ament_cmake/cmake)
[0.054s] -- Found PythonInterp: /usr/bin/python3 (found suitable version "3.8.10", minimum required is "3") 
[0.054s] -- Using PYTHON_EXECUTABLE: /usr/bin/python3
[0.099s] -- Found rosidl_default_generators: 1.1.1 (/opt/ros/galactic/share/rosidl_default_generators/cmake)
[0.101s] -- Using all available rosidl_typesupport_c: rosidl_typesupport_fastrtps_c;rosidl_typesupport_introspection_c
[0.103s] -- Found rosidl_adapter: 2.2.3 (/opt/ros/galactic/share/rosidl_adapter/cmake)
[0.206s] -- Using all available rosidl_typesupport_cpp: rosidl_typesupport_fastrtps_cpp;rosidl_typesupport_introspection_cpp
[0.243s] -- Found PythonInterp: /usr/bin/python3 (found version "3.8.10") 
[0.333s] -- Found ament_cmake_ros: 0.9.2 (/opt/ros/galactic/share/ament_cmake_ros/cmake)
[0.420s] -- Using all available rosidl_typesupport_c: rosidl_typesupport_fastrtps_c;rosidl_typesupport_introspection_c
[0.426s] -- Using all available rosidl_typesupport_cpp: rosidl_typesupport_fastrtps_cpp;rosidl_typesupport_introspection_cpp
[0.446s] -- Found PythonInterp: /usr/bin/python3 (found suitable version "3.8.10", minimum required is "3.5") 
[0.447s] -- Found python_cmake_module: 0.8.1 (/opt/ros/galactic/share/python_cmake_module/cmake)
[0.465s] -- Using PYTHON_EXECUTABLE: /usr/bin/python3
[0.465s] -- Using PYTHON_INCLUDE_DIRS: /usr/include/python3.8
[0.465s] -- Using PYTHON_LIBRARIES: /usr/lib/x86_64-linux-gnu/libpython3.8.so
[0.475s] -- Found ament_lint_auto: 0.10.7 (/opt/ros/galactic/share/ament_lint_auto/cmake)
[0.483s] -- Added test 'copyright' to check source files copyright and LICENSE
[0.485s] -- Added test 'lint_cmake' to check CMake code style
[0.486s] -- Added test 'xmllint' to check XML markup files
[0.490s] -- Configuring done
[0.535s] -- Generating done
[0.538s] -- Build files have been written to: /home/tahnt/mech_devel/f1t_mech_ws/build/mech_msg
[0.563s] [  3%] [34m[1mGenerating C code for ROS interfaces[0m
[0.564s] [35m[1mScanning dependencies of target mech_msg__cpp[0m
[0.575s] [  6%] [34m[1mGenerating C++ code for ROS interfaces[0m
[0.729s] [35m[1mScanning dependencies of target mech_msg__rosidl_generator_c[0m
[0.733s] [  6%] Built target mech_msg__cpp
[0.751s] [ 12%] [32mBuilding C object CMakeFiles/mech_msg__rosidl_generator_c.dir/rosidl_generator_c/mech_msg/msg/detail/lat_err__functions.c.o[0m
[0.751s] [  9%] [34m[1mGenerating C++ type support dispatch for ROS interfaces[0m
[0.757s] [ 16%] [34m[1mGenerating C++ type support for eProsima Fast-RTPS[0m
[0.761s] [ 19%] [34m[1mGenerating C++ introspection for ROS interfaces[0m
[0.788s] [ 22%] [32m[1mLinking C shared library libmech_msg__rosidl_generator_c.so[0m
[0.830s] [ 22%] Built target mech_msg__rosidl_generator_c
[0.843s] [ 25%] [34m[1mGenerating C type support dispatch for ROS interfaces[0m
[0.885s] [35m[1mScanning dependencies of target mech_msg__rosidl_typesupport_cpp[0m
[0.900s] [ 29%] [32mBuilding CXX object CMakeFiles/mech_msg__rosidl_typesupport_cpp.dir/rosidl_typesupport_cpp/mech_msg/msg/lat_err__type_support.cpp.o[0m
[0.913s] [35m[1mScanning dependencies of target mech_msg__rosidl_typesupport_fastrtps_cpp[0m
[0.920s] [35m[1mScanning dependencies of target mech_msg__rosidl_typesupport_introspection_cpp[0m
[0.928s] [ 32%] [32mBuilding CXX object CMakeFiles/mech_msg__rosidl_typesupport_fastrtps_cpp.dir/rosidl_typesupport_fastrtps_cpp/mech_msg/msg/detail/dds_fastrtps/lat_err__type_support.cpp.o[0m
[0.965s] [ 35%] [32mBuilding CXX object CMakeFiles/mech_msg__rosidl_typesupport_introspection_cpp.dir/rosidl_typesupport_introspection_cpp/mech_msg/msg/detail/lat_err__type_support.cpp.o[0m
[0.983s] [35m[1mScanning dependencies of target mech_msg__rosidl_typesupport_c[0m
[1.024s] [ 38%] [32mBuilding CXX object CMakeFiles/mech_msg__rosidl_typesupport_c.dir/rosidl_typesupport_c/mech_msg/msg/lat_err__type_support.cpp.o[0m
[1.053s] [ 41%] [32m[1mLinking CXX shared library libmech_msg__rosidl_typesupport_c.so[0m
[1.095s] [ 41%] Built target mech_msg__rosidl_typesupport_c
[1.108s] [ 45%] [34m[1mGenerating C introspection for ROS interfaces[0m
[1.111s] [ 48%] [32m[1mLinking CXX shared library libmech_msg__rosidl_typesupport_cpp.so[0m
[1.155s] [ 48%] Built target mech_msg__rosidl_typesupport_cpp
[1.168s] [ 51%] [32m[1mLinking CXX shared library libmech_msg__rosidl_typesupport_introspection_cpp.so[0m
[1.207s] [ 51%] Built target mech_msg__rosidl_typesupport_introspection_cpp
[1.209s] [ 54%] [32m[1mLinking CXX shared library libmech_msg__rosidl_typesupport_fastrtps_cpp.so[0m
[1.276s] [35m[1mScanning dependencies of target mech_msg__rosidl_typesupport_introspection_c[0m
[1.294s] [ 54%] Built target mech_msg__rosidl_typesupport_fastrtps_cpp
[1.294s] [ 58%] [32mBuilding C object CMakeFiles/mech_msg__rosidl_typesupport_introspection_c.dir/rosidl_typesupport_introspection_c/mech_msg/msg/detail/lat_err__type_support.c.o[0m
[1.304s] [ 61%] [34m[1mGenerating C type support for eProsima Fast-RTPS[0m
[1.324s] [ 64%] [32m[1mLinking C shared library libmech_msg__rosidl_typesupport_introspection_c.so[0m
[1.354s] [ 64%] Built target mech_msg__rosidl_typesupport_introspection_c
[1.455s] [35m[1mScanning dependencies of target mech_msg__rosidl_typesupport_fastrtps_c[0m
[1.471s] [ 67%] [32mBuilding CXX object CMakeFiles/mech_msg__rosidl_typesupport_fastrtps_c.dir/rosidl_typesupport_fastrtps_c/mech_msg/msg/detail/lat_err__type_support_c.cpp.o[0m
[1.710s] [ 70%] [32m[1mLinking CXX shared library libmech_msg__rosidl_typesupport_fastrtps_c.so[0m
[1.783s] [ 70%] Built target mech_msg__rosidl_typesupport_fastrtps_c
[1.803s] [ 70%] Built target mech_msg
[1.814s] [35m[1mScanning dependencies of target mech_msg__py[0m
[1.825s] [ 74%] [34m[1mGenerating Python code for ROS interfaces[0m
[2.085s] [ 74%] Built target mech_msg__py
[2.097s] [35m[1mScanning dependencies of target mech_msg__python[0m
[2.120s] [ 77%] [32mBuilding C object CMakeFiles/mech_msg__python.dir/rosidl_generator_py/mech_msg/msg/_lat_err_s.c.o[0m
[2.189s] [ 80%] [32m[1mLinking C shared library rosidl_generator_py/mech_msg/libmech_msg__python.so[0m
[2.225s] [ 80%] Built target mech_msg__python
[2.237s] [35m[1mScanning dependencies of target mech_msg__rosidl_typesupport_fastrtps_c__pyext[0m
[2.238s] [35m[1mScanning dependencies of target mech_msg__rosidl_typesupport_introspection_c__pyext[0m
[2.247s] [35m[1mScanning dependencies of target mech_msg__rosidl_typesupport_c__pyext[0m
[2.261s] [ 83%] [32mBuilding C object CMakeFiles/mech_msg__rosidl_typesupport_fastrtps_c__pyext.dir/rosidl_generator_py/mech_msg/_mech_msg_s.ep.rosidl_typesupport_fastrtps_c.c.o[0m
[2.269s] [ 87%] [32mBuilding C object CMakeFiles/mech_msg__rosidl_typesupport_introspection_c__pyext.dir/rosidl_generator_py/mech_msg/_mech_msg_s.ep.rosidl_typesupport_introspection_c.c.o[0m
[2.276s] [ 90%] [32mBuilding C object CMakeFiles/mech_msg__rosidl_typesupport_c__pyext.dir/rosidl_generator_py/mech_msg/_mech_msg_s.ep.rosidl_typesupport_c.c.o[0m
[2.339s] [ 93%] [32m[1mLinking C shared library rosidl_generator_py/mech_msg/mech_msg_s__rosidl_typesupport_c.cpython-38-x86_64-linux-gnu.so[0m
[2.340s] [ 96%] [32m[1mLinking CXX shared library rosidl_generator_py/mech_msg/mech_msg_s__rosidl_typesupport_fastrtps_c.cpython-38-x86_64-linux-gnu.so[0m
[2.349s] [100%] [32m[1mLinking C shared library rosidl_generator_py/mech_msg/mech_msg_s__rosidl_typesupport_introspection_c.cpython-38-x86_64-linux-gnu.so[0m
[2.391s] [100%] Built target mech_msg__rosidl_typesupport_introspection_c__pyext
[2.393s] [100%] Built target mech_msg__rosidl_typesupport_c__pyext
[2.401s] [100%] Built target mech_msg__rosidl_typesupport_fastrtps_c__pyext
[2.412s] Invoked command in '/home/tahnt/mech_devel/f1t_mech_ws/build/mech_msg' returned '0': CMAKE_PREFIX_PATH=${CMAKE_PREFIX_PATH}:/opt/ros/galactic /usr/bin/cmake --build /home/tahnt/mech_devel/f1t_mech_ws/build/mech_msg -- -j4 -l4
[2.510s] Invoking command in '/home/tahnt/mech_devel/f1t_mech_ws/build/mech_msg': CMAKE_PREFIX_PATH=${CMAKE_PREFIX_PATH}:/opt/ros/galactic /usr/bin/cmake --install /home/tahnt/mech_devel/f1t_mech_ws/build/mech_msg
[2.519s] -- Install configuration: ""
[2.519s] -- Installing: /home/tahnt/mech_devel/f1t_mech_ws/install/mech_msg/share/ament_index/resource_index/rosidl_interfaces/mech_msg
[2.520s] -- Up-to-date: /home/tahnt/mech_devel/f1t_mech_ws/install/mech_msg/include/mech_msg
[2.520s] -- Up-to-date: /home/tahnt/mech_devel/f1t_mech_ws/install/mech_msg/include/mech_msg/msg
[2.520s] -- Up-to-date: /home/tahnt/mech_devel/f1t_mech_ws/install/mech_msg/include/mech_msg/msg/detail
[2.521s] -- Installing: /home/tahnt/mech_devel/f1t_mech_ws/install/mech_msg/include/mech_msg/msg/detail/lat_err__type_support.h
[2.521s] -- Installing: /home/tahnt/mech_devel/f1t_mech_ws/install/mech_msg/include/mech_msg/msg/detail/lat_err__functions.h
[2.521s] -- Up-to-date: /home/tahnt/mech_devel/f1t_mech_ws/install/mech_msg/include/mech_msg/msg/detail/test__struct.h
[2.521s] -- Up-to-date: /home/tahnt/mech_devel/f1t_mech_ws/install/mech_msg/include/mech_msg/msg/detail/test__type_support.h
[2.521s] -- Up-to-date: /home/tahnt/mech_devel/f1t_mech_ws/install/mech_msg/include/mech_msg/msg/detail/test__functions.h
[2.521s] -- Installing: /home/tahnt/mech_devel/f1t_mech_ws/install/mech_msg/include/mech_msg/msg/detail/lat_err__struct.h
[2.521s] -- Up-to-date: /home/tahnt/mech_devel/f1t_mech_ws/install/mech_msg/include/mech_msg/msg/detail/test__functions.c
[2.521s] -- Installing: /home/tahnt/mech_devel/f1t_mech_ws/install/mech_msg/include/mech_msg/msg/detail/lat_err__functions.c
[2.521s] -- Installing: /home/tahnt/mech_devel/f1t_mech_ws/install/mech_msg/include/mech_msg/msg/lat_err.h
[2.522s] -- Up-to-date: /home/tahnt/mech_devel/f1t_mech_ws/install/mech_msg/include/mech_msg/msg/test.h
[2.522s] -- Up-to-date: /home/tahnt/mech_devel/f1t_mech_ws/install/mech_msg/include/mech_msg/msg/rosidl_generator_c__visibility_control.h
[2.522s] -- Up-to-date: /home/tahnt/mech_devel/f1t_mech_ws/install/mech_msg/share/mech_msg/environment/library_path.sh
[2.522s] -- Installing: /home/tahnt/mech_devel/f1t_mech_ws/install/mech_msg/share/mech_msg/environment/library_path.dsv
[2.523s] -- Installing: /home/tahnt/mech_devel/f1t_mech_ws/install/mech_msg/lib/libmech_msg__rosidl_generator_c.so
[2.524s] -- Set runtime path of "/home/tahnt/mech_devel/f1t_mech_ws/install/mech_msg/lib/libmech_msg__rosidl_generator_c.so" to ""
[2.524s] -- Up-to-date: /home/tahnt/mech_devel/f1t_mech_ws/install/mech_msg/include/mech_msg
[2.524s] -- Up-to-date: /home/tahnt/mech_devel/f1t_mech_ws/install/mech_msg/include/mech_msg/msg
[2.524s] -- Up-to-date: /home/tahnt/mech_devel/f1t_mech_ws/install/mech_msg/include/mech_msg/msg/detail
[2.525s] -- Up-to-date: /home/tahnt/mech_devel/f1t_mech_ws/install/mech_msg/include/mech_msg/msg/detail/test__rosidl_typesupport_fastrtps_c.h
[2.525s] -- Installing: /home/tahnt/mech_devel/f1t_mech_ws/install/mech_msg/include/mech_msg/msg/detail/lat_err__rosidl_typesupport_fastrtps_c.h
[2.525s] -- Up-to-date: /home/tahnt/mech_devel/f1t_mech_ws/install/mech_msg/include/mech_msg/msg/rosidl_typesupport_fastrtps_c__visibility_control.h
[2.525s] -- Installing: /home/tahnt/mech_devel/f1t_mech_ws/install/mech_msg/lib/libmech_msg__rosidl_typesupport_fastrtps_c.so
[2.526s] -- Set runtime path of "/home/tahnt/mech_devel/f1t_mech_ws/install/mech_msg/lib/libmech_msg__rosidl_typesupport_fastrtps_c.so" to ""
[2.526s] -- Up-to-date: /home/tahnt/mech_devel/f1t_mech_ws/install/mech_msg/include/mech_msg
[2.526s] -- Up-to-date: /home/tahnt/mech_devel/f1t_mech_ws/install/mech_msg/include/mech_msg/msg
[2.527s] -- Up-to-date: /home/tahnt/mech_devel/f1t_mech_ws/install/mech_msg/include/mech_msg/msg/detail
[2.527s] -- Up-to-date: /home/tahnt/mech_devel/f1t_mech_ws/install/mech_msg/include/mech_msg/msg/detail/dds_fastrtps
[2.527s] -- Installing: /home/tahnt/mech_devel/f1t_mech_ws/install/mech_msg/include/mech_msg/msg/detail/lat_err__rosidl_typesupport_fastrtps_cpp.hpp
[2.527s] -- Up-to-date: /home/tahnt/mech_devel/f1t_mech_ws/install/mech_msg/include/mech_msg/msg/detail/test__rosidl_typesupport_fastrtps_cpp.hpp
[2.527s] -- Up-to-date: /home/tahnt/mech_devel/f1t_mech_ws/install/mech_msg/include/mech_msg/msg/rosidl_typesupport_fastrtps_cpp__visibility_control.h
[2.528s] -- Installing: /home/tahnt/mech_devel/f1t_mech_ws/install/mech_msg/lib/libmech_msg__rosidl_typesupport_fastrtps_cpp.so
[2.528s] -- Set runtime path of "/home/tahnt/mech_devel/f1t_mech_ws/install/mech_msg/lib/libmech_msg__rosidl_typesupport_fastrtps_cpp.so" to ""
[2.528s] -- Up-to-date: /home/tahnt/mech_devel/f1t_mech_ws/install/mech_msg/include/mech_msg
[2.529s] -- Up-to-date: /home/tahnt/mech_devel/f1t_mech_ws/install/mech_msg/include/mech_msg/msg
[2.529s] -- Up-to-date: /home/tahnt/mech_devel/f1t_mech_ws/install/mech_msg/include/mech_msg/msg/detail
[2.529s] -- Installing: /home/tahnt/mech_devel/f1t_mech_ws/install/mech_msg/include/mech_msg/msg/detail/lat_err__type_support.c
[2.529s] -- Up-to-date: /home/tahnt/mech_devel/f1t_mech_ws/install/mech_msg/include/mech_msg/msg/detail/test__type_support.c
[2.529s] -- Installing: /home/tahnt/mech_devel/f1t_mech_ws/install/mech_msg/include/mech_msg/msg/detail/lat_err__rosidl_typesupport_introspection_c.h
[2.530s] -- Up-to-date: /home/tahnt/mech_devel/f1t_mech_ws/install/mech_msg/include/mech_msg/msg/detail/test__rosidl_typesupport_introspection_c.h
[2.530s] -- Up-to-date: /home/tahnt/mech_devel/f1t_mech_ws/install/mech_msg/include/mech_msg/msg/rosidl_typesupport_introspection_c__visibility_control.h
[2.530s] -- Installing: /home/tahnt/mech_devel/f1t_mech_ws/install/mech_msg/lib/libmech_msg__rosidl_typesupport_introspection_c.so
[2.531s] -- Set runtime path of "/home/tahnt/mech_devel/f1t_mech_ws/install/mech_msg/lib/libmech_msg__rosidl_typesupport_introspection_c.so" to ""
[2.532s] -- Installing: /home/tahnt/mech_devel/f1t_mech_ws/install/mech_msg/lib/libmech_msg__rosidl_typesupport_c.so
[2.532s] -- Set runtime path of "/home/tahnt/mech_devel/f1t_mech_ws/install/mech_msg/lib/libmech_msg__rosidl_typesupport_c.so" to ""
[2.532s] -- Up-to-date: /home/tahnt/mech_devel/f1t_mech_ws/install/mech_msg/include/mech_msg
[2.532s] -- Up-to-date: /home/tahnt/mech_devel/f1t_mech_ws/install/mech_msg/include/mech_msg/msg
[2.533s] -- Up-to-date: /home/tahnt/mech_devel/f1t_mech_ws/install/mech_msg/include/mech_msg/msg/detail
[2.533s] -- Up-to-date: /home/tahnt/mech_devel/f1t_mech_ws/install/mech_msg/include/mech_msg/msg/detail/test__builder.hpp
[2.533s] -- Installing: /home/tahnt/mech_devel/f1t_mech_ws/install/mech_msg/include/mech_msg/msg/detail/lat_err__struct.hpp
[2.533s] -- Installing: /home/tahnt/mech_devel/f1t_mech_ws/install/mech_msg/include/mech_msg/msg/detail/lat_err__builder.hpp
[2.534s] -- Up-to-date: /home/tahnt/mech_devel/f1t_mech_ws/install/mech_msg/include/mech_msg/msg/detail/test__struct.hpp
[2.534s] -- Up-to-date: /home/tahnt/mech_devel/f1t_mech_ws/install/mech_msg/include/mech_msg/msg/detail/test__traits.hpp
[2.534s] -- Installing: /home/tahnt/mech_devel/f1t_mech_ws/install/mech_msg/include/mech_msg/msg/detail/lat_err__traits.hpp
[2.534s] -- Installing: /home/tahnt/mech_devel/f1t_mech_ws/install/mech_msg/include/mech_msg/msg/lat_err.hpp
[2.534s] -- Up-to-date: /home/tahnt/mech_devel/f1t_mech_ws/install/mech_msg/include/mech_msg/msg/test.hpp
[2.535s] -- Up-to-date: /home/tahnt/mech_devel/f1t_mech_ws/install/mech_msg/include/mech_msg
[2.535s] -- Up-to-date: /home/tahnt/mech_devel/f1t_mech_ws/install/mech_msg/include/mech_msg/msg
[2.535s] -- Up-to-date: /home/tahnt/mech_devel/f1t_mech_ws/install/mech_msg/include/mech_msg/msg/detail
[2.535s] -- Up-to-date: /home/tahnt/mech_devel/f1t_mech_ws/install/mech_msg/include/mech_msg/msg/detail/test__type_support.cpp
[2.535s] -- Installing: /home/tahnt/mech_devel/f1t_mech_ws/install/mech_msg/include/mech_msg/msg/detail/lat_err__rosidl_typesupport_introspection_cpp.hpp
[2.535s] -- Up-to-date: /home/tahnt/mech_devel/f1t_mech_ws/install/mech_msg/include/mech_msg/msg/detail/test__rosidl_typesupport_introspection_cpp.hpp
[2.536s] -- Installing: /home/tahnt/mech_devel/f1t_mech_ws/install/mech_msg/include/mech_msg/msg/detail/lat_err__type_support.cpp
[2.536s] -- Installing: /home/tahnt/mech_devel/f1t_mech_ws/install/mech_msg/lib/libmech_msg__rosidl_typesupport_introspection_cpp.so
[2.537s] -- Set runtime path of "/home/tahnt/mech_devel/f1t_mech_ws/install/mech_msg/lib/libmech_msg__rosidl_typesupport_introspection_cpp.so" to ""
[2.537s] -- Installing: /home/tahnt/mech_devel/f1t_mech_ws/install/mech_msg/lib/libmech_msg__rosidl_typesupport_cpp.so
[2.538s] -- Set runtime path of "/home/tahnt/mech_devel/f1t_mech_ws/install/mech_msg/lib/libmech_msg__rosidl_typesupport_cpp.so" to ""
[2.538s] -- Up-to-date: /home/tahnt/mech_devel/f1t_mech_ws/install/mech_msg/share/mech_msg/environment/pythonpath.sh
[2.538s] -- Installing: /home/tahnt/mech_devel/f1t_mech_ws/install/mech_msg/share/mech_msg/environment/pythonpath.dsv
[2.539s] -- Installing: /home/tahnt/mech_devel/f1t_mech_ws/install/mech_msg/lib/python3.8/site-packages/mech_msg/__init__.py
[2.563s] Compiling '/home/tahnt/mech_devel/f1t_mech_ws/install/mech_msg/lib/python3.8/site-packages/mech_msg/__init__.py'...
[2.566s] -- Up-to-date: /home/tahnt/mech_devel/f1t_mech_ws/install/mech_msg/lib/python3.8/site-packages/mech_msg/msg
[2.566s] -- Up-to-date: /home/tahnt/mech_devel/f1t_mech_ws/install/mech_msg/lib/python3.8/site-packages/mech_msg/msg/_test_s.c
[2.566s] -- Installing: /home/tahnt/mech_devel/f1t_mech_ws/install/mech_msg/lib/python3.8/site-packages/mech_msg/msg/_lat_err.py
[2.567s] -- Up-to-date: /home/tahnt/mech_devel/f1t_mech_ws/install/mech_msg/lib/python3.8/site-packages/mech_msg/msg/_test.py
[2.567s] -- Installing: /home/tahnt/mech_devel/f1t_mech_ws/install/mech_msg/lib/python3.8/site-packages/mech_msg/msg/_lat_err_s.c
[2.567s] -- Installing: /home/tahnt/mech_devel/f1t_mech_ws/install/mech_msg/lib/python3.8/site-packages/mech_msg/msg/__init__.py
[2.567s] -- Installing: /home/tahnt/mech_devel/f1t_mech_ws/install/mech_msg/lib/python3.8/site-packages/mech_msg/mech_msg_s__rosidl_typesupport_fastrtps_c.cpython-38-x86_64-linux-gnu.so
[2.568s] -- Set runtime path of "/home/tahnt/mech_devel/f1t_mech_ws/install/mech_msg/lib/python3.8/site-packages/mech_msg/mech_msg_s__rosidl_typesupport_fastrtps_c.cpython-38-x86_64-linux-gnu.so" to ""
[2.569s] -- Installing: /home/tahnt/mech_devel/f1t_mech_ws/install/mech_msg/lib/python3.8/site-packages/mech_msg/mech_msg_s__rosidl_typesupport_introspection_c.cpython-38-x86_64-linux-gnu.so
[2.570s] -- Set runtime path of "/home/tahnt/mech_devel/f1t_mech_ws/install/mech_msg/lib/python3.8/site-packages/mech_msg/mech_msg_s__rosidl_typesupport_introspection_c.cpython-38-x86_64-linux-gnu.so" to ""
[2.570s] -- Installing: /home/tahnt/mech_devel/f1t_mech_ws/install/mech_msg/lib/python3.8/site-packages/mech_msg/mech_msg_s__rosidl_typesupport_c.cpython-38-x86_64-linux-gnu.so
[2.571s] -- Set runtime path of "/home/tahnt/mech_devel/f1t_mech_ws/install/mech_msg/lib/python3.8/site-packages/mech_msg/mech_msg_s__rosidl_typesupport_c.cpython-38-x86_64-linux-gnu.so" to ""
[2.571s] -- Installing: /home/tahnt/mech_devel/f1t_mech_ws/install/mech_msg/lib/libmech_msg__python.so
[2.572s] -- Set runtime path of "/home/tahnt/mech_devel/f1t_mech_ws/install/mech_msg/lib/libmech_msg__python.so" to ""
[2.572s] -- Installing: /home/tahnt/mech_devel/f1t_mech_ws/install/mech_msg/share/mech_msg/msg/LatErr.idl
[2.572s] -- Installing: /home/tahnt/mech_devel/f1t_mech_ws/install/mech_msg/share/mech_msg/msg/LatErr.msg
[2.573s] -- Up-to-date: /home/tahnt/mech_devel/f1t_mech_ws/install/mech_msg/share/ament_index/resource_index/package_run_dependencies/mech_msg
[2.573s] -- Up-to-date: /home/tahnt/mech_devel/f1t_mech_ws/install/mech_msg/share/ament_index/resource_index/parent_prefix_path/mech_msg
[2.573s] -- Up-to-date: /home/tahnt/mech_devel/f1t_mech_ws/install/mech_msg/share/mech_msg/environment/ament_prefix_path.sh
[2.573s] -- Installing: /home/tahnt/mech_devel/f1t_mech_ws/install/mech_msg/share/mech_msg/environment/ament_prefix_path.dsv
[2.574s] -- Up-to-date: /home/tahnt/mech_devel/f1t_mech_ws/install/mech_msg/share/mech_msg/environment/path.sh
[2.574s] -- Installing: /home/tahnt/mech_devel/f1t_mech_ws/install/mech_msg/share/mech_msg/environment/path.dsv
[2.574s] -- Up-to-date: /home/tahnt/mech_devel/f1t_mech_ws/install/mech_msg/share/mech_msg/local_setup.bash
[2.575s] -- Up-to-date: /home/tahnt/mech_devel/f1t_mech_ws/install/mech_msg/share/mech_msg/local_setup.sh
[2.575s] -- Up-to-date: /home/tahnt/mech_devel/f1t_mech_ws/install/mech_msg/share/mech_msg/local_setup.zsh
[2.575s] -- Installing: /home/tahnt/mech_devel/f1t_mech_ws/install/mech_msg/share/mech_msg/local_setup.dsv
[2.575s] -- Installing: /home/tahnt/mech_devel/f1t_mech_ws/install/mech_msg/share/mech_msg/package.dsv
[2.576s] -- Up-to-date: /home/tahnt/mech_devel/f1t_mech_ws/install/mech_msg/share/ament_index/resource_index/packages/mech_msg
[2.576s] -- Up-to-date: /home/tahnt/mech_devel/f1t_mech_ws/install/mech_msg/share/mech_msg/cmake/mech_msg__rosidl_generator_cExport.cmake
[2.576s] -- Installing: /home/tahnt/mech_devel/f1t_mech_ws/install/mech_msg/share/mech_msg/cmake/mech_msg__rosidl_generator_cExport-noconfig.cmake
[2.577s] -- Up-to-date: /home/tahnt/mech_devel/f1t_mech_ws/install/mech_msg/share/mech_msg/cmake/mech_msg__rosidl_typesupport_introspection_cExport.cmake
[2.577s] -- Installing: /home/tahnt/mech_devel/f1t_mech_ws/install/mech_msg/share/mech_msg/cmake/mech_msg__rosidl_typesupport_introspection_cExport-noconfig.cmake
[2.577s] -- Up-to-date: /home/tahnt/mech_devel/f1t_mech_ws/install/mech_msg/share/mech_msg/cmake/mech_msg__rosidl_typesupport_cExport.cmake
[2.578s] -- Installing: /home/tahnt/mech_devel/f1t_mech_ws/install/mech_msg/share/mech_msg/cmake/mech_msg__rosidl_typesupport_cExport-noconfig.cmake
[2.578s] -- Up-to-date: /home/tahnt/mech_devel/f1t_mech_ws/install/mech_msg/share/mech_msg/cmake/mech_msg__rosidl_generator_cppExport.cmake
[2.578s] -- Up-to-date: /home/tahnt/mech_devel/f1t_mech_ws/install/mech_msg/share/mech_msg/cmake/mech_msg__rosidl_typesupport_introspection_cppExport.cmake
[2.579s] -- Installing: /home/tahnt/mech_devel/f1t_mech_ws/install/mech_msg/share/mech_msg/cmake/mech_msg__rosidl_typesupport_introspection_cppExport-noconfig.cmake
[2.579s] -- Up-to-date: /home/tahnt/mech_devel/f1t_mech_ws/install/mech_msg/share/mech_msg/cmake/mech_msg__rosidl_typesupport_cppExport.cmake
[2.579s] -- Installing: /home/tahnt/mech_devel/f1t_mech_ws/install/mech_msg/share/mech_msg/cmake/mech_msg__rosidl_typesupport_cppExport-noconfig.cmake
[2.580s] -- Installing: /home/tahnt/mech_devel/f1t_mech_ws/install/mech_msg/share/mech_msg/cmake/rosidl_cmake-extras.cmake
[2.580s] -- Up-to-date: /home/tahnt/mech_devel/f1t_mech_ws/install/mech_msg/share/mech_msg/cmake/ament_cmake_export_dependencies-extras.cmake
[2.580s] -- Up-to-date: /home/tahnt/mech_devel/f1t_mech_ws/install/mech_msg/share/mech_msg/cmake/ament_cmake_export_libraries-extras.cmake
[2.581s] -- Up-to-date: /home/tahnt/mech_devel/f1t_mech_ws/install/mech_msg/share/mech_msg/cmake/ament_cmake_export_targets-extras.cmake
[2.581s] -- Up-to-date: /home/tahnt/mech_devel/f1t_mech_ws/install/mech_msg/share/mech_msg/cmake/ament_cmake_export_include_directories-extras.cmake
[2.581s] -- Up-to-date: /home/tahnt/mech_devel/f1t_mech_ws/install/mech_msg/share/mech_msg/cmake/rosidl_cmake_export_typesupport_libraries-extras.cmake
[2.581s] -- Up-to-date: /home/tahnt/mech_devel/f1t_mech_ws/install/mech_msg/share/mech_msg/cmake/rosidl_cmake_export_typesupport_targets-extras.cmake
[2.582s] -- Up-to-date: /home/tahnt/mech_devel/f1t_mech_ws/install/mech_msg/share/mech_msg/cmake/mech_msgConfig.cmake
[2.582s] -- Up-to-date: /home/tahnt/mech_devel/f1t_mech_ws/install/mech_msg/share/mech_msg/cmake/mech_msgConfig-version.cmake
[2.582s] -- Up-to-date: /home/tahnt/mech_devel/f1t_mech_ws/install/mech_msg/share/mech_msg/package.xml
[2.585s] Invoked command in '/home/tahnt/mech_devel/f1t_mech_ws/build/mech_msg' returned '0': CMAKE_PREFIX_PATH=${CMAKE_PREFIX_PATH}:/opt/ros/galactic /usr/bin/cmake --install /home/tahnt/mech_devel/f1t_mech_ws/build/mech_msg
