[0.110s] Invoking command in '/home/f1t/mech_devel/f1t_mech_ws/build/img_proc': CMAKE_PREFIX_PATH=${CMAKE_PREFIX_PATH}:/opt/ros/galactic /usr/bin/cmake --build /home/f1t/mech_devel/f1t_mech_ws/build/img_proc -- -j6 -l6
[0.284s] -- Found ament_cmake: 1.1.6 (/opt/ros/galactic/share/ament_cmake/cmake)
[0.408s] -- Using PYTHON_EXECUTABLE: /usr/bin/python3
[0.768s] -- Found rclcpp: 9.2.2 (/opt/ros/galactic/share/rclcpp/cmake)
[0.990s] -- Using single rosidl_typesupport_c: rosidl_typesupport_introspection_c
[1.011s] -- Found rosidl_adapter: 2.2.3 (/opt/ros/galactic/share/rosidl_adapter/cmake)
[1.111s] -- Using single rosidl_typesupport_cpp: rosidl_typesupport_introspection_cpp
[1.414s] -- Found rmw_implementation_cmake: 3.3.1 (/opt/ros/galactic/share/rmw_implementation_cmake/cmake)
[1.422s] -- Found rmw_cyclonedds_cpp: 0.22.6 (/opt/ros/galactic/share/rmw_cyclonedds_cpp/cmake)
[1.518s] -- Using RMW implementation 'rmw_cyclonedds_cpp' as default
[2.225s] -- Found sensor_msgs: 2.2.4 (/opt/ros/galactic/share/sensor_msgs/cmake)
[2.742s] -- Found cv_bridge: 3.1.3 (/opt/ros/galactic/share/cv_bridge/cmake)
[2.846s] -- Found NumCpp: /usr/local/include (found version 2.12.1)
[2.868s] CMake Error at CMakeLists.txt:26 (target_link_libraries):
[2.868s]   Cannot specify link libraries for target "img_proc" which is not built by
[2.869s]   this project.
[2.869s] 
[2.870s] 
[2.881s] -- Configuring incomplete, errors occurred!
[2.881s] See also "/home/f1t/mech_devel/f1t_mech_ws/build/img_proc/CMakeFiles/CMakeOutput.log".
[2.882s] See also "/home/f1t/mech_devel/f1t_mech_ws/build/img_proc/CMakeFiles/CMakeError.log".
[2.908s] make: *** [Makefile:266: cmake_check_build_system] Error 1
[2.922s] Invoked command in '/home/f1t/mech_devel/f1t_mech_ws/build/img_proc' returned '2': CMAKE_PREFIX_PATH=${CMAKE_PREFIX_PATH}:/opt/ros/galactic /usr/bin/cmake --build /home/f1t/mech_devel/f1t_mech_ws/build/img_proc -- -j6 -l6
