[0.113s] Invoking command in '/home/f1t/mech_devel/f1t_mech_ws/build/img_proc': CMAKE_PREFIX_PATH=${CMAKE_PREFIX_PATH}:/opt/ros/galactic /usr/bin/cmake --build /home/f1t/mech_devel/f1t_mech_ws/build/img_proc -- -j6 -l6
[0.376s] [35m[1mScanning dependencies of target img_proc_node[0m
[0.708s] [ 50%] [32mBuilding CXX object CMakeFiles/img_proc_node.dir/src/img_proc_node.cpp.o[0m
[43.418s] [100%] [32m[1mLinking CXX executable img_proc_node[0m
[46.183s] /usr/bin/ld: warning: libopencv_imgproc.so.4.2, needed by /opt/ros/galactic/lib/libcv_bridge.so, may conflict with libopencv_imgproc.so.4.5
[46.188s] /usr/bin/ld: warning: libopencv_core.so.4.2, needed by /opt/ros/galactic/lib/libcv_bridge.so, may conflict with libopencv_core.so.4.5
[46.374s] [100%] Built target img_proc_node
[46.539s] Invoked command in '/home/f1t/mech_devel/f1t_mech_ws/build/img_proc' returned '0': CMAKE_PREFIX_PATH=${CMAKE_PREFIX_PATH}:/opt/ros/galactic /usr/bin/cmake --build /home/f1t/mech_devel/f1t_mech_ws/build/img_proc -- -j6 -l6
[46.752s] Invoking command in '/home/f1t/mech_devel/f1t_mech_ws/build/img_proc': CMAKE_PREFIX_PATH=${CMAKE_PREFIX_PATH}:/opt/ros/galactic /usr/bin/cmake --install /home/f1t/mech_devel/f1t_mech_ws/build/img_proc
[46.792s] -- Install configuration: ""
[46.794s] -- Installing: /home/f1t/mech_devel/f1t_mech_ws/install/img_proc/lib/img_proc/img_proc_node
[46.835s] -- Set runtime path of "/home/f1t/mech_devel/f1t_mech_ws/install/img_proc/lib/img_proc/img_proc_node" to ""
[46.836s] -- Up-to-date: /home/f1t/mech_devel/f1t_mech_ws/install/img_proc/share/img_proc/launch
[46.837s] -- Up-to-date: /home/f1t/mech_devel/f1t_mech_ws/install/img_proc/share/img_proc/launch/img_proc_launch.py
[46.840s] -- Up-to-date: /home/f1t/mech_devel/f1t_mech_ws/install/img_proc/share/ament_index/resource_index/package_run_dependencies/img_proc
[46.841s] -- Up-to-date: /home/f1t/mech_devel/f1t_mech_ws/install/img_proc/share/ament_index/resource_index/parent_prefix_path/img_proc
[46.842s] -- Up-to-date: /home/f1t/mech_devel/f1t_mech_ws/install/img_proc/share/img_proc/environment/ament_prefix_path.sh
[46.843s] -- Up-to-date: /home/f1t/mech_devel/f1t_mech_ws/install/img_proc/share/img_proc/environment/ament_prefix_path.dsv
[46.844s] -- Up-to-date: /home/f1t/mech_devel/f1t_mech_ws/install/img_proc/share/img_proc/environment/path.sh
[46.845s] -- Up-to-date: /home/f1t/mech_devel/f1t_mech_ws/install/img_proc/share/img_proc/environment/path.dsv
[46.846s] -- Up-to-date: /home/f1t/mech_devel/f1t_mech_ws/install/img_proc/share/img_proc/local_setup.bash
[46.846s] -- Up-to-date: /home/f1t/mech_devel/f1t_mech_ws/install/img_proc/share/img_proc/local_setup.sh
[46.847s] -- Up-to-date: /home/f1t/mech_devel/f1t_mech_ws/install/img_proc/share/img_proc/local_setup.zsh
[46.848s] -- Up-to-date: /home/f1t/mech_devel/f1t_mech_ws/install/img_proc/share/img_proc/local_setup.dsv
[46.849s] -- Installing: /home/f1t/mech_devel/f1t_mech_ws/install/img_proc/share/img_proc/package.dsv
[46.849s] -- Up-to-date: /home/f1t/mech_devel/f1t_mech_ws/install/img_proc/share/ament_index/resource_index/packages/img_proc
[46.851s] -- Up-to-date: /home/f1t/mech_devel/f1t_mech_ws/install/img_proc/share/img_proc/cmake/img_procConfig.cmake
[46.852s] -- Up-to-date: /home/f1t/mech_devel/f1t_mech_ws/install/img_proc/share/img_proc/cmake/img_procConfig-version.cmake
[46.852s] -- Up-to-date: /home/f1t/mech_devel/f1t_mech_ws/install/img_proc/share/img_proc/package.xml
[46.877s] Invoked command in '/home/f1t/mech_devel/f1t_mech_ws/build/img_proc' returned '0': CMAKE_PREFIX_PATH=${CMAKE_PREFIX_PATH}:/opt/ros/galactic /usr/bin/cmake --install /home/f1t/mech_devel/f1t_mech_ws/build/img_proc
