[0.011s] Invoking command in '/home/tahnt/mech_devel/f1t_mech_ws/build/img_proc': /usr/bin/cmake /home/tahnt/mech_devel/f1t_mech_ws/src/img_proc -DCMAKE_INSTALL_PREFIX=/home/tahnt/mech_devel/f1t_mech_ws/install/img_proc
[0.101s] -- The C compiler identification is GNU 9.4.0
[0.175s] -- The CXX compiler identification is GNU 9.4.0
[0.185s] -- Check for working C compiler: /usr/bin/cc
[0.255s] -- Check for working C compiler: /usr/bin/cc -- works
[0.257s] -- Detecting C compiler ABI info
[0.321s] -- Detecting C compiler ABI info - done
[0.328s] -- Detecting C compile features
[0.329s] -- Detecting C compile features - done
[0.331s] -- Check for working CXX compiler: /usr/bin/c++
[0.405s] -- Check for working CXX compiler: /usr/bin/c++ -- works
[0.405s] -- Detecting CXX compiler ABI info
[0.487s] -- Detecting CXX compiler ABI info - done
[0.493s] -- Detecting CXX compile features
[0.494s] -- Detecting CXX compile features - done
[0.501s] CMake Error at CMakeLists.txt:9 (find_package):
[0.501s]   By not providing "Findament_cmake.cmake" in CMAKE_MODULE_PATH this project
[0.501s]   has asked CMake to find a package configuration file provided by
[0.501s]   "ament_cmake", but CMake did not find one.
[0.501s] 
[0.502s]   Could not find a package configuration file provided by "ament_cmake" with
[0.502s]   any of the following names:
[0.502s] 
[0.502s]     ament_cmakeConfig.cmake
[0.502s]     ament_cmake-config.cmake
[0.502s] 
[0.502s]   Add the installation prefix of "ament_cmake" to CMAKE_PREFIX_PATH or set
[0.502s]   "ament_cmake_DIR" to a directory containing one of the above files.  If
[0.502s]   "ament_cmake" provides a separate development package or SDK, be sure it
[0.502s]   has been installed.
[0.502s] 
[0.502s] 
[0.502s] -- Configuring incomplete, errors occurred!
[0.502s] See also "/home/tahnt/mech_devel/f1t_mech_ws/build/img_proc/CMakeFiles/CMakeOutput.log".
[0.506s] Invoked command in '/home/tahnt/mech_devel/f1t_mech_ws/build/img_proc' returned '1': /usr/bin/cmake /home/tahnt/mech_devel/f1t_mech_ws/src/img_proc -DCMAKE_INSTALL_PREFIX=/home/tahnt/mech_devel/f1t_mech_ws/install/img_proc
