[4.965s] DEBUG:colcon:Command line arguments: ['/usr/bin/colcon', 'build']
[4.965s] DEBUG:colcon:Parsed command line arguments: Namespace(allow_overriding=[], ament_cmake_args=None, base_paths=['.'], build_base='build', catkin_cmake_args=None, catkin_skip_building_tests=False, cmake_args=None, cmake_clean_cache=False, cmake_clean_first=False, cmake_force_configure=False, cmake_target=None, cmake_target_skip_unavailable=False, continue_on_error=False, event_handlers=None, executor='parallel', ignore_user_meta=False, install_base='install', log_base=None, log_level=None, main=<bound method BuildVerb.main of <colcon_core.verb.build.BuildVerb object at 0xffffb6c6f970>>, merge_install=False, metas=['./colcon.meta'], packages_above=None, packages_above_and_dependencies=None, packages_above_depth=None, packages_end=None, packages_ignore=None, packages_ignore_regex=None, packages_select=None, packages_select_build_failed=False, packages_select_by_dep=None, packages_select_regex=None, packages_select_test_failures=False, packages_skip=None, packages_skip_build_finished=False, packages_skip_by_dep=None, packages_skip_regex=None, packages_skip_test_passed=False, packages_skip_up_to=None, packages_start=None, packages_up_to=None, packages_up_to_regex=None, parallel_workers=6, paths=None, symlink_install=False, test_result_base=None, verb_extension=<colcon_core.verb.build.BuildVerb object at 0xffffb6c6f970>, verb_name='build', verb_parser=<colcon_defaults.argument_parser.defaults.DefaultArgumentsDecorator object at 0xffffb6c6fee0>)
[5.437s] Level 1:colcon.colcon_core.package_discovery:discover_packages(colcon_meta) check parameters
[5.437s] Level 1:colcon.colcon_core.package_discovery:discover_packages(recursive) check parameters
[5.438s] Level 1:colcon.colcon_core.package_discovery:discover_packages(ignore) check parameters
[5.438s] Level 1:colcon.colcon_core.package_discovery:discover_packages(path) check parameters
[5.438s] Level 1:colcon.colcon_core.package_discovery:discover_packages(colcon_meta) discover
[5.439s] Level 1:colcon.colcon_core.package_discovery:discover_packages(recursive) discover
[5.439s] INFO:colcon.colcon_core.package_discovery:Crawling recursively for packages in '/home/f1t/mech_devel/f1t_mech_ws'
[5.440s] Level 1:colcon.colcon_core.package_identification:_identify(.) by extensions ['ignore', 'ignore_ament_install']
[5.440s] Level 1:colcon.colcon_core.package_identification:_identify(.) by extension 'ignore'
[5.440s] Level 1:colcon.colcon_core.package_identification:_identify(.) by extension 'ignore_ament_install'
[5.441s] Level 1:colcon.colcon_core.package_identification:_identify(.) by extensions ['colcon_pkg']
[5.441s] Level 1:colcon.colcon_core.package_identification:_identify(.) by extension 'colcon_pkg'
[5.441s] Level 1:colcon.colcon_core.package_identification:_identify(.) by extensions ['colcon_meta']
[5.441s] Level 1:colcon.colcon_core.package_identification:_identify(.) by extension 'colcon_meta'
[5.442s] Level 1:colcon.colcon_core.package_identification:_identify(.) by extensions ['ros']
[5.442s] Level 1:colcon.colcon_core.package_identification:_identify(.) by extension 'ros'
[5.843s] Level 1:colcon.colcon_core.package_identification:_identify(.) by extensions ['cmake', 'python']
[5.844s] Level 1:colcon.colcon_core.package_identification:_identify(.) by extension 'cmake'
[5.844s] Level 1:colcon.colcon_core.package_identification:_identify(.) by extension 'python'
[5.844s] Level 1:colcon.colcon_core.package_identification:_identify(.) by extensions ['python_setup_py']
[5.845s] Level 1:colcon.colcon_core.package_identification:_identify(.) by extension 'python_setup_py'
[5.846s] Level 1:colcon.colcon_core.package_identification:_identify(build) by extensions ['ignore', 'ignore_ament_install']
[5.846s] Level 1:colcon.colcon_core.package_identification:_identify(build) by extension 'ignore'
[5.847s] Level 1:colcon.colcon_core.package_identification:_identify(build) ignored
[5.848s] Level 1:colcon.colcon_core.package_identification:_identify(install) by extensions ['ignore', 'ignore_ament_install']
[5.848s] Level 1:colcon.colcon_core.package_identification:_identify(install) by extension 'ignore'
[5.849s] Level 1:colcon.colcon_core.package_identification:_identify(install) ignored
[5.849s] Level 1:colcon.colcon_core.package_identification:_identify(log) by extensions ['ignore', 'ignore_ament_install']
[5.850s] Level 1:colcon.colcon_core.package_identification:_identify(log) by extension 'ignore'
[5.850s] Level 1:colcon.colcon_core.package_identification:_identify(log) ignored
[5.851s] Level 1:colcon.colcon_core.package_identification:_identify(src) by extensions ['ignore', 'ignore_ament_install']
[5.852s] Level 1:colcon.colcon_core.package_identification:_identify(src) by extension 'ignore'
[5.852s] Level 1:colcon.colcon_core.package_identification:_identify(src) by extension 'ignore_ament_install'
[5.852s] Level 1:colcon.colcon_core.package_identification:_identify(src) by extensions ['colcon_pkg']
[5.853s] Level 1:colcon.colcon_core.package_identification:_identify(src) by extension 'colcon_pkg'
[5.853s] Level 1:colcon.colcon_core.package_identification:_identify(src) by extensions ['colcon_meta']
[5.853s] Level 1:colcon.colcon_core.package_identification:_identify(src) by extension 'colcon_meta'
[5.853s] Level 1:colcon.colcon_core.package_identification:_identify(src) by extensions ['ros']
[5.854s] Level 1:colcon.colcon_core.package_identification:_identify(src) by extension 'ros'
[5.854s] Level 1:colcon.colcon_core.package_identification:_identify(src) by extensions ['cmake', 'python']
[5.854s] Level 1:colcon.colcon_core.package_identification:_identify(src) by extension 'cmake'
[5.855s] Level 1:colcon.colcon_core.package_identification:_identify(src) by extension 'python'
[5.855s] Level 1:colcon.colcon_core.package_identification:_identify(src) by extensions ['python_setup_py']
[5.855s] Level 1:colcon.colcon_core.package_identification:_identify(src) by extension 'python_setup_py'
[5.856s] Level 1:colcon.colcon_core.package_identification:_identify(src/img_proc) by extensions ['ignore', 'ignore_ament_install']
[5.857s] Level 1:colcon.colcon_core.package_identification:_identify(src/img_proc) by extension 'ignore'
[5.857s] Level 1:colcon.colcon_core.package_identification:_identify(src/img_proc) by extension 'ignore_ament_install'
[5.857s] Level 1:colcon.colcon_core.package_identification:_identify(src/img_proc) by extensions ['colcon_pkg']
[5.858s] Level 1:colcon.colcon_core.package_identification:_identify(src/img_proc) by extension 'colcon_pkg'
[5.858s] Level 1:colcon.colcon_core.package_identification:_identify(src/img_proc) by extensions ['colcon_meta']
[5.858s] Level 1:colcon.colcon_core.package_identification:_identify(src/img_proc) by extension 'colcon_meta'
[5.859s] Level 1:colcon.colcon_core.package_identification:_identify(src/img_proc) by extensions ['ros']
[5.859s] Level 1:colcon.colcon_core.package_identification:_identify(src/img_proc) by extension 'ros'
[6.014s] DEBUG:colcon.colcon_core.package_identification:Package 'src/img_proc' with type 'ros.ament_cmake' and name 'img_proc'
[6.014s] Level 1:colcon.colcon_core.package_discovery:discover_packages(recursive) using defaults
[6.014s] Level 1:colcon.colcon_core.package_discovery:discover_packages(ignore) discover
[6.015s] Level 1:colcon.colcon_core.package_discovery:discover_packages(ignore) using defaults
[6.015s] Level 1:colcon.colcon_core.package_discovery:discover_packages(path) discover
[6.015s] Level 1:colcon.colcon_core.package_discovery:discover_packages(path) using defaults
[6.843s] Level 1:colcon.colcon_core.package_discovery:discover_packages(prefix_path) check parameters
[6.844s] Level 1:colcon.colcon_core.package_discovery:discover_packages(prefix_path) discover
[6.865s] DEBUG:colcon.colcon_installed_package_information.package_discovery:Found 1 installed packages in /home/f1t/mech_devel/f1t_mech_ws/install
[6.877s] DEBUG:colcon.colcon_installed_package_information.package_discovery:Found 228 installed packages in /opt/ros/galactic
[6.885s] Level 1:colcon.colcon_core.package_discovery:discover_packages(prefix_path) using defaults
[7.782s] Level 5:colcon.colcon_core.verb:set package 'img_proc' build argument 'cmake_args' from command line to 'None'
[7.782s] Level 5:colcon.colcon_core.verb:set package 'img_proc' build argument 'cmake_target' from command line to 'None'
[7.783s] Level 5:colcon.colcon_core.verb:set package 'img_proc' build argument 'cmake_target_skip_unavailable' from command line to 'False'
[7.783s] Level 5:colcon.colcon_core.verb:set package 'img_proc' build argument 'cmake_clean_cache' from command line to 'False'
[7.783s] Level 5:colcon.colcon_core.verb:set package 'img_proc' build argument 'cmake_clean_first' from command line to 'False'
[7.783s] Level 5:colcon.colcon_core.verb:set package 'img_proc' build argument 'cmake_force_configure' from command line to 'False'
[7.784s] Level 5:colcon.colcon_core.verb:set package 'img_proc' build argument 'ament_cmake_args' from command line to 'None'
[7.784s] Level 5:colcon.colcon_core.verb:set package 'img_proc' build argument 'catkin_cmake_args' from command line to 'None'
[7.784s] Level 5:colcon.colcon_core.verb:set package 'img_proc' build argument 'catkin_skip_building_tests' from command line to 'False'
[7.784s] DEBUG:colcon.colcon_core.verb:Building package 'img_proc' with the following arguments: {'ament_cmake_args': None, 'build_base': '/home/f1t/mech_devel/f1t_mech_ws/build/img_proc', 'catkin_cmake_args': None, 'catkin_skip_building_tests': False, 'cmake_args': None, 'cmake_clean_cache': False, 'cmake_clean_first': False, 'cmake_force_configure': False, 'cmake_target': None, 'cmake_target_skip_unavailable': False, 'install_base': '/home/f1t/mech_devel/f1t_mech_ws/install/img_proc', 'merge_install': False, 'path': '/home/f1t/mech_devel/f1t_mech_ws/src/img_proc', 'symlink_install': False, 'test_result_base': None}
[7.788s] INFO:colcon.colcon_core.executor:Executing jobs using 'parallel' executor
[7.807s] DEBUG:colcon.colcon_parallel_executor.executor.parallel:run_until_complete
[7.809s] INFO:colcon.colcon_ros.task.ament_cmake.build:Building ROS package in '/home/f1t/mech_devel/f1t_mech_ws/src/img_proc' with build type 'ament_cmake'
[7.809s] INFO:colcon.colcon_cmake.task.cmake.build:Building CMake package in '/home/f1t/mech_devel/f1t_mech_ws/src/img_proc'
[7.992s] INFO:colcon.colcon_core.plugin_system:Skipping extension 'colcon_core.shell.bat': Not used on non-Windows systems
[7.993s] INFO:colcon.colcon_core.shell:Skip shell extension 'powershell' for command environment: Not usable outside of PowerShell
[7.994s] DEBUG:colcon.colcon_core.shell:Skip shell extension 'dsv' for command environment
[8.366s] DEBUG:colcon.colcon_core.event_handler.log_command:Invoking command in '/home/f1t/mech_devel/f1t_mech_ws/build/img_proc': CMAKE_PREFIX_PATH=${CMAKE_PREFIX_PATH}:/opt/ros/galactic /usr/bin/cmake --build /home/f1t/mech_devel/f1t_mech_ws/build/img_proc -- -j6 -l6
[15.284s] DEBUG:colcon.colcon_parallel_executor.executor.parallel:run_until_complete was interrupted
[15.285s] DEBUG:colcon.colcon_parallel_executor.executor.parallel:run_until_complete again
[15.324s] DEBUG:colcon.colcon_core.event_handler.log_command:Invoked command in '/home/f1t/mech_devel/f1t_mech_ws/build/img_proc' returned '-2': CMAKE_PREFIX_PATH=${CMAKE_PREFIX_PATH}:/opt/ros/galactic /usr/bin/cmake --build /home/f1t/mech_devel/f1t_mech_ws/build/img_proc -- -j6 -l6
[15.484s] Level 1:colcon.colcon_core.environment:create_environment_scripts_only(img_proc)
[15.673s] Level 1:colcon.colcon_core.environment:checking '/home/f1t/mech_devel/f1t_mech_ws/install/img_proc' for CMake module files
[15.677s] Level 1:colcon.colcon_core.environment:checking '/home/f1t/mech_devel/f1t_mech_ws/install/img_proc' for CMake config files
[15.679s] Level 1:colcon.colcon_core.shell:create_environment_hook('img_proc', 'cmake_prefix_path')
[15.688s] INFO:colcon.colcon_core.shell:Creating environment hook '/home/f1t/mech_devel/f1t_mech_ws/install/img_proc/share/img_proc/hook/cmake_prefix_path.ps1'
[15.832s] INFO:colcon.colcon_core.shell:Creating environment descriptor '/home/f1t/mech_devel/f1t_mech_ws/install/img_proc/share/img_proc/hook/cmake_prefix_path.dsv'
[15.836s] INFO:colcon.colcon_core.shell:Creating environment hook '/home/f1t/mech_devel/f1t_mech_ws/install/img_proc/share/img_proc/hook/cmake_prefix_path.sh'
[15.845s] Level 1:colcon.colcon_core.environment:checking '/home/f1t/mech_devel/f1t_mech_ws/install/img_proc/lib'
[15.846s] Level 1:colcon.colcon_core.environment:checking '/home/f1t/mech_devel/f1t_mech_ws/install/img_proc/bin'
[15.847s] Level 1:colcon.colcon_core.environment:checking '/home/f1t/mech_devel/f1t_mech_ws/install/img_proc/lib/pkgconfig/img_proc.pc'
[15.848s] Level 1:colcon.colcon_core.environment:checking '/home/f1t/mech_devel/f1t_mech_ws/install/img_proc/lib/python3.8/site-packages'
[15.849s] Level 1:colcon.colcon_core.environment:checking '/home/f1t/mech_devel/f1t_mech_ws/install/img_proc/bin'
[15.859s] INFO:colcon.colcon_core.shell:Creating package script '/home/f1t/mech_devel/f1t_mech_ws/install/img_proc/share/img_proc/package.ps1'
[16.006s] INFO:colcon.colcon_core.shell:Creating package descriptor '/home/f1t/mech_devel/f1t_mech_ws/install/img_proc/share/img_proc/package.dsv'
[16.012s] INFO:colcon.colcon_core.shell:Creating package script '/home/f1t/mech_devel/f1t_mech_ws/install/img_proc/share/img_proc/package.sh'
[16.018s] INFO:colcon.colcon_core.shell:Creating package script '/home/f1t/mech_devel/f1t_mech_ws/install/img_proc/share/img_proc/package.bash'
[16.024s] INFO:colcon.colcon_core.shell:Creating package script '/home/f1t/mech_devel/f1t_mech_ws/install/img_proc/share/img_proc/package.zsh'
[16.031s] Level 1:colcon.colcon_core.environment:create_file_with_runtime_dependencies(/home/f1t/mech_devel/f1t_mech_ws/install/img_proc/share/colcon-core/packages/img_proc)
[16.044s] DEBUG:colcon.colcon_parallel_executor.executor.parallel:run_until_complete finished
[16.044s] DEBUG:colcon.colcon_parallel_executor.executor.parallel:closing loop
[16.045s] DEBUG:colcon.colcon_parallel_executor.executor.parallel:loop closed
[16.046s] DEBUG:colcon.colcon_core.event_reactor:joining thread
[16.217s] INFO:colcon.colcon_core.plugin_system:Skipping extension 'colcon_notification.desktop_notification.terminal_notifier': Not used on non-Darwin systems
[16.218s] INFO:colcon.colcon_core.plugin_system:Skipping extension 'colcon_notification.desktop_notification.win32': Not used on non-Windows systems
[16.218s] INFO:colcon.colcon_notification.desktop_notification:Sending desktop notification using 'notify2'
[16.315s] DEBUG:colcon.colcon_core.event_reactor:joined thread
[16.327s] INFO:colcon.colcon_core.shell:Creating prefix script '/home/f1t/mech_devel/f1t_mech_ws/install/local_setup.ps1'
[16.445s] INFO:colcon.colcon_core.shell:Creating prefix util module '/home/f1t/mech_devel/f1t_mech_ws/install/_local_setup_util_ps1.py'
[16.453s] INFO:colcon.colcon_core.shell:Creating prefix chain script '/home/f1t/mech_devel/f1t_mech_ws/install/setup.ps1'
[16.462s] INFO:colcon.colcon_core.shell:Creating prefix script '/home/f1t/mech_devel/f1t_mech_ws/install/local_setup.sh'
[16.466s] INFO:colcon.colcon_core.shell:Creating prefix util module '/home/f1t/mech_devel/f1t_mech_ws/install/_local_setup_util_sh.py'
[16.470s] INFO:colcon.colcon_core.shell:Creating prefix chain script '/home/f1t/mech_devel/f1t_mech_ws/install/setup.sh'
[16.478s] INFO:colcon.colcon_core.shell:Creating prefix script '/home/f1t/mech_devel/f1t_mech_ws/install/local_setup.bash'
[16.482s] INFO:colcon.colcon_core.shell:Creating prefix chain script '/home/f1t/mech_devel/f1t_mech_ws/install/setup.bash'
[16.491s] INFO:colcon.colcon_core.shell:Creating prefix script '/home/f1t/mech_devel/f1t_mech_ws/install/local_setup.zsh'
[16.495s] INFO:colcon.colcon_core.shell:Creating prefix chain script '/home/f1t/mech_devel/f1t_mech_ws/install/setup.zsh'
