[35m[1mScanning dependencies of target img_proc_node[0m
[  2%] Built target img_proc__cpp
[ 12%] Built target img_proc__rosidl_generator_c
[ 21%] Built target img_proc__rosidl_typesupport_fastrtps_cpp
[ 24%] [32mBuilding CXX object CMakeFiles/img_proc_node.dir/src/img_proc_node.cpp.o[0m
[ 34%] Built target img_proc__rosidl_typesupport_cpp
[ 53%] Built target img_proc__rosidl_typesupport_introspection_cpp
[ 53%] Built target img_proc__rosidl_typesupport_c
[ 65%] Built target img_proc__rosidl_typesupport_fastrtps_c
[ 73%] Built target img_proc__rosidl_typesupport_introspection_c
[ 73%] Built target img_proc
[ 75%] Built target img_proc__py
[ 82%] Built target img_proc__python
[ 87%] Built target img_proc__rosidl_typesupport_c__pyext
[ 92%] Built target img_proc__rosidl_typesupport_introspection_c__pyext
[ 97%] Built target img_proc__rosidl_typesupport_fastrtps_c__pyext
[100%] [32m[1mLinking CXX executable img_proc_node[0m
[100%] Built target img_proc_node
-- Install configuration: ""
-- Installing: /home/tahnt/mech_devel/f1t_mech_ws/install/img_proc/share/ament_index/resource_index/rosidl_interfaces/img_proc
-- Installing: /home/tahnt/mech_devel/f1t_mech_ws/install/img_proc/include/img_proc
-- Installing: /home/tahnt/mech_devel/f1t_mech_ws/install/img_proc/include/img_proc/msg
-- Installing: /home/tahnt/mech_devel/f1t_mech_ws/install/img_proc/include/img_proc/msg/yaw_err.h
-- Installing: /home/tahnt/mech_devel/f1t_mech_ws/install/img_proc/include/img_proc/msg/detail
-- Installing: /home/tahnt/mech_devel/f1t_mech_ws/install/img_proc/include/img_proc/msg/detail/lat_err__type_support.h
-- Installing: /home/tahnt/mech_devel/f1t_mech_ws/install/img_proc/include/img_proc/msg/detail/lat_err__functions.h
-- Installing: /home/tahnt/mech_devel/f1t_mech_ws/install/img_proc/include/img_proc/msg/detail/yaw_err__functions.c
-- Installing: /home/tahnt/mech_devel/f1t_mech_ws/install/img_proc/include/img_proc/msg/detail/yaw_err__struct.h
-- Installing: /home/tahnt/mech_devel/f1t_mech_ws/install/img_proc/include/img_proc/msg/detail/lat_err__struct.h
-- Installing: /home/tahnt/mech_devel/f1t_mech_ws/install/img_proc/include/img_proc/msg/detail/yaw_err__type_support.h
-- Installing: /home/tahnt/mech_devel/f1t_mech_ws/install/img_proc/include/img_proc/msg/detail/yaw_err__functions.h
-- Installing: /home/tahnt/mech_devel/f1t_mech_ws/install/img_proc/include/img_proc/msg/detail/lat_err__functions.c
-- Installing: /home/tahnt/mech_devel/f1t_mech_ws/install/img_proc/include/img_proc/msg/lat_err.h
-- Installing: /home/tahnt/mech_devel/f1t_mech_ws/install/img_proc/include/img_proc/msg/rosidl_generator_c__visibility_control.h
-- Installing: /home/tahnt/mech_devel/f1t_mech_ws/install/img_proc/share/img_proc/environment/library_path.sh
-- Installing: /home/tahnt/mech_devel/f1t_mech_ws/install/img_proc/share/img_proc/environment/library_path.dsv
-- Installing: /home/tahnt/mech_devel/f1t_mech_ws/install/img_proc/lib/libimg_proc__rosidl_generator_c.so
-- Set runtime path of "/home/tahnt/mech_devel/f1t_mech_ws/install/img_proc/lib/libimg_proc__rosidl_generator_c.so" to ""
-- Up-to-date: /home/tahnt/mech_devel/f1t_mech_ws/install/img_proc/include/img_proc
-- Up-to-date: /home/tahnt/mech_devel/f1t_mech_ws/install/img_proc/include/img_proc/msg
-- Up-to-date: /home/tahnt/mech_devel/f1t_mech_ws/install/img_proc/include/img_proc/msg/detail
-- Installing: /home/tahnt/mech_devel/f1t_mech_ws/install/img_proc/include/img_proc/msg/detail/yaw_err__rosidl_typesupport_fastrtps_c.h
-- Installing: /home/tahnt/mech_devel/f1t_mech_ws/install/img_proc/include/img_proc/msg/detail/lat_err__rosidl_typesupport_fastrtps_c.h
-- Installing: /home/tahnt/mech_devel/f1t_mech_ws/install/img_proc/include/img_proc/msg/rosidl_typesupport_fastrtps_c__visibility_control.h
-- Installing: /home/tahnt/mech_devel/f1t_mech_ws/install/img_proc/lib/libimg_proc__rosidl_typesupport_fastrtps_c.so
-- Set runtime path of "/home/tahnt/mech_devel/f1t_mech_ws/install/img_proc/lib/libimg_proc__rosidl_typesupport_fastrtps_c.so" to ""
-- Up-to-date: /home/tahnt/mech_devel/f1t_mech_ws/install/img_proc/include/img_proc
-- Up-to-date: /home/tahnt/mech_devel/f1t_mech_ws/install/img_proc/include/img_proc/msg
-- Up-to-date: /home/tahnt/mech_devel/f1t_mech_ws/install/img_proc/include/img_proc/msg/detail
-- Installing: /home/tahnt/mech_devel/f1t_mech_ws/install/img_proc/include/img_proc/msg/detail/dds_fastrtps
-- Installing: /home/tahnt/mech_devel/f1t_mech_ws/install/img_proc/include/img_proc/msg/detail/yaw_err__rosidl_typesupport_fastrtps_cpp.hpp
-- Installing: /home/tahnt/mech_devel/f1t_mech_ws/install/img_proc/include/img_proc/msg/detail/lat_err__rosidl_typesupport_fastrtps_cpp.hpp
-- Installing: /home/tahnt/mech_devel/f1t_mech_ws/install/img_proc/include/img_proc/msg/rosidl_typesupport_fastrtps_cpp__visibility_control.h
-- Installing: /home/tahnt/mech_devel/f1t_mech_ws/install/img_proc/lib/libimg_proc__rosidl_typesupport_fastrtps_cpp.so
-- Set runtime path of "/home/tahnt/mech_devel/f1t_mech_ws/install/img_proc/lib/libimg_proc__rosidl_typesupport_fastrtps_cpp.so" to ""
-- Up-to-date: /home/tahnt/mech_devel/f1t_mech_ws/install/img_proc/include/img_proc
-- Up-to-date: /home/tahnt/mech_devel/f1t_mech_ws/install/img_proc/include/img_proc/msg
-- Up-to-date: /home/tahnt/mech_devel/f1t_mech_ws/install/img_proc/include/img_proc/msg/detail
-- Installing: /home/tahnt/mech_devel/f1t_mech_ws/install/img_proc/include/img_proc/msg/detail/lat_err__type_support.c
-- Installing: /home/tahnt/mech_devel/f1t_mech_ws/install/img_proc/include/img_proc/msg/detail/yaw_err__rosidl_typesupport_introspection_c.h
-- Installing: /home/tahnt/mech_devel/f1t_mech_ws/install/img_proc/include/img_proc/msg/detail/yaw_err__type_support.c
-- Installing: /home/tahnt/mech_devel/f1t_mech_ws/install/img_proc/include/img_proc/msg/detail/lat_err__rosidl_typesupport_introspection_c.h
-- Installing: /home/tahnt/mech_devel/f1t_mech_ws/install/img_proc/include/img_proc/msg/rosidl_typesupport_introspection_c__visibility_control.h
-- Installing: /home/tahnt/mech_devel/f1t_mech_ws/install/img_proc/lib/libimg_proc__rosidl_typesupport_introspection_c.so
-- Set runtime path of "/home/tahnt/mech_devel/f1t_mech_ws/install/img_proc/lib/libimg_proc__rosidl_typesupport_introspection_c.so" to ""
-- Installing: /home/tahnt/mech_devel/f1t_mech_ws/install/img_proc/lib/libimg_proc__rosidl_typesupport_c.so
-- Set runtime path of "/home/tahnt/mech_devel/f1t_mech_ws/install/img_proc/lib/libimg_proc__rosidl_typesupport_c.so" to ""
-- Up-to-date: /home/tahnt/mech_devel/f1t_mech_ws/install/img_proc/include/img_proc
-- Up-to-date: /home/tahnt/mech_devel/f1t_mech_ws/install/img_proc/include/img_proc/msg
-- Up-to-date: /home/tahnt/mech_devel/f1t_mech_ws/install/img_proc/include/img_proc/msg/detail
-- Installing: /home/tahnt/mech_devel/f1t_mech_ws/install/img_proc/include/img_proc/msg/detail/lat_err__struct.hpp
-- Installing: /home/tahnt/mech_devel/f1t_mech_ws/install/img_proc/include/img_proc/msg/detail/lat_err__builder.hpp
-- Installing: /home/tahnt/mech_devel/f1t_mech_ws/install/img_proc/include/img_proc/msg/detail/yaw_err__builder.hpp
-- Installing: /home/tahnt/mech_devel/f1t_mech_ws/install/img_proc/include/img_proc/msg/detail/lat_err__traits.hpp
-- Installing: /home/tahnt/mech_devel/f1t_mech_ws/install/img_proc/include/img_proc/msg/detail/yaw_err__struct.hpp
-- Installing: /home/tahnt/mech_devel/f1t_mech_ws/install/img_proc/include/img_proc/msg/detail/yaw_err__traits.hpp
-- Installing: /home/tahnt/mech_devel/f1t_mech_ws/install/img_proc/include/img_proc/msg/yaw_err.hpp
-- Installing: /home/tahnt/mech_devel/f1t_mech_ws/install/img_proc/include/img_proc/msg/lat_err.hpp
-- Up-to-date: /home/tahnt/mech_devel/f1t_mech_ws/install/img_proc/include/img_proc
-- Up-to-date: /home/tahnt/mech_devel/f1t_mech_ws/install/img_proc/include/img_proc/msg
-- Up-to-date: /home/tahnt/mech_devel/f1t_mech_ws/install/img_proc/include/img_proc/msg/detail
-- Installing: /home/tahnt/mech_devel/f1t_mech_ws/install/img_proc/include/img_proc/msg/detail/lat_err__rosidl_typesupport_introspection_cpp.hpp
-- Installing: /home/tahnt/mech_devel/f1t_mech_ws/install/img_proc/include/img_proc/msg/detail/yaw_err__rosidl_typesupport_introspection_cpp.hpp
-- Installing: /home/tahnt/mech_devel/f1t_mech_ws/install/img_proc/include/img_proc/msg/detail/yaw_err__type_support.cpp
-- Installing: /home/tahnt/mech_devel/f1t_mech_ws/install/img_proc/include/img_proc/msg/detail/lat_err__type_support.cpp
-- Installing: /home/tahnt/mech_devel/f1t_mech_ws/install/img_proc/lib/libimg_proc__rosidl_typesupport_introspection_cpp.so
-- Set runtime path of "/home/tahnt/mech_devel/f1t_mech_ws/install/img_proc/lib/libimg_proc__rosidl_typesupport_introspection_cpp.so" to ""
-- Installing: /home/tahnt/mech_devel/f1t_mech_ws/install/img_proc/lib/libimg_proc__rosidl_typesupport_cpp.so
-- Set runtime path of "/home/tahnt/mech_devel/f1t_mech_ws/install/img_proc/lib/libimg_proc__rosidl_typesupport_cpp.so" to ""
-- Installing: /home/tahnt/mech_devel/f1t_mech_ws/install/img_proc/share/img_proc/environment/pythonpath.sh
-- Installing: /home/tahnt/mech_devel/f1t_mech_ws/install/img_proc/share/img_proc/environment/pythonpath.dsv
-- Installing: /home/tahnt/mech_devel/f1t_mech_ws/install/img_proc/lib/python3.8/site-packages/img_proc/__init__.py
Compiling '/home/tahnt/mech_devel/f1t_mech_ws/install/img_proc/lib/python3.8/site-packages/img_proc/__init__.py'...
-- Installing: /home/tahnt/mech_devel/f1t_mech_ws/install/img_proc/lib/python3.8/site-packages/img_proc/msg
-- Installing: /home/tahnt/mech_devel/f1t_mech_ws/install/img_proc/lib/python3.8/site-packages/img_proc/msg/_yaw_err_s.c
-- Installing: /home/tahnt/mech_devel/f1t_mech_ws/install/img_proc/lib/python3.8/site-packages/img_proc/msg/_lat_err.py
-- Installing: /home/tahnt/mech_devel/f1t_mech_ws/install/img_proc/lib/python3.8/site-packages/img_proc/msg/_lat_err_s.c
-- Installing: /home/tahnt/mech_devel/f1t_mech_ws/install/img_proc/lib/python3.8/site-packages/img_proc/msg/__init__.py
-- Installing: /home/tahnt/mech_devel/f1t_mech_ws/install/img_proc/lib/python3.8/site-packages/img_proc/msg/_yaw_err.py
-- Installing: /home/tahnt/mech_devel/f1t_mech_ws/install/img_proc/lib/python3.8/site-packages/img_proc/img_proc_s__rosidl_typesupport_fastrtps_c.cpython-38-x86_64-linux-gnu.so
-- Set runtime path of "/home/tahnt/mech_devel/f1t_mech_ws/install/img_proc/lib/python3.8/site-packages/img_proc/img_proc_s__rosidl_typesupport_fastrtps_c.cpython-38-x86_64-linux-gnu.so" to ""
-- Installing: /home/tahnt/mech_devel/f1t_mech_ws/install/img_proc/lib/python3.8/site-packages/img_proc/img_proc_s__rosidl_typesupport_introspection_c.cpython-38-x86_64-linux-gnu.so
-- Set runtime path of "/home/tahnt/mech_devel/f1t_mech_ws/install/img_proc/lib/python3.8/site-packages/img_proc/img_proc_s__rosidl_typesupport_introspection_c.cpython-38-x86_64-linux-gnu.so" to ""
-- Installing: /home/tahnt/mech_devel/f1t_mech_ws/install/img_proc/lib/python3.8/site-packages/img_proc/img_proc_s__rosidl_typesupport_c.cpython-38-x86_64-linux-gnu.so
-- Set runtime path of "/home/tahnt/mech_devel/f1t_mech_ws/install/img_proc/lib/python3.8/site-packages/img_proc/img_proc_s__rosidl_typesupport_c.cpython-38-x86_64-linux-gnu.so" to ""
-- Installing: /home/tahnt/mech_devel/f1t_mech_ws/install/img_proc/lib/libimg_proc__python.so
-- Set runtime path of "/home/tahnt/mech_devel/f1t_mech_ws/install/img_proc/lib/libimg_proc__python.so" to ""
-- Installing: /home/tahnt/mech_devel/f1t_mech_ws/install/img_proc/share/img_proc/msg/LatErr.idl
-- Installing: /home/tahnt/mech_devel/f1t_mech_ws/install/img_proc/share/img_proc/msg/YawErr.idl
-- Installing: /home/tahnt/mech_devel/f1t_mech_ws/install/img_proc/share/img_proc/msg/LatErr.msg
-- Installing: /home/tahnt/mech_devel/f1t_mech_ws/install/img_proc/share/img_proc/msg/YawErr.msg
-- Installing: /home/tahnt/mech_devel/f1t_mech_ws/install/img_proc/lib/img_proc/img_proc_node
-- Set runtime path of "/home/tahnt/mech_devel/f1t_mech_ws/install/img_proc/lib/img_proc/img_proc_node" to ""
-- Up-to-date: /home/tahnt/mech_devel/f1t_mech_ws/install/img_proc/share/img_proc//launch
-- Up-to-date: /home/tahnt/mech_devel/f1t_mech_ws/install/img_proc/share/img_proc//launch/img_proc_launch.py
-- Up-to-date: /home/tahnt/mech_devel/f1t_mech_ws/install/img_proc/share/img_proc//config
-- Up-to-date: /home/tahnt/mech_devel/f1t_mech_ws/install/img_proc/share/img_proc//config/img_proc_config.yaml
-- Installing: /home/tahnt/mech_devel/f1t_mech_ws/install/img_proc/share/ament_index/resource_index/package_run_dependencies/img_proc
-- Up-to-date: /home/tahnt/mech_devel/f1t_mech_ws/install/img_proc/share/ament_index/resource_index/parent_prefix_path/img_proc
-- Up-to-date: /home/tahnt/mech_devel/f1t_mech_ws/install/img_proc/share/img_proc/environment/ament_prefix_path.sh
-- Installing: /home/tahnt/mech_devel/f1t_mech_ws/install/img_proc/share/img_proc/environment/ament_prefix_path.dsv
-- Up-to-date: /home/tahnt/mech_devel/f1t_mech_ws/install/img_proc/share/img_proc/environment/path.sh
-- Installing: /home/tahnt/mech_devel/f1t_mech_ws/install/img_proc/share/img_proc/environment/path.dsv
-- Up-to-date: /home/tahnt/mech_devel/f1t_mech_ws/install/img_proc/share/img_proc/local_setup.bash
-- Installing: /home/tahnt/mech_devel/f1t_mech_ws/install/img_proc/share/img_proc/local_setup.sh
-- Up-to-date: /home/tahnt/mech_devel/f1t_mech_ws/install/img_proc/share/img_proc/local_setup.zsh
-- Installing: /home/tahnt/mech_devel/f1t_mech_ws/install/img_proc/share/img_proc/local_setup.dsv
-- Installing: /home/tahnt/mech_devel/f1t_mech_ws/install/img_proc/share/img_proc/package.dsv
-- Up-to-date: /home/tahnt/mech_devel/f1t_mech_ws/install/img_proc/share/ament_index/resource_index/packages/img_proc
-- Installing: /home/tahnt/mech_devel/f1t_mech_ws/install/img_proc/share/img_proc/cmake/img_proc__rosidl_generator_cExport.cmake
-- Installing: /home/tahnt/mech_devel/f1t_mech_ws/install/img_proc/share/img_proc/cmake/img_proc__rosidl_generator_cExport-noconfig.cmake
-- Installing: /home/tahnt/mech_devel/f1t_mech_ws/install/img_proc/share/img_proc/cmake/img_proc__rosidl_typesupport_introspection_cExport.cmake
-- Installing: /home/tahnt/mech_devel/f1t_mech_ws/install/img_proc/share/img_proc/cmake/img_proc__rosidl_typesupport_introspection_cExport-noconfig.cmake
-- Installing: /home/tahnt/mech_devel/f1t_mech_ws/install/img_proc/share/img_proc/cmake/img_proc__rosidl_typesupport_cExport.cmake
-- Installing: /home/tahnt/mech_devel/f1t_mech_ws/install/img_proc/share/img_proc/cmake/img_proc__rosidl_typesupport_cExport-noconfig.cmake
-- Installing: /home/tahnt/mech_devel/f1t_mech_ws/install/img_proc/share/img_proc/cmake/img_proc__rosidl_generator_cppExport.cmake
-- Installing: /home/tahnt/mech_devel/f1t_mech_ws/install/img_proc/share/img_proc/cmake/img_proc__rosidl_typesupport_introspection_cppExport.cmake
-- Installing: /home/tahnt/mech_devel/f1t_mech_ws/install/img_proc/share/img_proc/cmake/img_proc__rosidl_typesupport_introspection_cppExport-noconfig.cmake
-- Installing: /home/tahnt/mech_devel/f1t_mech_ws/install/img_proc/share/img_proc/cmake/img_proc__rosidl_typesupport_cppExport.cmake
-- Installing: /home/tahnt/mech_devel/f1t_mech_ws/install/img_proc/share/img_proc/cmake/img_proc__rosidl_typesupport_cppExport-noconfig.cmake
-- Installing: /home/tahnt/mech_devel/f1t_mech_ws/install/img_proc/share/img_proc/cmake/rosidl_cmake-extras.cmake
-- Installing: /home/tahnt/mech_devel/f1t_mech_ws/install/img_proc/share/img_proc/cmake/ament_cmake_export_dependencies-extras.cmake
-- Installing: /home/tahnt/mech_devel/f1t_mech_ws/install/img_proc/share/img_proc/cmake/ament_cmake_export_libraries-extras.cmake
-- Installing: /home/tahnt/mech_devel/f1t_mech_ws/install/img_proc/share/img_proc/cmake/ament_cmake_export_targets-extras.cmake
-- Installing: /home/tahnt/mech_devel/f1t_mech_ws/install/img_proc/share/img_proc/cmake/ament_cmake_export_include_directories-extras.cmake
-- Installing: /home/tahnt/mech_devel/f1t_mech_ws/install/img_proc/share/img_proc/cmake/rosidl_cmake_export_typesupport_libraries-extras.cmake
-- Installing: /home/tahnt/mech_devel/f1t_mech_ws/install/img_proc/share/img_proc/cmake/rosidl_cmake_export_typesupport_targets-extras.cmake
-- Installing: /home/tahnt/mech_devel/f1t_mech_ws/install/img_proc/share/img_proc/cmake/img_procConfig.cmake
-- Up-to-date: /home/tahnt/mech_devel/f1t_mech_ws/install/img_proc/share/img_proc/cmake/img_procConfig-version.cmake
-- Installing: /home/tahnt/mech_devel/f1t_mech_ws/install/img_proc/share/img_proc/package.xml
