[0.103s] Invoking command in '/home/f1t/mech_devel/f1t_mech_ws/build/img_proc': CMAKE_PREFIX_PATH=${CMAKE_PREFIX_PATH}:/opt/ros/galactic /usr/bin/cmake --build /home/f1t/mech_devel/f1t_mech_ws/build/img_proc -- -j6 -l6
[0.389s] [35m[1mScanning dependencies of target img_proc_node[0m
[0.760s] [ 50%] [32mBuilding CXX object CMakeFiles/img_proc_node.dir/src/img_proc_node.cpp.o[0m
[36.985s] [01m[K/home/f1t/mech_devel/f1t_mech_ws/src/img_proc/src/img_proc_node.cpp:[m[K In member function ‘[01m[Kvoid ImageProcessor::histogram(cv::Mat&)[m[K’:
[36.987s] [01m[K/home/f1t/mech_devel/f1t_mech_ws/src/img_proc/src/img_proc_node.cpp:135:14:[m[K [01;31m[Kerror: [m[Kexpected ‘[01m[K;[m[K’ before ‘[01m[Knc[m[K’
[36.988s]   135 |     histogram[01;31m[K [m[K[32m[Knc[m[K::sum(img[int(img.size().height/2):,:], axis=0);
[36.990s]       |              [01;31m[K^[m[K[32m[K~~[m[K
[36.992s]       |              [32m[K;[m[K
[36.993s] [01m[K/home/f1t/mech_devel/f1t_mech_ws/src/img_proc/src/img_proc_node.cpp:135:5:[m[K [01;31m[Kerror: [m[Kinvalid use of non-static member function ‘[01m[Kvoid ImageProcessor::histogram(cv::Mat&)[m[K’
[36.995s]   135 |     [01;31m[Khistogram[m[K nc::sum(img[int(img.size().height/2):,:], axis=0);
[36.997s]       |     [01;31m[K^~~~~~~~~[m[K
[36.999s] [01m[K/home/f1t/mech_devel/f1t_mech_ws/src/img_proc/src/img_proc_node.cpp:133:6:[m[K [01;36m[Knote: [m[Kdeclared here
[37.000s]   133 | void [01;36m[KImageProcessor[m[K::histogram(cv::Mat& img)
[37.003s]       |      [01;36m[K^~~~~~~~~~~~~~[m[K
[37.003s] [01m[K/home/f1t/mech_devel/f1t_mech_ws/src/img_proc/src/img_proc_node.cpp:133:41:[m[K [01;35m[Kwarning: [m[Kunused parameter ‘[01m[Kimg[m[K’ [[01;35m[K-Wunused-parameter[m[K]
[37.004s]   133 | void ImageProcessor::histogram([01;35m[Kcv::Mat& img[m[K)
[37.005s]       |                                [01;35m[K~~~~~~~~~^~~[m[K
[55.447s] make[2]: *** [CMakeFiles/img_proc_node.dir/build.make:63: CMakeFiles/img_proc_node.dir/src/img_proc_node.cpp.o] Error 1
[55.448s] make[1]: *** [CMakeFiles/Makefile2:78: CMakeFiles/img_proc_node.dir/all] Error 2
[55.449s] make: *** [Makefile:141: all] Error 2
[55.462s] Invoked command in '/home/f1t/mech_devel/f1t_mech_ws/build/img_proc' returned '2': CMAKE_PREFIX_PATH=${CMAKE_PREFIX_PATH}:/opt/ros/galactic /usr/bin/cmake --build /home/f1t/mech_devel/f1t_mech_ws/build/img_proc -- -j6 -l6
