[100%] Built target img_proc_node
-- Install configuration: ""
-- Up-to-date: /home/f1t/mech_devel/f1t_mech_ws/install/img_proc/lib/img_proc/img_proc_node
-- Up-to-date: /home/f1t/mech_devel/f1t_mech_ws/install/img_proc/share/img_proc/launch
-- Up-to-date: /home/f1t/mech_devel/f1t_mech_ws/install/img_proc/share/img_proc/launch/img_proc_launch.py
-- Up-to-date: /home/f1t/mech_devel/f1t_mech_ws/install/img_proc/share/ament_index/resource_index/package_run_dependencies/img_proc
-- Up-to-date: /home/f1t/mech_devel/f1t_mech_ws/install/img_proc/share/ament_index/resource_index/parent_prefix_path/img_proc
-- Up-to-date: /home/f1t/mech_devel/f1t_mech_ws/install/img_proc/share/img_proc/environment/ament_prefix_path.sh
-- Up-to-date: /home/f1t/mech_devel/f1t_mech_ws/install/img_proc/share/img_proc/environment/ament_prefix_path.dsv
-- Up-to-date: /home/f1t/mech_devel/f1t_mech_ws/install/img_proc/share/img_proc/environment/path.sh
-- Up-to-date: /home/f1t/mech_devel/f1t_mech_ws/install/img_proc/share/img_proc/environment/path.dsv
-- Up-to-date: /home/f1t/mech_devel/f1t_mech_ws/install/img_proc/share/img_proc/local_setup.bash
-- Up-to-date: /home/f1t/mech_devel/f1t_mech_ws/install/img_proc/share/img_proc/local_setup.sh
-- Up-to-date: /home/f1t/mech_devel/f1t_mech_ws/install/img_proc/share/img_proc/local_setup.zsh
-- Up-to-date: /home/f1t/mech_devel/f1t_mech_ws/install/img_proc/share/img_proc/local_setup.dsv
-- Installing: /home/f1t/mech_devel/f1t_mech_ws/install/img_proc/share/img_proc/package.dsv
-- Up-to-date: /home/f1t/mech_devel/f1t_mech_ws/install/img_proc/share/ament_index/resource_index/packages/img_proc
-- Up-to-date: /home/f1t/mech_devel/f1t_mech_ws/install/img_proc/share/img_proc/cmake/img_procConfig.cmake
-- Up-to-date: /home/f1t/mech_devel/f1t_mech_ws/install/img_proc/share/img_proc/cmake/img_procConfig-version.cmake
-- Up-to-date: /home/f1t/mech_devel/f1t_mech_ws/install/img_proc/share/img_proc/package.xml
